                              1 ;--------------------------------------------------------
                              2 ; File Created by SDCC : free open source ISO C Compiler 
                              3 ; Version 4.2.14 #0 (Linux)
                              4 ;--------------------------------------------------------
                              5 	.module _divulonglong
                              6 	.optsdcc -mmos6502
                              7 	
                              8 ;--------------------------------------------------------
                              9 ; Public variables in this module
                             10 ;--------------------------------------------------------
                             11 	.globl __divulonglong
                             12 ;--------------------------------------------------------
                             13 ; ZP ram data
                             14 ;--------------------------------------------------------
                             15 	.area ZP      (PAG)
                             16 ;--------------------------------------------------------
                             17 ; overlayable items in ram
                             18 ;--------------------------------------------------------
                             19 ;--------------------------------------------------------
                             20 ; uninitialized external ram data
                             21 ;--------------------------------------------------------
                             22 	.area BSS
                             23 ;--------------------------------------------------------
                             24 ; absolute external ram data
                             25 ;--------------------------------------------------------
                             26 	.area DABS    (ABS)
                             27 ;--------------------------------------------------------
                             28 ; initialized external ram data
                             29 ;--------------------------------------------------------
                             30 	.area DATA
                             31 ;--------------------------------------------------------
                             32 ; global & static initialisations
                             33 ;--------------------------------------------------------
                             34 	.area _CODE
                             35 	.area GSINIT
                             36 	.area GSFINAL
                             37 	.area GSINIT
                             38 ;--------------------------------------------------------
                             39 ; Home
                             40 ;--------------------------------------------------------
                             41 	.area _CODE
                             42 	.area _CODE
                             43 ;--------------------------------------------------------
                             44 ; code
                             45 ;--------------------------------------------------------
                             46 	.area CODE
                             47 ;------------------------------------------------------------
                             48 ;Allocation info for local variables in function '_divulonglong'
                             49 ;------------------------------------------------------------
                             50 ;x                         Allocated to stack - sp +21
                             51 ;y                         Allocated to stack - sp +29
                             52 ;reste                     Allocated to stack - sp +1
                             53 ;count                     Allocated to stack - sp +18
                             54 ;c                         Allocated to stack - sp +17
                             55 ;sloc0                     Allocated to stack - sp +9
                             56 ;------------------------------------------------------------
                             57 ;	../_divulonglong.c: 43: _divulonglong (unsigned long long x, unsigned long long y) __SDCC_NONBANKED
                             58 ;	-----------------------------------------
                             59 ;	 function _divulonglong
                             60 ;	-----------------------------------------
                             61 ;	Register assignment is optimal.
                             62 ;	Stack space usage: 18 bytes.
   0000                      63 __divulonglong:
   0000 85*00         [ 3]   64 	sta	*(__TEMP+0)
   0002 86*01         [ 3]   65 	stx	*(__TEMP+1)
   0004 BA            [ 2]   66 	tsx
   0005 8A            [ 2]   67 	txa
   0006 18            [ 2]   68 	clc
   0007 69 EE         [ 2]   69 	adc	#0xee
   0009 AA            [ 2]   70 	tax
   000A 9A            [ 2]   71 	txs
                             72 ;	../_divulonglong.c: 45: unsigned long long reste = 0L;
   000B BA            [ 2]   73 	tsx
   000C A9 00         [ 2]   74 	lda	#0x00
   000E 9D 01 01      [ 5]   75 	sta	0x101,x
   0011 9D 02 01      [ 5]   76 	sta	0x102,x
   0014 9D 03 01      [ 5]   77 	sta	0x103,x
   0017 9D 04 01      [ 5]   78 	sta	0x104,x
   001A 9D 05 01      [ 5]   79 	sta	0x105,x
   001D 9D 06 01      [ 5]   80 	sta	0x106,x
   0020 9D 07 01      [ 5]   81 	sta	0x107,x
   0023 9D 08 01      [ 5]   82 	sta	0x108,x
                             83 ;	../_divulonglong.c: 49: do
   0026 A9 40         [ 2]   84 	lda	#0x40
   0028 9D 12 01      [ 5]   85 	sta	0x112,x
   002B                      86 00105$:
                             87 ;	../_divulonglong.c: 52: c = MSB_SET(x);
   002B A9 3F         [ 2]   88 	lda	#0x3f
   002D 48            [ 3]   89 	pha
   002E BA            [ 2]   90 	tsx
   002F BD 1D 01      [ 5]   91 	lda	0x11d,x
   0032 48            [ 3]   92 	pha
   0033 BD 1C 01      [ 5]   93 	lda	0x11c,x
   0036 48            [ 3]   94 	pha
   0037 BD 1B 01      [ 5]   95 	lda	0x11b,x
   003A 48            [ 3]   96 	pha
   003B BD 1A 01      [ 5]   97 	lda	0x11a,x
   003E 48            [ 3]   98 	pha
   003F BD 19 01      [ 5]   99 	lda	0x119,x
   0042 48            [ 3]  100 	pha
   0043 BD 18 01      [ 5]  101 	lda	0x118,x
   0046 48            [ 3]  102 	pha
   0047 BD 17 01      [ 5]  103 	lda	0x117,x
   004A 48            [ 3]  104 	pha
   004B BD 16 01      [ 5]  105 	lda	0x116,x
   004E 48            [ 3]  106 	pha
   004F 20r00r00      [ 6]  107 	jsr	__rrulonglong
   0052 86*00         [ 3]  108 	stx	*(__TEMP+0)
   0054 BA            [ 2]  109 	tsx
   0055 9D 12 01      [ 5]  110 	sta	0x112,x
   0058 A6*00         [ 3]  111 	ldx	*(__TEMP+0)
   005A 8A            [ 2]  112 	txa
   005B BA            [ 2]  113 	tsx
   005C 9D 13 01      [ 5]  114 	sta	0x113,x
   005F A6*00         [ 3]  115 	ldx	*(__TEMP+0)
   0061 A5*00         [ 3]  116 	lda	*___SDCC_m6502_ret2
   0063 BA            [ 2]  117 	tsx
   0064 9D 14 01      [ 5]  118 	sta	0x114,x
   0067 A5*00         [ 3]  119 	lda	*___SDCC_m6502_ret3
   0069 9D 15 01      [ 5]  120 	sta	0x115,x
   006C A5*00         [ 3]  121 	lda	*___SDCC_m6502_ret4
   006E 9D 16 01      [ 5]  122 	sta	0x116,x
   0071 A5*00         [ 3]  123 	lda	*___SDCC_m6502_ret5
   0073 9D 17 01      [ 5]  124 	sta	0x117,x
   0076 A5*00         [ 3]  125 	lda	*___SDCC_m6502_ret6
   0078 9D 18 01      [ 5]  126 	sta	0x118,x
   007B A5*00         [ 3]  127 	lda	*___SDCC_m6502_ret7
   007D 9D 19 01      [ 5]  128 	sta	0x119,x
   0080 85*00         [ 3]  129 	sta	*(__TEMP+0)
   0082 86*01         [ 3]  130 	stx	*(__TEMP+1)
   0084 BA            [ 2]  131 	tsx
   0085 8A            [ 2]  132 	txa
   0086 18            [ 2]  133 	clc
   0087 69 09         [ 2]  134 	adc	#0x09
   0089 AA            [ 2]  135 	tax
   008A 9A            [ 2]  136 	txs
   008B A6*01         [ 3]  137 	ldx	*(__TEMP+1)
   008D A5*00         [ 3]  138 	lda	*(__TEMP+0)
   008F BA            [ 2]  139 	tsx
   0090 BD 09 01      [ 5]  140 	lda	0x109,x
   0093 29 01         [ 2]  141 	and	#0x01
   0095 9D 11 01      [ 5]  142 	sta	0x111,x
                            143 ;	../_divulonglong.c: 53: x <<= 1;
   0098 A9 00         [ 2]  144 	lda	#0x00
   009A 48            [ 3]  145 	pha
   009B 48            [ 3]  146 	pha
   009C 48            [ 3]  147 	pha
   009D 48            [ 3]  148 	pha
   009E 48            [ 3]  149 	pha
   009F 48            [ 3]  150 	pha
   00A0 48            [ 3]  151 	pha
   00A1 A9 01         [ 2]  152 	lda	#0x01
   00A3 48            [ 3]  153 	pha
   00A4 BD 1C 01      [ 5]  154 	lda	0x11c,x
   00A7 48            [ 3]  155 	pha
   00A8 BD 1B 01      [ 5]  156 	lda	0x11b,x
   00AB 48            [ 3]  157 	pha
   00AC BD 1A 01      [ 5]  158 	lda	0x11a,x
   00AF 48            [ 3]  159 	pha
   00B0 BD 19 01      [ 5]  160 	lda	0x119,x
   00B3 48            [ 3]  161 	pha
   00B4 BD 18 01      [ 5]  162 	lda	0x118,x
   00B7 48            [ 3]  163 	pha
   00B8 BD 17 01      [ 5]  164 	lda	0x117,x
   00BB 48            [ 3]  165 	pha
   00BC BD 16 01      [ 5]  166 	lda	0x116,x
   00BF 48            [ 3]  167 	pha
   00C0 BD 15 01      [ 5]  168 	lda	0x115,x
   00C3 48            [ 3]  169 	pha
   00C4 20r00r00      [ 6]  170 	jsr	__rlulonglong
   00C7 86*00         [ 3]  171 	stx	*(__TEMP+0)
   00C9 BA            [ 2]  172 	tsx
   00CA 9D 25 01      [ 5]  173 	sta	0x125,x
   00CD A6*00         [ 3]  174 	ldx	*(__TEMP+0)
   00CF 8A            [ 2]  175 	txa
   00D0 BA            [ 2]  176 	tsx
   00D1 9D 26 01      [ 5]  177 	sta	0x126,x
   00D4 A6*00         [ 3]  178 	ldx	*(__TEMP+0)
   00D6 A5*00         [ 3]  179 	lda	*___SDCC_m6502_ret2
   00D8 BA            [ 2]  180 	tsx
   00D9 9D 27 01      [ 5]  181 	sta	0x127,x
   00DC A5*00         [ 3]  182 	lda	*___SDCC_m6502_ret3
   00DE 9D 28 01      [ 5]  183 	sta	0x128,x
   00E1 A5*00         [ 3]  184 	lda	*___SDCC_m6502_ret4
   00E3 9D 29 01      [ 5]  185 	sta	0x129,x
   00E6 A5*00         [ 3]  186 	lda	*___SDCC_m6502_ret5
   00E8 9D 2A 01      [ 5]  187 	sta	0x12a,x
   00EB A5*00         [ 3]  188 	lda	*___SDCC_m6502_ret6
   00ED 9D 2B 01      [ 5]  189 	sta	0x12b,x
   00F0 A5*00         [ 3]  190 	lda	*___SDCC_m6502_ret7
   00F2 9D 2C 01      [ 5]  191 	sta	0x12c,x
   00F5 85*00         [ 3]  192 	sta	*(__TEMP+0)
   00F7 86*01         [ 3]  193 	stx	*(__TEMP+1)
   00F9 BA            [ 2]  194 	tsx
   00FA 8A            [ 2]  195 	txa
   00FB 18            [ 2]  196 	clc
   00FC 69 10         [ 2]  197 	adc	#0x10
   00FE AA            [ 2]  198 	tax
   00FF 9A            [ 2]  199 	txs
   0100 A6*01         [ 3]  200 	ldx	*(__TEMP+1)
                            201 ;	../_divulonglong.c: 54: reste <<= 1;
   0102 A9 00         [ 2]  202 	lda	#0x00
   0104 48            [ 3]  203 	pha
   0105 48            [ 3]  204 	pha
   0106 48            [ 3]  205 	pha
   0107 48            [ 3]  206 	pha
   0108 48            [ 3]  207 	pha
   0109 48            [ 3]  208 	pha
   010A 48            [ 3]  209 	pha
   010B A9 01         [ 2]  210 	lda	#0x01
   010D 48            [ 3]  211 	pha
   010E BA            [ 2]  212 	tsx
   010F BD 10 01      [ 5]  213 	lda	0x110,x
   0112 48            [ 3]  214 	pha
   0113 BD 0F 01      [ 5]  215 	lda	0x10f,x
   0116 48            [ 3]  216 	pha
   0117 BD 0E 01      [ 5]  217 	lda	0x10e,x
   011A 48            [ 3]  218 	pha
   011B BD 0D 01      [ 5]  219 	lda	0x10d,x
   011E 48            [ 3]  220 	pha
   011F BD 0C 01      [ 5]  221 	lda	0x10c,x
   0122 48            [ 3]  222 	pha
   0123 BD 0B 01      [ 5]  223 	lda	0x10b,x
   0126 48            [ 3]  224 	pha
   0127 BD 0A 01      [ 5]  225 	lda	0x10a,x
   012A 48            [ 3]  226 	pha
   012B BD 09 01      [ 5]  227 	lda	0x109,x
   012E 48            [ 3]  228 	pha
   012F 20r00r00      [ 6]  229 	jsr	__rlulonglong
   0132 86*00         [ 3]  230 	stx	*(__TEMP+0)
   0134 BA            [ 2]  231 	tsx
   0135 9D 11 01      [ 5]  232 	sta	0x111,x
   0138 A6*00         [ 3]  233 	ldx	*(__TEMP+0)
   013A 8A            [ 2]  234 	txa
   013B BA            [ 2]  235 	tsx
   013C 9D 12 01      [ 5]  236 	sta	0x112,x
   013F A6*00         [ 3]  237 	ldx	*(__TEMP+0)
   0141 A5*00         [ 3]  238 	lda	*___SDCC_m6502_ret2
   0143 BA            [ 2]  239 	tsx
   0144 9D 13 01      [ 5]  240 	sta	0x113,x
   0147 A5*00         [ 3]  241 	lda	*___SDCC_m6502_ret3
   0149 9D 14 01      [ 5]  242 	sta	0x114,x
   014C A5*00         [ 3]  243 	lda	*___SDCC_m6502_ret4
   014E 9D 15 01      [ 5]  244 	sta	0x115,x
   0151 A5*00         [ 3]  245 	lda	*___SDCC_m6502_ret5
   0153 9D 16 01      [ 5]  246 	sta	0x116,x
   0156 A5*00         [ 3]  247 	lda	*___SDCC_m6502_ret6
   0158 9D 17 01      [ 5]  248 	sta	0x117,x
   015B A5*00         [ 3]  249 	lda	*___SDCC_m6502_ret7
   015D 9D 18 01      [ 5]  250 	sta	0x118,x
   0160 85*00         [ 3]  251 	sta	*(__TEMP+0)
   0162 86*01         [ 3]  252 	stx	*(__TEMP+1)
   0164 BA            [ 2]  253 	tsx
   0165 8A            [ 2]  254 	txa
   0166 18            [ 2]  255 	clc
   0167 69 10         [ 2]  256 	adc	#0x10
   0169 AA            [ 2]  257 	tax
   016A 9A            [ 2]  258 	txs
   016B A6*01         [ 3]  259 	ldx	*(__TEMP+1)
   016D A5*00         [ 3]  260 	lda	*(__TEMP+0)
                            261 ;	../_divulonglong.c: 55: if (c)
   016F BA            [ 2]  262 	tsx
   0170 BD 11 01      [ 5]  263 	lda	0x111,x
   0173 F0 08         [ 4]  264 	beq	00102$
                            265 ;	../_divulonglong.c: 56: reste |= 1L;
   0175 BD 01 01      [ 5]  266 	lda	0x101,x
   0178 09 01         [ 2]  267 	ora	#0x01
   017A 9D 01 01      [ 5]  268 	sta	0x101,x
   017D                     269 00102$:
                            270 ;	../_divulonglong.c: 58: if (reste >= y)
   017D BA            [ 2]  271 	tsx
   017E BD 01 01      [ 5]  272 	lda	0x101,x
   0181 38            [ 2]  273 	sec
   0182 FD 1D 01      [ 5]  274 	sbc	0x11d,x
   0185 BD 02 01      [ 5]  275 	lda	0x102,x
   0188 FD 1E 01      [ 5]  276 	sbc	0x11e,x
   018B BD 03 01      [ 5]  277 	lda	0x103,x
   018E FD 1F 01      [ 5]  278 	sbc	0x11f,x
   0191 BD 04 01      [ 5]  279 	lda	0x104,x
   0194 FD 20 01      [ 5]  280 	sbc	0x120,x
   0197 BD 05 01      [ 5]  281 	lda	0x105,x
   019A FD 21 01      [ 5]  282 	sbc	0x121,x
   019D BD 06 01      [ 5]  283 	lda	0x106,x
   01A0 FD 22 01      [ 5]  284 	sbc	0x122,x
   01A3 BD 07 01      [ 5]  285 	lda	0x107,x
   01A6 FD 23 01      [ 5]  286 	sbc	0x123,x
   01A9 BD 08 01      [ 5]  287 	lda	0x108,x
   01AC FD 24 01      [ 5]  288 	sbc	0x124,x
   01AF 90 51         [ 4]  289 	bcc	00106$
                            290 ;	../_divulonglong.c: 60: reste -= y;
   01B1 BD 01 01      [ 5]  291 	lda	0x101,x
   01B4 38            [ 2]  292 	sec
   01B5 FD 1D 01      [ 5]  293 	sbc	0x11d,x
   01B8 9D 01 01      [ 5]  294 	sta	0x101,x
   01BB BD 02 01      [ 5]  295 	lda	0x102,x
   01BE FD 1E 01      [ 5]  296 	sbc	0x11e,x
   01C1 9D 02 01      [ 5]  297 	sta	0x102,x
   01C4 BD 03 01      [ 5]  298 	lda	0x103,x
   01C7 FD 1F 01      [ 5]  299 	sbc	0x11f,x
   01CA 9D 03 01      [ 5]  300 	sta	0x103,x
   01CD BD 04 01      [ 5]  301 	lda	0x104,x
   01D0 FD 20 01      [ 5]  302 	sbc	0x120,x
   01D3 9D 04 01      [ 5]  303 	sta	0x104,x
   01D6 BD 05 01      [ 5]  304 	lda	0x105,x
   01D9 FD 21 01      [ 5]  305 	sbc	0x121,x
   01DC 9D 05 01      [ 5]  306 	sta	0x105,x
   01DF BD 06 01      [ 5]  307 	lda	0x106,x
   01E2 FD 22 01      [ 5]  308 	sbc	0x122,x
   01E5 9D 06 01      [ 5]  309 	sta	0x106,x
   01E8 BD 07 01      [ 5]  310 	lda	0x107,x
   01EB FD 23 01      [ 5]  311 	sbc	0x123,x
   01EE 9D 07 01      [ 5]  312 	sta	0x107,x
   01F1 BD 08 01      [ 5]  313 	lda	0x108,x
   01F4 FD 24 01      [ 5]  314 	sbc	0x124,x
   01F7 9D 08 01      [ 5]  315 	sta	0x108,x
                            316 ;	../_divulonglong.c: 62: x |= 1L;
   01FA BD 15 01      [ 5]  317 	lda	0x115,x
   01FD 09 01         [ 2]  318 	ora	#0x01
   01FF 9D 15 01      [ 5]  319 	sta	0x115,x
   0202                     320 00106$:
                            321 ;	../_divulonglong.c: 65: while (--count);
   0202 BA            [ 2]  322 	tsx
   0203 BD 12 01      [ 5]  323 	lda	0x112,x
   0206 38            [ 2]  324 	sec
   0207 E9 01         [ 2]  325 	sbc	#0x01
   0209 9D 12 01      [ 5]  326 	sta	0x112, x
   020C F0 03         [ 4]  327 	beq	00129$
   020E 4Cr2Br00      [ 3]  328 	jmp	00105$
   0211                     329 00129$:
                            330 ;	../_divulonglong.c: 66: return x;
   0211 BD 1C 01      [ 5]  331 	lda	0x11c,x
   0214 85*00         [ 3]  332 	sta	*___SDCC_m6502_ret7
   0216 BD 1B 01      [ 5]  333 	lda	0x11b,x
   0219 85*00         [ 3]  334 	sta	*___SDCC_m6502_ret6
   021B BD 1A 01      [ 5]  335 	lda	0x11a,x
   021E 85*00         [ 3]  336 	sta	*___SDCC_m6502_ret5
   0220 BD 19 01      [ 5]  337 	lda	0x119,x
   0223 85*00         [ 3]  338 	sta	*___SDCC_m6502_ret4
   0225 BD 18 01      [ 5]  339 	lda	0x118,x
   0228 85*00         [ 3]  340 	sta	*___SDCC_m6502_ret3
   022A BD 17 01      [ 5]  341 	lda	0x117,x
   022D 85*00         [ 3]  342 	sta	*___SDCC_m6502_ret2
   022F BD 16 01      [ 5]  343 	lda	0x116,x
   0232 AA            [ 2]  344 	tax
   0233 86*00         [ 3]  345 	stx	*(__TEMP+0)
   0235 BA            [ 2]  346 	tsx
   0236 BD 15 01      [ 5]  347 	lda	0x115,x
   0239 08            [ 3]  348 	php
   023A A6*00         [ 3]  349 	ldx	*(__TEMP+0)
   023C 28            [ 4]  350 	plp
                            351 ;	../_divulonglong.c: 67: }
   023D 85*00         [ 3]  352 	sta	*(__TEMP+0)
   023F 86*01         [ 3]  353 	stx	*(__TEMP+1)
   0241 BA            [ 2]  354 	tsx
   0242 8A            [ 2]  355 	txa
   0243 18            [ 2]  356 	clc
   0244 69 12         [ 2]  357 	adc	#0x12
   0246 AA            [ 2]  358 	tax
   0247 9A            [ 2]  359 	txs
   0248 A6*01         [ 3]  360 	ldx	*(__TEMP+1)
   024A A5*00         [ 3]  361 	lda	*(__TEMP+0)
   024C 60            [ 6]  362 	rts
                            363 	.area CODE
                            364 	.area RODATA
                            365 	.area XINIT
                            366 	.area CABS    (ABS)
