                              1 ;--------------------------------------------------------
                              2 ; File Created by SDCC : free open source ISO C Compiler 
                              3 ; Version 4.2.14 #0 (Linux)
                              4 ;--------------------------------------------------------
                              5 	.module _modulonglong
                              6 	.optsdcc -mmos6502
                              7 	
                              8 ;--------------------------------------------------------
                              9 ; Public variables in this module
                             10 ;--------------------------------------------------------
                             11 	.globl __modulonglong
                             12 ;--------------------------------------------------------
                             13 ; ZP ram data
                             14 ;--------------------------------------------------------
                             15 	.area ZP      (PAG)
                             16 ;--------------------------------------------------------
                             17 ; overlayable items in ram
                             18 ;--------------------------------------------------------
                             19 ;--------------------------------------------------------
                             20 ; uninitialized external ram data
                             21 ;--------------------------------------------------------
                             22 	.area BSS
                             23 ;--------------------------------------------------------
                             24 ; absolute external ram data
                             25 ;--------------------------------------------------------
                             26 	.area DABS    (ABS)
                             27 ;--------------------------------------------------------
                             28 ; initialized external ram data
                             29 ;--------------------------------------------------------
                             30 	.area DATA
                             31 ;--------------------------------------------------------
                             32 ; global & static initialisations
                             33 ;--------------------------------------------------------
                             34 	.area _CODE
                             35 	.area GSINIT
                             36 	.area GSFINAL
                             37 	.area GSINIT
                             38 ;--------------------------------------------------------
                             39 ; Home
                             40 ;--------------------------------------------------------
                             41 	.area _CODE
                             42 	.area _CODE
                             43 ;--------------------------------------------------------
                             44 ; code
                             45 ;--------------------------------------------------------
                             46 	.area CODE
                             47 ;------------------------------------------------------------
                             48 ;Allocation info for local variables in function '_modulonglong'
                             49 ;------------------------------------------------------------
                             50 ;a                         Allocated to stack - sp +13
                             51 ;b                         Allocated to stack - sp +21
                             52 ;count                     Allocated to stack - sp +10
                             53 ;sloc0                     Allocated to stack - sp +9
                             54 ;sloc1                     Allocated to stack - sp +1
                             55 ;------------------------------------------------------------
                             56 ;	../_modulonglong.c: 44: _modulonglong (unsigned long long a, unsigned long long b) __SDCC_NONBANKED
                             57 ;	-----------------------------------------
                             58 ;	 function _modulonglong
                             59 ;	-----------------------------------------
                             60 ;	Register assignment is optimal.
                             61 ;	Stack space usage: 10 bytes.
   0000                      62 __modulonglong:
   0000 85*00         [ 3]   63 	sta	*(__TEMP+0)
   0002 86*01         [ 3]   64 	stx	*(__TEMP+1)
   0004 BA            [ 2]   65 	tsx
   0005 8A            [ 2]   66 	txa
   0006 18            [ 2]   67 	clc
   0007 69 F6         [ 2]   68 	adc	#0xf6
   0009 AA            [ 2]   69 	tax
   000A 9A            [ 2]   70 	txs
                             71 ;	../_modulonglong.c: 46: unsigned char count = 0;
   000B BA            [ 2]   72 	tsx
   000C A9 00         [ 2]   73 	lda	#0x00
   000E 9D 09 01      [ 5]   74 	sta	0x109,x
                             75 ;	../_modulonglong.c: 48: while (!MSB_SET(b))
   0011 9D 0A 01      [ 5]   76 	sta	0x10a,x
   0014                      77 00103$:
   0014 A9 3F         [ 2]   78 	lda	#0x3f
   0016 48            [ 3]   79 	pha
   0017 BA            [ 2]   80 	tsx
   0018 BD 1D 01      [ 5]   81 	lda	0x11d,x
   001B 48            [ 3]   82 	pha
   001C BD 1C 01      [ 5]   83 	lda	0x11c,x
   001F 48            [ 3]   84 	pha
   0020 BD 1B 01      [ 5]   85 	lda	0x11b,x
   0023 48            [ 3]   86 	pha
   0024 BD 1A 01      [ 5]   87 	lda	0x11a,x
   0027 48            [ 3]   88 	pha
   0028 BD 19 01      [ 5]   89 	lda	0x119,x
   002B 48            [ 3]   90 	pha
   002C BD 18 01      [ 5]   91 	lda	0x118,x
   002F 48            [ 3]   92 	pha
   0030 BD 17 01      [ 5]   93 	lda	0x117,x
   0033 48            [ 3]   94 	pha
   0034 BD 16 01      [ 5]   95 	lda	0x116,x
   0037 48            [ 3]   96 	pha
   0038 20r00r00      [ 6]   97 	jsr	__rrulonglong
   003B 86*00         [ 3]   98 	stx	*(__TEMP+0)
   003D BA            [ 2]   99 	tsx
   003E 9D 0A 01      [ 5]  100 	sta	0x10a,x
   0041 A6*00         [ 3]  101 	ldx	*(__TEMP+0)
   0043 8A            [ 2]  102 	txa
   0044 BA            [ 2]  103 	tsx
   0045 9D 0B 01      [ 5]  104 	sta	0x10b,x
   0048 A6*00         [ 3]  105 	ldx	*(__TEMP+0)
   004A A5*00         [ 3]  106 	lda	*___SDCC_m6502_ret2
   004C BA            [ 2]  107 	tsx
   004D 9D 0C 01      [ 5]  108 	sta	0x10c,x
   0050 A5*00         [ 3]  109 	lda	*___SDCC_m6502_ret3
   0052 9D 0D 01      [ 5]  110 	sta	0x10d,x
   0055 A5*00         [ 3]  111 	lda	*___SDCC_m6502_ret4
   0057 9D 0E 01      [ 5]  112 	sta	0x10e,x
   005A A5*00         [ 3]  113 	lda	*___SDCC_m6502_ret5
   005C 9D 0F 01      [ 5]  114 	sta	0x10f,x
   005F A5*00         [ 3]  115 	lda	*___SDCC_m6502_ret6
   0061 9D 10 01      [ 5]  116 	sta	0x110,x
   0064 A5*00         [ 3]  117 	lda	*___SDCC_m6502_ret7
   0066 9D 11 01      [ 5]  118 	sta	0x111,x
   0069 85*00         [ 3]  119 	sta	*(__TEMP+0)
   006B 86*01         [ 3]  120 	stx	*(__TEMP+1)
   006D BA            [ 2]  121 	tsx
   006E 8A            [ 2]  122 	txa
   006F 18            [ 2]  123 	clc
   0070 69 09         [ 2]  124 	adc	#0x09
   0072 AA            [ 2]  125 	tax
   0073 9A            [ 2]  126 	txs
   0074 BA            [ 2]  127 	tsx
   0075 A9 01         [ 2]  128 	lda	#0x01
   0077 3D 01 01      [ 5]  129 	and	0x101,x
   007A F0 03         [ 4]  130 	beq	00139$
   007C 4Cr98r01      [ 3]  131 	jmp	00117$
   007F                     132 00139$:
                            133 ;	../_modulonglong.c: 50: b <<= 1;
   007F A9 00         [ 2]  134 	lda	#0x00
   0081 48            [ 3]  135 	pha
   0082 48            [ 3]  136 	pha
   0083 48            [ 3]  137 	pha
   0084 48            [ 3]  138 	pha
   0085 48            [ 3]  139 	pha
   0086 48            [ 3]  140 	pha
   0087 48            [ 3]  141 	pha
   0088 A9 01         [ 2]  142 	lda	#0x01
   008A 48            [ 3]  143 	pha
   008B BD 1C 01      [ 5]  144 	lda	0x11c,x
   008E 48            [ 3]  145 	pha
   008F BD 1B 01      [ 5]  146 	lda	0x11b,x
   0092 48            [ 3]  147 	pha
   0093 BD 1A 01      [ 5]  148 	lda	0x11a,x
   0096 48            [ 3]  149 	pha
   0097 BD 19 01      [ 5]  150 	lda	0x119,x
   009A 48            [ 3]  151 	pha
   009B BD 18 01      [ 5]  152 	lda	0x118,x
   009E 48            [ 3]  153 	pha
   009F BD 17 01      [ 5]  154 	lda	0x117,x
   00A2 48            [ 3]  155 	pha
   00A3 BD 16 01      [ 5]  156 	lda	0x116,x
   00A6 48            [ 3]  157 	pha
   00A7 BD 15 01      [ 5]  158 	lda	0x115,x
   00AA 48            [ 3]  159 	pha
   00AB 20r00r00      [ 6]  160 	jsr	__rlulonglong
   00AE 86*00         [ 3]  161 	stx	*(__TEMP+0)
   00B0 BA            [ 2]  162 	tsx
   00B1 9D 25 01      [ 5]  163 	sta	0x125,x
   00B4 A6*00         [ 3]  164 	ldx	*(__TEMP+0)
   00B6 8A            [ 2]  165 	txa
   00B7 BA            [ 2]  166 	tsx
   00B8 9D 26 01      [ 5]  167 	sta	0x126,x
   00BB A6*00         [ 3]  168 	ldx	*(__TEMP+0)
   00BD A5*00         [ 3]  169 	lda	*___SDCC_m6502_ret2
   00BF BA            [ 2]  170 	tsx
   00C0 9D 27 01      [ 5]  171 	sta	0x127,x
   00C3 A5*00         [ 3]  172 	lda	*___SDCC_m6502_ret3
   00C5 9D 28 01      [ 5]  173 	sta	0x128,x
   00C8 A5*00         [ 3]  174 	lda	*___SDCC_m6502_ret4
   00CA 9D 29 01      [ 5]  175 	sta	0x129,x
   00CD A5*00         [ 3]  176 	lda	*___SDCC_m6502_ret5
   00CF 9D 2A 01      [ 5]  177 	sta	0x12a,x
   00D2 A5*00         [ 3]  178 	lda	*___SDCC_m6502_ret6
   00D4 9D 2B 01      [ 5]  179 	sta	0x12b,x
   00D7 A5*00         [ 3]  180 	lda	*___SDCC_m6502_ret7
   00D9 9D 2C 01      [ 5]  181 	sta	0x12c,x
   00DC 85*00         [ 3]  182 	sta	*(__TEMP+0)
   00DE 86*01         [ 3]  183 	stx	*(__TEMP+1)
   00E0 BA            [ 2]  184 	tsx
   00E1 8A            [ 2]  185 	txa
   00E2 18            [ 2]  186 	clc
   00E3 69 10         [ 2]  187 	adc	#0x10
   00E5 AA            [ 2]  188 	tax
   00E6 9A            [ 2]  189 	txs
   00E7 A6*01         [ 3]  190 	ldx	*(__TEMP+1)
   00E9 A5*00         [ 3]  191 	lda	*(__TEMP+0)
                            192 ;	../_modulonglong.c: 51: if (b > a)
   00EB BA            [ 2]  193 	tsx
   00EC BD 0D 01      [ 5]  194 	lda	0x10d,x
   00EF 38            [ 2]  195 	sec
   00F0 FD 15 01      [ 5]  196 	sbc	0x115,x
   00F3 BD 0E 01      [ 5]  197 	lda	0x10e,x
   00F6 FD 16 01      [ 5]  198 	sbc	0x116,x
   00F9 BD 0F 01      [ 5]  199 	lda	0x10f,x
   00FC FD 17 01      [ 5]  200 	sbc	0x117,x
   00FF BD 10 01      [ 5]  201 	lda	0x110,x
   0102 FD 18 01      [ 5]  202 	sbc	0x118,x
   0105 BD 11 01      [ 5]  203 	lda	0x111,x
   0108 FD 19 01      [ 5]  204 	sbc	0x119,x
   010B BD 12 01      [ 5]  205 	lda	0x112,x
   010E FD 1A 01      [ 5]  206 	sbc	0x11a,x
   0111 BD 13 01      [ 5]  207 	lda	0x113,x
   0114 FD 1B 01      [ 5]  208 	sbc	0x11b,x
   0117 BD 14 01      [ 5]  209 	lda	0x114,x
   011A FD 1C 01      [ 5]  210 	sbc	0x11c,x
   011D B0 69         [ 4]  211 	bcs	00102$
                            212 ;	../_modulonglong.c: 53: b >>=1;
   011F A9 00         [ 2]  213 	lda	#0x00
   0121 48            [ 3]  214 	pha
   0122 A9 01         [ 2]  215 	lda	#0x01
   0124 48            [ 3]  216 	pha
   0125 BD 1C 01      [ 5]  217 	lda	0x11c,x
   0128 48            [ 3]  218 	pha
   0129 BD 1B 01      [ 5]  219 	lda	0x11b,x
   012C 48            [ 3]  220 	pha
   012D BD 1A 01      [ 5]  221 	lda	0x11a,x
   0130 48            [ 3]  222 	pha
   0131 BD 19 01      [ 5]  223 	lda	0x119,x
   0134 48            [ 3]  224 	pha
   0135 BD 18 01      [ 5]  225 	lda	0x118,x
   0138 48            [ 3]  226 	pha
   0139 BD 17 01      [ 5]  227 	lda	0x117,x
   013C 48            [ 3]  228 	pha
   013D BD 16 01      [ 5]  229 	lda	0x116,x
   0140 48            [ 3]  230 	pha
   0141 BD 15 01      [ 5]  231 	lda	0x115,x
   0144 48            [ 3]  232 	pha
   0145 20r00r00      [ 6]  233 	jsr	__rrulonglong
   0148 86*00         [ 3]  234 	stx	*(__TEMP+0)
   014A BA            [ 2]  235 	tsx
   014B 9D 1F 01      [ 5]  236 	sta	0x11f,x
   014E A6*00         [ 3]  237 	ldx	*(__TEMP+0)
   0150 8A            [ 2]  238 	txa
   0151 BA            [ 2]  239 	tsx
   0152 9D 20 01      [ 5]  240 	sta	0x120,x
   0155 A6*00         [ 3]  241 	ldx	*(__TEMP+0)
   0157 A5*00         [ 3]  242 	lda	*___SDCC_m6502_ret2
   0159 BA            [ 2]  243 	tsx
   015A 9D 21 01      [ 5]  244 	sta	0x121,x
   015D A5*00         [ 3]  245 	lda	*___SDCC_m6502_ret3
   015F 9D 22 01      [ 5]  246 	sta	0x122,x
   0162 A5*00         [ 3]  247 	lda	*___SDCC_m6502_ret4
   0164 9D 23 01      [ 5]  248 	sta	0x123,x
   0167 A5*00         [ 3]  249 	lda	*___SDCC_m6502_ret5
   0169 9D 24 01      [ 5]  250 	sta	0x124,x
   016C A5*00         [ 3]  251 	lda	*___SDCC_m6502_ret6
   016E 9D 25 01      [ 5]  252 	sta	0x125,x
   0171 A5*00         [ 3]  253 	lda	*___SDCC_m6502_ret7
   0173 9D 26 01      [ 5]  254 	sta	0x126,x
   0176 85*00         [ 3]  255 	sta	*(__TEMP+0)
   0178 86*01         [ 3]  256 	stx	*(__TEMP+1)
   017A BA            [ 2]  257 	tsx
   017B 8A            [ 2]  258 	txa
   017C 18            [ 2]  259 	clc
   017D 69 0A         [ 2]  260 	adc	#0x0a
   017F AA            [ 2]  261 	tax
   0180 9A            [ 2]  262 	txs
   0181 A6*01         [ 3]  263 	ldx	*(__TEMP+1)
   0183 A5*00         [ 3]  264 	lda	*(__TEMP+0)
                            265 ;	../_modulonglong.c: 54: break;
   0185 4Cr98r01      [ 3]  266 	jmp	00117$
   0188                     267 00102$:
                            268 ;	../_modulonglong.c: 56: count++;
   0188 BA            [ 2]  269 	tsx
   0189 BD 0A 01      [ 5]  270 	lda	0x10a,x
   018C 18            [ 2]  271 	clc
   018D 69 01         [ 2]  272 	adc	#0x01
   018F 9D 0A 01      [ 5]  273 	sta	0x10a, x
   0192 9D 09 01      [ 5]  274 	sta	0x109,x
   0195 4Cr14r00      [ 3]  275 	jmp	00103$
                            276 ;	../_modulonglong.c: 58: do
   0198                     277 00117$:
   0198 BA            [ 2]  278 	tsx
   0199 BD 09 01      [ 5]  279 	lda	0x109,x
   019C A8            [ 2]  280 	tay
   019D                     281 00108$:
                            282 ;	../_modulonglong.c: 60: if (a >= b)
   019D BA            [ 2]  283 	tsx
   019E BD 0D 01      [ 5]  284 	lda	0x10d,x
   01A1 38            [ 2]  285 	sec
   01A2 FD 15 01      [ 5]  286 	sbc	0x115,x
   01A5 BD 0E 01      [ 5]  287 	lda	0x10e,x
   01A8 FD 16 01      [ 5]  288 	sbc	0x116,x
   01AB BD 0F 01      [ 5]  289 	lda	0x10f,x
   01AE FD 17 01      [ 5]  290 	sbc	0x117,x
   01B1 BD 10 01      [ 5]  291 	lda	0x110,x
   01B4 FD 18 01      [ 5]  292 	sbc	0x118,x
   01B7 BD 11 01      [ 5]  293 	lda	0x111,x
   01BA FD 19 01      [ 5]  294 	sbc	0x119,x
   01BD BD 12 01      [ 5]  295 	lda	0x112,x
   01C0 FD 1A 01      [ 5]  296 	sbc	0x11a,x
   01C3 BD 13 01      [ 5]  297 	lda	0x113,x
   01C6 FD 1B 01      [ 5]  298 	sbc	0x11b,x
   01C9 BD 14 01      [ 5]  299 	lda	0x114,x
   01CC FD 1C 01      [ 5]  300 	sbc	0x11c,x
   01CF 90 49         [ 4]  301 	bcc	00107$
                            302 ;	../_modulonglong.c: 61: a -= b;
   01D1 BD 0D 01      [ 5]  303 	lda	0x10d,x
   01D4 38            [ 2]  304 	sec
   01D5 FD 15 01      [ 5]  305 	sbc	0x115,x
   01D8 9D 0D 01      [ 5]  306 	sta	0x10d,x
   01DB BD 0E 01      [ 5]  307 	lda	0x10e,x
   01DE FD 16 01      [ 5]  308 	sbc	0x116,x
   01E1 9D 0E 01      [ 5]  309 	sta	0x10e,x
   01E4 BD 0F 01      [ 5]  310 	lda	0x10f,x
   01E7 FD 17 01      [ 5]  311 	sbc	0x117,x
   01EA 9D 0F 01      [ 5]  312 	sta	0x10f,x
   01ED BD 10 01      [ 5]  313 	lda	0x110,x
   01F0 FD 18 01      [ 5]  314 	sbc	0x118,x
   01F3 9D 10 01      [ 5]  315 	sta	0x110,x
   01F6 BD 11 01      [ 5]  316 	lda	0x111,x
   01F9 FD 19 01      [ 5]  317 	sbc	0x119,x
   01FC 9D 11 01      [ 5]  318 	sta	0x111,x
   01FF BD 12 01      [ 5]  319 	lda	0x112,x
   0202 FD 1A 01      [ 5]  320 	sbc	0x11a,x
   0205 9D 12 01      [ 5]  321 	sta	0x112,x
   0208 BD 13 01      [ 5]  322 	lda	0x113,x
   020B FD 1B 01      [ 5]  323 	sbc	0x11b,x
   020E 9D 13 01      [ 5]  324 	sta	0x113,x
   0211 BD 14 01      [ 5]  325 	lda	0x114,x
   0214 FD 1C 01      [ 5]  326 	sbc	0x11c,x
   0217 9D 14 01      [ 5]  327 	sta	0x114,x
   021A                     328 00107$:
                            329 ;	../_modulonglong.c: 62: b >>= 1;
   021A 85*00         [ 3]  330 	sta	*(__TEMP+0)
   021C 98            [ 2]  331 	tya
   021D 48            [ 3]  332 	pha
   021E A9 00         [ 2]  333 	lda	#0x00
   0220 48            [ 3]  334 	pha
   0221 A9 01         [ 2]  335 	lda	#0x01
   0223 48            [ 3]  336 	pha
   0224 BA            [ 2]  337 	tsx
   0225 BD 1F 01      [ 5]  338 	lda	0x11f,x
   0228 48            [ 3]  339 	pha
   0229 BD 1E 01      [ 5]  340 	lda	0x11e,x
   022C 48            [ 3]  341 	pha
   022D BD 1D 01      [ 5]  342 	lda	0x11d,x
   0230 48            [ 3]  343 	pha
   0231 BD 1C 01      [ 5]  344 	lda	0x11c,x
   0234 48            [ 3]  345 	pha
   0235 BD 1B 01      [ 5]  346 	lda	0x11b,x
   0238 48            [ 3]  347 	pha
   0239 BD 1A 01      [ 5]  348 	lda	0x11a,x
   023C 48            [ 3]  349 	pha
   023D BD 19 01      [ 5]  350 	lda	0x119,x
   0240 48            [ 3]  351 	pha
   0241 BD 18 01      [ 5]  352 	lda	0x118,x
   0244 48            [ 3]  353 	pha
   0245 20r00r00      [ 6]  354 	jsr	__rrulonglong
   0248 86*00         [ 3]  355 	stx	*(__TEMP+0)
   024A BA            [ 2]  356 	tsx
   024B 9D 20 01      [ 5]  357 	sta	0x120,x
   024E A6*00         [ 3]  358 	ldx	*(__TEMP+0)
   0250 8A            [ 2]  359 	txa
   0251 BA            [ 2]  360 	tsx
   0252 9D 21 01      [ 5]  361 	sta	0x121,x
   0255 A6*00         [ 3]  362 	ldx	*(__TEMP+0)
   0257 A5*00         [ 3]  363 	lda	*___SDCC_m6502_ret2
   0259 BA            [ 2]  364 	tsx
   025A 9D 22 01      [ 5]  365 	sta	0x122,x
   025D A5*00         [ 3]  366 	lda	*___SDCC_m6502_ret3
   025F 9D 23 01      [ 5]  367 	sta	0x123,x
   0262 A5*00         [ 3]  368 	lda	*___SDCC_m6502_ret4
   0264 9D 24 01      [ 5]  369 	sta	0x124,x
   0267 A5*00         [ 3]  370 	lda	*___SDCC_m6502_ret5
   0269 9D 25 01      [ 5]  371 	sta	0x125,x
   026C A5*00         [ 3]  372 	lda	*___SDCC_m6502_ret6
   026E 9D 26 01      [ 5]  373 	sta	0x126,x
   0271 A5*00         [ 3]  374 	lda	*___SDCC_m6502_ret7
   0273 9D 27 01      [ 5]  375 	sta	0x127,x
   0276 85*00         [ 3]  376 	sta	*(__TEMP+0)
   0278 86*01         [ 3]  377 	stx	*(__TEMP+1)
   027A BA            [ 2]  378 	tsx
   027B 8A            [ 2]  379 	txa
   027C 18            [ 2]  380 	clc
   027D 69 0A         [ 2]  381 	adc	#0x0a
   027F AA            [ 2]  382 	tax
   0280 9A            [ 2]  383 	txs
   0281 A6*01         [ 3]  384 	ldx	*(__TEMP+1)
   0283 68            [ 4]  385 	pla
                            386 ;	../_modulonglong.c: 64: while (count--);
   0284 A8            [ 2]  387 	tay
   0285 88            [ 2]  388 	dey
   0286 C9 00         [ 2]  389 	cmp	#0x00
   0288 F0 03         [ 4]  390 	beq	00142$
   028A 4Cr9Dr01      [ 3]  391 	jmp	00108$
   028D                     392 00142$:
                            393 ;	../_modulonglong.c: 66: return a;
   028D BA            [ 2]  394 	tsx
   028E BD 14 01      [ 5]  395 	lda	0x114,x
   0291 85*00         [ 3]  396 	sta	*___SDCC_m6502_ret7
   0293 BD 13 01      [ 5]  397 	lda	0x113,x
   0296 85*00         [ 3]  398 	sta	*___SDCC_m6502_ret6
   0298 BD 12 01      [ 5]  399 	lda	0x112,x
   029B 85*00         [ 3]  400 	sta	*___SDCC_m6502_ret5
   029D BD 11 01      [ 5]  401 	lda	0x111,x
   02A0 85*00         [ 3]  402 	sta	*___SDCC_m6502_ret4
   02A2 BD 10 01      [ 5]  403 	lda	0x110,x
   02A5 85*00         [ 3]  404 	sta	*___SDCC_m6502_ret3
   02A7 BD 0F 01      [ 5]  405 	lda	0x10f,x
   02AA 85*00         [ 3]  406 	sta	*___SDCC_m6502_ret2
   02AC BD 0E 01      [ 5]  407 	lda	0x10e,x
   02AF AA            [ 2]  408 	tax
   02B0 86*00         [ 3]  409 	stx	*(__TEMP+0)
   02B2 BA            [ 2]  410 	tsx
   02B3 BD 0D 01      [ 5]  411 	lda	0x10d,x
   02B6 08            [ 3]  412 	php
   02B7 A6*00         [ 3]  413 	ldx	*(__TEMP+0)
   02B9 28            [ 4]  414 	plp
                            415 ;	../_modulonglong.c: 67: }
   02BA 85*00         [ 3]  416 	sta	*(__TEMP+0)
   02BC 86*01         [ 3]  417 	stx	*(__TEMP+1)
   02BE BA            [ 2]  418 	tsx
   02BF 8A            [ 2]  419 	txa
   02C0 18            [ 2]  420 	clc
   02C1 69 0A         [ 2]  421 	adc	#0x0a
   02C3 AA            [ 2]  422 	tax
   02C4 9A            [ 2]  423 	txs
   02C5 A6*01         [ 3]  424 	ldx	*(__TEMP+1)
   02C7 A5*00         [ 3]  425 	lda	*(__TEMP+0)
   02C9 60            [ 6]  426 	rts
                            427 	.area CODE
                            428 	.area RODATA
                            429 	.area XINIT
                            430 	.area CABS    (ABS)
