                              1 ;--------------------------------------------------------
                              2 ; File Created by SDCC : free open source ISO C Compiler 
                              3 ; Version 4.2.14 #0 (Linux)
                              4 ;--------------------------------------------------------
                              5 	.module _schar2fs
                              6 	.optsdcc -mmos6502
                              7 	
                              8 ;--------------------------------------------------------
                              9 ; Public variables in this module
                             10 ;--------------------------------------------------------
                             11 	.globl ___slong2fs
                             12 	.globl ___schar2fs
                             13 ;--------------------------------------------------------
                             14 ; ZP ram data
                             15 ;--------------------------------------------------------
                             16 	.area ZP      (PAG)
                             17 ;--------------------------------------------------------
                             18 ; overlayable items in ram
                             19 ;--------------------------------------------------------
                             20 ;--------------------------------------------------------
                             21 ; uninitialized external ram data
                             22 ;--------------------------------------------------------
                             23 	.area BSS
                             24 ;--------------------------------------------------------
                             25 ; absolute external ram data
                             26 ;--------------------------------------------------------
                             27 	.area DABS    (ABS)
                             28 ;--------------------------------------------------------
                             29 ; initialized external ram data
                             30 ;--------------------------------------------------------
                             31 	.area DATA
                             32 ;--------------------------------------------------------
                             33 ; global & static initialisations
                             34 ;--------------------------------------------------------
                             35 	.area _CODE
                             36 	.area GSINIT
                             37 	.area GSFINAL
                             38 	.area GSINIT
                             39 ;--------------------------------------------------------
                             40 ; Home
                             41 ;--------------------------------------------------------
                             42 	.area _CODE
                             43 	.area _CODE
                             44 ;--------------------------------------------------------
                             45 ; code
                             46 ;--------------------------------------------------------
                             47 	.area CODE
                             48 ;------------------------------------------------------------
                             49 ;Allocation info for local variables in function '__schar2fs'
                             50 ;------------------------------------------------------------
                             51 ;sc                        Allocated to registers a 
                             52 ;sloc0                     Allocated to stack - sp +1
                             53 ;------------------------------------------------------------
                             54 ;	../_schar2fs.c: 55: float __schar2fs (signed char sc) {
                             55 ;	-----------------------------------------
                             56 ;	 function __schar2fs
                             57 ;	-----------------------------------------
                             58 ;	Register assignment is optimal.
                             59 ;	Stack space usage: 4 bytes.
   0000                      60 ___schar2fs:
   0000 48            [ 3]   61 	pha
   0001 48            [ 3]   62 	pha
   0002 48            [ 3]   63 	pha
   0003 48            [ 3]   64 	pha
                             65 ;	../_schar2fs.c: 56: return __slong2fs(sc);
   0004 BA            [ 2]   66 	tsx
   0005 9D 01 01      [ 5]   67 	sta	0x101,x
   0008 0A            [ 2]   68 	asl	a
   0009 A9 00         [ 2]   69 	lda	#0x00
   000B 69 FF         [ 2]   70 	adc	#0xff
   000D 49 FF         [ 2]   71 	eor	#0xff
   000F 9D 02 01      [ 5]   72 	sta	0x102,x
   0012 9D 03 01      [ 5]   73 	sta	0x103,x
   0015 9D 04 01      [ 5]   74 	sta	0x104, x
   0018 48            [ 3]   75 	pha
   0019 BD 03 01      [ 5]   76 	lda	0x103,x
   001C 48            [ 3]   77 	pha
   001D BD 02 01      [ 5]   78 	lda	0x102,x
   0020 48            [ 3]   79 	pha
   0021 BD 01 01      [ 5]   80 	lda	0x101,x
   0024 48            [ 3]   81 	pha
   0025 20r00r00      [ 6]   82 	jsr	___slong2fs
   0028 86*00         [ 3]   83 	stx	*(__TEMP+0)
   002A BA            [ 2]   84 	tsx
   002B 9D 05 01      [ 5]   85 	sta	0x105,x
   002E A6*00         [ 3]   86 	ldx	*(__TEMP+0)
   0030 8A            [ 2]   87 	txa
   0031 BA            [ 2]   88 	tsx
   0032 9D 06 01      [ 5]   89 	sta	0x106,x
   0035 A6*00         [ 3]   90 	ldx	*(__TEMP+0)
   0037 A5*00         [ 3]   91 	lda	*___SDCC_m6502_ret2
   0039 BA            [ 2]   92 	tsx
   003A 9D 07 01      [ 5]   93 	sta	0x107,x
   003D A5*00         [ 3]   94 	lda	*___SDCC_m6502_ret3
   003F 9D 08 01      [ 5]   95 	sta	0x108,x
   0042 85*00         [ 3]   96 	sta	*(__TEMP+0)
   0044 68            [ 4]   97 	pla
   0045 68            [ 4]   98 	pla
   0046 68            [ 4]   99 	pla
   0047 68            [ 4]  100 	pla
   0048 BD 08 01      [ 5]  101 	lda	0x108, x
   004B 85*00         [ 3]  102 	sta	*___SDCC_m6502_ret3
   004D BD 07 01      [ 5]  103 	lda	0x107,x
   0050 85*00         [ 3]  104 	sta	*___SDCC_m6502_ret2
   0052 BD 06 01      [ 5]  105 	lda	0x106,x
   0055 AA            [ 2]  106 	tax
   0056 86*00         [ 3]  107 	stx	*(__TEMP+0)
   0058 BA            [ 2]  108 	tsx
   0059 BD 01 01      [ 5]  109 	lda	0x101,x
   005C 08            [ 3]  110 	php
   005D A6*00         [ 3]  111 	ldx	*(__TEMP+0)
   005F 28            [ 4]  112 	plp
                            113 ;	../_schar2fs.c: 57: }
   0060 85*00         [ 3]  114 	sta	*(__TEMP+0)
   0062 68            [ 4]  115 	pla
   0063 68            [ 4]  116 	pla
   0064 68            [ 4]  117 	pla
   0065 68            [ 4]  118 	pla
   0066 A5*00         [ 3]  119 	lda	*(__TEMP+0)
   0068 60            [ 6]  120 	rts
                            121 	.area CODE
                            122 	.area RODATA
                            123 	.area XINIT
                            124 	.area CABS    (ABS)
