                              1 ;--------------------------------------------------------
                              2 ; File Created by SDCC : free open source ISO C Compiler 
                              3 ; Version 4.2.14 #0 (Linux)
                              4 ;--------------------------------------------------------
                              5 	.module _sint2fs
                              6 	.optsdcc -mmos6502
                              7 	
                              8 ;--------------------------------------------------------
                              9 ; Public variables in this module
                             10 ;--------------------------------------------------------
                             11 	.globl ___slong2fs
                             12 	.globl ___sint2fs
                             13 ;--------------------------------------------------------
                             14 ; ZP ram data
                             15 ;--------------------------------------------------------
                             16 	.area ZP      (PAG)
                             17 ;--------------------------------------------------------
                             18 ; overlayable items in ram
                             19 ;--------------------------------------------------------
                             20 ;--------------------------------------------------------
                             21 ; uninitialized external ram data
                             22 ;--------------------------------------------------------
                             23 	.area BSS
                             24 ;--------------------------------------------------------
                             25 ; absolute external ram data
                             26 ;--------------------------------------------------------
                             27 	.area DABS    (ABS)
                             28 ;--------------------------------------------------------
                             29 ; initialized external ram data
                             30 ;--------------------------------------------------------
                             31 	.area DATA
                             32 ;--------------------------------------------------------
                             33 ; global & static initialisations
                             34 ;--------------------------------------------------------
                             35 	.area _CODE
                             36 	.area GSINIT
                             37 	.area GSFINAL
                             38 	.area GSINIT
                             39 ;--------------------------------------------------------
                             40 ; Home
                             41 ;--------------------------------------------------------
                             42 	.area _CODE
                             43 	.area _CODE
                             44 ;--------------------------------------------------------
                             45 ; code
                             46 ;--------------------------------------------------------
                             47 	.area CODE
                             48 ;------------------------------------------------------------
                             49 ;Allocation info for local variables in function '__sint2fs'
                             50 ;------------------------------------------------------------
                             51 ;si                        Allocated to registers a x 
                             52 ;sloc0                     Allocated to stack - sp +1
                             53 ;------------------------------------------------------------
                             54 ;	../_sint2fs.c: 54: float __sint2fs (signed int si) {
                             55 ;	-----------------------------------------
                             56 ;	 function __sint2fs
                             57 ;	-----------------------------------------
                             58 ;	Register assignment is optimal.
                             59 ;	Stack space usage: 4 bytes.
   0000                      60 ___sint2fs:
   0000 48            [ 3]   61 	pha
   0001 48            [ 3]   62 	pha
   0002 48            [ 3]   63 	pha
   0003 48            [ 3]   64 	pha
                             65 ;	../_sint2fs.c: 55: return __slong2fs(si);
   0004 48            [ 3]   66 	pha
   0005 8A            [ 2]   67 	txa
   0006 BA            [ 2]   68 	tsx
   0007 9D 03 01      [ 5]   69 	sta	0x103,x
   000A 68            [ 4]   70 	pla
   000B 9D 02 01      [ 5]   71 	sta	0x102,x
   000E BD 03 01      [ 5]   72 	lda	0x103,x
   0011 0A            [ 2]   73 	asl	a
   0012 A9 00         [ 2]   74 	lda	#0x00
   0014 69 FF         [ 2]   75 	adc	#0xff
   0016 49 FF         [ 2]   76 	eor	#0xff
   0018 9D 04 01      [ 5]   77 	sta	0x104,x
   001B 9D 05 01      [ 5]   78 	sta	0x105, x
   001E 48            [ 3]   79 	pha
   001F BD 04 01      [ 5]   80 	lda	0x104,x
   0022 48            [ 3]   81 	pha
   0023 BD 03 01      [ 5]   82 	lda	0x103,x
   0026 48            [ 3]   83 	pha
   0027 BD 02 01      [ 5]   84 	lda	0x102,x
   002A 48            [ 3]   85 	pha
   002B 20r00r00      [ 6]   86 	jsr	___slong2fs
   002E 86*00         [ 3]   87 	stx	*(__TEMP+0)
   0030 BA            [ 2]   88 	tsx
   0031 9D 05 01      [ 5]   89 	sta	0x105,x
   0034 A6*00         [ 3]   90 	ldx	*(__TEMP+0)
   0036 8A            [ 2]   91 	txa
   0037 BA            [ 2]   92 	tsx
   0038 9D 06 01      [ 5]   93 	sta	0x106,x
   003B A6*00         [ 3]   94 	ldx	*(__TEMP+0)
   003D A5*00         [ 3]   95 	lda	*___SDCC_m6502_ret2
   003F BA            [ 2]   96 	tsx
   0040 9D 07 01      [ 5]   97 	sta	0x107,x
   0043 A5*00         [ 3]   98 	lda	*___SDCC_m6502_ret3
   0045 9D 08 01      [ 5]   99 	sta	0x108,x
   0048 85*00         [ 3]  100 	sta	*(__TEMP+0)
   004A 68            [ 4]  101 	pla
   004B 68            [ 4]  102 	pla
   004C 68            [ 4]  103 	pla
   004D 68            [ 4]  104 	pla
   004E BD 08 01      [ 5]  105 	lda	0x108, x
   0051 85*00         [ 3]  106 	sta	*___SDCC_m6502_ret3
   0053 BD 07 01      [ 5]  107 	lda	0x107,x
   0056 85*00         [ 3]  108 	sta	*___SDCC_m6502_ret2
   0058 BD 06 01      [ 5]  109 	lda	0x106,x
   005B AA            [ 2]  110 	tax
   005C 86*00         [ 3]  111 	stx	*(__TEMP+0)
   005E BA            [ 2]  112 	tsx
   005F BD 01 01      [ 5]  113 	lda	0x101,x
   0062 08            [ 3]  114 	php
   0063 A6*00         [ 3]  115 	ldx	*(__TEMP+0)
   0065 28            [ 4]  116 	plp
                            117 ;	../_sint2fs.c: 56: }
   0066 85*00         [ 3]  118 	sta	*(__TEMP+0)
   0068 68            [ 4]  119 	pla
   0069 68            [ 4]  120 	pla
   006A 68            [ 4]  121 	pla
   006B 68            [ 4]  122 	pla
   006C A5*00         [ 3]  123 	lda	*(__TEMP+0)
   006E 60            [ 6]  124 	rts
                            125 	.area CODE
                            126 	.area RODATA
                            127 	.area XINIT
                            128 	.area CABS    (ABS)
