                              1 ;--------------------------------------------------------
                              2 ; File Created by SDCC : free open source ISO C Compiler 
                              3 ; Version 4.2.14 #0 (Linux)
                              4 ;--------------------------------------------------------
                              5 	.module _uchar2fs
                              6 	.optsdcc -mmos6502
                              7 	
                              8 ;--------------------------------------------------------
                              9 ; Public variables in this module
                             10 ;--------------------------------------------------------
                             11 	.globl ___ulong2fs
                             12 	.globl ___uchar2fs
                             13 ;--------------------------------------------------------
                             14 ; ZP ram data
                             15 ;--------------------------------------------------------
                             16 	.area ZP      (PAG)
                             17 ;--------------------------------------------------------
                             18 ; overlayable items in ram
                             19 ;--------------------------------------------------------
                             20 ;--------------------------------------------------------
                             21 ; uninitialized external ram data
                             22 ;--------------------------------------------------------
                             23 	.area BSS
                             24 ;--------------------------------------------------------
                             25 ; absolute external ram data
                             26 ;--------------------------------------------------------
                             27 	.area DABS    (ABS)
                             28 ;--------------------------------------------------------
                             29 ; initialized external ram data
                             30 ;--------------------------------------------------------
                             31 	.area DATA
                             32 ;--------------------------------------------------------
                             33 ; global & static initialisations
                             34 ;--------------------------------------------------------
                             35 	.area _CODE
                             36 	.area GSINIT
                             37 	.area GSFINAL
                             38 	.area GSINIT
                             39 ;--------------------------------------------------------
                             40 ; Home
                             41 ;--------------------------------------------------------
                             42 	.area _CODE
                             43 	.area _CODE
                             44 ;--------------------------------------------------------
                             45 ; code
                             46 ;--------------------------------------------------------
                             47 	.area CODE
                             48 ;------------------------------------------------------------
                             49 ;Allocation info for local variables in function '__uchar2fs'
                             50 ;------------------------------------------------------------
                             51 ;uc                        Allocated to registers y 
                             52 ;sloc0                     Allocated to stack - sp +1
                             53 ;------------------------------------------------------------
                             54 ;	../_uchar2fs.c: 55: float __uchar2fs (unsigned char uc) {
                             55 ;	-----------------------------------------
                             56 ;	 function __uchar2fs
                             57 ;	-----------------------------------------
                             58 ;	Register assignment is optimal.
                             59 ;	Stack space usage: 4 bytes.
   0000                      60 ___uchar2fs:
   0000 48            [ 3]   61 	pha
   0001 48            [ 3]   62 	pha
   0002 48            [ 3]   63 	pha
   0003 48            [ 3]   64 	pha
   0004 A8            [ 2]   65 	tay
                             66 ;	../_uchar2fs.c: 56: return __ulong2fs(uc);
   0005 BA            [ 2]   67 	tsx
   0006 98            [ 2]   68 	tya
   0007 9D 01 01      [ 5]   69 	sta	0x101,x
   000A A9 00         [ 2]   70 	lda	#0x00
   000C 9D 02 01      [ 5]   71 	sta	0x102,x
   000F 9D 03 01      [ 5]   72 	sta	0x103,x
   0012 9D 04 01      [ 5]   73 	sta	0x104, x
   0015 48            [ 3]   74 	pha
   0016 BD 03 01      [ 5]   75 	lda	0x103,x
   0019 48            [ 3]   76 	pha
   001A BD 02 01      [ 5]   77 	lda	0x102,x
   001D 48            [ 3]   78 	pha
   001E BD 01 01      [ 5]   79 	lda	0x101,x
   0021 48            [ 3]   80 	pha
   0022 20r00r00      [ 6]   81 	jsr	___ulong2fs
   0025 86*00         [ 3]   82 	stx	*(__TEMP+0)
   0027 BA            [ 2]   83 	tsx
   0028 9D 05 01      [ 5]   84 	sta	0x105,x
   002B A6*00         [ 3]   85 	ldx	*(__TEMP+0)
   002D 8A            [ 2]   86 	txa
   002E BA            [ 2]   87 	tsx
   002F 9D 06 01      [ 5]   88 	sta	0x106,x
   0032 A6*00         [ 3]   89 	ldx	*(__TEMP+0)
   0034 A5*00         [ 3]   90 	lda	*___SDCC_m6502_ret2
   0036 BA            [ 2]   91 	tsx
   0037 9D 07 01      [ 5]   92 	sta	0x107,x
   003A A5*00         [ 3]   93 	lda	*___SDCC_m6502_ret3
   003C 9D 08 01      [ 5]   94 	sta	0x108,x
   003F 85*00         [ 3]   95 	sta	*(__TEMP+0)
   0041 68            [ 4]   96 	pla
   0042 68            [ 4]   97 	pla
   0043 68            [ 4]   98 	pla
   0044 68            [ 4]   99 	pla
   0045 BD 08 01      [ 5]  100 	lda	0x108, x
   0048 85*00         [ 3]  101 	sta	*___SDCC_m6502_ret3
   004A BD 07 01      [ 5]  102 	lda	0x107,x
   004D 85*00         [ 3]  103 	sta	*___SDCC_m6502_ret2
   004F BD 06 01      [ 5]  104 	lda	0x106,x
   0052 AA            [ 2]  105 	tax
   0053 86*00         [ 3]  106 	stx	*(__TEMP+0)
   0055 BA            [ 2]  107 	tsx
   0056 BD 01 01      [ 5]  108 	lda	0x101,x
   0059 08            [ 3]  109 	php
   005A A6*00         [ 3]  110 	ldx	*(__TEMP+0)
   005C 28            [ 4]  111 	plp
                            112 ;	../_uchar2fs.c: 57: }
   005D 85*00         [ 3]  113 	sta	*(__TEMP+0)
   005F 68            [ 4]  114 	pla
   0060 68            [ 4]  115 	pla
   0061 68            [ 4]  116 	pla
   0062 68            [ 4]  117 	pla
   0063 A5*00         [ 3]  118 	lda	*(__TEMP+0)
   0065 60            [ 6]  119 	rts
                            120 	.area CODE
                            121 	.area RODATA
                            122 	.area XINIT
                            123 	.area CABS    (ABS)
