                              1 ;--------------------------------------------------------
                              2 ; File Created by SDCC : free open source ISO C Compiler 
                              3 ; Version 4.2.14 #0 (Linux)
                              4 ;--------------------------------------------------------
                              5 	.module expf
                              6 	.optsdcc -mmos6502
                              7 	
                              8 ;--------------------------------------------------------
                              9 ; Public variables in this module
                             10 ;--------------------------------------------------------
                             11 	.globl _ldexpf
                             12 	.globl _expf
                             13 ;--------------------------------------------------------
                             14 ; ZP ram data
                             15 ;--------------------------------------------------------
                             16 	.area ZP      (PAG)
                             17 ;--------------------------------------------------------
                             18 ; overlayable items in ram
                             19 ;--------------------------------------------------------
                             20 ;--------------------------------------------------------
                             21 ; uninitialized external ram data
                             22 ;--------------------------------------------------------
                             23 	.area BSS
                             24 ;--------------------------------------------------------
                             25 ; absolute external ram data
                             26 ;--------------------------------------------------------
                             27 	.area DABS    (ABS)
                             28 ;--------------------------------------------------------
                             29 ; initialized external ram data
                             30 ;--------------------------------------------------------
                             31 	.area DATA
                             32 ;--------------------------------------------------------
                             33 ; global & static initialisations
                             34 ;--------------------------------------------------------
                             35 	.area _CODE
                             36 	.area GSINIT
                             37 	.area GSFINAL
                             38 	.area GSINIT
                             39 ;--------------------------------------------------------
                             40 ; Home
                             41 ;--------------------------------------------------------
                             42 	.area _CODE
                             43 	.area _CODE
                             44 ;--------------------------------------------------------
                             45 ; code
                             46 ;--------------------------------------------------------
                             47 	.area CODE
                             48 ;------------------------------------------------------------
                             49 ;Allocation info for local variables in function 'expf'
                             50 ;------------------------------------------------------------
                             51 ;x                         Allocated to stack - sp +26
                             52 ;n                         Allocated to registers a x 
                             53 ;xn                        Allocated to stack - sp +18
                             54 ;g                         Allocated to stack - sp +14
                             55 ;r                         Allocated to stack - sp +5
                             56 ;z                         Allocated to stack - sp +6
                             57 ;y                         Allocated to stack - sp +1
                             58 ;sign                      Allocated to stack - sp +23
                             59 ;sloc0                     Allocated to stack - sp +19
                             60 ;sloc1                     Allocated to stack - sp +17
                             61 ;sloc2                     Allocated to stack - sp +13
                             62 ;sloc3                     Allocated to stack - sp +9
                             63 ;------------------------------------------------------------
                             64 ;	../expf.c: 331: float expf(float x) _FLOAT_FUNC_REENTRANT
                             65 ;	-----------------------------------------
                             66 ;	 function expf
                             67 ;	-----------------------------------------
                             68 ;	Register assignment is optimal.
                             69 ;	Stack space usage: 23 bytes.
   0000                      70 _expf:
   0000 85*00         [ 3]   71 	sta	*(__TEMP+0)
   0002 86*01         [ 3]   72 	stx	*(__TEMP+1)
   0004 BA            [ 2]   73 	tsx
   0005 8A            [ 2]   74 	txa
   0006 18            [ 2]   75 	clc
   0007 69 E9         [ 2]   76 	adc	#0xe9
   0009 AA            [ 2]   77 	tax
   000A 9A            [ 2]   78 	txs
   000B A6*01         [ 3]   79 	ldx	*(__TEMP+1)
                             80 ;	../expf.c: 337: if(x>=0.0)
   000D A9 00         [ 2]   81 	lda	#0x00
   000F 48            [ 3]   82 	pha
   0010 48            [ 3]   83 	pha
   0011 48            [ 3]   84 	pha
   0012 48            [ 3]   85 	pha
   0013 BA            [ 2]   86 	tsx
   0014 BD 21 01      [ 5]   87 	lda	0x121,x
   0017 48            [ 3]   88 	pha
   0018 BD 20 01      [ 5]   89 	lda	0x120,x
   001B 48            [ 3]   90 	pha
   001C BD 1F 01      [ 5]   91 	lda	0x11f,x
   001F 48            [ 3]   92 	pha
   0020 BD 1E 01      [ 5]   93 	lda	0x11e,x
   0023 48            [ 3]   94 	pha
   0024 20r00r00      [ 6]   95 	jsr	___fslt
   0027 85*00         [ 3]   96 	sta	*(__TEMP+0)
   0029 86*01         [ 3]   97 	stx	*(__TEMP+1)
   002B BA            [ 2]   98 	tsx
   002C 8A            [ 2]   99 	txa
   002D 18            [ 2]  100 	clc
   002E 69 08         [ 2]  101 	adc	#0x08
   0030 AA            [ 2]  102 	tax
   0031 9A            [ 2]  103 	txs
   0032 A6*01         [ 3]  104 	ldx	*(__TEMP+1)
   0034 A5*00         [ 3]  105 	lda	*(__TEMP+0)
   0036 D0 21         [ 4]  106 	bne	00102$
                            107 ;	../expf.c: 338: { y=x;  sign=0; }
   0038 BA            [ 2]  108 	tsx
   0039 BD 1A 01      [ 5]  109 	lda	0x11a,x
   003C 9D 01 01      [ 5]  110 	sta	0x101,x
   003F BD 1B 01      [ 5]  111 	lda	0x11b,x
   0042 9D 02 01      [ 5]  112 	sta	0x102,x
   0045 BD 1C 01      [ 5]  113 	lda	0x11c,x
   0048 9D 03 01      [ 5]  114 	sta	0x103,x
   004B BD 1D 01      [ 5]  115 	lda	0x11d,x
   004E 9D 04 01      [ 5]  116 	sta	0x104,x
   0051 A9 00         [ 2]  117 	lda	#0x00
   0053 9D 17 01      [ 5]  118 	sta	0x117,x
   0056 4Cr79r00      [ 3]  119 	jmp	00103$
   0059                     120 00102$:
                            121 ;	../expf.c: 340: { y=-x; sign=1; }
   0059 BA            [ 2]  122 	tsx
   005A BD 1A 01      [ 5]  123 	lda	0x11a,x
   005D 9D 01 01      [ 5]  124 	sta	0x101,x
   0060 BD 1B 01      [ 5]  125 	lda	0x11b,x
   0063 9D 02 01      [ 5]  126 	sta	0x102,x
   0066 BD 1C 01      [ 5]  127 	lda	0x11c,x
   0069 9D 03 01      [ 5]  128 	sta	0x103,x
   006C BD 1D 01      [ 5]  129 	lda	0x11d,x
   006F 49 80         [ 2]  130 	eor	#0x80
   0071 9D 04 01      [ 5]  131 	sta	0x104,x
   0074 A9 01         [ 2]  132 	lda	#0x01
   0076 9D 17 01      [ 5]  133 	sta	0x117,x
   0079                     134 00103$:
                            135 ;	../expf.c: 342: if(y<EXPEPS) return 1.0;
   0079 A9 33         [ 2]  136 	lda	#0x33
   007B 48            [ 3]  137 	pha
   007C A9 D6         [ 2]  138 	lda	#0xd6
   007E 48            [ 3]  139 	pha
   007F A9 BF         [ 2]  140 	lda	#0xbf
   0081 48            [ 3]  141 	pha
   0082 A9 95         [ 2]  142 	lda	#0x95
   0084 48            [ 3]  143 	pha
   0085 BA            [ 2]  144 	tsx
   0086 BD 08 01      [ 5]  145 	lda	0x108,x
   0089 48            [ 3]  146 	pha
   008A BD 07 01      [ 5]  147 	lda	0x107,x
   008D 48            [ 3]  148 	pha
   008E BD 06 01      [ 5]  149 	lda	0x106,x
   0091 48            [ 3]  150 	pha
   0092 BD 05 01      [ 5]  151 	lda	0x105,x
   0095 48            [ 3]  152 	pha
   0096 20r00r00      [ 6]  153 	jsr	___fslt
   0099 85*00         [ 3]  154 	sta	*(__TEMP+0)
   009B 86*01         [ 3]  155 	stx	*(__TEMP+1)
   009D BA            [ 2]  156 	tsx
   009E 8A            [ 2]  157 	txa
   009F 18            [ 2]  158 	clc
   00A0 69 08         [ 2]  159 	adc	#0x08
   00A2 AA            [ 2]  160 	tax
   00A3 9A            [ 2]  161 	txs
   00A4 A6*01         [ 3]  162 	ldx	*(__TEMP+1)
   00A6 A5*00         [ 3]  163 	lda	*(__TEMP+0)
   00A8 F0 0E         [ 4]  164 	beq	00105$
   00AA A9 00         [ 2]  165 	lda	#0x00
   00AC AA            [ 2]  166 	tax
   00AD A0 80         [ 2]  167 	ldy	#0x80
   00AF 84*00         [ 3]  168 	sty	*___SDCC_m6502_ret2
   00B1 A0 3F         [ 2]  169 	ldy	#0x3f
   00B3 84*00         [ 3]  170 	sty	*___SDCC_m6502_ret3
   00B5 4Cr09r07      [ 3]  171 	jmp	00118$
   00B8                     172 00105$:
                            173 ;	../expf.c: 344: if(y>BIGX)
   00B8 BA            [ 2]  174 	tsx
   00B9 BD 04 01      [ 5]  175 	lda	0x104,x
   00BC 48            [ 3]  176 	pha
   00BD BD 03 01      [ 5]  177 	lda	0x103,x
   00C0 48            [ 3]  178 	pha
   00C1 BD 02 01      [ 5]  179 	lda	0x102,x
   00C4 48            [ 3]  180 	pha
   00C5 BD 01 01      [ 5]  181 	lda	0x101,x
   00C8 48            [ 3]  182 	pha
   00C9 A9 42         [ 2]  183 	lda	#0x42
   00CB 48            [ 3]  184 	pha
   00CC A9 B1         [ 2]  185 	lda	#0xb1
   00CE 48            [ 3]  186 	pha
   00CF A9 72         [ 2]  187 	lda	#0x72
   00D1 48            [ 3]  188 	pha
   00D2 A9 18         [ 2]  189 	lda	#0x18
   00D4 48            [ 3]  190 	pha
   00D5 20r00r00      [ 6]  191 	jsr	___fslt
   00D8 85*00         [ 3]  192 	sta	*(__TEMP+0)
   00DA 86*01         [ 3]  193 	stx	*(__TEMP+1)
   00DC BA            [ 2]  194 	tsx
   00DD 8A            [ 2]  195 	txa
   00DE 18            [ 2]  196 	clc
   00DF 69 08         [ 2]  197 	adc	#0x08
   00E1 AA            [ 2]  198 	tax
   00E2 9A            [ 2]  199 	txs
   00E3 A6*01         [ 3]  200 	ldx	*(__TEMP+1)
   00E5 A5*00         [ 3]  201 	lda	*(__TEMP+0)
   00E7 F0 26         [ 4]  202 	beq	00110$
                            203 ;	../expf.c: 346: if(sign)
   00E9 BA            [ 2]  204 	tsx
   00EA BD 17 01      [ 5]  205 	lda	0x117,x
   00ED F0 16         [ 4]  206 	beq	00107$
                            207 ;	../expf.c: 348: errno=ERANGE;
   00EF A2 22         [ 2]  208 	ldx	#0x22
   00F1 8Er00r00      [ 4]  209 	stx	_errno
   00F4 A2 00         [ 2]  210 	ldx	#0x00
   00F6 8Er01r00      [ 4]  211 	stx	(_errno + 1)
                            212 ;	../expf.c: 350: ;
   00F9 A9 FF         [ 2]  213 	lda	#0xff
   00FB AA            [ 2]  214 	tax
   00FC A0 7F         [ 2]  215 	ldy	#0x7f
   00FE 84*00         [ 3]  216 	sty	*___SDCC_m6502_ret2
   0100 84*00         [ 3]  217 	sty	*___SDCC_m6502_ret3
   0102 4Cr09r07      [ 3]  218 	jmp	00118$
   0105                     219 00107$:
                            220 ;	../expf.c: 354: return 0.0;
   0105 A9 00         [ 2]  221 	lda	#0x00
   0107 AA            [ 2]  222 	tax
   0108 85*00         [ 3]  223 	sta	*___SDCC_m6502_ret2
   010A 85*00         [ 3]  224 	sta	*___SDCC_m6502_ret3
   010C 4Cr09r07      [ 3]  225 	jmp	00118$
   010F                     226 00110$:
                            227 ;	../expf.c: 358: z=y*K1;
   010F BA            [ 2]  228 	tsx
   0110 BD 04 01      [ 5]  229 	lda	0x104,x
   0113 48            [ 3]  230 	pha
   0114 BD 03 01      [ 5]  231 	lda	0x103,x
   0117 48            [ 3]  232 	pha
   0118 BD 02 01      [ 5]  233 	lda	0x102,x
   011B 48            [ 3]  234 	pha
   011C BD 01 01      [ 5]  235 	lda	0x101,x
   011F 48            [ 3]  236 	pha
   0120 A9 3F         [ 2]  237 	lda	#0x3f
   0122 48            [ 3]  238 	pha
   0123 A9 B8         [ 2]  239 	lda	#0xb8
   0125 48            [ 3]  240 	pha
   0126 A9 AA         [ 2]  241 	lda	#0xaa
   0128 48            [ 3]  242 	pha
   0129 A9 3B         [ 2]  243 	lda	#0x3b
   012B 48            [ 3]  244 	pha
                            245 ;	../expf.c: 359: n=z;
   012C 20r00r00      [ 6]  246 	jsr	___fsmul
   012F 86*00         [ 3]  247 	stx	*(__TEMP+0)
   0131 BA            [ 2]  248 	tsx
   0132 9D 1B 01      [ 5]  249 	sta	0x11b,x
   0135 A6*00         [ 3]  250 	ldx	*(__TEMP+0)
   0137 8A            [ 2]  251 	txa
   0138 BA            [ 2]  252 	tsx
   0139 9D 1C 01      [ 5]  253 	sta	0x11c,x
   013C A6*00         [ 3]  254 	ldx	*(__TEMP+0)
   013E A5*00         [ 3]  255 	lda	*___SDCC_m6502_ret2
   0140 BA            [ 2]  256 	tsx
   0141 9D 1D 01      [ 5]  257 	sta	0x11d,x
   0144 A5*00         [ 3]  258 	lda	*___SDCC_m6502_ret3
   0146 9D 1E 01      [ 5]  259 	sta	0x11e,x
   0149 85*00         [ 3]  260 	sta	*(__TEMP+0)
   014B 86*01         [ 3]  261 	stx	*(__TEMP+1)
   014D BA            [ 2]  262 	tsx
   014E 8A            [ 2]  263 	txa
   014F 18            [ 2]  264 	clc
   0150 69 08         [ 2]  265 	adc	#0x08
   0152 AA            [ 2]  266 	tax
   0153 9A            [ 2]  267 	txs
   0154 A6*01         [ 3]  268 	ldx	*(__TEMP+1)
   0156 A5*00         [ 3]  269 	lda	*(__TEMP+0)
   0158 BA            [ 2]  270 	tsx
   0159 BD 16 01      [ 5]  271 	lda	0x116,x
   015C 48            [ 3]  272 	pha
   015D BD 15 01      [ 5]  273 	lda	0x115,x
   0160 48            [ 3]  274 	pha
   0161 BD 14 01      [ 5]  275 	lda	0x114,x
   0164 48            [ 3]  276 	pha
   0165 BD 13 01      [ 5]  277 	lda	0x113,x
   0168 48            [ 3]  278 	pha
   0169 20r00r00      [ 6]  279 	jsr	___fs2sint
   016C 86*00         [ 3]  280 	stx	*(__TEMP+0)
   016E BA            [ 2]  281 	tsx
   016F 9D 15 01      [ 5]  282 	sta	0x115,x
   0172 A6*00         [ 3]  283 	ldx	*(__TEMP+0)
   0174 8A            [ 2]  284 	txa
   0175 BA            [ 2]  285 	tsx
   0176 9D 16 01      [ 5]  286 	sta	0x116,x
   0179 A6*00         [ 3]  287 	ldx	*(__TEMP+0)
   017B 85*00         [ 3]  288 	sta	*(__TEMP+0)
   017D 68            [ 4]  289 	pla
   017E 68            [ 4]  290 	pla
   017F 68            [ 4]  291 	pla
   0180 68            [ 4]  292 	pla
   0181 A5*00         [ 3]  293 	lda	*(__TEMP+0)
                            294 ;	../expf.c: 361: if(n<0) --n;
   0183 BA            [ 2]  295 	tsx
   0184 BD 12 01      [ 5]  296 	lda	0x112,x
   0187 38            [ 2]  297 	sec
   0188 E9 00         [ 2]  298 	sbc	#0x00
   018A 50 04         [ 4]  299 	bvc	00160$
   018C 10 04         [ 4]  300 	bpl	00159$
   018E 30 13         [ 4]  301 	bmi	00112$
   0190                     302 00160$:
   0190 10 11         [ 4]  303 	bpl	00112$
   0192                     304 00159$:
   0192 BD 11 01      [ 5]  305 	lda	0x111,x
   0195 38            [ 2]  306 	sec
   0196 E9 01         [ 2]  307 	sbc	#0x01
   0198 9D 11 01      [ 5]  308 	sta	0x111,x
   019B BD 12 01      [ 5]  309 	lda	0x112,x
   019E E9 00         [ 2]  310 	sbc	#0x00
   01A0 9D 12 01      [ 5]  311 	sta	0x112,x
   01A3                     312 00112$:
                            313 ;	../expf.c: 362: if(z-n>=0.5) ++n;
   01A3 BA            [ 2]  314 	tsx
   01A4 BD 12 01      [ 5]  315 	lda	0x112,x
   01A7 AA            [ 2]  316 	tax
   01A8 86*00         [ 3]  317 	stx	*(__TEMP+0)
   01AA BA            [ 2]  318 	tsx
   01AB BD 11 01      [ 5]  319 	lda	0x111,x
   01AE 08            [ 3]  320 	php
   01AF A6*00         [ 3]  321 	ldx	*(__TEMP+0)
   01B1 28            [ 4]  322 	plp
   01B2 20r00r00      [ 6]  323 	jsr	___sint2fs
   01B5 86*00         [ 3]  324 	stx	*(__TEMP+0)
   01B7 BA            [ 2]  325 	tsx
   01B8 9D 0D 01      [ 5]  326 	sta	0x10d,x
   01BB A6*00         [ 3]  327 	ldx	*(__TEMP+0)
   01BD 8A            [ 2]  328 	txa
   01BE BA            [ 2]  329 	tsx
   01BF 9D 0E 01      [ 5]  330 	sta	0x10e,x
   01C2 A6*00         [ 3]  331 	ldx	*(__TEMP+0)
   01C4 A5*00         [ 3]  332 	lda	*___SDCC_m6502_ret2
   01C6 BA            [ 2]  333 	tsx
   01C7 9D 0F 01      [ 5]  334 	sta	0x10f,x
   01CA A5*00         [ 3]  335 	lda	*___SDCC_m6502_ret3
   01CC 9D 10 01      [ 5]  336 	sta	0x110, x
   01CF 48            [ 3]  337 	pha
   01D0 BD 0F 01      [ 5]  338 	lda	0x10f,x
   01D3 48            [ 3]  339 	pha
   01D4 BD 0E 01      [ 5]  340 	lda	0x10e,x
   01D7 48            [ 3]  341 	pha
   01D8 BD 0D 01      [ 5]  342 	lda	0x10d,x
   01DB 48            [ 3]  343 	pha
   01DC BD 16 01      [ 5]  344 	lda	0x116,x
   01DF 48            [ 3]  345 	pha
   01E0 BD 15 01      [ 5]  346 	lda	0x115,x
   01E3 48            [ 3]  347 	pha
   01E4 BD 14 01      [ 5]  348 	lda	0x114,x
   01E7 48            [ 3]  349 	pha
   01E8 BD 13 01      [ 5]  350 	lda	0x113,x
   01EB 48            [ 3]  351 	pha
   01EC 20r00r00      [ 6]  352 	jsr	___fssub
   01EF 86*00         [ 3]  353 	stx	*(__TEMP+0)
   01F1 BA            [ 2]  354 	tsx
   01F2 9D 15 01      [ 5]  355 	sta	0x115,x
   01F5 A6*00         [ 3]  356 	ldx	*(__TEMP+0)
   01F7 8A            [ 2]  357 	txa
   01F8 BA            [ 2]  358 	tsx
   01F9 9D 16 01      [ 5]  359 	sta	0x116,x
   01FC A6*00         [ 3]  360 	ldx	*(__TEMP+0)
   01FE A5*00         [ 3]  361 	lda	*___SDCC_m6502_ret2
   0200 BA            [ 2]  362 	tsx
   0201 9D 17 01      [ 5]  363 	sta	0x117,x
   0204 A5*00         [ 3]  364 	lda	*___SDCC_m6502_ret3
   0206 9D 18 01      [ 5]  365 	sta	0x118,x
   0209 85*00         [ 3]  366 	sta	*(__TEMP+0)
   020B 86*01         [ 3]  367 	stx	*(__TEMP+1)
   020D BA            [ 2]  368 	tsx
   020E 8A            [ 2]  369 	txa
   020F 18            [ 2]  370 	clc
   0210 69 08         [ 2]  371 	adc	#0x08
   0212 AA            [ 2]  372 	tax
   0213 9A            [ 2]  373 	txs
   0214 A6*01         [ 3]  374 	ldx	*(__TEMP+1)
   0216 A9 3F         [ 2]  375 	lda	#0x3f
   0218 48            [ 3]  376 	pha
   0219 A9 00         [ 2]  377 	lda	#0x00
   021B 48            [ 3]  378 	pha
   021C 48            [ 3]  379 	pha
   021D 48            [ 3]  380 	pha
   021E BA            [ 2]  381 	tsx
   021F BD 14 01      [ 5]  382 	lda	0x114,x
   0222 48            [ 3]  383 	pha
   0223 BD 13 01      [ 5]  384 	lda	0x113,x
   0226 48            [ 3]  385 	pha
   0227 BD 12 01      [ 5]  386 	lda	0x112,x
   022A 48            [ 3]  387 	pha
   022B BD 11 01      [ 5]  388 	lda	0x111,x
   022E 48            [ 3]  389 	pha
   022F 20r00r00      [ 6]  390 	jsr	___fslt
   0232 85*00         [ 3]  391 	sta	*(__TEMP+0)
   0234 86*01         [ 3]  392 	stx	*(__TEMP+1)
   0236 BA            [ 2]  393 	tsx
   0237 8A            [ 2]  394 	txa
   0238 18            [ 2]  395 	clc
   0239 69 08         [ 2]  396 	adc	#0x08
   023B AA            [ 2]  397 	tax
   023C 9A            [ 2]  398 	txs
   023D A6*01         [ 3]  399 	ldx	*(__TEMP+1)
   023F A5*00         [ 3]  400 	lda	*(__TEMP+0)
   0241 D0 12         [ 4]  401 	bne	00114$
   0243 BA            [ 2]  402 	tsx
   0244 BD 11 01      [ 5]  403 	lda	0x111,x
   0247 18            [ 2]  404 	clc
   0248 69 01         [ 2]  405 	adc	#0x01
   024A 9D 11 01      [ 5]  406 	sta	0x111,x
   024D BD 12 01      [ 5]  407 	lda	0x112,x
   0250 69 00         [ 2]  408 	adc	#0x00
   0252 9D 12 01      [ 5]  409 	sta	0x112,x
   0255                     410 00114$:
                            411 ;	../expf.c: 363: xn=n;
   0255 BA            [ 2]  412 	tsx
   0256 BD 12 01      [ 5]  413 	lda	0x112,x
   0259 AA            [ 2]  414 	tax
   025A 86*00         [ 3]  415 	stx	*(__TEMP+0)
   025C BA            [ 2]  416 	tsx
   025D BD 11 01      [ 5]  417 	lda	0x111,x
   0260 08            [ 3]  418 	php
   0261 A6*00         [ 3]  419 	ldx	*(__TEMP+0)
   0263 28            [ 4]  420 	plp
   0264 20r00r00      [ 6]  421 	jsr	___sint2fs
   0267 86*00         [ 3]  422 	stx	*(__TEMP+0)
   0269 BA            [ 2]  423 	tsx
   026A 9D 0D 01      [ 5]  424 	sta	0x10d,x
   026D A6*00         [ 3]  425 	ldx	*(__TEMP+0)
   026F 8A            [ 2]  426 	txa
   0270 BA            [ 2]  427 	tsx
   0271 9D 0E 01      [ 5]  428 	sta	0x10e,x
   0274 A6*00         [ 3]  429 	ldx	*(__TEMP+0)
   0276 A5*00         [ 3]  430 	lda	*___SDCC_m6502_ret2
   0278 BA            [ 2]  431 	tsx
   0279 9D 0F 01      [ 5]  432 	sta	0x10f,x
   027C A5*00         [ 3]  433 	lda	*___SDCC_m6502_ret3
                            434 ;	../expf.c: 364: g=((y-xn*C1))-xn*C2;
   027E 9D 10 01      [ 5]  435 	sta	0x110, x
   0281 48            [ 3]  436 	pha
   0282 BD 0F 01      [ 5]  437 	lda	0x10f,x
   0285 48            [ 3]  438 	pha
   0286 BD 0E 01      [ 5]  439 	lda	0x10e,x
   0289 48            [ 3]  440 	pha
   028A BD 0D 01      [ 5]  441 	lda	0x10d,x
   028D 48            [ 3]  442 	pha
   028E A9 3F         [ 2]  443 	lda	#0x3f
   0290 48            [ 3]  444 	pha
   0291 A9 31         [ 2]  445 	lda	#0x31
   0293 48            [ 3]  446 	pha
   0294 A9 80         [ 2]  447 	lda	#0x80
   0296 48            [ 3]  448 	pha
   0297 A9 00         [ 2]  449 	lda	#0x00
   0299 48            [ 3]  450 	pha
   029A 20r00r00      [ 6]  451 	jsr	___fsmul
   029D 86*00         [ 3]  452 	stx	*(__TEMP+0)
   029F BA            [ 2]  453 	tsx
   02A0 9D 1B 01      [ 5]  454 	sta	0x11b,x
   02A3 A6*00         [ 3]  455 	ldx	*(__TEMP+0)
   02A5 8A            [ 2]  456 	txa
   02A6 BA            [ 2]  457 	tsx
   02A7 9D 1C 01      [ 5]  458 	sta	0x11c,x
   02AA A6*00         [ 3]  459 	ldx	*(__TEMP+0)
   02AC A5*00         [ 3]  460 	lda	*___SDCC_m6502_ret2
   02AE BA            [ 2]  461 	tsx
   02AF 9D 1D 01      [ 5]  462 	sta	0x11d,x
   02B2 A5*00         [ 3]  463 	lda	*___SDCC_m6502_ret3
   02B4 9D 1E 01      [ 5]  464 	sta	0x11e,x
   02B7 85*00         [ 3]  465 	sta	*(__TEMP+0)
   02B9 86*01         [ 3]  466 	stx	*(__TEMP+1)
   02BB BA            [ 2]  467 	tsx
   02BC 8A            [ 2]  468 	txa
   02BD 18            [ 2]  469 	clc
   02BE 69 08         [ 2]  470 	adc	#0x08
   02C0 AA            [ 2]  471 	tax
   02C1 9A            [ 2]  472 	txs
   02C2 A6*01         [ 3]  473 	ldx	*(__TEMP+1)
   02C4 A5*00         [ 3]  474 	lda	*(__TEMP+0)
   02C6 BA            [ 2]  475 	tsx
   02C7 BD 16 01      [ 5]  476 	lda	0x116,x
   02CA 48            [ 3]  477 	pha
   02CB BD 15 01      [ 5]  478 	lda	0x115,x
   02CE 48            [ 3]  479 	pha
   02CF BD 14 01      [ 5]  480 	lda	0x114,x
   02D2 48            [ 3]  481 	pha
   02D3 BD 13 01      [ 5]  482 	lda	0x113,x
   02D6 48            [ 3]  483 	pha
   02D7 BD 04 01      [ 5]  484 	lda	0x104,x
   02DA 48            [ 3]  485 	pha
   02DB BD 03 01      [ 5]  486 	lda	0x103,x
   02DE 48            [ 3]  487 	pha
   02DF BD 02 01      [ 5]  488 	lda	0x102,x
   02E2 48            [ 3]  489 	pha
   02E3 BD 01 01      [ 5]  490 	lda	0x101,x
   02E6 48            [ 3]  491 	pha
   02E7 20r00r00      [ 6]  492 	jsr	___fssub
   02EA 86*00         [ 3]  493 	stx	*(__TEMP+0)
   02EC BA            [ 2]  494 	tsx
   02ED 9D 1B 01      [ 5]  495 	sta	0x11b,x
   02F0 A6*00         [ 3]  496 	ldx	*(__TEMP+0)
   02F2 8A            [ 2]  497 	txa
   02F3 BA            [ 2]  498 	tsx
   02F4 9D 1C 01      [ 5]  499 	sta	0x11c,x
   02F7 A6*00         [ 3]  500 	ldx	*(__TEMP+0)
   02F9 A5*00         [ 3]  501 	lda	*___SDCC_m6502_ret2
   02FB BA            [ 2]  502 	tsx
   02FC 9D 1D 01      [ 5]  503 	sta	0x11d,x
   02FF A5*00         [ 3]  504 	lda	*___SDCC_m6502_ret3
   0301 9D 1E 01      [ 5]  505 	sta	0x11e,x
   0304 85*00         [ 3]  506 	sta	*(__TEMP+0)
   0306 86*01         [ 3]  507 	stx	*(__TEMP+1)
   0308 BA            [ 2]  508 	tsx
   0309 8A            [ 2]  509 	txa
   030A 18            [ 2]  510 	clc
   030B 69 08         [ 2]  511 	adc	#0x08
   030D AA            [ 2]  512 	tax
   030E 9A            [ 2]  513 	txs
   030F A6*01         [ 3]  514 	ldx	*(__TEMP+1)
   0311 A5*00         [ 3]  515 	lda	*(__TEMP+0)
   0313 BA            [ 2]  516 	tsx
   0314 BD 10 01      [ 5]  517 	lda	0x110,x
   0317 48            [ 3]  518 	pha
   0318 BD 0F 01      [ 5]  519 	lda	0x10f,x
   031B 48            [ 3]  520 	pha
   031C BD 0E 01      [ 5]  521 	lda	0x10e,x
   031F 48            [ 3]  522 	pha
   0320 BD 0D 01      [ 5]  523 	lda	0x10d,x
   0323 48            [ 3]  524 	pha
   0324 A9 B9         [ 2]  525 	lda	#0xb9
   0326 48            [ 3]  526 	pha
   0327 A9 5E         [ 2]  527 	lda	#0x5e
   0329 48            [ 3]  528 	pha
   032A A9 80         [ 2]  529 	lda	#0x80
   032C 48            [ 3]  530 	pha
   032D A9 83         [ 2]  531 	lda	#0x83
   032F 48            [ 3]  532 	pha
   0330 20r00r00      [ 6]  533 	jsr	___fsmul
   0333 86*00         [ 3]  534 	stx	*(__TEMP+0)
   0335 BA            [ 2]  535 	tsx
   0336 9D 15 01      [ 5]  536 	sta	0x115,x
   0339 A6*00         [ 3]  537 	ldx	*(__TEMP+0)
   033B 8A            [ 2]  538 	txa
   033C BA            [ 2]  539 	tsx
   033D 9D 16 01      [ 5]  540 	sta	0x116,x
   0340 A6*00         [ 3]  541 	ldx	*(__TEMP+0)
   0342 A5*00         [ 3]  542 	lda	*___SDCC_m6502_ret2
   0344 BA            [ 2]  543 	tsx
   0345 9D 17 01      [ 5]  544 	sta	0x117,x
   0348 A5*00         [ 3]  545 	lda	*___SDCC_m6502_ret3
   034A 9D 18 01      [ 5]  546 	sta	0x118,x
   034D 85*00         [ 3]  547 	sta	*(__TEMP+0)
   034F 86*01         [ 3]  548 	stx	*(__TEMP+1)
   0351 BA            [ 2]  549 	tsx
   0352 8A            [ 2]  550 	txa
   0353 18            [ 2]  551 	clc
   0354 69 08         [ 2]  552 	adc	#0x08
   0356 AA            [ 2]  553 	tax
   0357 9A            [ 2]  554 	txs
   0358 A6*01         [ 3]  555 	ldx	*(__TEMP+1)
   035A A5*00         [ 3]  556 	lda	*(__TEMP+0)
   035C BA            [ 2]  557 	tsx
   035D BD 10 01      [ 5]  558 	lda	0x110,x
   0360 48            [ 3]  559 	pha
   0361 BD 0F 01      [ 5]  560 	lda	0x10f,x
   0364 48            [ 3]  561 	pha
   0365 BD 0E 01      [ 5]  562 	lda	0x10e,x
   0368 48            [ 3]  563 	pha
   0369 BD 0D 01      [ 5]  564 	lda	0x10d,x
   036C 48            [ 3]  565 	pha
   036D BD 16 01      [ 5]  566 	lda	0x116,x
   0370 48            [ 3]  567 	pha
   0371 BD 15 01      [ 5]  568 	lda	0x115,x
   0374 48            [ 3]  569 	pha
   0375 BD 14 01      [ 5]  570 	lda	0x114,x
   0378 48            [ 3]  571 	pha
   0379 BD 13 01      [ 5]  572 	lda	0x113,x
   037C 48            [ 3]  573 	pha
                            574 ;	../expf.c: 365: z=g*g;
   037D 20r00r00      [ 6]  575 	jsr	___fssub
   0380 86*00         [ 3]  576 	stx	*(__TEMP+0)
   0382 BA            [ 2]  577 	tsx
   0383 9D 15 01      [ 5]  578 	sta	0x115,x
   0386 A6*00         [ 3]  579 	ldx	*(__TEMP+0)
   0388 8A            [ 2]  580 	txa
   0389 BA            [ 2]  581 	tsx
   038A 9D 16 01      [ 5]  582 	sta	0x116,x
   038D A6*00         [ 3]  583 	ldx	*(__TEMP+0)
   038F A5*00         [ 3]  584 	lda	*___SDCC_m6502_ret2
   0391 BA            [ 2]  585 	tsx
   0392 9D 17 01      [ 5]  586 	sta	0x117,x
   0395 A5*00         [ 3]  587 	lda	*___SDCC_m6502_ret3
   0397 9D 18 01      [ 5]  588 	sta	0x118,x
   039A 85*00         [ 3]  589 	sta	*(__TEMP+0)
   039C 86*01         [ 3]  590 	stx	*(__TEMP+1)
   039E BA            [ 2]  591 	tsx
   039F 8A            [ 2]  592 	txa
   03A0 18            [ 2]  593 	clc
   03A1 69 08         [ 2]  594 	adc	#0x08
   03A3 AA            [ 2]  595 	tax
   03A4 9A            [ 2]  596 	txs
   03A5 A6*01         [ 3]  597 	ldx	*(__TEMP+1)
   03A7 A5*00         [ 3]  598 	lda	*(__TEMP+0)
   03A9 BA            [ 2]  599 	tsx
   03AA BD 10 01      [ 5]  600 	lda	0x110,x
   03AD 48            [ 3]  601 	pha
   03AE BD 0F 01      [ 5]  602 	lda	0x10f,x
   03B1 48            [ 3]  603 	pha
   03B2 BD 0E 01      [ 5]  604 	lda	0x10e,x
   03B5 48            [ 3]  605 	pha
   03B6 BD 0D 01      [ 5]  606 	lda	0x10d,x
   03B9 48            [ 3]  607 	pha
   03BA BD 10 01      [ 5]  608 	lda	0x110,x
   03BD 48            [ 3]  609 	pha
   03BE BD 0F 01      [ 5]  610 	lda	0x10f,x
   03C1 48            [ 3]  611 	pha
   03C2 BD 0E 01      [ 5]  612 	lda	0x10e,x
   03C5 48            [ 3]  613 	pha
   03C6 BD 0D 01      [ 5]  614 	lda	0x10d,x
   03C9 48            [ 3]  615 	pha
                            616 ;	../expf.c: 366: r=P(z)*g;
   03CA 20r00r00      [ 6]  617 	jsr	___fsmul
   03CD 86*00         [ 3]  618 	stx	*(__TEMP+0)
   03CF BA            [ 2]  619 	tsx
   03D0 9D 1B 01      [ 5]  620 	sta	0x11b,x
   03D3 A6*00         [ 3]  621 	ldx	*(__TEMP+0)
   03D5 8A            [ 2]  622 	txa
   03D6 BA            [ 2]  623 	tsx
   03D7 9D 1C 01      [ 5]  624 	sta	0x11c,x
   03DA A6*00         [ 3]  625 	ldx	*(__TEMP+0)
   03DC A5*00         [ 3]  626 	lda	*___SDCC_m6502_ret2
   03DE BA            [ 2]  627 	tsx
   03DF 9D 1D 01      [ 5]  628 	sta	0x11d,x
   03E2 A5*00         [ 3]  629 	lda	*___SDCC_m6502_ret3
   03E4 9D 1E 01      [ 5]  630 	sta	0x11e,x
   03E7 85*00         [ 3]  631 	sta	*(__TEMP+0)
   03E9 86*01         [ 3]  632 	stx	*(__TEMP+1)
   03EB BA            [ 2]  633 	tsx
   03EC 8A            [ 2]  634 	txa
   03ED 18            [ 2]  635 	clc
   03EE 69 08         [ 2]  636 	adc	#0x08
   03F0 AA            [ 2]  637 	tax
   03F1 9A            [ 2]  638 	txs
   03F2 A6*01         [ 3]  639 	ldx	*(__TEMP+1)
   03F4 A5*00         [ 3]  640 	lda	*(__TEMP+0)
   03F6 BA            [ 2]  641 	tsx
   03F7 BD 16 01      [ 5]  642 	lda	0x116,x
   03FA 48            [ 3]  643 	pha
   03FB BD 15 01      [ 5]  644 	lda	0x115,x
   03FE 48            [ 3]  645 	pha
   03FF BD 14 01      [ 5]  646 	lda	0x114,x
   0402 48            [ 3]  647 	pha
   0403 BD 13 01      [ 5]  648 	lda	0x113,x
   0406 48            [ 3]  649 	pha
   0407 A9 3B         [ 2]  650 	lda	#0x3b
   0409 48            [ 3]  651 	pha
   040A A9 88         [ 2]  652 	lda	#0x88
   040C 48            [ 3]  653 	pha
   040D A9 53         [ 2]  654 	lda	#0x53
   040F 48            [ 3]  655 	pha
   0410 A9 08         [ 2]  656 	lda	#0x08
   0412 48            [ 3]  657 	pha
   0413 20r00r00      [ 6]  658 	jsr	___fsmul
   0416 86*00         [ 3]  659 	stx	*(__TEMP+0)
   0418 BA            [ 2]  660 	tsx
   0419 9D 11 01      [ 5]  661 	sta	0x111,x
   041C A6*00         [ 3]  662 	ldx	*(__TEMP+0)
   041E 8A            [ 2]  663 	txa
   041F BA            [ 2]  664 	tsx
   0420 9D 12 01      [ 5]  665 	sta	0x112,x
   0423 A6*00         [ 3]  666 	ldx	*(__TEMP+0)
   0425 A5*00         [ 3]  667 	lda	*___SDCC_m6502_ret2
   0427 BA            [ 2]  668 	tsx
   0428 9D 13 01      [ 5]  669 	sta	0x113,x
   042B A5*00         [ 3]  670 	lda	*___SDCC_m6502_ret3
   042D 9D 14 01      [ 5]  671 	sta	0x114,x
   0430 85*00         [ 3]  672 	sta	*(__TEMP+0)
   0432 86*01         [ 3]  673 	stx	*(__TEMP+1)
   0434 BA            [ 2]  674 	tsx
   0435 8A            [ 2]  675 	txa
   0436 18            [ 2]  676 	clc
   0437 69 08         [ 2]  677 	adc	#0x08
   0439 AA            [ 2]  678 	tax
   043A 9A            [ 2]  679 	txs
   043B A6*01         [ 3]  680 	ldx	*(__TEMP+1)
   043D A9 3E         [ 2]  681 	lda	#0x3e
   043F 48            [ 3]  682 	pha
   0440 A9 80         [ 2]  683 	lda	#0x80
   0442 48            [ 3]  684 	pha
   0443 A9 00         [ 2]  685 	lda	#0x00
   0445 48            [ 3]  686 	pha
   0446 48            [ 3]  687 	pha
   0447 BA            [ 2]  688 	tsx
   0448 BD 10 01      [ 5]  689 	lda	0x110,x
   044B 48            [ 3]  690 	pha
   044C BD 0F 01      [ 5]  691 	lda	0x10f,x
   044F 48            [ 3]  692 	pha
   0450 BD 0E 01      [ 5]  693 	lda	0x10e,x
   0453 48            [ 3]  694 	pha
   0454 BD 0D 01      [ 5]  695 	lda	0x10d,x
   0457 48            [ 3]  696 	pha
   0458 20r00r00      [ 6]  697 	jsr	___fsadd
   045B 86*00         [ 3]  698 	stx	*(__TEMP+0)
   045D BA            [ 2]  699 	tsx
   045E 9D 11 01      [ 5]  700 	sta	0x111,x
   0461 A6*00         [ 3]  701 	ldx	*(__TEMP+0)
   0463 8A            [ 2]  702 	txa
   0464 BA            [ 2]  703 	tsx
   0465 9D 12 01      [ 5]  704 	sta	0x112,x
   0468 A6*00         [ 3]  705 	ldx	*(__TEMP+0)
   046A A5*00         [ 3]  706 	lda	*___SDCC_m6502_ret2
   046C BA            [ 2]  707 	tsx
   046D 9D 13 01      [ 5]  708 	sta	0x113,x
   0470 A5*00         [ 3]  709 	lda	*___SDCC_m6502_ret3
   0472 9D 14 01      [ 5]  710 	sta	0x114,x
   0475 85*00         [ 3]  711 	sta	*(__TEMP+0)
   0477 86*01         [ 3]  712 	stx	*(__TEMP+1)
   0479 BA            [ 2]  713 	tsx
   047A 8A            [ 2]  714 	txa
   047B 18            [ 2]  715 	clc
   047C 69 08         [ 2]  716 	adc	#0x08
   047E AA            [ 2]  717 	tax
   047F 9A            [ 2]  718 	txs
   0480 A6*01         [ 3]  719 	ldx	*(__TEMP+1)
   0482 A5*00         [ 3]  720 	lda	*(__TEMP+0)
   0484 BA            [ 2]  721 	tsx
   0485 BD 10 01      [ 5]  722 	lda	0x110,x
   0488 48            [ 3]  723 	pha
   0489 BD 0F 01      [ 5]  724 	lda	0x10f,x
   048C 48            [ 3]  725 	pha
   048D BD 0E 01      [ 5]  726 	lda	0x10e,x
   0490 48            [ 3]  727 	pha
   0491 BD 0D 01      [ 5]  728 	lda	0x10d,x
   0494 48            [ 3]  729 	pha
   0495 BD 0C 01      [ 5]  730 	lda	0x10c,x
   0498 48            [ 3]  731 	pha
   0499 BD 0B 01      [ 5]  732 	lda	0x10b,x
   049C 48            [ 3]  733 	pha
   049D BD 0A 01      [ 5]  734 	lda	0x10a,x
   04A0 48            [ 3]  735 	pha
   04A1 BD 09 01      [ 5]  736 	lda	0x109,x
   04A4 48            [ 3]  737 	pha
                            738 ;	../expf.c: 367: r=0.5+(r/(Q(z)-r));
   04A5 20r00r00      [ 6]  739 	jsr	___fsmul
   04A8 86*00         [ 3]  740 	stx	*(__TEMP+0)
   04AA BA            [ 2]  741 	tsx
   04AB 9D 11 01      [ 5]  742 	sta	0x111,x
   04AE A6*00         [ 3]  743 	ldx	*(__TEMP+0)
   04B0 8A            [ 2]  744 	txa
   04B1 BA            [ 2]  745 	tsx
   04B2 9D 12 01      [ 5]  746 	sta	0x112,x
   04B5 A6*00         [ 3]  747 	ldx	*(__TEMP+0)
   04B7 A5*00         [ 3]  748 	lda	*___SDCC_m6502_ret2
   04B9 BA            [ 2]  749 	tsx
   04BA 9D 13 01      [ 5]  750 	sta	0x113,x
   04BD A5*00         [ 3]  751 	lda	*___SDCC_m6502_ret3
   04BF 9D 14 01      [ 5]  752 	sta	0x114,x
   04C2 85*00         [ 3]  753 	sta	*(__TEMP+0)
   04C4 86*01         [ 3]  754 	stx	*(__TEMP+1)
   04C6 BA            [ 2]  755 	tsx
   04C7 8A            [ 2]  756 	txa
   04C8 18            [ 2]  757 	clc
   04C9 69 08         [ 2]  758 	adc	#0x08
   04CB AA            [ 2]  759 	tax
   04CC 9A            [ 2]  760 	txs
   04CD A6*01         [ 3]  761 	ldx	*(__TEMP+1)
   04CF A5*00         [ 3]  762 	lda	*(__TEMP+0)
   04D1 BA            [ 2]  763 	tsx
   04D2 BD 16 01      [ 5]  764 	lda	0x116,x
   04D5 48            [ 3]  765 	pha
   04D6 BD 15 01      [ 5]  766 	lda	0x115,x
   04D9 48            [ 3]  767 	pha
   04DA BD 14 01      [ 5]  768 	lda	0x114,x
   04DD 48            [ 3]  769 	pha
   04DE BD 13 01      [ 5]  770 	lda	0x113,x
   04E1 48            [ 3]  771 	pha
   04E2 A9 3D         [ 2]  772 	lda	#0x3d
   04E4 48            [ 3]  773 	pha
   04E5 A9 4C         [ 2]  774 	lda	#0x4c
   04E7 48            [ 3]  775 	pha
   04E8 A9 BF         [ 2]  776 	lda	#0xbf
   04EA 48            [ 3]  777 	pha
   04EB A9 5B         [ 2]  778 	lda	#0x5b
   04ED 48            [ 3]  779 	pha
   04EE 20r00r00      [ 6]  780 	jsr	___fsmul
   04F1 86*00         [ 3]  781 	stx	*(__TEMP+0)
   04F3 BA            [ 2]  782 	tsx
   04F4 9D 15 01      [ 5]  783 	sta	0x115,x
   04F7 A6*00         [ 3]  784 	ldx	*(__TEMP+0)
   04F9 8A            [ 2]  785 	txa
   04FA BA            [ 2]  786 	tsx
   04FB 9D 16 01      [ 5]  787 	sta	0x116,x
   04FE A6*00         [ 3]  788 	ldx	*(__TEMP+0)
   0500 A5*00         [ 3]  789 	lda	*___SDCC_m6502_ret2
   0502 BA            [ 2]  790 	tsx
   0503 9D 17 01      [ 5]  791 	sta	0x117,x
   0506 A5*00         [ 3]  792 	lda	*___SDCC_m6502_ret3
   0508 9D 18 01      [ 5]  793 	sta	0x118,x
   050B 85*00         [ 3]  794 	sta	*(__TEMP+0)
   050D 86*01         [ 3]  795 	stx	*(__TEMP+1)
   050F BA            [ 2]  796 	tsx
   0510 8A            [ 2]  797 	txa
   0511 18            [ 2]  798 	clc
   0512 69 08         [ 2]  799 	adc	#0x08
   0514 AA            [ 2]  800 	tax
   0515 9A            [ 2]  801 	txs
   0516 A6*01         [ 3]  802 	ldx	*(__TEMP+1)
   0518 A9 3F         [ 2]  803 	lda	#0x3f
   051A 48            [ 3]  804 	pha
   051B A9 00         [ 2]  805 	lda	#0x00
   051D 48            [ 3]  806 	pha
   051E 48            [ 3]  807 	pha
   051F 48            [ 3]  808 	pha
   0520 BA            [ 2]  809 	tsx
   0521 BD 14 01      [ 5]  810 	lda	0x114,x
   0524 48            [ 3]  811 	pha
   0525 BD 13 01      [ 5]  812 	lda	0x113,x
   0528 48            [ 3]  813 	pha
   0529 BD 12 01      [ 5]  814 	lda	0x112,x
   052C 48            [ 3]  815 	pha
   052D BD 11 01      [ 5]  816 	lda	0x111,x
   0530 48            [ 3]  817 	pha
   0531 20r00r00      [ 6]  818 	jsr	___fsadd
   0534 86*00         [ 3]  819 	stx	*(__TEMP+0)
   0536 BA            [ 2]  820 	tsx
   0537 9D 15 01      [ 5]  821 	sta	0x115,x
   053A A6*00         [ 3]  822 	ldx	*(__TEMP+0)
   053C 8A            [ 2]  823 	txa
   053D BA            [ 2]  824 	tsx
   053E 9D 16 01      [ 5]  825 	sta	0x116,x
   0541 A6*00         [ 3]  826 	ldx	*(__TEMP+0)
   0543 A5*00         [ 3]  827 	lda	*___SDCC_m6502_ret2
   0545 BA            [ 2]  828 	tsx
   0546 9D 17 01      [ 5]  829 	sta	0x117,x
   0549 A5*00         [ 3]  830 	lda	*___SDCC_m6502_ret3
   054B 9D 18 01      [ 5]  831 	sta	0x118,x
   054E 85*00         [ 3]  832 	sta	*(__TEMP+0)
   0550 86*01         [ 3]  833 	stx	*(__TEMP+1)
   0552 BA            [ 2]  834 	tsx
   0553 8A            [ 2]  835 	txa
   0554 18            [ 2]  836 	clc
   0555 69 08         [ 2]  837 	adc	#0x08
   0557 AA            [ 2]  838 	tax
   0558 9A            [ 2]  839 	txs
   0559 A6*01         [ 3]  840 	ldx	*(__TEMP+1)
   055B A5*00         [ 3]  841 	lda	*(__TEMP+0)
   055D BA            [ 2]  842 	tsx
   055E BD 0C 01      [ 5]  843 	lda	0x10c,x
   0561 48            [ 3]  844 	pha
   0562 BD 0B 01      [ 5]  845 	lda	0x10b,x
   0565 48            [ 3]  846 	pha
   0566 BD 0A 01      [ 5]  847 	lda	0x10a,x
   0569 48            [ 3]  848 	pha
   056A BD 09 01      [ 5]  849 	lda	0x109,x
   056D 48            [ 3]  850 	pha
   056E BD 10 01      [ 5]  851 	lda	0x110,x
   0571 48            [ 3]  852 	pha
   0572 BD 0F 01      [ 5]  853 	lda	0x10f,x
   0575 48            [ 3]  854 	pha
   0576 BD 0E 01      [ 5]  855 	lda	0x10e,x
   0579 48            [ 3]  856 	pha
   057A BD 0D 01      [ 5]  857 	lda	0x10d,x
   057D 48            [ 3]  858 	pha
   057E 20r00r00      [ 6]  859 	jsr	___fssub
   0581 86*00         [ 3]  860 	stx	*(__TEMP+0)
   0583 BA            [ 2]  861 	tsx
   0584 9D 15 01      [ 5]  862 	sta	0x115,x
   0587 A6*00         [ 3]  863 	ldx	*(__TEMP+0)
   0589 8A            [ 2]  864 	txa
   058A BA            [ 2]  865 	tsx
   058B 9D 16 01      [ 5]  866 	sta	0x116,x
   058E A6*00         [ 3]  867 	ldx	*(__TEMP+0)
   0590 A5*00         [ 3]  868 	lda	*___SDCC_m6502_ret2
   0592 BA            [ 2]  869 	tsx
   0593 9D 17 01      [ 5]  870 	sta	0x117,x
   0596 A5*00         [ 3]  871 	lda	*___SDCC_m6502_ret3
   0598 9D 18 01      [ 5]  872 	sta	0x118,x
   059B 85*00         [ 3]  873 	sta	*(__TEMP+0)
   059D 86*01         [ 3]  874 	stx	*(__TEMP+1)
   059F BA            [ 2]  875 	tsx
   05A0 8A            [ 2]  876 	txa
   05A1 18            [ 2]  877 	clc
   05A2 69 08         [ 2]  878 	adc	#0x08
   05A4 AA            [ 2]  879 	tax
   05A5 9A            [ 2]  880 	txs
   05A6 A6*01         [ 3]  881 	ldx	*(__TEMP+1)
   05A8 A5*00         [ 3]  882 	lda	*(__TEMP+0)
   05AA BA            [ 2]  883 	tsx
   05AB BD 10 01      [ 5]  884 	lda	0x110,x
   05AE 48            [ 3]  885 	pha
   05AF BD 0F 01      [ 5]  886 	lda	0x10f,x
   05B2 48            [ 3]  887 	pha
   05B3 BD 0E 01      [ 5]  888 	lda	0x10e,x
   05B6 48            [ 3]  889 	pha
   05B7 BD 0D 01      [ 5]  890 	lda	0x10d,x
   05BA 48            [ 3]  891 	pha
   05BB BD 0C 01      [ 5]  892 	lda	0x10c,x
   05BE 48            [ 3]  893 	pha
   05BF BD 0B 01      [ 5]  894 	lda	0x10b,x
   05C2 48            [ 3]  895 	pha
   05C3 BD 0A 01      [ 5]  896 	lda	0x10a,x
   05C6 48            [ 3]  897 	pha
   05C7 BD 09 01      [ 5]  898 	lda	0x109,x
   05CA 48            [ 3]  899 	pha
   05CB 20r00r00      [ 6]  900 	jsr	___fsdiv
   05CE 86*00         [ 3]  901 	stx	*(__TEMP+0)
   05D0 BA            [ 2]  902 	tsx
   05D1 9D 11 01      [ 5]  903 	sta	0x111,x
   05D4 A6*00         [ 3]  904 	ldx	*(__TEMP+0)
   05D6 8A            [ 2]  905 	txa
   05D7 BA            [ 2]  906 	tsx
   05D8 9D 12 01      [ 5]  907 	sta	0x112,x
   05DB A6*00         [ 3]  908 	ldx	*(__TEMP+0)
   05DD A5*00         [ 3]  909 	lda	*___SDCC_m6502_ret2
   05DF BA            [ 2]  910 	tsx
   05E0 9D 13 01      [ 5]  911 	sta	0x113,x
   05E3 A5*00         [ 3]  912 	lda	*___SDCC_m6502_ret3
   05E5 9D 14 01      [ 5]  913 	sta	0x114,x
   05E8 85*00         [ 3]  914 	sta	*(__TEMP+0)
   05EA 86*01         [ 3]  915 	stx	*(__TEMP+1)
   05EC BA            [ 2]  916 	tsx
   05ED 8A            [ 2]  917 	txa
   05EE 18            [ 2]  918 	clc
   05EF 69 08         [ 2]  919 	adc	#0x08
   05F1 AA            [ 2]  920 	tax
   05F2 9A            [ 2]  921 	txs
   05F3 A6*01         [ 3]  922 	ldx	*(__TEMP+1)
   05F5 A9 3F         [ 2]  923 	lda	#0x3f
   05F7 48            [ 3]  924 	pha
   05F8 A9 00         [ 2]  925 	lda	#0x00
   05FA 48            [ 3]  926 	pha
   05FB 48            [ 3]  927 	pha
   05FC 48            [ 3]  928 	pha
   05FD BA            [ 2]  929 	tsx
   05FE BD 10 01      [ 5]  930 	lda	0x110,x
   0601 48            [ 3]  931 	pha
   0602 BD 0F 01      [ 5]  932 	lda	0x10f,x
   0605 48            [ 3]  933 	pha
   0606 BD 0E 01      [ 5]  934 	lda	0x10e,x
   0609 48            [ 3]  935 	pha
   060A BD 0D 01      [ 5]  936 	lda	0x10d,x
   060D 48            [ 3]  937 	pha
   060E 20r00r00      [ 6]  938 	jsr	___fsadd
   0611 86*00         [ 3]  939 	stx	*(__TEMP+0)
   0613 BA            [ 2]  940 	tsx
   0614 9D 0D 01      [ 5]  941 	sta	0x10d,x
   0617 A6*00         [ 3]  942 	ldx	*(__TEMP+0)
   0619 8A            [ 2]  943 	txa
   061A BA            [ 2]  944 	tsx
   061B 9D 0E 01      [ 5]  945 	sta	0x10e,x
   061E A6*00         [ 3]  946 	ldx	*(__TEMP+0)
   0620 A5*00         [ 3]  947 	lda	*___SDCC_m6502_ret2
   0622 BA            [ 2]  948 	tsx
   0623 9D 0F 01      [ 5]  949 	sta	0x10f,x
   0626 A5*00         [ 3]  950 	lda	*___SDCC_m6502_ret3
   0628 9D 10 01      [ 5]  951 	sta	0x110,x
   062B 85*00         [ 3]  952 	sta	*(__TEMP+0)
   062D 86*01         [ 3]  953 	stx	*(__TEMP+1)
   062F BA            [ 2]  954 	tsx
   0630 8A            [ 2]  955 	txa
   0631 18            [ 2]  956 	clc
   0632 69 08         [ 2]  957 	adc	#0x08
   0634 AA            [ 2]  958 	tax
   0635 9A            [ 2]  959 	txs
   0636 A6*01         [ 3]  960 	ldx	*(__TEMP+1)
   0638 A5*00         [ 3]  961 	lda	*(__TEMP+0)
                            962 ;	../expf.c: 369: n++;
   063A BA            [ 2]  963 	tsx
   063B BD 11 01      [ 5]  964 	lda	0x111,x
   063E 85*00         [ 3]  965 	sta	*(__TEMP+0)
   0640 BD 12 01      [ 5]  966 	lda	0x112,x
   0643 AA            [ 2]  967 	tax
   0644 A5*00         [ 3]  968 	lda	*(__TEMP+0)
   0646 18            [ 2]  969 	clc
   0647 69 01         [ 2]  970 	adc	#0x01
   0649 90 01         [ 4]  971 	bcc	00163$
   064B E8            [ 2]  972 	inx
   064C                     973 00163$:
                            974 ;	../expf.c: 370: z=ldexpf(r, n);
   064C 85*00         [ 3]  975 	sta	*(__TEMP+0)
   064E 8A            [ 2]  976 	txa
   064F 48            [ 3]  977 	pha
   0650 A5*00         [ 3]  978 	lda	*(__TEMP+0)
   0652 48            [ 3]  979 	pha
   0653 BA            [ 2]  980 	tsx
   0654 BD 0A 01      [ 5]  981 	lda	0x10a,x
   0657 48            [ 3]  982 	pha
   0658 BD 09 01      [ 5]  983 	lda	0x109,x
   065B 48            [ 3]  984 	pha
   065C BD 08 01      [ 5]  985 	lda	0x108,x
   065F 48            [ 3]  986 	pha
   0660 BD 07 01      [ 5]  987 	lda	0x107,x
   0663 48            [ 3]  988 	pha
   0664 20r00r00      [ 6]  989 	jsr	_ldexpf
   0667 86*00         [ 3]  990 	stx	*(__TEMP+0)
   0669 BA            [ 2]  991 	tsx
   066A 9D 0F 01      [ 5]  992 	sta	0x10f,x
   066D A6*00         [ 3]  993 	ldx	*(__TEMP+0)
   066F 8A            [ 2]  994 	txa
   0670 BA            [ 2]  995 	tsx
   0671 9D 10 01      [ 5]  996 	sta	0x110,x
   0674 A6*00         [ 3]  997 	ldx	*(__TEMP+0)
   0676 A5*00         [ 3]  998 	lda	*___SDCC_m6502_ret2
   0678 BA            [ 2]  999 	tsx
   0679 9D 11 01      [ 5] 1000 	sta	0x111,x
   067C A5*00         [ 3] 1001 	lda	*___SDCC_m6502_ret3
   067E 9D 12 01      [ 5] 1002 	sta	0x112,x
   0681 85*00         [ 3] 1003 	sta	*(__TEMP+0)
   0683 68            [ 4] 1004 	pla
   0684 68            [ 4] 1005 	pla
   0685 68            [ 4] 1006 	pla
   0686 68            [ 4] 1007 	pla
   0687 68            [ 4] 1008 	pla
   0688 68            [ 4] 1009 	pla
                           1010 ;	../expf.c: 371: if(sign)
   0689 BD 1D 01      [ 5] 1011 	lda	0x11d, x
   068C F0 62         [ 4] 1012 	beq	00116$
                           1013 ;	../expf.c: 372: return 1.0/z;
   068E BD 12 01      [ 5] 1014 	lda	0x112,x
   0691 48            [ 3] 1015 	pha
   0692 BD 11 01      [ 5] 1016 	lda	0x111,x
   0695 48            [ 3] 1017 	pha
   0696 BD 10 01      [ 5] 1018 	lda	0x110,x
   0699 48            [ 3] 1019 	pha
   069A BD 0F 01      [ 5] 1020 	lda	0x10f,x
   069D 48            [ 3] 1021 	pha
   069E A9 3F         [ 2] 1022 	lda	#0x3f
   06A0 48            [ 3] 1023 	pha
   06A1 A9 80         [ 2] 1024 	lda	#0x80
   06A3 48            [ 3] 1025 	pha
   06A4 A9 00         [ 2] 1026 	lda	#0x00
   06A6 48            [ 3] 1027 	pha
   06A7 48            [ 3] 1028 	pha
   06A8 20r00r00      [ 6] 1029 	jsr	___fsdiv
   06AB 86*00         [ 3] 1030 	stx	*(__TEMP+0)
   06AD BA            [ 2] 1031 	tsx
   06AE 9D 15 01      [ 5] 1032 	sta	0x115,x
   06B1 A6*00         [ 3] 1033 	ldx	*(__TEMP+0)
   06B3 8A            [ 2] 1034 	txa
   06B4 BA            [ 2] 1035 	tsx
   06B5 9D 16 01      [ 5] 1036 	sta	0x116,x
   06B8 A6*00         [ 3] 1037 	ldx	*(__TEMP+0)
   06BA A5*00         [ 3] 1038 	lda	*___SDCC_m6502_ret2
   06BC BA            [ 2] 1039 	tsx
   06BD 9D 17 01      [ 5] 1040 	sta	0x117,x
   06C0 A5*00         [ 3] 1041 	lda	*___SDCC_m6502_ret3
   06C2 9D 18 01      [ 5] 1042 	sta	0x118,x
   06C5 85*00         [ 3] 1043 	sta	*(__TEMP+0)
   06C7 86*01         [ 3] 1044 	stx	*(__TEMP+1)
   06C9 BA            [ 2] 1045 	tsx
   06CA 8A            [ 2] 1046 	txa
   06CB 18            [ 2] 1047 	clc
   06CC 69 08         [ 2] 1048 	adc	#0x08
   06CE AA            [ 2] 1049 	tax
   06CF 9A            [ 2] 1050 	txs
   06D0 A6*01         [ 3] 1051 	ldx	*(__TEMP+1)
   06D2 A5*00         [ 3] 1052 	lda	*(__TEMP+0)
   06D4 BA            [ 2] 1053 	tsx
   06D5 BD 10 01      [ 5] 1054 	lda	0x110,x
   06D8 85*00         [ 3] 1055 	sta	*___SDCC_m6502_ret3
   06DA BD 0F 01      [ 5] 1056 	lda	0x10f,x
   06DD 85*00         [ 3] 1057 	sta	*___SDCC_m6502_ret2
   06DF BD 0E 01      [ 5] 1058 	lda	0x10e,x
   06E2 AA            [ 2] 1059 	tax
   06E3 86*00         [ 3] 1060 	stx	*(__TEMP+0)
   06E5 BA            [ 2] 1061 	tsx
   06E6 BD 0D 01      [ 5] 1062 	lda	0x10d,x
   06E9 08            [ 3] 1063 	php
   06EA A6*00         [ 3] 1064 	ldx	*(__TEMP+0)
   06EC 28            [ 4] 1065 	plp
   06ED 4Cr09r07      [ 3] 1066 	jmp	00118$
   06F0                    1067 00116$:
                           1068 ;	../expf.c: 374: return z;
   06F0 BA            [ 2] 1069 	tsx
   06F1 BD 0C 01      [ 5] 1070 	lda	0x10c,x
   06F4 85*00         [ 3] 1071 	sta	*___SDCC_m6502_ret3
   06F6 BD 0B 01      [ 5] 1072 	lda	0x10b,x
   06F9 85*00         [ 3] 1073 	sta	*___SDCC_m6502_ret2
   06FB BD 0A 01      [ 5] 1074 	lda	0x10a,x
   06FE AA            [ 2] 1075 	tax
   06FF 86*00         [ 3] 1076 	stx	*(__TEMP+0)
   0701 BA            [ 2] 1077 	tsx
   0702 BD 09 01      [ 5] 1078 	lda	0x109,x
   0705 08            [ 3] 1079 	php
   0706 A6*00         [ 3] 1080 	ldx	*(__TEMP+0)
   0708 28            [ 4] 1081 	plp
   0709                    1082 00118$:
                           1083 ;	../expf.c: 375: }
   0709 85*00         [ 3] 1084 	sta	*(__TEMP+0)
   070B 86*01         [ 3] 1085 	stx	*(__TEMP+1)
   070D BA            [ 2] 1086 	tsx
   070E 8A            [ 2] 1087 	txa
   070F 18            [ 2] 1088 	clc
   0710 69 17         [ 2] 1089 	adc	#0x17
   0712 AA            [ 2] 1090 	tax
   0713 9A            [ 2] 1091 	txs
   0714 A6*01         [ 3] 1092 	ldx	*(__TEMP+1)
   0716 A5*00         [ 3] 1093 	lda	*(__TEMP+0)
   0718 60            [ 6] 1094 	rts
                           1095 	.area CODE
                           1096 	.area RODATA
                           1097 	.area XINIT
                           1098 	.area CABS    (ABS)
