                              1 ;--------------------------------------------------------
                              2 ; File Created by SDCC : free open source ISO C Compiler 
                              3 ; Version 4.2.14 #0 (Linux)
                              4 ;--------------------------------------------------------
                              5 	.module strxfrm
                              6 	.optsdcc -mmos6502
                              7 	
                              8 ;--------------------------------------------------------
                              9 ; Public variables in this module
                             10 ;--------------------------------------------------------
                             11 	.globl _strlen
                             12 	.globl _strncpy
                             13 	.globl _strxfrm
                             14 ;--------------------------------------------------------
                             15 ; ZP ram data
                             16 ;--------------------------------------------------------
                             17 	.area ZP      (PAG)
                             18 ;--------------------------------------------------------
                             19 ; overlayable items in ram
                             20 ;--------------------------------------------------------
                             21 ;--------------------------------------------------------
                             22 ; uninitialized external ram data
                             23 ;--------------------------------------------------------
                             24 	.area BSS
                             25 ;--------------------------------------------------------
                             26 ; absolute external ram data
                             27 ;--------------------------------------------------------
                             28 	.area DABS    (ABS)
                             29 ;--------------------------------------------------------
                             30 ; initialized external ram data
                             31 ;--------------------------------------------------------
                             32 	.area DATA
                             33 ;--------------------------------------------------------
                             34 ; global & static initialisations
                             35 ;--------------------------------------------------------
                             36 	.area _CODE
                             37 	.area GSINIT
                             38 	.area GSFINAL
                             39 	.area GSINIT
                             40 ;--------------------------------------------------------
                             41 ; Home
                             42 ;--------------------------------------------------------
                             43 	.area _CODE
                             44 	.area _CODE
                             45 ;--------------------------------------------------------
                             46 ; code
                             47 ;--------------------------------------------------------
                             48 	.area CODE
                             49 ;------------------------------------------------------------
                             50 ;Allocation info for local variables in function 'strxfrm'
                             51 ;------------------------------------------------------------
                             52 ;src                       Allocated to stack - sp +5
                             53 ;n                         Allocated to stack - sp +7
                             54 ;dest                      Allocated to stack - sp +1
                             55 ;------------------------------------------------------------
                             56 ;	../strxfrm.c: 31: size_t strxfrm(char *dest, const char *src, size_t n)
                             57 ;	-----------------------------------------
                             58 ;	 function strxfrm
                             59 ;	-----------------------------------------
                             60 ;	Register assignment is optimal.
                             61 ;	Stack space usage: 2 bytes.
   0000                      62 _strxfrm:
   0000 85*00         [ 3]   63 	sta	*(__TEMP+0)
   0002 8A            [ 2]   64 	txa
   0003 48            [ 3]   65 	pha
   0004 A5*00         [ 3]   66 	lda	*(__TEMP+0)
   0006 48            [ 3]   67 	pha
                             68 ;	../strxfrm.c: 33: strncpy(dest, src, n);
   0007 BA            [ 2]   69 	tsx
   0008 BD 08 01      [ 5]   70 	lda	0x108,x
   000B 48            [ 3]   71 	pha
   000C BD 07 01      [ 5]   72 	lda	0x107,x
   000F 48            [ 3]   73 	pha
   0010 BD 06 01      [ 5]   74 	lda	0x106,x
   0013 48            [ 3]   75 	pha
   0014 BD 05 01      [ 5]   76 	lda	0x105,x
   0017 48            [ 3]   77 	pha
   0018 BD 02 01      [ 5]   78 	lda	0x102,x
   001B AA            [ 2]   79 	tax
   001C 86*00         [ 3]   80 	stx	*(__TEMP+0)
   001E BA            [ 2]   81 	tsx
   001F BD 05 01      [ 5]   82 	lda	0x105,x
   0022 08            [ 3]   83 	php
   0023 A6*00         [ 3]   84 	ldx	*(__TEMP+0)
   0025 28            [ 4]   85 	plp
   0026 20r00r00      [ 6]   86 	jsr	_strncpy
   0029 85*00         [ 3]   87 	sta	*(__TEMP+0)
   002B 68            [ 4]   88 	pla
   002C 68            [ 4]   89 	pla
   002D 68            [ 4]   90 	pla
   002E 68            [ 4]   91 	pla
   002F A5*00         [ 3]   92 	lda	*(__TEMP+0)
                             93 ;	../strxfrm.c: 34: return(strlen(src) + 1);
   0031 BA            [ 2]   94 	tsx
   0032 BD 06 01      [ 5]   95 	lda	0x106,x
   0035 AA            [ 2]   96 	tax
   0036 86*00         [ 3]   97 	stx	*(__TEMP+0)
   0038 BA            [ 2]   98 	tsx
   0039 BD 05 01      [ 5]   99 	lda	0x105,x
   003C 08            [ 3]  100 	php
   003D A6*00         [ 3]  101 	ldx	*(__TEMP+0)
   003F 28            [ 4]  102 	plp
   0040 20r00r00      [ 6]  103 	jsr	_strlen
   0043 18            [ 2]  104 	clc
   0044 69 01         [ 2]  105 	adc	#0x01
   0046 90 01         [ 4]  106 	bcc	00103$
   0048 E8            [ 2]  107 	inx
   0049                     108 00103$:
                            109 ;	../strxfrm.c: 35: }
   0049 85*00         [ 3]  110 	sta	*(__TEMP+0)
   004B 68            [ 4]  111 	pla
   004C 68            [ 4]  112 	pla
   004D A5*00         [ 3]  113 	lda	*(__TEMP+0)
   004F 60            [ 6]  114 	rts
                            115 	.area CODE
                            116 	.area RODATA
                            117 	.area XINIT
                            118 	.area CABS    (ABS)
