                              1 ;--------------------------------------------------------
                              2 ; File Created by SDCC : free open source ISO C Compiler 
                              3 ; Version 4.2.14 #0 (Linux)
                              4 ;--------------------------------------------------------
                              5 	.module toupper
                              6 	.optsdcc -mmos6502
                              7 	
                              8 ;--------------------------------------------------------
                              9 ; Public variables in this module
                             10 ;--------------------------------------------------------
                             11 	.globl _toupper
                             12 ;--------------------------------------------------------
                             13 ; ZP ram data
                             14 ;--------------------------------------------------------
                             15 	.area ZP      (PAG)
                             16 ;--------------------------------------------------------
                             17 ; overlayable items in ram
                             18 ;--------------------------------------------------------
                             19 ;--------------------------------------------------------
                             20 ; uninitialized external ram data
                             21 ;--------------------------------------------------------
                             22 	.area BSS
                             23 ;--------------------------------------------------------
                             24 ; absolute external ram data
                             25 ;--------------------------------------------------------
                             26 	.area DABS    (ABS)
                             27 ;--------------------------------------------------------
                             28 ; initialized external ram data
                             29 ;--------------------------------------------------------
                             30 	.area DATA
                             31 ;--------------------------------------------------------
                             32 ; global & static initialisations
                             33 ;--------------------------------------------------------
                             34 	.area _CODE
                             35 	.area GSINIT
                             36 	.area GSFINAL
                             37 	.area GSINIT
                             38 ;--------------------------------------------------------
                             39 ; Home
                             40 ;--------------------------------------------------------
                             41 	.area _CODE
                             42 	.area _CODE
                             43 ;--------------------------------------------------------
                             44 ; code
                             45 ;--------------------------------------------------------
                             46 	.area CODE
                             47 ;------------------------------------------------------------
                             48 ;Allocation info for local variables in function 'toupper'
                             49 ;------------------------------------------------------------
                             50 ;c                         Allocated to registers a x 
                             51 ;__1310720001              Allocated to registers 
                             52 ;__1310720002              Allocated to registers 
                             53 ;c                         Allocated to registers 
                             54 ;sloc0                     Allocated to stack - sp +1
                             55 ;------------------------------------------------------------
                             56 ;	../toupper.c: 33: int toupper (int c)
                             57 ;	-----------------------------------------
                             58 ;	 function toupper
                             59 ;	-----------------------------------------
                             60 ;	Register assignment is optimal.
                             61 ;	Stack space usage: 1 bytes.
   0000                      62 _toupper:
   0000 48            [ 3]   63 	pha
                             64 ;	./../../include/ctype.h: 71: return ((unsigned char)c >= 'a' && (unsigned char)c <= 'z');
   0001 A8            [ 2]   65 	tay
   0002 C0 61         [ 2]   66 	cpy	#0x61
   0004 90 12         [ 4]   67 	bcc	00104$
   0006 C0 7A         [ 2]   68 	cpy	#0x7a
   0008 F0 02         [ 4]   69 	beq	00117$
   000A B0 0C         [ 4]   70 	bcs	00104$
   000C                      71 00117$:
                             72 ;	../toupper.c: 35: return (islower (c) ? c + ('A' - 'a') : c);
   000C 18            [ 2]   73 	clc
   000D 69 E0         [ 2]   74 	adc	#0xe0
   000F 48            [ 3]   75 	pha
   0010 8A            [ 2]   76 	txa
   0011 69 FF         [ 2]   77 	adc	#0xff
   0013 AA            [ 2]   78 	tax
   0014 68            [ 4]   79 	pla
   0015 4Cr18r00      [ 3]   80 	jmp	00105$
   0018                      81 00104$:
   0018                      82 00105$:
                             83 ;	../toupper.c: 36: }
   0018 85*00         [ 3]   84 	sta	*(__TEMP+0)
   001A 68            [ 4]   85 	pla
   001B A5*00         [ 3]   86 	lda	*(__TEMP+0)
   001D 60            [ 6]   87 	rts
                             88 	.area CODE
                             89 	.area RODATA
                             90 	.area XINIT
                             91 	.area CABS    (ABS)
