                              1 ;--------------------------------------------------------
                              2 ; File Created by SDCC : free open source ISO C Compiler 
                              3 ; Version 4.2.14 #0 (Linux)
                              4 ;--------------------------------------------------------
                              5 	.module wctob
                              6 	.optsdcc -mmos6502
                              7 	
                              8 ;--------------------------------------------------------
                              9 ; Public variables in this module
                             10 ;--------------------------------------------------------
                             11 	.globl _wctob
                             12 ;--------------------------------------------------------
                             13 ; ZP ram data
                             14 ;--------------------------------------------------------
                             15 	.area ZP      (PAG)
                             16 ;--------------------------------------------------------
                             17 ; overlayable items in ram
                             18 ;--------------------------------------------------------
                             19 ;--------------------------------------------------------
                             20 ; uninitialized external ram data
                             21 ;--------------------------------------------------------
                             22 	.area BSS
                             23 ;--------------------------------------------------------
                             24 ; absolute external ram data
                             25 ;--------------------------------------------------------
                             26 	.area DABS    (ABS)
                             27 ;--------------------------------------------------------
                             28 ; initialized external ram data
                             29 ;--------------------------------------------------------
                             30 	.area DATA
                             31 ;--------------------------------------------------------
                             32 ; global & static initialisations
                             33 ;--------------------------------------------------------
                             34 	.area _CODE
                             35 	.area GSINIT
                             36 	.area GSFINAL
                             37 	.area GSINIT
                             38 ;--------------------------------------------------------
                             39 ; Home
                             40 ;--------------------------------------------------------
                             41 	.area _CODE
                             42 	.area _CODE
                             43 ;--------------------------------------------------------
                             44 ; code
                             45 ;--------------------------------------------------------
                             46 	.area CODE
                             47 ;------------------------------------------------------------
                             48 ;Allocation info for local variables in function 'wctob'
                             49 ;------------------------------------------------------------
                             50 ;c                         Allocated to stack - sp +3
                             51 ;------------------------------------------------------------
                             52 ;	../wctob.c: 35: int wctob(wint_t c)
                             53 ;	-----------------------------------------
                             54 ;	 function wctob
                             55 ;	-----------------------------------------
                             56 ;	Register assignment is optimal.
                             57 ;	Stack space usage: 0 bytes.
   0000                      58 _wctob:
                             59 ;	../wctob.c: 37: if(c & 0xffffff80)
   0000 BA            [ 2]   60 	tsx
   0001 A9 80         [ 2]   61 	lda	#0x80
   0003 3D 03 01      [ 5]   62 	and	0x103,x
   0006 D0 0D         [ 4]   63 	bne	00109$
   0008 BD 04 01      [ 5]   64 	lda	0x104,x
   000B D0 08         [ 4]   65 	bne	00109$
   000D BD 05 01      [ 5]   66 	lda	0x105,x
   0010 D0 03         [ 4]   67 	bne	00109$
   0012 BD 06 01      [ 5]   68 	lda	0x106,x
   0015                      69 00109$:
   0015 F0 04         [ 4]   70 	beq	00102$
                             71 ;	../wctob.c: 38: return WEOF;
   0017 A9 FF         [ 2]   72 	lda	#0xff
   0019 AA            [ 2]   73 	tax
   001A 60            [ 6]   74 	rts
   001B                      75 00102$:
                             76 ;	../wctob.c: 39: return c;
   001B BA            [ 2]   77 	tsx
   001C BD 03 01      [ 5]   78 	lda	0x103,x
   001F 85*00         [ 3]   79 	sta	*(__TEMP+0)
   0021 BD 04 01      [ 5]   80 	lda	0x104,x
   0024 AA            [ 2]   81 	tax
   0025 A5*00         [ 3]   82 	lda	*(__TEMP+0)
                             83 ;	../wctob.c: 40: }
   0027 60            [ 6]   84 	rts
                             85 	.area CODE
                             86 	.area RODATA
                             87 	.area XINIT
                             88 	.area CABS    (ABS)
