                                      1 ;--------------------------------------------------------
                                      2 ; File Created by SDCC : free open source ISO C Compiler 
                                      3 ; Version 4.2.14 #0 (Linux)
                                      4 ;--------------------------------------------------------
                                      5 	.module _fs2uint
                                      6 	.optsdcc -mds390 --model-flat24
                                      7 	
                                      8 ;--------------------------------------------------------
                                      9 ; CPU specific extensions
                                     10 ;--------------------------------------------------------
                                     11 	.DS80C390
                                     12 	.amode	2	; 24 bit flat addressing
                           000082    13 dpl	=	0x82
                           000083    14 dph	=	0x83
                           000084    15 dpl1	=	0x84
                           000085    16 dph1	=	0x85
                           000086    17 dps	=	0x86
                           000093    18 dpx	=	0x93
                           000095    19 dpx1	=	0x95
                           00009B    20 esp	=	0x9B
                           00009C    21 ap	=	0x9C
                           00009C    22 acc1	=	0x9C
                           0000D1    23 mcnt0	=	0xD1
                           0000D2    24 mcnt1	=	0xD2
                           0000D3    25 ma	=	0xD3
                           0000D4    26 mb	=	0xD4
                           0000D5    27 mc	=	0xD5
                           00009D    28 acon	=	0x9D
                           0000C6    29 mcon	=	0xC6
                           0000D1    30 F1	=	0xD1	; user flag
                                     31 ;--------------------------------------------------------
                                     32 ; Public variables in this module
                                     33 ;--------------------------------------------------------
                                     34 	.globl ___fs2ulong
                                     35 	.globl ___fs2uint
                                     36 ;--------------------------------------------------------
                                     37 ; special function registers
                                     38 ;--------------------------------------------------------
                                     39 ;--------------------------------------------------------
                                     40 ; special function bits
                                     41 ;--------------------------------------------------------
                                     42 ;--------------------------------------------------------
                                     43 ; overlayable register banks
                                     44 ;--------------------------------------------------------
                                     45 	.area REG_BANK_0	(REL,OVR,DATA)
      000000                         46 	.ds 8
                                     47 ;--------------------------------------------------------
                                     48 ; internal ram data
                                     49 ;--------------------------------------------------------
                                     50 	.area DSEG    (DATA)
                                     51 ;--------------------------------------------------------
                                     52 ; overlayable items in internal ram
                                     53 ;--------------------------------------------------------
                                     54 ;--------------------------------------------------------
                                     55 ; indirectly addressable internal ram data
                                     56 ;--------------------------------------------------------
                                     57 	.area ISEG    (DATA)
                                     58 ;--------------------------------------------------------
                                     59 ; absolute internal ram data
                                     60 ;--------------------------------------------------------
                                     61 	.area IABS    (ABS,DATA)
                                     62 	.area IABS    (ABS,DATA)
                                     63 ;--------------------------------------------------------
                                     64 ; bit data
                                     65 ;--------------------------------------------------------
                                     66 	.area BSEG    (BIT)
                                     67 ;--------------------------------------------------------
                                     68 ; paged external ram data
                                     69 ;--------------------------------------------------------
                                     70 	.area PSEG    (PAG,XDATA)
                                     71 ;--------------------------------------------------------
                                     72 ; uninitialized external ram data
                                     73 ;--------------------------------------------------------
                                     74 	.area XSEG    (XDATA)
                                     75 ;--------------------------------------------------------
                                     76 ; absolute external ram data
                                     77 ;--------------------------------------------------------
                                     78 	.area XABS    (ABS,XDATA)
                                     79 ;--------------------------------------------------------
                                     80 ; initialized external ram data
                                     81 ;--------------------------------------------------------
                                     82 	.area XISEG   (XDATA)
                                     83 ;--------------------------------------------------------
                                     84 ; global & static initialisations
                                     85 ;--------------------------------------------------------
                                     86 	.area HOME    (CODE)
                                     87 	.area GSINIT  (CODE)
                                     88 	.area GSFINAL (CODE)
                                     89 	.area GSINIT  (CODE)
                                     90 ;--------------------------------------------------------
                                     91 ; Home
                                     92 ;--------------------------------------------------------
                                     93 	.area HOME    (CODE)
                                     94 	.area HOME    (CODE)
                                     95 ;--------------------------------------------------------
                                     96 ; code
                                     97 ;--------------------------------------------------------
                                     98 	.area CSEG    (CODE)
                                     99 ;------------------------------------------------------------
                                    100 ;Allocation info for local variables in function '__fs2uint'
                                    101 ;------------------------------------------------------------
                                    102 ;f                         Allocated to registers r2 r3 r4 r5 
                                    103 ;ul                        Allocated to registers r2 r3 r4 r5 
                                    104 ;------------------------------------------------------------
                                    105 ;	_fs2uint.c:54: unsigned int __fs2uint (float f)
                                    106 ;	-----------------------------------------
                                    107 ;	 function __fs2uint
                                    108 ;	-----------------------------------------
      000000                        109 ___fs2uint:
                           000002   110 	ar2 = 0x02
                           000003   111 	ar3 = 0x03
                           000004   112 	ar4 = 0x04
                           000005   113 	ar5 = 0x05
                           000006   114 	ar6 = 0x06
                           000007   115 	ar7 = 0x07
                           000000   116 	ar0 = 0x00
                           000001   117 	ar1 = 0x01
                                    118 ;	_fs2uint.c:56: unsigned long ul=__fs2ulong(f);
      000000 AA 82            [ 8]  119 	mov     r2,dpl
      000002 AB 83            [ 8]  120 	mov     r3,dph
      000004 AC 93            [ 8]  121 	mov     r4,dpx
      000006 AD F0            [ 8]  122 	mov     r5,b
      000008 8D F0            [ 8]  123 	mov	b,r5
      00000A 12s00r00r00      [16]  124 	lcall	___fs2ulong
      00000E AA 82            [ 8]  125 	mov	r2,dpl
      000010 AB 83            [ 8]  126 	mov	r3,dph
      000012 AC 93            [ 8]  127 	mov	r4,dpx
      000014 AD F0            [ 8]  128 	mov	r5,b
                                    129 ;	genAssign: resultIsFar = TRUE
                                    130 ;	_fs2uint.c:57: if (ul>=UINT_MAX) return UINT_MAX;
      000016 C3               [ 4]  131 	clr	c
      000017 EA               [ 4]  132 	mov	a,r2
      000018 94 FF            [ 8]  133 	subb	a,#0xff
      00001A EB               [ 4]  134 	mov	a,r3
      00001B 94 FF            [ 8]  135 	subb	a,#0xff
      00001D EC               [ 4]  136 	mov	a,r4
      00001E 94 00            [ 8]  137 	subb	a,#0x00
      000020 ED               [ 4]  138 	mov	a,r5
      000021 94 00            [ 8]  139 	subb	a,#0x00
      000023 40 06            [12]  140 	jc   00102$
      000025                        141 00109$:
      000025 90 00 FF FF      [12]  142 	mov  dptr,#0xffff
      000029 80 04            [12]  143 	sjmp 00103$
      00002B                        144 00102$:
                                    145 ;	_fs2uint.c:58: return ul;
      00002B 8A 82            [ 8]  146 	mov	dpl,r2
      00002D 8B 83            [ 8]  147 	mov	dph,r3
      00002F                        148 00103$:
                                    149 ;	_fs2uint.c:59: }
      00002F 22               [16]  150 	ret
                                    151 	.area CSEG    (CODE)
                                    152 	.area CONST   (CODE)
                                    153 	.area XINIT   (CODE)
                                    154 	.area CABS    (ABS,CODE)
