                                      1 ;--------------------------------------------------------
                                      2 ; File Created by SDCC : free open source ISO C Compiler 
                                      3 ; Version 4.2.14 #0 (Linux)
                                      4 ;--------------------------------------------------------
                                      5 	.module iscntrl
                                      6 	.optsdcc -mds390 --model-flat24
                                      7 	
                                      8 ;--------------------------------------------------------
                                      9 ; CPU specific extensions
                                     10 ;--------------------------------------------------------
                                     11 	.DS80C390
                                     12 	.amode	2	; 24 bit flat addressing
                           000082    13 dpl	=	0x82
                           000083    14 dph	=	0x83
                           000084    15 dpl1	=	0x84
                           000085    16 dph1	=	0x85
                           000086    17 dps	=	0x86
                           000093    18 dpx	=	0x93
                           000095    19 dpx1	=	0x95
                           00009B    20 esp	=	0x9B
                           00009C    21 ap	=	0x9C
                           00009C    22 acc1	=	0x9C
                           0000D1    23 mcnt0	=	0xD1
                           0000D2    24 mcnt1	=	0xD2
                           0000D3    25 ma	=	0xD3
                           0000D4    26 mb	=	0xD4
                           0000D5    27 mc	=	0xD5
                           00009D    28 acon	=	0x9D
                           0000C6    29 mcon	=	0xC6
                           0000D1    30 F1	=	0xD1	; user flag
                                     31 ;--------------------------------------------------------
                                     32 ; Public variables in this module
                                     33 ;--------------------------------------------------------
                                     34 	.globl _iscntrl
                                     35 ;--------------------------------------------------------
                                     36 ; special function registers
                                     37 ;--------------------------------------------------------
                                     38 ;--------------------------------------------------------
                                     39 ; special function bits
                                     40 ;--------------------------------------------------------
                                     41 ;--------------------------------------------------------
                                     42 ; overlayable register banks
                                     43 ;--------------------------------------------------------
                                     44 	.area REG_BANK_0	(REL,OVR,DATA)
      000000                         45 	.ds 8
                                     46 ;--------------------------------------------------------
                                     47 ; internal ram data
                                     48 ;--------------------------------------------------------
                                     49 	.area DSEG    (DATA)
                                     50 ;--------------------------------------------------------
                                     51 ; overlayable items in internal ram
                                     52 ;--------------------------------------------------------
                                     53 ;--------------------------------------------------------
                                     54 ; indirectly addressable internal ram data
                                     55 ;--------------------------------------------------------
                                     56 	.area ISEG    (DATA)
                                     57 ;--------------------------------------------------------
                                     58 ; absolute internal ram data
                                     59 ;--------------------------------------------------------
                                     60 	.area IABS    (ABS,DATA)
                                     61 	.area IABS    (ABS,DATA)
                                     62 ;--------------------------------------------------------
                                     63 ; bit data
                                     64 ;--------------------------------------------------------
                                     65 	.area BSEG    (BIT)
      000000                         66 _iscntrl_sloc0_1_0:
      000000                         67 	.ds 1
                                     68 ;--------------------------------------------------------
                                     69 ; paged external ram data
                                     70 ;--------------------------------------------------------
                                     71 	.area PSEG    (PAG,XDATA)
                                     72 ;--------------------------------------------------------
                                     73 ; uninitialized external ram data
                                     74 ;--------------------------------------------------------
                                     75 	.area XSEG    (XDATA)
                                     76 ;--------------------------------------------------------
                                     77 ; absolute external ram data
                                     78 ;--------------------------------------------------------
                                     79 	.area XABS    (ABS,XDATA)
                                     80 ;--------------------------------------------------------
                                     81 ; initialized external ram data
                                     82 ;--------------------------------------------------------
                                     83 	.area XISEG   (XDATA)
                                     84 ;--------------------------------------------------------
                                     85 ; global & static initialisations
                                     86 ;--------------------------------------------------------
                                     87 	.area HOME    (CODE)
                                     88 	.area GSINIT  (CODE)
                                     89 	.area GSFINAL (CODE)
                                     90 	.area GSINIT  (CODE)
                                     91 ;--------------------------------------------------------
                                     92 ; Home
                                     93 ;--------------------------------------------------------
                                     94 	.area HOME    (CODE)
                                     95 	.area HOME    (CODE)
                                     96 ;--------------------------------------------------------
                                     97 ; code
                                     98 ;--------------------------------------------------------
                                     99 	.area CSEG    (CODE)
                                    100 ;------------------------------------------------------------
                                    101 ;Allocation info for local variables in function 'iscntrl'
                                    102 ;------------------------------------------------------------
                                    103 ;c                         Allocated to registers r2 r3 
                                    104 ;------------------------------------------------------------
                                    105 ;	iscntrl.c:33: int iscntrl (int c)
                                    106 ;	-----------------------------------------
                                    107 ;	 function iscntrl
                                    108 ;	-----------------------------------------
      000000                        109 _iscntrl:
                           000002   110 	ar2 = 0x02
                           000003   111 	ar3 = 0x03
                           000004   112 	ar4 = 0x04
                           000005   113 	ar5 = 0x05
                           000006   114 	ar6 = 0x06
                           000007   115 	ar7 = 0x07
                           000000   116 	ar0 = 0x00
                           000001   117 	ar1 = 0x01
      000000 85 82 84         [12]  118 	mov	dpl1,dpl
      000003 85 83 85         [12]  119 	mov	dph1,dph
                                    120 ;	iscntrl.c:35: return (c < ' ' || c == 0x7f);
      000006 C3               [ 4]  121 	clr	c
      000007 E5 84            [ 8]  122 	mov	a,dpl1
      000009 94 20            [ 8]  123 	subb	a,#0x20
      00000B E5 85            [ 8]  124 	mov	a,dph1
      00000D 64 80            [ 8]  125 	xrl	a,#0x80
      00000F 94 80            [ 8]  126 	subb	a,#0x80
      000011 40 10            [12]  127 	jc   00104$
      000013                        128 00114$:
      000013 E5 84            [ 8]  129 	mov	a,dpl1
      000015 B4 7F 07         [16]  130 	cjne	a,#0x7f,00115$
      000018 E5 85            [ 8]  131 	mov	a,dph1
      00001A B4 00 02         [16]  132 	cjne	a,#0x00,00115$
      00001D 80 04            [12]  133 	sjmp 00104$
      00001F                        134 00115$:
                                    135 ;	genAssign: resultIsFar = FALSE
      00001F C2*00            [ 8]  136 	clr	_iscntrl_sloc0_1_0
      000021 80 02            [12]  137 	sjmp 00105$
      000023                        138 00104$:
                                    139 ;	genAssign: resultIsFar = FALSE
      000023 D2*00            [ 8]  140 	setb	_iscntrl_sloc0_1_0
      000025                        141 00105$:
      000025 A2*00            [ 8]  142 	mov	c,_iscntrl_sloc0_1_0
      000027 E4               [ 4]  143 	clr	a
      000028 33               [ 4]  144 	rlc	a
      000029 F5 84            [ 8]  145 	mov	dpl1,a
      00002B 75 85 00         [12]  146 	mov	dph1,#0x00
      00002E 85 84 82         [12]  147 	mov	dpl,dpl1
      000031 85 85 83         [12]  148 	mov	dph,dph1
      000034                        149 00101$:
                                    150 ;	iscntrl.c:36: }
      000034 22               [16]  151 	ret
                                    152 	.area CSEG    (CODE)
                                    153 	.area CONST   (CODE)
                                    154 	.area XINIT   (CODE)
                                    155 	.area CABS    (ABS,CODE)
