                                      1 ;--------------------------------------------------------
                                      2 ; File Created by SDCC : free open source ISO C Compiler 
                                      3 ; Version 4.2.14 #0 (Linux)
                                      4 ;--------------------------------------------------------
                                      5 	.module isdigit
                                      6 	.optsdcc -mds390 --model-flat24
                                      7 	
                                      8 ;--------------------------------------------------------
                                      9 ; CPU specific extensions
                                     10 ;--------------------------------------------------------
                                     11 	.DS80C390
                                     12 	.amode	2	; 24 bit flat addressing
                           000082    13 dpl	=	0x82
                           000083    14 dph	=	0x83
                           000084    15 dpl1	=	0x84
                           000085    16 dph1	=	0x85
                           000086    17 dps	=	0x86
                           000093    18 dpx	=	0x93
                           000095    19 dpx1	=	0x95
                           00009B    20 esp	=	0x9B
                           00009C    21 ap	=	0x9C
                           00009C    22 acc1	=	0x9C
                           0000D1    23 mcnt0	=	0xD1
                           0000D2    24 mcnt1	=	0xD2
                           0000D3    25 ma	=	0xD3
                           0000D4    26 mb	=	0xD4
                           0000D5    27 mc	=	0xD5
                           00009D    28 acon	=	0x9D
                           0000C6    29 mcon	=	0xC6
                           0000D1    30 F1	=	0xD1	; user flag
                                     31 ;--------------------------------------------------------
                                     32 ; Public variables in this module
                                     33 ;--------------------------------------------------------
                                     34 	.globl _isdigit
                                     35 ;--------------------------------------------------------
                                     36 ; special function registers
                                     37 ;--------------------------------------------------------
                                     38 ;--------------------------------------------------------
                                     39 ; special function bits
                                     40 ;--------------------------------------------------------
                                     41 ;--------------------------------------------------------
                                     42 ; overlayable register banks
                                     43 ;--------------------------------------------------------
                                     44 	.area REG_BANK_0	(REL,OVR,DATA)
      000000                         45 	.ds 8
                                     46 ;--------------------------------------------------------
                                     47 ; internal ram data
                                     48 ;--------------------------------------------------------
                                     49 	.area DSEG    (DATA)
                                     50 ;--------------------------------------------------------
                                     51 ; overlayable items in internal ram
                                     52 ;--------------------------------------------------------
                                     53 ;--------------------------------------------------------
                                     54 ; indirectly addressable internal ram data
                                     55 ;--------------------------------------------------------
                                     56 	.area ISEG    (DATA)
                                     57 ;--------------------------------------------------------
                                     58 ; absolute internal ram data
                                     59 ;--------------------------------------------------------
                                     60 	.area IABS    (ABS,DATA)
                                     61 	.area IABS    (ABS,DATA)
                                     62 ;--------------------------------------------------------
                                     63 ; bit data
                                     64 ;--------------------------------------------------------
                                     65 	.area BSEG    (BIT)
      000000                         66 _isdigit_sloc0_1_0:
      000000                         67 	.ds 1
                                     68 ;--------------------------------------------------------
                                     69 ; paged external ram data
                                     70 ;--------------------------------------------------------
                                     71 	.area PSEG    (PAG,XDATA)
                                     72 ;--------------------------------------------------------
                                     73 ; uninitialized external ram data
                                     74 ;--------------------------------------------------------
                                     75 	.area XSEG    (XDATA)
                                     76 ;--------------------------------------------------------
                                     77 ; absolute external ram data
                                     78 ;--------------------------------------------------------
                                     79 	.area XABS    (ABS,XDATA)
                                     80 ;--------------------------------------------------------
                                     81 ; initialized external ram data
                                     82 ;--------------------------------------------------------
                                     83 	.area XISEG   (XDATA)
                                     84 ;--------------------------------------------------------
                                     85 ; global & static initialisations
                                     86 ;--------------------------------------------------------
                                     87 	.area HOME    (CODE)
                                     88 	.area GSINIT  (CODE)
                                     89 	.area GSFINAL (CODE)
                                     90 	.area GSINIT  (CODE)
                                     91 ;--------------------------------------------------------
                                     92 ; Home
                                     93 ;--------------------------------------------------------
                                     94 	.area HOME    (CODE)
                                     95 	.area HOME    (CODE)
                                     96 ;--------------------------------------------------------
                                     97 ; code
                                     98 ;--------------------------------------------------------
                                     99 	.area CSEG    (CODE)
                                    100 ;------------------------------------------------------------
                                    101 ;Allocation info for local variables in function 'isdigit'
                                    102 ;------------------------------------------------------------
                                    103 ;c                         Allocated to registers r2 r3 
                                    104 ;------------------------------------------------------------
                                    105 ;	../../device/include/ctype.h:60: inline int isdigit (int c)
                                    106 ;	-----------------------------------------
                                    107 ;	 function isdigit
                                    108 ;	-----------------------------------------
      000000                        109 _isdigit:
                           000002   110 	ar2 = 0x02
                           000003   111 	ar3 = 0x03
                           000004   112 	ar4 = 0x04
                           000005   113 	ar5 = 0x05
                           000006   114 	ar6 = 0x06
                           000007   115 	ar7 = 0x07
                           000000   116 	ar0 = 0x00
                           000001   117 	ar1 = 0x01
                                    118 ;	../../device/include/ctype.h:62: return ((unsigned char)c >= '0' && (unsigned char)c <= '9');
      000000 AA 82            [ 8]  119 	mov	r2,dpl
      000002 BA 30 00         [16]  120 	cjne	r2,#0x30,00110$
      000005                        121 00110$:
      000005 92*00            [ 8]  122 	mov	_isdigit_sloc0_1_0,c
      000007 20*00 09         [12]  123 	jb   _isdigit_sloc0_1_0,00103$
      00000A                        124 00111$:
      00000A C3               [ 4]  125 	clr	c
      00000B 74 39            [ 8]  126 	mov	a,#0x39
      00000D 9A               [ 4]  127 	subb	a,r2
      00000E 92*00            [ 8]  128 	mov	_isdigit_sloc0_1_0,c
      000010 30*00 04         [12]  129 	jnb  _isdigit_sloc0_1_0,00104$
      000013                        130 00112$:
      000013                        131 00103$:
                                    132 ;	genAssign: resultIsFar = FALSE
      000013 C2*00            [ 8]  133 	clr	_isdigit_sloc0_1_0
      000015 80 02            [12]  134 	sjmp 00105$
      000017                        135 00104$:
                                    136 ;	genAssign: resultIsFar = FALSE
      000017 D2*00            [ 8]  137 	setb	_isdigit_sloc0_1_0
      000019                        138 00105$:
      000019 A2*00            [ 8]  139 	mov	c,_isdigit_sloc0_1_0
      00001B E4               [ 4]  140 	clr	a
      00001C 33               [ 4]  141 	rlc	a
      00001D F5 84            [ 8]  142 	mov	dpl1,a
      00001F 75 85 00         [12]  143 	mov	dph1,#0x00
      000022 85 84 82         [12]  144 	mov	dpl,dpl1
      000025 85 85 83         [12]  145 	mov	dph,dph1
      000028                        146 00101$:
                                    147 ;	../../device/include/ctype.h:63: }
      000028 22               [16]  148 	ret
                                    149 	.area CSEG    (CODE)
                                    150 	.area CONST   (CODE)
                                    151 	.area XINIT   (CODE)
                                    152 	.area CABS    (ABS,CODE)
