                                      1 ;--------------------------------------------------------
                                      2 ; File Created by SDCC : free open source ISO C Compiler 
                                      3 ; Version 4.2.14 #0 (Linux)
                                      4 ;--------------------------------------------------------
                                      5 	.module putchar
                                      6 	.optsdcc -mds390 --model-flat24
                                      7 	
                                      8 ;--------------------------------------------------------
                                      9 ; CPU specific extensions
                                     10 ;--------------------------------------------------------
                                     11 	.DS80C390
                                     12 	.amode	2	; 24 bit flat addressing
                           000082    13 dpl	=	0x82
                           000083    14 dph	=	0x83
                           000084    15 dpl1	=	0x84
                           000085    16 dph1	=	0x85
                           000086    17 dps	=	0x86
                           000093    18 dpx	=	0x93
                           000095    19 dpx1	=	0x95
                           00009B    20 esp	=	0x9B
                           00009C    21 ap	=	0x9C
                           00009C    22 acc1	=	0x9C
                           0000D1    23 mcnt0	=	0xD1
                           0000D2    24 mcnt1	=	0xD2
                           0000D3    25 ma	=	0xD3
                           0000D4    26 mb	=	0xD4
                           0000D5    27 mc	=	0xD5
                           00009D    28 acon	=	0x9D
                           0000C6    29 mcon	=	0xC6
                           0000D1    30 F1	=	0xD1	; user flag
                                     31 ;--------------------------------------------------------
                                     32 ; Public variables in this module
                                     33 ;--------------------------------------------------------
                                     34 	.globl _Serial0PutChar
                                     35 	.globl _Serial0GetChar
                                     36 	.globl _putchar
                                     37 ;--------------------------------------------------------
                                     38 ; special function registers
                                     39 ;--------------------------------------------------------
                           000080    40 _P4	=	0x0080
                           000081    41 _SP	=	0x0081
                           000082    42 _DPL	=	0x0082
                           000083    43 _DPH	=	0x0083
                           000084    44 _DPL1	=	0x0084
                           000085    45 _DPH1	=	0x0085
                           000086    46 _DPS	=	0x0086
                           000087    47 _PCON	=	0x0087
                           000088    48 _TCON	=	0x0088
                           000089    49 _TMOD	=	0x0089
                           00008A    50 _TL0	=	0x008a
                           00008B    51 _TL1	=	0x008b
                           00008C    52 _TH0	=	0x008c
                           00008D    53 _TH1	=	0x008d
                           00008E    54 _CKCON	=	0x008e
                           000090    55 _P1	=	0x0090
                           000091    56 _EXIF	=	0x0091
                           000092    57 _P4CNT	=	0x0092
                           000093    58 _DPX	=	0x0093
                           000095    59 _DPX1	=	0x0095
                           000098    60 _SCON0	=	0x0098
                           000099    61 _SBUF0	=	0x0099
                           00009B    62 _ESP	=	0x009b
                           00009C    63 _AP	=	0x009c
                           00009D    64 _ACON	=	0x009d
                           0000A0    65 _P2	=	0x00a0
                           0000A1    66 _P5	=	0x00a1
                           0000A2    67 _P5CNT	=	0x00a2
                           0000A8    68 _IE	=	0x00a8
                           0000B0    69 _P3	=	0x00b0
                           0000B8    70 _IP	=	0x00b8
                           0000C0    71 _SCON1	=	0x00c0
                           0000C1    72 _SBUF1	=	0x00c1
                           0000C4    73 _PMR	=	0x00c4
                           0000C6    74 _MCON	=	0x00c6
                           0000C7    75 _TA	=	0x00c7
                           0000C8    76 _T2CON	=	0x00c8
                           0000C9    77 _T2MOD	=	0x00c9
                           0000CA    78 _RCAP2L	=	0x00ca
                           0000CA    79 _RTL2	=	0x00ca
                           0000CB    80 _RCAP2H	=	0x00cb
                           0000CB    81 _RTH2	=	0x00cb
                           0000CC    82 _TL2	=	0x00cc
                           0000CD    83 _TH2	=	0x00cd
                           0000D0    84 _PSW	=	0x00d0
                           0000D1    85 _MCNT0	=	0x00d1
                           0000D2    86 _MCNT1	=	0x00d2
                           0000D3    87 _MA	=	0x00d3
                           0000D4    88 _MB	=	0x00d4
                           0000D5    89 _MC	=	0x00d5
                           0000D8    90 _WDCON	=	0x00d8
                           0000E0    91 _ACC	=	0x00e0
                           0000E8    92 _EIE	=	0x00e8
                           0000EA    93 _MXAX	=	0x00ea
                           0000F0    94 _B	=	0x00f0
                           0000F8    95 _EIP	=	0x00f8
                           008C8A    96 _TMR0	=	0x8c8a
                           008D8B    97 _TMR1	=	0x8d8b
                           00CDCC    98 _TMR2	=	0xcdcc
                           00CBCA    99 _RCAP2	=	0xcbca
                                    100 ;--------------------------------------------------------
                                    101 ; special function bits
                                    102 ;--------------------------------------------------------
                           000088   103 _IT0	=	0x0088
                           000089   104 _IE0	=	0x0089
                           00008A   105 _IT1	=	0x008a
                           00008B   106 _IE1	=	0x008b
                           00008C   107 _TR0	=	0x008c
                           00008D   108 _TF0	=	0x008d
                           00008E   109 _TR1	=	0x008e
                           00008F   110 _TF1	=	0x008f
                           000090   111 _T2	=	0x0090
                           000091   112 _T2EX	=	0x0091
                           000092   113 _RXD1	=	0x0092
                           000093   114 _TXD1	=	0x0093
                           000094   115 _INT2	=	0x0094
                           000095   116 _INT3	=	0x0095
                           000096   117 _INT4	=	0x0096
                           000097   118 _INT5	=	0x0097
                           000098   119 _RI_0	=	0x0098
                           000099   120 _TI_0	=	0x0099
                           00009A   121 _RB8_0	=	0x009a
                           00009B   122 _TB8_0	=	0x009b
                           00009C   123 _REN_0	=	0x009c
                           00009D   124 _SM2_0	=	0x009d
                           00009E   125 _SM1_0	=	0x009e
                           00009F   126 _SM0_0	=	0x009f
                           00009F   127 _FE_0	=	0x009f
                           0000A8   128 _EX0	=	0x00a8
                           0000A9   129 _ET0	=	0x00a9
                           0000AA   130 _EX1	=	0x00aa
                           0000AB   131 _ET1	=	0x00ab
                           0000AC   132 _ES0	=	0x00ac
                           0000AD   133 _ET2	=	0x00ad
                           0000AE   134 _ES1	=	0x00ae
                           0000AF   135 _EA	=	0x00af
                           0000B0   136 _RXD0	=	0x00b0
                           0000B1   137 _TXD0	=	0x00b1
                           0000B2   138 _INT0	=	0x00b2
                           0000B3   139 _INT1	=	0x00b3
                           0000B4   140 _T0	=	0x00b4
                           0000B5   141 _T1	=	0x00b5
                           0000B6   142 _WR	=	0x00b6
                           0000B7   143 _RD	=	0x00b7
                           0000B8   144 _PX0	=	0x00b8
                           0000B9   145 _PT0	=	0x00b9
                           0000BA   146 _PX1	=	0x00ba
                           0000BB   147 _PT1	=	0x00bb
                           0000BC   148 _PS0	=	0x00bc
                           0000BD   149 _PT2	=	0x00bd
                           0000BE   150 _PS1	=	0x00be
                           0000C0   151 _RI_1	=	0x00c0
                           0000C1   152 _TI_1	=	0x00c1
                           0000C2   153 _RB8_1	=	0x00c2
                           0000C3   154 _TB8_1	=	0x00c3
                           0000C4   155 _REN_1	=	0x00c4
                           0000C5   156 _SM2_1	=	0x00c5
                           0000C6   157 _SM1_1	=	0x00c6
                           0000C7   158 _SM0_1	=	0x00c7
                           0000C7   159 _FE_1	=	0x00c7
                           0000C8   160 _CP_RL	=	0x00c8
                           0000C9   161 _C_T	=	0x00c9
                           0000CA   162 _TR2	=	0x00ca
                           0000CB   163 _EXEN2	=	0x00cb
                           0000CC   164 _TCLK	=	0x00cc
                           0000CD   165 _RCLK	=	0x00cd
                           0000CE   166 _EXF2	=	0x00ce
                           0000CF   167 _TF2	=	0x00cf
                           0000D0   168 _P	=	0x00d0
                           0000D1   169 _F1	=	0x00d1
                           0000D2   170 _OV	=	0x00d2
                           0000D3   171 _RS0	=	0x00d3
                           0000D4   172 _RS1	=	0x00d4
                           0000D5   173 _F0	=	0x00d5
                           0000D6   174 _AC	=	0x00d6
                           0000D7   175 _CY	=	0x00d7
                           0000D8   176 _RWT	=	0x00d8
                           0000D9   177 _EWT	=	0x00d9
                           0000DA   178 _WDRF	=	0x00da
                           0000DB   179 _WDIF	=	0x00db
                           0000DC   180 _PFI	=	0x00dc
                           0000DD   181 _EPFI	=	0x00dd
                           0000DE   182 _POR	=	0x00de
                           0000DF   183 _SMOD_1	=	0x00df
                           0000E8   184 _EX2	=	0x00e8
                           0000E9   185 _EX3	=	0x00e9
                           0000EA   186 _EX4	=	0x00ea
                           0000EB   187 _EX5	=	0x00eb
                           0000EC   188 _EWDI	=	0x00ec
                           0000ED   189 _C1IE	=	0x00ed
                           0000EE   190 _C0IE	=	0x00ee
                           0000EF   191 _CANBIE	=	0x00ef
                           0000F8   192 _PX2	=	0x00f8
                           0000F9   193 _PX3	=	0x00f9
                           0000FA   194 _PX4	=	0x00fa
                           0000FB   195 _PX5	=	0x00fb
                           0000FC   196 _PWDI	=	0x00fc
                           0000FD   197 _C1IP	=	0x00fd
                           0000FE   198 _C0IP	=	0x00fe
                           0000FF   199 _CANBIP	=	0x00ff
                                    200 ;--------------------------------------------------------
                                    201 ; overlayable register banks
                                    202 ;--------------------------------------------------------
                                    203 	.area REG_BANK_0	(REL,OVR,DATA)
      000000                        204 	.ds 8
                                    205 ;--------------------------------------------------------
                                    206 ; internal ram data
                                    207 ;--------------------------------------------------------
                                    208 	.area DSEG    (DATA)
                                    209 ;--------------------------------------------------------
                                    210 ; overlayable items in internal ram
                                    211 ;--------------------------------------------------------
                                    212 ;--------------------------------------------------------
                                    213 ; indirectly addressable internal ram data
                                    214 ;--------------------------------------------------------
                                    215 	.area ISEG    (DATA)
                                    216 ;--------------------------------------------------------
                                    217 ; absolute internal ram data
                                    218 ;--------------------------------------------------------
                                    219 	.area IABS    (ABS,DATA)
                                    220 	.area IABS    (ABS,DATA)
                                    221 ;--------------------------------------------------------
                                    222 ; bit data
                                    223 ;--------------------------------------------------------
                                    224 	.area BSEG    (BIT)
                                    225 ;--------------------------------------------------------
                                    226 ; paged external ram data
                                    227 ;--------------------------------------------------------
                                    228 	.area PSEG    (PAG,XDATA)
                                    229 ;--------------------------------------------------------
                                    230 ; uninitialized external ram data
                                    231 ;--------------------------------------------------------
                                    232 	.area XSEG    (XDATA)
                                    233 ;--------------------------------------------------------
                                    234 ; absolute external ram data
                                    235 ;--------------------------------------------------------
                                    236 	.area XABS    (ABS,XDATA)
                                    237 ;--------------------------------------------------------
                                    238 ; initialized external ram data
                                    239 ;--------------------------------------------------------
                                    240 	.area XISEG   (XDATA)
                                    241 ;--------------------------------------------------------
                                    242 ; global & static initialisations
                                    243 ;--------------------------------------------------------
                                    244 	.area HOME    (CODE)
                                    245 	.area GSINIT  (CODE)
                                    246 	.area GSFINAL (CODE)
                                    247 	.area GSINIT  (CODE)
                                    248 ;--------------------------------------------------------
                                    249 ; Home
                                    250 ;--------------------------------------------------------
                                    251 	.area HOME    (CODE)
                                    252 	.area HOME    (CODE)
                                    253 ;--------------------------------------------------------
                                    254 ; code
                                    255 ;--------------------------------------------------------
                                    256 	.area CSEG    (CODE)
                                    257 ;------------------------------------------------------------
                                    258 ;Allocation info for local variables in function 'putchar'
                                    259 ;------------------------------------------------------------
                                    260 ;c                         Allocated to registers r2 r3 
                                    261 ;------------------------------------------------------------
                                    262 ;	putchar.c:33: int putchar (int c)
                                    263 ;	-----------------------------------------
                                    264 ;	 function putchar
                                    265 ;	-----------------------------------------
      000000                        266 _putchar:
                           000002   267 	ar2 = 0x02
                           000003   268 	ar3 = 0x03
                           000004   269 	ar4 = 0x04
                           000005   270 	ar5 = 0x05
                           000006   271 	ar6 = 0x06
                           000007   272 	ar7 = 0x07
                           000000   273 	ar0 = 0x00
                           000001   274 	ar1 = 0x01
      000000 AA 82            [ 8]  275 	mov	r2,dpl
      000002 AB 83            [ 8]  276 	mov	r3,dph
                                    277 ;	putchar.c:35: Serial0PutChar(c);
      000004 8A 04            [ 8]  278 	mov	ar4,r2
      000006 C0 02            [ 8]  279 	push	ar2
      000008 C0 03            [ 8]  280 	push	ar3
      00000A 8C 82            [ 8]  281 	mov	dpl,r4
      00000C 12s00r00r00      [16]  282 	lcall	_Serial0PutChar
      000010 D0 03            [ 8]  283 	pop	ar3
      000012 D0 02            [ 8]  284 	pop	ar2
                                    285 ;	putchar.c:36: return(c);
      000014 8A 82            [ 8]  286 	mov	dpl,r2
      000016 8B 83            [ 8]  287 	mov	dph,r3
      000018                        288 00101$:
                                    289 ;	putchar.c:37: }
      000018 22               [16]  290 	ret
                                    291 ;------------------------------------------------------------
                                    292 ;Allocation info for local variables in function 'getchar'
                                    293 ;------------------------------------------------------------
                                    294 ;	putchar.c:39: extern int getchar(void)
                                    295 ;	-----------------------------------------
                                    296 ;	 function getchar
                                    297 ;	-----------------------------------------
      000019                        298 _getchar:
                                    299 ;	putchar.c:41: return Serial0GetChar();
      000019 12s00r00r00      [16]  300 	lcall	_Serial0GetChar
      00001D AA 82            [ 8]  301 	mov	r2,dpl
      00001F 8A 84            [ 8]  302 	mov	dpl1,r2
      000021 75 85 00         [12]  303 	mov	dph1,#0x00
      000024 85 84 82         [12]  304 	mov	dpl,dpl1
      000027 85 85 83         [12]  305 	mov	dph,dph1
      00002A                        306 00101$:
                                    307 ;	putchar.c:42: }
      00002A 22               [16]  308 	ret
                                    309 	.area CSEG    (CODE)
                                    310 	.area CONST   (CODE)
                                    311 	.area XINIT   (CODE)
                                    312 	.area CABS    (ABS,CODE)
