                                      1 ;--------------------------------------------------------
                                      2 ; File Created by SDCC : free open source ISO C Compiler 
                                      3 ; Version 4.2.14 #0 (Linux)
                                      4 ;--------------------------------------------------------
                                      5 	.module wcrtomb
                                      6 	.optsdcc -mds390 --model-flat24
                                      7 	
                                      8 ;--------------------------------------------------------
                                      9 ; CPU specific extensions
                                     10 ;--------------------------------------------------------
                                     11 	.DS80C390
                                     12 	.amode	2	; 24 bit flat addressing
                           000082    13 dpl	=	0x82
                           000083    14 dph	=	0x83
                           000084    15 dpl1	=	0x84
                           000085    16 dph1	=	0x85
                           000086    17 dps	=	0x86
                           000093    18 dpx	=	0x93
                           000095    19 dpx1	=	0x95
                           00009B    20 esp	=	0x9B
                           00009C    21 ap	=	0x9C
                           00009C    22 acc1	=	0x9C
                           0000D1    23 mcnt0	=	0xD1
                           0000D2    24 mcnt1	=	0xD2
                           0000D3    25 ma	=	0xD3
                           0000D4    26 mb	=	0xD4
                           0000D5    27 mc	=	0xD5
                           00009D    28 acon	=	0x9D
                           0000C6    29 mcon	=	0xC6
                           0000D1    30 F1	=	0xD1	; user flag
                                     31 ;--------------------------------------------------------
                                     32 ; Public variables in this module
                                     33 ;--------------------------------------------------------
                                     34 	.globl _wctomb
                                     35 	.globl _wcrtomb_PARM_3
                                     36 	.globl _wcrtomb_PARM_2
                                     37 	.globl _wcrtomb
                                     38 ;--------------------------------------------------------
                                     39 ; special function registers
                                     40 ;--------------------------------------------------------
                                     41 ;--------------------------------------------------------
                                     42 ; special function bits
                                     43 ;--------------------------------------------------------
                                     44 ;--------------------------------------------------------
                                     45 ; overlayable register banks
                                     46 ;--------------------------------------------------------
                                     47 	.area REG_BANK_0	(REL,OVR,DATA)
      000000                         48 	.ds 8
                                     49 ;--------------------------------------------------------
                                     50 ; internal ram data
                                     51 ;--------------------------------------------------------
                                     52 	.area DSEG    (DATA)
                                     53 ;--------------------------------------------------------
                                     54 ; overlayable items in internal ram
                                     55 ;--------------------------------------------------------
                                     56 ;--------------------------------------------------------
                                     57 ; indirectly addressable internal ram data
                                     58 ;--------------------------------------------------------
                                     59 	.area ISEG    (DATA)
                                     60 ;--------------------------------------------------------
                                     61 ; absolute internal ram data
                                     62 ;--------------------------------------------------------
                                     63 	.area IABS    (ABS,DATA)
                                     64 	.area IABS    (ABS,DATA)
                                     65 ;--------------------------------------------------------
                                     66 ; bit data
                                     67 ;--------------------------------------------------------
                                     68 	.area BSEG    (BIT)
                                     69 ;--------------------------------------------------------
                                     70 ; paged external ram data
                                     71 ;--------------------------------------------------------
                                     72 	.area PSEG    (PAG,XDATA)
                                     73 ;--------------------------------------------------------
                                     74 ; uninitialized external ram data
                                     75 ;--------------------------------------------------------
                                     76 	.area XSEG    (XDATA)
      000000                         77 _wcrtomb_PARM_2:
      000000                         78 	.ds 4
      000004                         79 _wcrtomb_PARM_3:
      000004                         80 	.ds 4
                                     81 ;--------------------------------------------------------
                                     82 ; absolute external ram data
                                     83 ;--------------------------------------------------------
                                     84 	.area XABS    (ABS,XDATA)
                                     85 ;--------------------------------------------------------
                                     86 ; initialized external ram data
                                     87 ;--------------------------------------------------------
                                     88 	.area XISEG   (XDATA)
                                     89 ;--------------------------------------------------------
                                     90 ; global & static initialisations
                                     91 ;--------------------------------------------------------
                                     92 	.area HOME    (CODE)
                                     93 	.area GSINIT  (CODE)
                                     94 	.area GSFINAL (CODE)
                                     95 	.area GSINIT  (CODE)
                                     96 ;--------------------------------------------------------
                                     97 ; Home
                                     98 ;--------------------------------------------------------
                                     99 	.area HOME    (CODE)
                                    100 	.area HOME    (CODE)
                                    101 ;--------------------------------------------------------
                                    102 ; code
                                    103 ;--------------------------------------------------------
                                    104 	.area CSEG    (CODE)
                                    105 ;------------------------------------------------------------
                                    106 ;Allocation info for local variables in function 'wcrtomb'
                                    107 ;------------------------------------------------------------
                                    108 ;wc                        Allocated with name '_wcrtomb_PARM_2'
                                    109 ;ps                        Allocated with name '_wcrtomb_PARM_3'
                                    110 ;s                         Allocated to registers r2 r3 r4 r5 
                                    111 ;ret                       Allocated to registers r2 r3 
                                    112 ;------------------------------------------------------------
                                    113 ;	wcrtomb.c:34: size_t wcrtomb(char *restrict s, wchar_t wc, mbstate_t *restrict ps)
                                    114 ;	-----------------------------------------
                                    115 ;	 function wcrtomb
                                    116 ;	-----------------------------------------
      000000                        117 _wcrtomb:
                           000002   118 	ar2 = 0x02
                           000003   119 	ar3 = 0x03
                           000004   120 	ar4 = 0x04
                           000005   121 	ar5 = 0x05
                           000006   122 	ar6 = 0x06
                           000007   123 	ar7 = 0x07
                           000000   124 	ar0 = 0x00
                           000001   125 	ar1 = 0x01
      000000 AA 82            [ 8]  126 	mov	r2,dpl
      000002 AB 83            [ 8]  127 	mov	r3,dph
      000004 AC 93            [ 8]  128 	mov	r4,dpx
      000006 AD F0            [ 8]  129 	mov	r5,b
                                    130 ;	wcrtomb.c:40: ret = wctomb(s, wc);
      000008 90s00r00r00      [12]  131 	mov	dptr,#_wcrtomb_PARM_2
                                    132 ;	genAssign: resultIsFar = TRUE
      00000C 75 86 21         [12]  133 	mov	dps,#0x21
      00000F 90s00r00r00      [12]  134 	mov	dptr,#_wctomb_PARM_2
      000013 E0               [ 8]  135 	movx	a,@dptr
      000014 F0               [ 8]  136 	movx	@dptr,a
      000015 A3               [12]  137 	inc	dptr
      000016 A3               [12]  138 	inc	dptr
      000017 E0               [ 8]  139 	movx	a,@dptr
      000018 F0               [ 8]  140 	movx	@dptr,a
      000019 A3               [12]  141 	inc	dptr
      00001A A3               [12]  142 	inc	dptr
      00001B E0               [ 8]  143 	movx	a,@dptr
      00001C F0               [ 8]  144 	movx	@dptr,a
      00001D A3               [12]  145 	inc	dptr
      00001E A3               [12]  146 	inc	dptr
      00001F E0               [ 8]  147 	movx	a,@dptr
      000020 F0               [ 8]  148 	movx	@dptr,a
      000021 75 86 00         [12]  149 	mov	dps,#0
      000024 8A 82            [ 8]  150 	mov	dpl,r2
      000026 8B 83            [ 8]  151 	mov	dph,r3
      000028 8C 93            [ 8]  152 	mov	dpx,r4
      00002A 8D F0            [ 8]  153 	mov	b,r5
      00002C 12s00r00r00      [16]  154 	lcall	_wctomb
      000030 AA 82            [ 8]  155 	mov	r2,dpl
      000032 AB 83            [ 8]  156 	mov	r3,dph
                                    157 ;	genAssign: resultIsFar = TRUE
      000034 8A 84            [ 8]  158 	mov	dpl1,r2
      000036 8B 85            [ 8]  159 	mov	dph1,r3
                                    160 ;	wcrtomb.c:42: if(ret == (size_t)(-1))
      000038 E5 84            [ 8]  161 	mov	a,dpl1
      00003A B4 FF 0F         [16]  162 	cjne a,#0xff,00102$
      00003D E5 85            [ 8]  163 	mov  a,dph1
      00003F B4 FF 0A         [16]  164 	cjne a,#0xff,00102$
      000042                        165 00110$:
                                    166 ;	wcrtomb.c:43: errno = EILSEQ;
                                    167 ;	genAssign: resultIsFar = TRUE
      000042 90s00r00r00      [12]  168 	mov	dptr,#_errno
      000046 74 54            [ 8]  169 	mov	a,#0x54
      000048 F0               [ 8]  170 	movx	@dptr,a
      000049 E4               [ 4]  171 	clr	a
      00004A A3               [12]  172 	inc	dptr
      00004B F0               [ 8]  173 	movx	@dptr,a
      00004C                        174 00102$:
                                    175 ;	wcrtomb.c:45: return(ret);
      00004C 85 84 82         [12]  176 	mov	dpl,dpl1
      00004F 85 85 83         [12]  177 	mov	dph,dph1
      000052                        178 00103$:
                                    179 ;	wcrtomb.c:46: }
      000052 22               [16]  180 	ret
                                    181 	.area CSEG    (CODE)
                                    182 	.area CONST   (CODE)
                                    183 	.area XINIT   (CODE)
                                    184 	.area CABS    (ABS,CODE)
