                                      1 ;--------------------------------------------------------
                                      2 ; File Created by SDCC : free open source ISO C Compiler 
                                      3 ; Version 4.2.14 #0 (Linux)
                                      4 ;--------------------------------------------------------
                                      5 	.module wctomb
                                      6 	.optsdcc -mds390 --model-flat24
                                      7 	
                                      8 ;--------------------------------------------------------
                                      9 ; CPU specific extensions
                                     10 ;--------------------------------------------------------
                                     11 	.DS80C390
                                     12 	.amode	2	; 24 bit flat addressing
                           000082    13 dpl	=	0x82
                           000083    14 dph	=	0x83
                           000084    15 dpl1	=	0x84
                           000085    16 dph1	=	0x85
                           000086    17 dps	=	0x86
                           000093    18 dpx	=	0x93
                           000095    19 dpx1	=	0x95
                           00009B    20 esp	=	0x9B
                           00009C    21 ap	=	0x9C
                           00009C    22 acc1	=	0x9C
                           0000D1    23 mcnt0	=	0xD1
                           0000D2    24 mcnt1	=	0xD2
                           0000D3    25 ma	=	0xD3
                           0000D4    26 mb	=	0xD4
                           0000D5    27 mc	=	0xD5
                           00009D    28 acon	=	0x9D
                           0000C6    29 mcon	=	0xC6
                           0000D1    30 F1	=	0xD1	; user flag
                                     31 ;--------------------------------------------------------
                                     32 ; Public variables in this module
                                     33 ;--------------------------------------------------------
                                     34 	.globl _wctomb_PARM_2
                                     35 	.globl _wctomb
                                     36 ;--------------------------------------------------------
                                     37 ; special function registers
                                     38 ;--------------------------------------------------------
                                     39 ;--------------------------------------------------------
                                     40 ; special function bits
                                     41 ;--------------------------------------------------------
                                     42 ;--------------------------------------------------------
                                     43 ; overlayable register banks
                                     44 ;--------------------------------------------------------
                                     45 	.area REG_BANK_0	(REL,OVR,DATA)
      000000                         46 	.ds 8
                                     47 ;--------------------------------------------------------
                                     48 ; internal ram data
                                     49 ;--------------------------------------------------------
                                     50 	.area DSEG    (DATA)
                                     51 ;--------------------------------------------------------
                                     52 ; overlayable items in internal ram
                                     53 ;--------------------------------------------------------
                                     54 ;--------------------------------------------------------
                                     55 ; indirectly addressable internal ram data
                                     56 ;--------------------------------------------------------
                                     57 	.area ISEG    (DATA)
                                     58 ;--------------------------------------------------------
                                     59 ; absolute internal ram data
                                     60 ;--------------------------------------------------------
                                     61 	.area IABS    (ABS,DATA)
                                     62 	.area IABS    (ABS,DATA)
                                     63 ;--------------------------------------------------------
                                     64 ; bit data
                                     65 ;--------------------------------------------------------
                                     66 	.area BSEG    (BIT)
                                     67 ;--------------------------------------------------------
                                     68 ; paged external ram data
                                     69 ;--------------------------------------------------------
                                     70 	.area PSEG    (PAG,XDATA)
                                     71 ;--------------------------------------------------------
                                     72 ; uninitialized external ram data
                                     73 ;--------------------------------------------------------
                                     74 	.area XSEG    (XDATA)
      000000                         75 _wctomb_PARM_2:
      000000                         76 	.ds 4
      000004                         77 _wctomb_s_65536_36:
      000004                         78 	.ds 4
                                     79 ;--------------------------------------------------------
                                     80 ; absolute external ram data
                                     81 ;--------------------------------------------------------
                                     82 	.area XABS    (ABS,XDATA)
                                     83 ;--------------------------------------------------------
                                     84 ; initialized external ram data
                                     85 ;--------------------------------------------------------
                                     86 	.area XISEG   (XDATA)
                                     87 ;--------------------------------------------------------
                                     88 ; global & static initialisations
                                     89 ;--------------------------------------------------------
                                     90 	.area HOME    (CODE)
                                     91 	.area GSINIT  (CODE)
                                     92 	.area GSFINAL (CODE)
                                     93 	.area GSINIT  (CODE)
                                     94 ;--------------------------------------------------------
                                     95 ; Home
                                     96 ;--------------------------------------------------------
                                     97 	.area HOME    (CODE)
                                     98 	.area HOME    (CODE)
                                     99 ;--------------------------------------------------------
                                    100 ; code
                                    101 ;--------------------------------------------------------
                                    102 	.area CSEG    (CODE)
                                    103 ;------------------------------------------------------------
                                    104 ;Allocation info for local variables in function 'wctomb'
                                    105 ;------------------------------------------------------------
                                    106 ;wc                        Allocated with name '_wctomb_PARM_2'
                                    107 ;s                         Allocated with name '_wctomb_s_65536_36'
                                    108 ;sloc0                     Allocated with name '_wctomb_sloc0_1_0'
                                    109 ;------------------------------------------------------------
                                    110 ;	wctomb.c:31: int wctomb(char *s, wchar_t wc)
                                    111 ;	-----------------------------------------
                                    112 ;	 function wctomb
                                    113 ;	-----------------------------------------
      000000                        114 _wctomb:
                           000002   115 	ar2 = 0x02
                           000003   116 	ar3 = 0x03
                           000004   117 	ar4 = 0x04
                           000005   118 	ar5 = 0x05
                           000006   119 	ar6 = 0x06
                           000007   120 	ar7 = 0x07
                           000000   121 	ar0 = 0x00
                           000001   122 	ar1 = 0x01
      000000 75 86 01         [12]  123 	mov     dps, #1
      000003 90s00r00r04      [12]  124 	mov     dptr, #_wctomb_s_65536_36
      000007 E5 82            [ 8]  125 	mov	a,dpl
      000009 F0               [ 8]  126 	movx	@dptr,a
      00000A A3               [12]  127 	inc	dptr
      00000B E5 83            [ 8]  128 	mov	a,dph
      00000D F0               [ 8]  129 	movx	@dptr,a
      00000E A3               [12]  130 	inc	dptr
      00000F E5 93            [ 8]  131 	mov	a,dpx
      000011 F0               [ 8]  132 	movx	@dptr,a
      000012 A3               [12]  133 	inc	dptr
      000013 E5 F0            [ 8]  134 	mov	a,b
      000015 F0               [ 8]  135 	movx	@dptr,a
      000016 75 86 00         [12]  136 	mov	dps,#0
                                    137 ;	wctomb.c:33: if(!s)
      000019 90s00r00r04      [12]  138 	mov	dptr,#_wctomb_s_65536_36
      00001D E0               [ 8]  139 	movx	a,@dptr
      00001E F5 F0            [ 8]  140 	mov	b,a
      000020 A3               [12]  141 	inc	dptr
      000021 E0               [ 8]  142 	movx	a,@dptr
      000022 42 F0            [ 8]  143 	orl	b,a
      000024 A3               [12]  144 	inc	dptr
      000025 E0               [ 8]  145 	movx	a,@dptr
      000026 45 F0            [ 8]  146 	orl	a,b
      000028 70 08            [12]  147 	jnz  00102$
      00002A                        148 00149$:
                                    149 ;	wctomb.c:34: return(0);
      00002A 90 00 00 00      [12]  150 	mov  dptr,#0x0000
      00002E 02s00r03r25      [16]  151 	ljmp	00119$
      000032                        152 00102$:
                                    153 ;	wctomb.c:36: if(wc < 0x80)
      000032 90s00r00r00      [12]  154 	mov	dptr,#_wctomb_PARM_2
      000036 C3               [ 4]  155 	clr	c
      000037 E0               [ 8]  156 	movx	a,@dptr
      000038 94 80            [ 8]  157 	subb	a,#0x80
      00003A A3               [12]  158 	inc	dptr
      00003B E0               [ 8]  159 	movx	a,@dptr
      00003C 94 00            [ 8]  160 	subb	a,#0x00
      00003E A3               [12]  161 	inc	dptr
      00003F E0               [ 8]  162 	movx	a,@dptr
      000040 94 00            [ 8]  163 	subb	a,#0x00
      000042 A3               [12]  164 	inc	dptr
      000043 E0               [ 8]  165 	movx	a,@dptr
      000044 94 00            [ 8]  166 	subb	a,#0x00
      000046 50 2C            [12]  167 	jnc  00117$
      000048                        168 00150$:
                                    169 ;	wctomb.c:38: s[0] = wc;
      000048 90s00r00r00      [12]  170 	mov	dptr,#_wctomb_PARM_2
      00004C E0               [ 8]  171 	movx	a,@dptr
      00004D FE               [ 4]  172 	mov	r6,a
      00004E 90s00r00r04      [12]  173 	mov	dptr,#_wctomb_s_65536_36
      000052 E0               [ 8]  174 	movx	a,@dptr
      000053 C0 E0            [ 8]  175 	push	acc
      000055 A3               [12]  176 	inc	dptr
      000056 E0               [ 8]  177 	movx	a,@dptr
      000057 C0 E0            [ 8]  178 	push	acc
      000059 A3               [12]  179 	inc	dptr
      00005A E0               [ 8]  180 	movx	a,@dptr
      00005B C0 E0            [ 8]  181 	push	acc
      00005D A3               [12]  182 	inc	dptr
      00005E E0               [ 8]  183 	movx	a,@dptr
      00005F F5 F0            [ 8]  184 	mov	b,a
      000061 D0 93            [ 8]  185 	pop	dpx
      000063 D0 83            [ 8]  186 	pop	dph
      000065 D0 82            [ 8]  187 	pop	dpl
      000067 EE               [ 4]  188 	mov	a,r6
      000068 12s00r00r00      [16]  189 	lcall	__gptrput
                                    190 ;	wctomb.c:39: return(1);
      00006C 90 00 00 01      [12]  191 	mov  dptr,#0x0001
      000070 02s00r03r25      [16]  192 	ljmp	00119$
      000074                        193 00117$:
                                    194 ;	wctomb.c:41: else if(wc < 0x800)
      000074 90s00r00r00      [12]  195 	mov	dptr,#_wctomb_PARM_2
      000078 C3               [ 4]  196 	clr	c
      000079 E0               [ 8]  197 	movx	a,@dptr
      00007A 94 00            [ 8]  198 	subb	a,#0x00
      00007C A3               [12]  199 	inc	dptr
      00007D E0               [ 8]  200 	movx	a,@dptr
      00007E 94 08            [ 8]  201 	subb	a,#0x08
      000080 A3               [12]  202 	inc	dptr
      000081 E0               [ 8]  203 	movx	a,@dptr
      000082 94 00            [ 8]  204 	subb	a,#0x00
      000084 A3               [12]  205 	inc	dptr
      000085 E0               [ 8]  206 	movx	a,@dptr
      000086 94 00            [ 8]  207 	subb	a,#0x00
      000088 50 73            [12]  208 	jnc  00114$
      00008A                        209 00151$:
                                    210 ;	wctomb.c:43: s[0] = (wc >> 6) & 0x1f | 0xc0;
      00008A 90s00r00r00      [12]  211 	mov	dptr,#_wctomb_PARM_2
      00008E E0               [ 8]  212 	movx	a,@dptr
      00008F FE               [ 4]  213 	mov	r6,a
      000090 A3               [12]  214 	inc	dptr
      000091 E0               [ 8]  215 	movx	a,@dptr
      000092 FF               [ 4]  216 	mov  r7,a
      000093 A2 E7            [ 8]  217 	mov	c,acc[7]
      000095 CE               [ 4]  218 	xch	a,r6
      000096 33               [ 4]  219 	rlc	a
      000097 CE               [ 4]  220 	xch	a,r6
      000098 33               [ 4]  221 	rlc	a
      000099 A2 E7            [ 8]  222 	mov	c,acc[7]
      00009B CE               [ 4]  223 	xch	a,r6
      00009C 33               [ 4]  224 	rlc	a
      00009D CE               [ 4]  225 	xch	a,r6
      00009E 33               [ 4]  226 	rlc	a
      00009F CE               [ 4]  227 	xch	a,r6
      0000A0 54 03            [ 8]  228 	anl	a,#0x03
      0000A2 FF               [ 4]  229 	mov	r7,a
      0000A3 53 06 1F         [12]  230 	anl	ar6,#0x1f
      0000A6 43 06 C0         [12]  231 	orl	ar6,#0xc0
      0000A9 90s00r00r04      [12]  232 	mov	dptr,#_wctomb_s_65536_36
      0000AD E0               [ 8]  233 	movx	a,@dptr
      0000AE C0 E0            [ 8]  234 	push	acc
      0000B0 A3               [12]  235 	inc	dptr
      0000B1 E0               [ 8]  236 	movx	a,@dptr
      0000B2 C0 E0            [ 8]  237 	push	acc
      0000B4 A3               [12]  238 	inc	dptr
      0000B5 E0               [ 8]  239 	movx	a,@dptr
      0000B6 C0 E0            [ 8]  240 	push	acc
      0000B8 A3               [12]  241 	inc	dptr
      0000B9 E0               [ 8]  242 	movx	a,@dptr
      0000BA F5 F0            [ 8]  243 	mov	b,a
      0000BC D0 93            [ 8]  244 	pop	dpx
      0000BE D0 83            [ 8]  245 	pop	dph
      0000C0 D0 82            [ 8]  246 	pop	dpl
      0000C2 EE               [ 4]  247 	mov	a,r6
      0000C3 12s00r00r00      [16]  248 	lcall	__gptrput
                                    249 ;	wctomb.c:44: s[1] = (wc >> 0) & 0x3f | 0x80;
      0000C7 90s00r00r04      [12]  250 	mov	dptr,#_wctomb_s_65536_36
      0000CB E0               [ 8]  251 	movx	a,@dptr
      0000CC 24 01            [ 8]  252 	add	a,#0x01
      0000CE FA               [ 4]  253 	mov	r2,a
      0000CF A3               [12]  254 	inc	dptr
      0000D0 E0               [ 8]  255 	movx	a,@dptr
      0000D1 34 00            [ 8]  256 	addc	a,#0x00
      0000D3 FB               [ 4]  257 	mov	r3,a
      0000D4 A3               [12]  258 	inc	dptr
      0000D5 E0               [ 8]  259 	movx	a,@dptr
      0000D6 34 00            [ 8]  260 	addc	a,#0x00
      0000D8 FC               [ 4]  261 	mov	r4,a
      0000D9 A3               [12]  262 	inc	dptr
      0000DA E0               [ 8]  263 	movx	a,@dptr
      0000DB FD               [ 4]  264 	mov	r5,a
      0000DC 90s00r00r00      [12]  265 	mov	dptr,#_wctomb_PARM_2
      0000E0 E0               [ 8]  266 	movx	a,@dptr
      0000E1 FE               [ 4]  267 	mov	r6,a
      0000E2 53 06 3F         [12]  268 	anl	ar6,#0x3f
      0000E5 43 06 80         [12]  269 	orl	ar6,#0x80
      0000E8 8A 82            [ 8]  270 	mov	dpl,r2
      0000EA 8B 83            [ 8]  271 	mov	dph,r3
      0000EC 8C 93            [ 8]  272 	mov	dpx,r4
      0000EE 8D F0            [ 8]  273 	mov	b,r5
      0000F0 EE               [ 4]  274 	mov	a,r6
      0000F1 12s00r00r00      [16]  275 	lcall	__gptrput
                                    276 ;	wctomb.c:45: return(2);
      0000F5 90 00 00 02      [12]  277 	mov  dptr,#0x0002
      0000F9 02s00r03r25      [16]  278 	ljmp	00119$
      0000FD                        279 00114$:
                                    280 ;	wctomb.c:47: else if(wc >= 0xd800 && wc < 0xe000) // Unpaired surrogate
      0000FD 90s00r00r00      [12]  281 	mov	dptr,#_wctomb_PARM_2
      000101 C3               [ 4]  282 	clr	c
      000102 E0               [ 8]  283 	movx	a,@dptr
      000103 94 00            [ 8]  284 	subb	a,#0x00
      000105 A3               [12]  285 	inc	dptr
      000106 E0               [ 8]  286 	movx	a,@dptr
      000107 94 D8            [ 8]  287 	subb	a,#0xd8
      000109 A3               [12]  288 	inc	dptr
      00010A E0               [ 8]  289 	movx	a,@dptr
      00010B 94 00            [ 8]  290 	subb	a,#0x00
      00010D A3               [12]  291 	inc	dptr
      00010E E0               [ 8]  292 	movx	a,@dptr
      00010F 94 00            [ 8]  293 	subb	a,#0x00
      000111 40 1E            [12]  294 	jc   00110$
      000113                        295 00152$:
      000113 90s00r00r00      [12]  296 	mov	dptr,#_wctomb_PARM_2
      000117 C3               [ 4]  297 	clr	c
      000118 E0               [ 8]  298 	movx	a,@dptr
      000119 94 00            [ 8]  299 	subb	a,#0x00
      00011B A3               [12]  300 	inc	dptr
      00011C E0               [ 8]  301 	movx	a,@dptr
      00011D 94 E0            [ 8]  302 	subb	a,#0xe0
      00011F A3               [12]  303 	inc	dptr
      000120 E0               [ 8]  304 	movx	a,@dptr
      000121 94 00            [ 8]  305 	subb	a,#0x00
      000123 A3               [12]  306 	inc	dptr
      000124 E0               [ 8]  307 	movx	a,@dptr
      000125 94 00            [ 8]  308 	subb	a,#0x00
      000127 50 08            [12]  309 	jnc  00110$
      000129                        310 00153$:
                                    311 ;	wctomb.c:48: return(-1);
      000129 90 00 FF FF      [12]  312 	mov  dptr,#0xffff
      00012D 02s00r03r25      [16]  313 	ljmp	00119$
      000131                        314 00110$:
                                    315 ;	wctomb.c:49: else if(wc < 0x10000)
      000131 90s00r00r00      [12]  316 	mov	dptr,#_wctomb_PARM_2
      000135 C3               [ 4]  317 	clr	c
      000136 E0               [ 8]  318 	movx	a,@dptr
      000137 94 00            [ 8]  319 	subb	a,#0x00
      000139 A3               [12]  320 	inc	dptr
      00013A E0               [ 8]  321 	movx	a,@dptr
      00013B 94 00            [ 8]  322 	subb	a,#0x00
      00013D A3               [12]  323 	inc	dptr
      00013E E0               [ 8]  324 	movx	a,@dptr
      00013F 94 01            [ 8]  325 	subb	a,#0x01
      000141 A3               [12]  326 	inc	dptr
      000142 E0               [ 8]  327 	movx	a,@dptr
      000143 94 00            [ 8]  328 	subb	a,#0x00
      000145 40 04            [12]  329 	jc	00154$
      000147 02s00r02r0A      [16]  330 	ljmp	00107$
      00014B                        331 00154$:
                                    332 ;	wctomb.c:51: s[0] = (wc >> 12) & 0x0f | 0xe0;
      00014B 90s00r00r00      [12]  333 	mov	dptr,#_wctomb_PARM_2
      00014F A3               [12]  334 	inc	dptr
      000150 E0               [ 8]  335 	movx	a,@dptr
      000151 FE               [ 4]  336 	mov	r6,a
      000152 A3               [12]  337 	inc	dptr
      000153 E0               [ 8]  338 	movx	a,@dptr
      000154 C4               [ 4]  339 	swap	a
      000155 CE               [ 4]  340 	xch	a,r6
      000156 C4               [ 4]  341 	swap	a
      000157 54 0F            [ 8]  342 	anl	a,#0x0f
      000159 6E               [ 4]  343 	xrl	a,r6
      00015A CE               [ 4]  344 	xch	a,r6
      00015B 54 0F            [ 8]  345 	anl	a,#0x0f
      00015D CE               [ 4]  346 	xch	a,r6
      00015E 6E               [ 4]  347 	xrl	a,r6
      00015F CE               [ 4]  348 	xch	a,r6
      000160 FF               [ 4]  349 	mov	r7,a
      000161 A3               [12]  350 	inc	dptr
      000162 E0               [ 8]  351 	movx	a,@dptr
      000163 C4               [ 4]  352 	swap	a
      000164 54 F0            [ 8]  353 	anl	a,#0xf0
      000166 4F               [ 4]  354 	orl	a,r7
      000167 FF               [ 4]  355 	mov	r7,a
      000168 E0               [ 8]  356 	movx	a,@dptr
      000169 C4               [ 4]  357 	swap	a
      00016A 54 0F            [ 8]  358 	anl	a,#0x0f
      00016C F8               [ 4]  359 	mov	r0,a
      00016D 79 00            [ 8]  360 	mov	r1,#0x00
      00016F 53 06 0F         [12]  361 	anl	ar6,#0x0f
      000172 43 06 E0         [12]  362 	orl	ar6,#0xe0
      000175 90s00r00r04      [12]  363 	mov	dptr,#_wctomb_s_65536_36
      000179 E0               [ 8]  364 	movx	a,@dptr
      00017A C0 E0            [ 8]  365 	push	acc
      00017C A3               [12]  366 	inc	dptr
      00017D E0               [ 8]  367 	movx	a,@dptr
      00017E C0 E0            [ 8]  368 	push	acc
      000180 A3               [12]  369 	inc	dptr
      000181 E0               [ 8]  370 	movx	a,@dptr
      000182 C0 E0            [ 8]  371 	push	acc
      000184 A3               [12]  372 	inc	dptr
      000185 E0               [ 8]  373 	movx	a,@dptr
      000186 F5 F0            [ 8]  374 	mov	b,a
      000188 D0 93            [ 8]  375 	pop	dpx
      00018A D0 83            [ 8]  376 	pop	dph
      00018C D0 82            [ 8]  377 	pop	dpl
      00018E EE               [ 4]  378 	mov	a,r6
      00018F 12s00r00r00      [16]  379 	lcall	__gptrput
                                    380 ;	wctomb.c:52: s[1] = (wc >> 6) & 0x3f  | 0x80;
      000193 90s00r00r04      [12]  381 	mov	dptr,#_wctomb_s_65536_36
      000197 E0               [ 8]  382 	movx	a,@dptr
      000198 24 01            [ 8]  383 	add	a,#0x01
      00019A FE               [ 4]  384 	mov	r6,a
      00019B A3               [12]  385 	inc	dptr
      00019C E0               [ 8]  386 	movx	a,@dptr
      00019D 34 00            [ 8]  387 	addc	a,#0x00
      00019F FF               [ 4]  388 	mov	r7,a
      0001A0 A3               [12]  389 	inc	dptr
      0001A1 E0               [ 8]  390 	movx	a,@dptr
      0001A2 34 00            [ 8]  391 	addc	a,#0x00
      0001A4 F8               [ 4]  392 	mov	r0,a
      0001A5 A3               [12]  393 	inc	dptr
      0001A6 E0               [ 8]  394 	movx	a,@dptr
      0001A7 F9               [ 4]  395 	mov	r1,a
      0001A8 90s00r00r00      [12]  396 	mov	dptr,#_wctomb_PARM_2
      0001AC E0               [ 8]  397 	movx	a,@dptr
      0001AD FA               [ 4]  398 	mov	r2,a
      0001AE A3               [12]  399 	inc	dptr
      0001AF E0               [ 8]  400 	movx	a,@dptr
      0001B0 FB               [ 4]  401 	mov  r3,a
      0001B1 A2 E7            [ 8]  402 	mov	c,acc[7]
      0001B3 CA               [ 4]  403 	xch	a,r2
      0001B4 33               [ 4]  404 	rlc	a
      0001B5 CA               [ 4]  405 	xch	a,r2
      0001B6 33               [ 4]  406 	rlc	a
      0001B7 A2 E7            [ 8]  407 	mov	c,acc[7]
      0001B9 CA               [ 4]  408 	xch	a,r2
      0001BA 33               [ 4]  409 	rlc	a
      0001BB CA               [ 4]  410 	xch	a,r2
      0001BC 33               [ 4]  411 	rlc	a
      0001BD CA               [ 4]  412 	xch	a,r2
      0001BE 54 03            [ 8]  413 	anl	a,#0x03
      0001C0 FB               [ 4]  414 	mov	r3,a
      0001C1 53 02 3F         [12]  415 	anl	ar2,#0x3f
      0001C4 43 02 80         [12]  416 	orl	ar2,#0x80
      0001C7 8E 82            [ 8]  417 	mov	dpl,r6
      0001C9 8F 83            [ 8]  418 	mov	dph,r7
      0001CB 88 93            [ 8]  419 	mov	dpx,r0
      0001CD 89 F0            [ 8]  420 	mov	b,r1
      0001CF EA               [ 4]  421 	mov	a,r2
      0001D0 12s00r00r00      [16]  422 	lcall	__gptrput
                                    423 ;	wctomb.c:53: s[2] = (wc >> 0) & 0x3f  | 0x80;
      0001D4 90s00r00r04      [12]  424 	mov	dptr,#_wctomb_s_65536_36
      0001D8 E0               [ 8]  425 	movx	a,@dptr
      0001D9 24 02            [ 8]  426 	add	a,#0x02
      0001DB FA               [ 4]  427 	mov	r2,a
      0001DC A3               [12]  428 	inc	dptr
      0001DD E0               [ 8]  429 	movx	a,@dptr
      0001DE 34 00            [ 8]  430 	addc	a,#0x00
      0001E0 FB               [ 4]  431 	mov	r3,a
      0001E1 A3               [12]  432 	inc	dptr
      0001E2 E0               [ 8]  433 	movx	a,@dptr
      0001E3 34 00            [ 8]  434 	addc	a,#0x00
      0001E5 FC               [ 4]  435 	mov	r4,a
      0001E6 A3               [12]  436 	inc	dptr
      0001E7 E0               [ 8]  437 	movx	a,@dptr
      0001E8 FD               [ 4]  438 	mov	r5,a
      0001E9 90s00r00r00      [12]  439 	mov	dptr,#_wctomb_PARM_2
      0001ED E0               [ 8]  440 	movx	a,@dptr
      0001EE FE               [ 4]  441 	mov	r6,a
      0001EF 53 06 3F         [12]  442 	anl	ar6,#0x3f
      0001F2 43 06 80         [12]  443 	orl	ar6,#0x80
      0001F5 8A 82            [ 8]  444 	mov	dpl,r2
      0001F7 8B 83            [ 8]  445 	mov	dph,r3
      0001F9 8C 93            [ 8]  446 	mov	dpx,r4
      0001FB 8D F0            [ 8]  447 	mov	b,r5
      0001FD EE               [ 4]  448 	mov	a,r6
      0001FE 12s00r00r00      [16]  449 	lcall	__gptrput
                                    450 ;	wctomb.c:54: return(3);
      000202 90 00 00 03      [12]  451 	mov  dptr,#0x0003
      000206 02s00r03r25      [16]  452 	ljmp	00119$
      00020A                        453 00107$:
                                    454 ;	wctomb.c:56: else if(wc < 0x110000)
      00020A 90s00r00r00      [12]  455 	mov	dptr,#_wctomb_PARM_2
      00020E C3               [ 4]  456 	clr	c
      00020F E0               [ 8]  457 	movx	a,@dptr
      000210 94 00            [ 8]  458 	subb	a,#0x00
      000212 A3               [12]  459 	inc	dptr
      000213 E0               [ 8]  460 	movx	a,@dptr
      000214 94 00            [ 8]  461 	subb	a,#0x00
      000216 A3               [12]  462 	inc	dptr
      000217 E0               [ 8]  463 	movx	a,@dptr
      000218 94 11            [ 8]  464 	subb	a,#0x11
      00021A A3               [12]  465 	inc	dptr
      00021B E0               [ 8]  466 	movx	a,@dptr
      00021C 94 00            [ 8]  467 	subb	a,#0x00
      00021E 40 04            [12]  468 	jc	00155$
      000220 02s00r03r21      [16]  469 	ljmp	00104$
      000224                        470 00155$:
                                    471 ;	wctomb.c:58: s[0] = (wc >> 18) & 0x07 | 0xf0;
      000224 90s00r00r00      [12]  472 	mov	dptr,#_wctomb_PARM_2
      000228 A3               [12]  473 	inc	dptr
      000229 A3               [12]  474 	inc	dptr
      00022A E0               [ 8]  475 	movx	a,@dptr
      00022B FA               [ 4]  476 	mov	r2,a
      00022C A3               [12]  477 	inc	dptr
      00022D E0               [ 8]  478 	movx	a,@dptr
      00022E C3               [ 4]  479 	clr	c
      00022F 13               [ 4]  480 	rrc	a
      000230 CA               [ 4]  481 	xch	a,r2
      000231 13               [ 4]  482 	rrc	a
      000232 CA               [ 4]  483 	xch	a,r2
      000233 C3               [ 4]  484 	clr	c
      000234 13               [ 4]  485 	rrc	a
      000235 CA               [ 4]  486 	xch	a,r2
      000236 13               [ 4]  487 	rrc	a
      000237 CA               [ 4]  488 	xch	a,r2
      000238 FB               [ 4]  489 	mov	r3,a
      000239 7C 00            [ 8]  490 	mov	r4,#0x00
      00023B 7D 00            [ 8]  491 	mov	r5,#0x00
      00023D 53 02 07         [12]  492 	anl	ar2,#0x07
      000240 43 02 F0         [12]  493 	orl	ar2,#0xf0
      000243 90s00r00r04      [12]  494 	mov	dptr,#_wctomb_s_65536_36
      000247 E0               [ 8]  495 	movx	a,@dptr
      000248 C0 E0            [ 8]  496 	push	acc
      00024A A3               [12]  497 	inc	dptr
      00024B E0               [ 8]  498 	movx	a,@dptr
      00024C C0 E0            [ 8]  499 	push	acc
      00024E A3               [12]  500 	inc	dptr
      00024F E0               [ 8]  501 	movx	a,@dptr
      000250 C0 E0            [ 8]  502 	push	acc
      000252 A3               [12]  503 	inc	dptr
      000253 E0               [ 8]  504 	movx	a,@dptr
      000254 F5 F0            [ 8]  505 	mov	b,a
      000256 D0 93            [ 8]  506 	pop	dpx
      000258 D0 83            [ 8]  507 	pop	dph
      00025A D0 82            [ 8]  508 	pop	dpl
      00025C EA               [ 4]  509 	mov	a,r2
      00025D 12s00r00r00      [16]  510 	lcall	__gptrput
                                    511 ;	wctomb.c:59: s[1] = (wc >> 12) & 0x3f | 0x80;
      000261 90s00r00r04      [12]  512 	mov	dptr,#_wctomb_s_65536_36
      000265 E0               [ 8]  513 	movx	a,@dptr
      000266 24 01            [ 8]  514 	add	a,#0x01
      000268 FA               [ 4]  515 	mov	r2,a
      000269 A3               [12]  516 	inc	dptr
      00026A E0               [ 8]  517 	movx	a,@dptr
      00026B 34 00            [ 8]  518 	addc	a,#0x00
      00026D FB               [ 4]  519 	mov	r3,a
      00026E A3               [12]  520 	inc	dptr
      00026F E0               [ 8]  521 	movx	a,@dptr
      000270 34 00            [ 8]  522 	addc	a,#0x00
      000272 FC               [ 4]  523 	mov	r4,a
      000273 A3               [12]  524 	inc	dptr
      000274 E0               [ 8]  525 	movx	a,@dptr
      000275 FD               [ 4]  526 	mov	r5,a
      000276 90s00r00r00      [12]  527 	mov	dptr,#_wctomb_PARM_2
      00027A A3               [12]  528 	inc	dptr
      00027B E0               [ 8]  529 	movx	a,@dptr
      00027C FE               [ 4]  530 	mov	r6,a
      00027D A3               [12]  531 	inc	dptr
      00027E E0               [ 8]  532 	movx	a,@dptr
      00027F C4               [ 4]  533 	swap	a
      000280 CE               [ 4]  534 	xch	a,r6
      000281 C4               [ 4]  535 	swap	a
      000282 54 0F            [ 8]  536 	anl	a,#0x0f
      000284 6E               [ 4]  537 	xrl	a,r6
      000285 CE               [ 4]  538 	xch	a,r6
      000286 54 0F            [ 8]  539 	anl	a,#0x0f
      000288 CE               [ 4]  540 	xch	a,r6
      000289 6E               [ 4]  541 	xrl	a,r6
      00028A CE               [ 4]  542 	xch	a,r6
      00028B FF               [ 4]  543 	mov	r7,a
      00028C A3               [12]  544 	inc	dptr
      00028D E0               [ 8]  545 	movx	a,@dptr
      00028E C4               [ 4]  546 	swap	a
      00028F 54 F0            [ 8]  547 	anl	a,#0xf0
      000291 4F               [ 4]  548 	orl	a,r7
      000292 FF               [ 4]  549 	mov	r7,a
      000293 E0               [ 8]  550 	movx	a,@dptr
      000294 C4               [ 4]  551 	swap	a
      000295 54 0F            [ 8]  552 	anl	a,#0x0f
      000297 F8               [ 4]  553 	mov	r0,a
      000298 79 00            [ 8]  554 	mov	r1,#0x00
      00029A 53 06 3F         [12]  555 	anl	ar6,#0x3f
      00029D 43 06 80         [12]  556 	orl	ar6,#0x80
      0002A0 8A 82            [ 8]  557 	mov	dpl,r2
      0002A2 8B 83            [ 8]  558 	mov	dph,r3
      0002A4 8C 93            [ 8]  559 	mov	dpx,r4
      0002A6 8D F0            [ 8]  560 	mov	b,r5
      0002A8 EE               [ 4]  561 	mov	a,r6
      0002A9 12s00r00r00      [16]  562 	lcall	__gptrput
                                    563 ;	wctomb.c:60: s[2] = (wc >> 6) & 0x3f  | 0x80;
      0002AD 90s00r00r04      [12]  564 	mov	dptr,#_wctomb_s_65536_36
      0002B1 E0               [ 8]  565 	movx	a,@dptr
      0002B2 24 02            [ 8]  566 	add	a,#0x02
      0002B4 FA               [ 4]  567 	mov	r2,a
      0002B5 A3               [12]  568 	inc	dptr
      0002B6 E0               [ 8]  569 	movx	a,@dptr
      0002B7 34 00            [ 8]  570 	addc	a,#0x00
      0002B9 FB               [ 4]  571 	mov	r3,a
      0002BA A3               [12]  572 	inc	dptr
      0002BB E0               [ 8]  573 	movx	a,@dptr
      0002BC 34 00            [ 8]  574 	addc	a,#0x00
      0002BE FC               [ 4]  575 	mov	r4,a
      0002BF A3               [12]  576 	inc	dptr
      0002C0 E0               [ 8]  577 	movx	a,@dptr
      0002C1 FD               [ 4]  578 	mov	r5,a
      0002C2 90s00r00r00      [12]  579 	mov	dptr,#_wctomb_PARM_2
      0002C6 E0               [ 8]  580 	movx	a,@dptr
      0002C7 FE               [ 4]  581 	mov	r6,a
      0002C8 A3               [12]  582 	inc	dptr
      0002C9 E0               [ 8]  583 	movx	a,@dptr
      0002CA FF               [ 4]  584 	mov  r7,a
      0002CB A2 E7            [ 8]  585 	mov	c,acc[7]
      0002CD CE               [ 4]  586 	xch	a,r6
      0002CE 33               [ 4]  587 	rlc	a
      0002CF CE               [ 4]  588 	xch	a,r6
      0002D0 33               [ 4]  589 	rlc	a
      0002D1 A2 E7            [ 8]  590 	mov	c,acc[7]
      0002D3 CE               [ 4]  591 	xch	a,r6
      0002D4 33               [ 4]  592 	rlc	a
      0002D5 CE               [ 4]  593 	xch	a,r6
      0002D6 33               [ 4]  594 	rlc	a
      0002D7 CE               [ 4]  595 	xch	a,r6
      0002D8 54 03            [ 8]  596 	anl	a,#0x03
      0002DA FF               [ 4]  597 	mov	r7,a
      0002DB 53 06 3F         [12]  598 	anl	ar6,#0x3f
      0002DE 43 06 80         [12]  599 	orl	ar6,#0x80
      0002E1 8A 82            [ 8]  600 	mov	dpl,r2
      0002E3 8B 83            [ 8]  601 	mov	dph,r3
      0002E5 8C 93            [ 8]  602 	mov	dpx,r4
      0002E7 8D F0            [ 8]  603 	mov	b,r5
      0002E9 EE               [ 4]  604 	mov	a,r6
      0002EA 12s00r00r00      [16]  605 	lcall	__gptrput
                                    606 ;	wctomb.c:61: s[3] = (wc >> 0) & 0x3f  | 0x80;
      0002EE 90s00r00r04      [12]  607 	mov	dptr,#_wctomb_s_65536_36
      0002F2 E0               [ 8]  608 	movx	a,@dptr
      0002F3 24 03            [ 8]  609 	add	a,#0x03
      0002F5 FA               [ 4]  610 	mov	r2,a
      0002F6 A3               [12]  611 	inc	dptr
      0002F7 E0               [ 8]  612 	movx	a,@dptr
      0002F8 34 00            [ 8]  613 	addc	a,#0x00
      0002FA FB               [ 4]  614 	mov	r3,a
      0002FB A3               [12]  615 	inc	dptr
      0002FC E0               [ 8]  616 	movx	a,@dptr
      0002FD 34 00            [ 8]  617 	addc	a,#0x00
      0002FF FC               [ 4]  618 	mov	r4,a
      000300 A3               [12]  619 	inc	dptr
      000301 E0               [ 8]  620 	movx	a,@dptr
      000302 FD               [ 4]  621 	mov	r5,a
      000303 90s00r00r00      [12]  622 	mov	dptr,#_wctomb_PARM_2
      000307 E0               [ 8]  623 	movx	a,@dptr
      000308 FE               [ 4]  624 	mov	r6,a
      000309 53 06 3F         [12]  625 	anl	ar6,#0x3f
      00030C 43 06 80         [12]  626 	orl	ar6,#0x80
      00030F 8A 82            [ 8]  627 	mov	dpl,r2
      000311 8B 83            [ 8]  628 	mov	dph,r3
      000313 8C 93            [ 8]  629 	mov	dpx,r4
      000315 8D F0            [ 8]  630 	mov	b,r5
      000317 EE               [ 4]  631 	mov	a,r6
      000318 12s00r00r00      [16]  632 	lcall	__gptrput
                                    633 ;	wctomb.c:62: return(4);
      00031C 90 00 00 04      [12]  634 	mov  dptr,#0x0004
                                    635 ;	wctomb.c:65: return(-1);
                                    636 ;	wctomb.c:66: }
      000320 22               [16]  637 	ret
      000321                        638 00104$:
      000321 90 00 FF FF      [12]  639 	mov     dptr,#0xffff
      000325                        640 00119$:
      000325 22               [16]  641 	ret
                                    642 	.area CSEG    (CODE)
                                    643 	.area CONST   (CODE)
                                    644 	.area XINIT   (CODE)
                                    645 	.area CABS    (ABS,CODE)
