                              1 ;--------------------------------------------------------
                              2 ; File Created by SDCC : free open source ISO C Compiler 
                              3 ; Version 4.2.14 #0 (Linux)
                              4 ;--------------------------------------------------------
                              5 	.cs08
                              6 	.module __itoa
                              7 	.optsdcc -ms08
                              8 	
                              9 	.area HOME    (CODE)
                             10 	.area GSINIT0 (CODE)
                             11 	.area GSINIT  (CODE)
                             12 	.area GSFINAL (CODE)
                             13 	.area CSEG    (CODE)
                             14 	.area XINIT   (CODE)
                             15 	.area CONST   (CODE)
                             16 	.area DSEG    (PAG)
                             17 	.area OSEG    (PAG, OVR)
                             18 	.area XSEG
                             19 	.area XISEG
                             20 ;--------------------------------------------------------
                             21 ; Public variables in this module
                             22 ;--------------------------------------------------------
                             23 	.globl ___itoa_PARM_3
                             24 	.globl ___itoa_PARM_2
                             25 	.globl ___uitoa_PARM_3
                             26 	.globl ___uitoa_PARM_2
                             27 	.globl ___uitoa
                             28 	.globl ___itoa
                             29 ;--------------------------------------------------------
                             30 ; ram data
                             31 ;--------------------------------------------------------
                             32 	.area DSEG    (PAG)
   0000                      33 ___uitoa_sloc0_1_0:
   0000                      34 	.ds 1
   0001                      35 ___uitoa_sloc1_1_0:
   0001                      36 	.ds 2
   0003                      37 ___uitoa_sloc2_1_0:
   0003                      38 	.ds 2
   0005                      39 ___uitoa_sloc3_1_0:
   0005                      40 	.ds 2
   0007                      41 ___uitoa_sloc4_1_0:
   0007                      42 	.ds 2
                             43 ;--------------------------------------------------------
                             44 ; overlayable items in ram
                             45 ;--------------------------------------------------------
                             46 ;--------------------------------------------------------
                             47 ; absolute ram data
                             48 ;--------------------------------------------------------
                             49 	.area IABS    (ABS)
                             50 	.area IABS    (ABS)
                             51 ;--------------------------------------------------------
                             52 ; absolute external ram data
                             53 ;--------------------------------------------------------
                             54 	.area XABS    (ABS)
                             55 ;--------------------------------------------------------
                             56 ; initialized external ram data
                             57 ;--------------------------------------------------------
                             58 	.area XISEG
                             59 ;--------------------------------------------------------
                             60 ; extended address mode data
                             61 ;--------------------------------------------------------
                             62 	.area XSEG
   0000                      63 ___uitoa_PARM_2:
   0000                      64 	.ds 2
   0002                      65 ___uitoa_PARM_3:
   0002                      66 	.ds 1
   0003                      67 ___uitoa_value_65536_36:
   0003                      68 	.ds 2
   0005                      69 ___uitoa_tmp_131072_39:
   0005                      70 	.ds 1
   0006                      71 ___itoa_PARM_2:
   0006                      72 	.ds 2
   0008                      73 ___itoa_PARM_3:
   0008                      74 	.ds 1
   0009                      75 ___itoa_value_65536_40:
   0009                      76 	.ds 2
                             77 ;--------------------------------------------------------
                             78 ; global & static initialisations
                             79 ;--------------------------------------------------------
                             80 	.area HOME    (CODE)
                             81 	.area GSINIT  (CODE)
                             82 	.area GSFINAL (CODE)
                             83 	.area GSINIT  (CODE)
                             84 ;--------------------------------------------------------
                             85 ; Home
                             86 ;--------------------------------------------------------
                             87 	.area HOME    (CODE)
                             88 	.area HOME    (CODE)
                             89 ;--------------------------------------------------------
                             90 ; code
                             91 ;--------------------------------------------------------
                             92 	.area CSEG    (CODE)
                             93 ;------------------------------------------------------------
                             94 ;Allocation info for local variables in function '__uitoa'
                             95 ;------------------------------------------------------------
                             96 ;sloc0                     Allocated with name '___uitoa_sloc0_1_0'
                             97 ;sloc1                     Allocated with name '___uitoa_sloc1_1_0'
                             98 ;sloc2                     Allocated with name '___uitoa_sloc2_1_0'
                             99 ;sloc3                     Allocated with name '___uitoa_sloc3_1_0'
                            100 ;sloc4                     Allocated with name '___uitoa_sloc4_1_0'
                            101 ;string                    Allocated with name '___uitoa_PARM_2'
                            102 ;radix                     Allocated with name '___uitoa_PARM_3'
                            103 ;value                     Allocated with name '___uitoa_value_65536_36'
                            104 ;index                     Allocated to registers 
                            105 ;i                         Allocated to registers 
                            106 ;tmp                       Allocated with name '___uitoa_tmp_131072_39'
                            107 ;------------------------------------------------------------
                            108 ;../__itoa.c:42: void __uitoa(unsigned int value, char* string, unsigned char radix)
                            109 ;	-----------------------------------------
                            110 ;	 function __uitoa
                            111 ;	-----------------------------------------
                            112 ;	Register assignment is optimal.
                            113 ;	Stack space usage: 0 bytes.
   0000                     114 ___uitoa:
   0000 C7r00r04      [ 4]  115 	sta	(___uitoa_value_65536_36 + 1)
   0003 CFr00r03      [ 4]  116 	stx	___uitoa_value_65536_36
                            117 ;../__itoa.c:47: do {
   0006 6E 00*00      [ 4]  118 	mov	#0x00,*___uitoa_sloc0_1_0
   0009                     119 00103$:
                            120 ;../__itoa.c:48: string[index] = '0' + (value % radix);
   0009 B6*00         [ 3]  121 	lda	*___uitoa_sloc0_1_0
   000B 87            [ 2]  122 	psha
   000C 49            [ 1]  123 	rola	
   000D 4F            [ 1]  124 	clra	
   000E A2 00         [ 2]  125 	sbc	#0x00
   0010 97            [ 1]  126 	tax
   0011 86            [ 3]  127 	pula
   0012 CBr00r01      [ 4]  128 	add	(___uitoa_PARM_2 + 1)
   0015 B7*02         [ 3]  129 	sta	*(___uitoa_sloc1_1_0 + 1)
   0017 9F            [ 1]  130 	txa
   0018 C9r00r00      [ 4]  131 	adc	___uitoa_PARM_2
   001B B7*01         [ 3]  132 	sta	*___uitoa_sloc1_1_0
   001D C6r00r02      [ 4]  133 	lda	___uitoa_PARM_3
   0020 B7*04         [ 3]  134 	sta	*(___uitoa_sloc2_1_0 + 1)
   0022 6E 00*03      [ 4]  135 	mov	#0x00,*___uitoa_sloc2_1_0
   0025 B6*03         [ 3]  136 	lda	*___uitoa_sloc2_1_0
   0027 C7r00r00      [ 4]  137 	sta	__moduint_PARM_2
   002A B6*04         [ 3]  138 	lda	*(___uitoa_sloc2_1_0 + 1)
   002C C7r00r01      [ 4]  139 	sta	(__moduint_PARM_2 + 1)
   002F C6r00r04      [ 4]  140 	lda	(___uitoa_value_65536_36 + 1)
   0032 CEr00r03      [ 4]  141 	ldx	___uitoa_value_65536_36
   0035 CDr00r00      [ 6]  142 	jsr	__moduint
   0038 AB 30         [ 2]  143 	add	#0x30
   003A 55*01         [ 4]  144 	ldhx	*___uitoa_sloc1_1_0
   003C F7            [ 2]  145 	sta	,x
                            146 ;../__itoa.c:49: if (string[index] > '9')
   003D 55*01         [ 4]  147 	ldhx	*___uitoa_sloc1_1_0
   003F F6            [ 3]  148 	lda	,x
   0040 A1 39         [ 2]  149 	cmp	#0x39
   0042 23 05         [ 3]  150 	bls	00102$
                            151 ;../__itoa.c:50: string[index] += 'A' - '9' - 1;
   0044 AB 07         [ 2]  152 	add	#0x07
   0046 55*01         [ 4]  153 	ldhx	*___uitoa_sloc1_1_0
   0048 F7            [ 2]  154 	sta	,x
   0049                     155 00102$:
                            156 ;../__itoa.c:51: value /= radix;
   0049 B6*03         [ 3]  157 	lda	*___uitoa_sloc2_1_0
   004B C7r00r00      [ 4]  158 	sta	__divuint_PARM_2
   004E B6*04         [ 3]  159 	lda	*(___uitoa_sloc2_1_0 + 1)
   0050 C7r00r01      [ 4]  160 	sta	(__divuint_PARM_2 + 1)
   0053 C6r00r04      [ 4]  161 	lda	(___uitoa_value_65536_36 + 1)
   0056 CEr00r03      [ 4]  162 	ldx	___uitoa_value_65536_36
   0059 CDr00r00      [ 6]  163 	jsr	__divuint
   005C C7r00r04      [ 4]  164 	sta	(___uitoa_value_65536_36 + 1)
   005F CFr00r03      [ 4]  165 	stx	___uitoa_value_65536_36
                            166 ;../__itoa.c:52: ++index;
   0062 3C*00         [ 5]  167 	inc	*___uitoa_sloc0_1_0
                            168 ;../__itoa.c:53: } while (value != 0);
   0064 C6r00r03      [ 4]  169 	lda	___uitoa_value_65536_36
   0067 CAr00r04      [ 4]  170 	ora	(___uitoa_value_65536_36 + 1)
   006A 26 9D         [ 3]  171 	bne	00103$
                            172 ;../__itoa.c:56: string[index--] = '\0';
   006C B6*00         [ 3]  173 	lda	*___uitoa_sloc0_1_0
   006E A0 01         [ 2]  174 	sub	#0x01
   0070 B7*03         [ 3]  175 	sta	*___uitoa_sloc2_1_0
   0072 B6*00         [ 3]  176 	lda	*___uitoa_sloc0_1_0
   0074 87            [ 2]  177 	psha
   0075 49            [ 1]  178 	rola	
   0076 4F            [ 1]  179 	clra	
   0077 A2 00         [ 2]  180 	sbc	#0x00
   0079 97            [ 1]  181 	tax
   007A 86            [ 3]  182 	pula
   007B CBr00r01      [ 4]  183 	add	(___uitoa_PARM_2 + 1)
   007E B7*02         [ 3]  184 	sta	*(___uitoa_sloc1_1_0 + 1)
   0080 9F            [ 1]  185 	txa
   0081 C9r00r00      [ 4]  186 	adc	___uitoa_PARM_2
   0084 B7*01         [ 3]  187 	sta	*___uitoa_sloc1_1_0
   0086 55*01         [ 4]  188 	ldhx	*___uitoa_sloc1_1_0
   0088 4F            [ 1]  189 	clra
   0089 F7            [ 2]  190 	sta	,x
                            191 ;../__itoa.c:59: while (index > i) {
   008A B7*01         [ 3]  192 	sta	*___uitoa_sloc1_1_0
   008C                     193 00106$:
   008C B6*03         [ 3]  194 	lda	*___uitoa_sloc2_1_0
   008E B1*01         [ 3]  195 	cmp	*___uitoa_sloc1_1_0
   0090 93 40         [ 3]  196 	ble	00109$
                            197 ;../__itoa.c:60: char tmp = string[i];
   0092 B6*01         [ 3]  198 	lda	*___uitoa_sloc1_1_0
   0094 87            [ 2]  199 	psha
   0095 49            [ 1]  200 	rola	
   0096 4F            [ 1]  201 	clra	
   0097 A2 00         [ 2]  202 	sbc	#0x00
   0099 97            [ 1]  203 	tax
   009A 86            [ 3]  204 	pula
   009B CBr00r01      [ 4]  205 	add	(___uitoa_PARM_2 + 1)
   009E B7*06         [ 3]  206 	sta	*(___uitoa_sloc3_1_0 + 1)
   00A0 9F            [ 1]  207 	txa
   00A1 C9r00r00      [ 4]  208 	adc	___uitoa_PARM_2
   00A4 B7*05         [ 3]  209 	sta	*___uitoa_sloc3_1_0
   00A6 55*05         [ 4]  210 	ldhx	*___uitoa_sloc3_1_0
   00A8 F6            [ 3]  211 	lda	,x
   00A9 C7r00r05      [ 4]  212 	sta	___uitoa_tmp_131072_39
                            213 ;../__itoa.c:61: string[i] = string[index];
   00AC B6*03         [ 3]  214 	lda	*___uitoa_sloc2_1_0
   00AE 87            [ 2]  215 	psha
   00AF 49            [ 1]  216 	rola	
   00B0 4F            [ 1]  217 	clra	
   00B1 A2 00         [ 2]  218 	sbc	#0x00
   00B3 97            [ 1]  219 	tax
   00B4 86            [ 3]  220 	pula
   00B5 CBr00r01      [ 4]  221 	add	(___uitoa_PARM_2 + 1)
   00B8 B7*08         [ 3]  222 	sta	*(___uitoa_sloc4_1_0 + 1)
   00BA 9F            [ 1]  223 	txa
   00BB C9r00r00      [ 4]  224 	adc	___uitoa_PARM_2
   00BE B7*07         [ 3]  225 	sta	*___uitoa_sloc4_1_0
   00C0 55*07         [ 4]  226 	ldhx	*___uitoa_sloc4_1_0
   00C2 F6            [ 3]  227 	lda	,x
   00C3 55*05         [ 4]  228 	ldhx	*___uitoa_sloc3_1_0
   00C5 F7            [ 2]  229 	sta	,x
                            230 ;../__itoa.c:62: string[index] = tmp;
   00C6 55*07         [ 4]  231 	ldhx	*___uitoa_sloc4_1_0
   00C8 C6r00r05      [ 4]  232 	lda	___uitoa_tmp_131072_39
   00CB F7            [ 2]  233 	sta	,x
                            234 ;../__itoa.c:63: ++i;
   00CC 3C*01         [ 5]  235 	inc	*___uitoa_sloc1_1_0
                            236 ;../__itoa.c:64: --index;
   00CE 3A*03         [ 5]  237 	dec	*___uitoa_sloc2_1_0
   00D0 20 BA         [ 3]  238 	bra	00106$
   00D2                     239 00109$:
                            240 ;../__itoa.c:66: }
   00D2 81            [ 6]  241 	rts
                            242 ;------------------------------------------------------------
                            243 ;Allocation info for local variables in function '__itoa'
                            244 ;------------------------------------------------------------
                            245 ;string                    Allocated with name '___itoa_PARM_2'
                            246 ;radix                     Allocated with name '___itoa_PARM_3'
                            247 ;value                     Allocated with name '___itoa_value_65536_40'
                            248 ;------------------------------------------------------------
                            249 ;../__itoa.c:68: void __itoa(int value, char* string, unsigned char radix)
                            250 ;	-----------------------------------------
                            251 ;	 function __itoa
                            252 ;	-----------------------------------------
                            253 ;	Register assignment is optimal.
                            254 ;	Stack space usage: 0 bytes.
   00D3                     255 ___itoa:
   00D3 C7r00r0A      [ 4]  256 	sta	(___itoa_value_65536_40 + 1)
   00D6 CFr00r09      [ 4]  257 	stx	___itoa_value_65536_40
                            258 ;../__itoa.c:70: if (value < 0 && radix == 10) {
   00D9 C6r00r09      [ 4]  259 	lda	___itoa_value_65536_40
   00DC A0 00         [ 2]  260 	sub	#0x00
   00DE 90 24         [ 3]  261 	bge	00102$
   00E0 C6r00r08      [ 4]  262 	lda	___itoa_PARM_3
   00E3 A1 0A         [ 2]  263 	cmp	#0x0a
   00E5 26 1D         [ 3]  264 	bne	00102$
                            265 ;../__itoa.c:71: *string++ = '-';
   00E7 32r00r06      [ 5]  266 	ldhx	___itoa_PARM_2
   00EA 89            [ 2]  267 	pshx
   00EB 8B            [ 2]  268 	pshh
   00EC A6 2D         [ 2]  269 	lda	#0x2d
   00EE F7            [ 2]  270 	sta	,x
   00EF 8A            [ 3]  271 	pulh
   00F0 88            [ 3]  272 	pulx
   00F1 AF 01         [ 2]  273 	aix	#1
   00F3 96r00r06      [ 5]  274 	sthx	___itoa_PARM_2
                            275 ;../__itoa.c:72: value = -value;
   00F6 4F            [ 1]  276 	clra
   00F7 C0r00r0A      [ 4]  277 	sub	(___itoa_value_65536_40 + 1)
   00FA C7r00r0A      [ 4]  278 	sta	(___itoa_value_65536_40 + 1)
   00FD 4F            [ 1]  279 	clra
   00FE C2r00r09      [ 4]  280 	sbc	___itoa_value_65536_40
   0101 C7r00r09      [ 4]  281 	sta	___itoa_value_65536_40
   0104                     282 00102$:
                            283 ;../__itoa.c:74: __uitoa(value, string, radix);
   0104 32r00r06      [ 5]  284 	ldhx	___itoa_PARM_2
   0107 96r00r00      [ 5]  285 	sthx	___uitoa_PARM_2
   010A C6r00r08      [ 4]  286 	lda	___itoa_PARM_3
   010D C7r00r02      [ 4]  287 	sta	___uitoa_PARM_3
   0110 C6r00r0A      [ 4]  288 	lda	(___itoa_value_65536_40 + 1)
   0113 CEr00r09      [ 4]  289 	ldx	___itoa_value_65536_40
                            290 ;../__itoa.c:75: }
   0116 CCr00r00      [ 4]  291 	jmp	___uitoa
                            292 	.area CSEG    (CODE)
                            293 	.area CONST   (CODE)
                            294 	.area XINIT   (CODE)
                            295 	.area CABS    (ABS,CODE)
