                              1 ;--------------------------------------------------------
                              2 ; File Created by SDCC : free open source ISO C Compiler 
                              3 ; Version 4.2.14 #0 (Linux)
                              4 ;--------------------------------------------------------
                              5 	.cs08
                              6 	.module _divslonglong
                              7 	.optsdcc -ms08
                              8 	
                              9 	.area HOME    (CODE)
                             10 	.area GSINIT0 (CODE)
                             11 	.area GSINIT  (CODE)
                             12 	.area GSFINAL (CODE)
                             13 	.area CSEG    (CODE)
                             14 	.area XINIT   (CODE)
                             15 	.area CONST   (CODE)
                             16 	.area DSEG    (PAG)
                             17 	.area OSEG    (PAG, OVR)
                             18 	.area XSEG
                             19 	.area XISEG
                             20 ;--------------------------------------------------------
                             21 ; Public variables in this module
                             22 ;--------------------------------------------------------
                             23 	.globl __divslonglong_PARM_2
                             24 	.globl __divslonglong_PARM_1
                             25 	.globl __divslonglong
                             26 ;--------------------------------------------------------
                             27 ; ram data
                             28 ;--------------------------------------------------------
                             29 	.area DSEG    (PAG)
   0000                      30 __divslonglong_sloc0_1_0:
   0000                      31 	.ds 8
   0008                      32 __divslonglong_sloc1_1_0:
   0008                      33 	.ds 1
   0009                      34 __divslonglong_sloc2_1_0:
   0009                      35 	.ds 8
                             36 ;--------------------------------------------------------
                             37 ; overlayable items in ram
                             38 ;--------------------------------------------------------
                             39 ;--------------------------------------------------------
                             40 ; absolute ram data
                             41 ;--------------------------------------------------------
                             42 	.area IABS    (ABS)
                             43 	.area IABS    (ABS)
                             44 ;--------------------------------------------------------
                             45 ; absolute external ram data
                             46 ;--------------------------------------------------------
                             47 	.area XABS    (ABS)
                             48 ;--------------------------------------------------------
                             49 ; initialized external ram data
                             50 ;--------------------------------------------------------
                             51 	.area XISEG
                             52 ;--------------------------------------------------------
                             53 ; extended address mode data
                             54 ;--------------------------------------------------------
                             55 	.area XSEG
   0000                      56 __divslonglong_PARM_1:
   0000                      57 	.ds 8
   0008                      58 __divslonglong_PARM_2:
   0008                      59 	.ds 8
   0010                      60 __divslonglong_numeratorneg_65536_2:
   0010                      61 	.ds 1
   0011                      62 __divslonglong_denominatorneg_65536_2:
   0011                      63 	.ds 1
                             64 ;--------------------------------------------------------
                             65 ; global & static initialisations
                             66 ;--------------------------------------------------------
                             67 	.area HOME    (CODE)
                             68 	.area GSINIT  (CODE)
                             69 	.area GSFINAL (CODE)
                             70 	.area GSINIT  (CODE)
                             71 ;--------------------------------------------------------
                             72 ; Home
                             73 ;--------------------------------------------------------
                             74 	.area HOME    (CODE)
                             75 	.area HOME    (CODE)
                             76 ;--------------------------------------------------------
                             77 ; code
                             78 ;--------------------------------------------------------
                             79 	.area CSEG    (CODE)
                             80 ;------------------------------------------------------------
                             81 ;Allocation info for local variables in function '_divslonglong'
                             82 ;------------------------------------------------------------
                             83 ;sloc0                     Allocated with name '__divslonglong_sloc0_1_0'
                             84 ;sloc1                     Allocated with name '__divslonglong_sloc1_1_0'
                             85 ;sloc2                     Allocated with name '__divslonglong_sloc2_1_0'
                             86 ;numerator                 Allocated with name '__divslonglong_PARM_1'
                             87 ;denominator               Allocated with name '__divslonglong_PARM_2'
                             88 ;numeratorneg              Allocated with name '__divslonglong_numeratorneg_65536_2'
                             89 ;denominatorneg            Allocated with name '__divslonglong_denominatorneg_65536_2'
                             90 ;d                         Allocated with name '__divslonglong_d_65536_2'
                             91 ;------------------------------------------------------------
                             92 ;../_divslonglong.c:40: _divslonglong (long long numerator, long long denominator) __SDCC_NONBANKED
                             93 ;	-----------------------------------------
                             94 ;	 function _divslonglong
                             95 ;	-----------------------------------------
                             96 ;	Register assignment is optimal.
                             97 ;	Stack space usage: 0 bytes.
   0000                      98 __divslonglong:
                             99 ;../_divslonglong.c:42: bool numeratorneg = (numerator < 0);
   0000 C6r00r00      [ 4]  100 	lda	__divslonglong_PARM_1
   0003 A0 00         [ 2]  101 	sub	#0x00
   0005 91 03         [ 3]  102 	blt	00124$
   0007 4F            [ 1]  103 	clra
   0008 20 02         [ 3]  104 	bra	00125$
   000A                     105 00124$:
   000A A6 01         [ 2]  106 	lda	#0x01
   000C                     107 00125$:
   000C C7r00r10      [ 4]  108 	sta	__divslonglong_numeratorneg_65536_2
                            109 ;../_divslonglong.c:43: bool denominatorneg = (denominator < 0);
   000F C6r00r08      [ 4]  110 	lda	__divslonglong_PARM_2
   0012 A0 00         [ 2]  111 	sub	#0x00
   0014 91 03         [ 3]  112 	blt	00126$
   0016 4F            [ 1]  113 	clra
   0017 20 02         [ 3]  114 	bra	00127$
   0019                     115 00126$:
   0019 A6 01         [ 2]  116 	lda	#0x01
   001B                     117 00127$:
   001B C7r00r11      [ 4]  118 	sta	__divslonglong_denominatorneg_65536_2
                            119 ;../_divslonglong.c:46: if (numeratorneg)
   001E C6r00r10      [ 4]  120 	lda	__divslonglong_numeratorneg_65536_2
   0021 27 38         [ 3]  121 	beq	00102$
                            122 ;../_divslonglong.c:47: numerator = -numerator;
   0023 4F            [ 1]  123 	clra
   0024 C0r00r07      [ 4]  124 	sub	(__divslonglong_PARM_1 + 7)
   0027 C7r00r07      [ 4]  125 	sta	(__divslonglong_PARM_1 + 7)
   002A 4F            [ 1]  126 	clra
   002B C2r00r06      [ 4]  127 	sbc	(__divslonglong_PARM_1 + 6)
   002E C7r00r06      [ 4]  128 	sta	(__divslonglong_PARM_1 + 6)
   0031 4F            [ 1]  129 	clra
   0032 C2r00r05      [ 4]  130 	sbc	(__divslonglong_PARM_1 + 5)
   0035 C7r00r05      [ 4]  131 	sta	(__divslonglong_PARM_1 + 5)
   0038 4F            [ 1]  132 	clra
   0039 C2r00r04      [ 4]  133 	sbc	(__divslonglong_PARM_1 + 4)
   003C C7r00r04      [ 4]  134 	sta	(__divslonglong_PARM_1 + 4)
   003F 4F            [ 1]  135 	clra
   0040 C2r00r03      [ 4]  136 	sbc	(__divslonglong_PARM_1 + 3)
   0043 C7r00r03      [ 4]  137 	sta	(__divslonglong_PARM_1 + 3)
   0046 4F            [ 1]  138 	clra
   0047 C2r00r02      [ 4]  139 	sbc	(__divslonglong_PARM_1 + 2)
   004A C7r00r02      [ 4]  140 	sta	(__divslonglong_PARM_1 + 2)
   004D 4F            [ 1]  141 	clra
   004E C2r00r01      [ 4]  142 	sbc	(__divslonglong_PARM_1 + 1)
   0051 C7r00r01      [ 4]  143 	sta	(__divslonglong_PARM_1 + 1)
   0054 4F            [ 1]  144 	clra
   0055 C2r00r00      [ 4]  145 	sbc	__divslonglong_PARM_1
   0058 C7r00r00      [ 4]  146 	sta	__divslonglong_PARM_1
   005B                     147 00102$:
                            148 ;../_divslonglong.c:48: if (denominatorneg)
   005B C6r00r11      [ 4]  149 	lda	__divslonglong_denominatorneg_65536_2
   005E 27 38         [ 3]  150 	beq	00104$
                            151 ;../_divslonglong.c:49: denominator = -denominator;
   0060 4F            [ 1]  152 	clra
   0061 C0r00r0F      [ 4]  153 	sub	(__divslonglong_PARM_2 + 7)
   0064 C7r00r0F      [ 4]  154 	sta	(__divslonglong_PARM_2 + 7)
   0067 4F            [ 1]  155 	clra
   0068 C2r00r0E      [ 4]  156 	sbc	(__divslonglong_PARM_2 + 6)
   006B C7r00r0E      [ 4]  157 	sta	(__divslonglong_PARM_2 + 6)
   006E 4F            [ 1]  158 	clra
   006F C2r00r0D      [ 4]  159 	sbc	(__divslonglong_PARM_2 + 5)
   0072 C7r00r0D      [ 4]  160 	sta	(__divslonglong_PARM_2 + 5)
   0075 4F            [ 1]  161 	clra
   0076 C2r00r0C      [ 4]  162 	sbc	(__divslonglong_PARM_2 + 4)
   0079 C7r00r0C      [ 4]  163 	sta	(__divslonglong_PARM_2 + 4)
   007C 4F            [ 1]  164 	clra
   007D C2r00r0B      [ 4]  165 	sbc	(__divslonglong_PARM_2 + 3)
   0080 C7r00r0B      [ 4]  166 	sta	(__divslonglong_PARM_2 + 3)
   0083 4F            [ 1]  167 	clra
   0084 C2r00r0A      [ 4]  168 	sbc	(__divslonglong_PARM_2 + 2)
   0087 C7r00r0A      [ 4]  169 	sta	(__divslonglong_PARM_2 + 2)
   008A 4F            [ 1]  170 	clra
   008B C2r00r09      [ 4]  171 	sbc	(__divslonglong_PARM_2 + 1)
   008E C7r00r09      [ 4]  172 	sta	(__divslonglong_PARM_2 + 1)
   0091 4F            [ 1]  173 	clra
   0092 C2r00r08      [ 4]  174 	sbc	__divslonglong_PARM_2
   0095 C7r00r08      [ 4]  175 	sta	__divslonglong_PARM_2
   0098                     176 00104$:
                            177 ;../_divslonglong.c:51: d = (unsigned long long)numerator / (unsigned long long)denominator;
   0098 32r00r06      [ 5]  178 	ldhx	(__divslonglong_PARM_1 + 6)
   009B 96r00r06      [ 5]  179 	sthx	(__divulonglong_PARM_1 + 6)
   009E 32r00r04      [ 5]  180 	ldhx	(__divslonglong_PARM_1 + 4)
   00A1 96r00r04      [ 5]  181 	sthx	(__divulonglong_PARM_1 + 4)
   00A4 32r00r02      [ 5]  182 	ldhx	(__divslonglong_PARM_1 + 2)
   00A7 96r00r02      [ 5]  183 	sthx	(__divulonglong_PARM_1 + 2)
   00AA 32r00r00      [ 5]  184 	ldhx	__divslonglong_PARM_1
   00AD 96r00r00      [ 5]  185 	sthx	__divulonglong_PARM_1
   00B0 32r00r0E      [ 5]  186 	ldhx	(__divslonglong_PARM_2 + 6)
   00B3 96r00r06      [ 5]  187 	sthx	(__divulonglong_PARM_2 + 6)
   00B6 32r00r0C      [ 5]  188 	ldhx	(__divslonglong_PARM_2 + 4)
   00B9 96r00r04      [ 5]  189 	sthx	(__divulonglong_PARM_2 + 4)
   00BC 32r00r0A      [ 5]  190 	ldhx	(__divslonglong_PARM_2 + 2)
   00BF 96r00r02      [ 5]  191 	sthx	(__divulonglong_PARM_2 + 2)
   00C2 32r00r08      [ 5]  192 	ldhx	__divslonglong_PARM_2
   00C5 96r00r00      [ 5]  193 	sthx	__divulonglong_PARM_2
                            194 ;../_divslonglong.c:53: return ((numeratorneg ^ denominatorneg) ? -d : d);
   00C8 CDr00r00      [ 6]  195 	jsr	__divulonglong
   00CB B7*07         [ 3]  196 	sta	*(__divslonglong_sloc0_1_0 + 7)
   00CD BF*06         [ 3]  197 	stx	*(__divslonglong_sloc0_1_0 + 6)
   00CF 4E*00*05      [ 6]  198 	mov	*___SDCC_hc08_ret2,*(__divslonglong_sloc0_1_0 + 5)
   00D2 4E*00*04      [ 6]  199 	mov	*___SDCC_hc08_ret3,*(__divslonglong_sloc0_1_0 + 4)
   00D5 4E*00*03      [ 6]  200 	mov	*___SDCC_hc08_ret4,*(__divslonglong_sloc0_1_0 + 3)
   00D8 4E*00*02      [ 6]  201 	mov	*___SDCC_hc08_ret5,*(__divslonglong_sloc0_1_0 + 2)
   00DB 4E*00*01      [ 6]  202 	mov	*___SDCC_hc08_ret6,*(__divslonglong_sloc0_1_0 + 1)
   00DE 4E*00*00      [ 6]  203 	mov	*___SDCC_hc08_ret7,*__divslonglong_sloc0_1_0
   00E1 C6r00r10      [ 4]  204 	lda	__divslonglong_numeratorneg_65536_2
   00E4 C8r00r11      [ 4]  205 	eor	__divslonglong_denominatorneg_65536_2
   00E7 27 2A         [ 3]  206 	beq	00107$
   00E9 4F            [ 1]  207 	clra
   00EA B0*07         [ 3]  208 	sub	*(__divslonglong_sloc0_1_0 + 7)
   00EC B7*10         [ 3]  209 	sta	*(__divslonglong_sloc2_1_0 + 7)
   00EE 4F            [ 1]  210 	clra
   00EF B2*06         [ 3]  211 	sbc	*(__divslonglong_sloc0_1_0 + 6)
   00F1 B7*0F         [ 3]  212 	sta	*(__divslonglong_sloc2_1_0 + 6)
   00F3 4F            [ 1]  213 	clra
   00F4 B2*05         [ 3]  214 	sbc	*(__divslonglong_sloc0_1_0 + 5)
   00F6 B7*0E         [ 3]  215 	sta	*(__divslonglong_sloc2_1_0 + 5)
   00F8 4F            [ 1]  216 	clra
   00F9 B2*04         [ 3]  217 	sbc	*(__divslonglong_sloc0_1_0 + 4)
   00FB B7*0D         [ 3]  218 	sta	*(__divslonglong_sloc2_1_0 + 4)
   00FD 4F            [ 1]  219 	clra
   00FE B2*03         [ 3]  220 	sbc	*(__divslonglong_sloc0_1_0 + 3)
   0100 B7*0C         [ 3]  221 	sta	*(__divslonglong_sloc2_1_0 + 3)
   0102 4F            [ 1]  222 	clra
   0103 B2*02         [ 3]  223 	sbc	*(__divslonglong_sloc0_1_0 + 2)
   0105 B7*0B         [ 3]  224 	sta	*(__divslonglong_sloc2_1_0 + 2)
   0107 4F            [ 1]  225 	clra
   0108 B2*01         [ 3]  226 	sbc	*(__divslonglong_sloc0_1_0 + 1)
   010A B7*0A         [ 3]  227 	sta	*(__divslonglong_sloc2_1_0 + 1)
   010C 4F            [ 1]  228 	clra
   010D B2*00         [ 3]  229 	sbc	*__divslonglong_sloc0_1_0
   010F B7*09         [ 3]  230 	sta	*__divslonglong_sloc2_1_0
   0111 20 18         [ 3]  231 	bra	00108$
   0113                     232 00107$:
   0113 4E*00*09      [ 6]  233 	mov	*__divslonglong_sloc0_1_0,*__divslonglong_sloc2_1_0
   0116 4E*01*0A      [ 6]  234 	mov	*(__divslonglong_sloc0_1_0 + 1),*(__divslonglong_sloc2_1_0 + 1)
   0119 4E*02*0B      [ 6]  235 	mov	*(__divslonglong_sloc0_1_0 + 2),*(__divslonglong_sloc2_1_0 + 2)
   011C 4E*03*0C      [ 6]  236 	mov	*(__divslonglong_sloc0_1_0 + 3),*(__divslonglong_sloc2_1_0 + 3)
   011F 4E*04*0D      [ 6]  237 	mov	*(__divslonglong_sloc0_1_0 + 4),*(__divslonglong_sloc2_1_0 + 4)
   0122 4E*05*0E      [ 6]  238 	mov	*(__divslonglong_sloc0_1_0 + 5),*(__divslonglong_sloc2_1_0 + 5)
   0125 4E*06*0F      [ 6]  239 	mov	*(__divslonglong_sloc0_1_0 + 6),*(__divslonglong_sloc2_1_0 + 6)
   0128 4E*07*10      [ 6]  240 	mov	*(__divslonglong_sloc0_1_0 + 7),*(__divslonglong_sloc2_1_0 + 7)
   012B                     241 00108$:
   012B 4E*09*00      [ 6]  242 	mov	*__divslonglong_sloc2_1_0,*___SDCC_hc08_ret7
   012E 4E*0A*00      [ 6]  243 	mov	*(__divslonglong_sloc2_1_0 + 1),*___SDCC_hc08_ret6
   0131 4E*0B*00      [ 6]  244 	mov	*(__divslonglong_sloc2_1_0 + 2),*___SDCC_hc08_ret5
   0134 4E*0C*00      [ 6]  245 	mov	*(__divslonglong_sloc2_1_0 + 3),*___SDCC_hc08_ret4
   0137 4E*0D*00      [ 6]  246 	mov	*(__divslonglong_sloc2_1_0 + 4),*___SDCC_hc08_ret3
   013A 4E*0E*00      [ 6]  247 	mov	*(__divslonglong_sloc2_1_0 + 5),*___SDCC_hc08_ret2
   013D BE*0F         [ 3]  248 	ldx	*(__divslonglong_sloc2_1_0 + 6)
   013F B6*10         [ 3]  249 	lda	*(__divslonglong_sloc2_1_0 + 7)
                            250 ;../_divslonglong.c:54: }
   0141 81            [ 6]  251 	rts
                            252 	.area CSEG    (CODE)
                            253 	.area CONST   (CODE)
                            254 	.area XINIT   (CODE)
                            255 	.area CABS    (ABS,CODE)
