                              1 ;--------------------------------------------------------
                              2 ; File Created by SDCC : free open source ISO C Compiler 
                              3 ; Version 4.2.14 #0 (Linux)
                              4 ;--------------------------------------------------------
                              5 	.cs08
                              6 	.module _fs2uchar
                              7 	.optsdcc -ms08
                              8 	
                              9 	.area HOME    (CODE)
                             10 	.area GSINIT0 (CODE)
                             11 	.area GSINIT  (CODE)
                             12 	.area GSFINAL (CODE)
                             13 	.area CSEG    (CODE)
                             14 	.area XINIT   (CODE)
                             15 	.area CONST   (CODE)
                             16 	.area DSEG    (PAG)
                             17 	.area OSEG    (PAG, OVR)
                             18 	.area XSEG
                             19 	.area XISEG
                             20 ;--------------------------------------------------------
                             21 ; Public variables in this module
                             22 ;--------------------------------------------------------
                             23 	.globl ___fs2ulong
                             24 	.globl ___fs2uchar_PARM_1
                             25 	.globl ___fs2uchar
                             26 ;--------------------------------------------------------
                             27 ; ram data
                             28 ;--------------------------------------------------------
                             29 	.area DSEG    (PAG)
   0000                      30 ___fs2uchar_sloc0_1_0:
   0000                      31 	.ds 4
                             32 ;--------------------------------------------------------
                             33 ; overlayable items in ram
                             34 ;--------------------------------------------------------
                             35 ;--------------------------------------------------------
                             36 ; absolute ram data
                             37 ;--------------------------------------------------------
                             38 	.area IABS    (ABS)
                             39 	.area IABS    (ABS)
                             40 ;--------------------------------------------------------
                             41 ; absolute external ram data
                             42 ;--------------------------------------------------------
                             43 	.area XABS    (ABS)
                             44 ;--------------------------------------------------------
                             45 ; initialized external ram data
                             46 ;--------------------------------------------------------
                             47 	.area XISEG
                             48 ;--------------------------------------------------------
                             49 ; extended address mode data
                             50 ;--------------------------------------------------------
                             51 	.area XSEG
   0000                      52 ___fs2uchar_PARM_1:
   0000                      53 	.ds 4
                             54 ;--------------------------------------------------------
                             55 ; global & static initialisations
                             56 ;--------------------------------------------------------
                             57 	.area HOME    (CODE)
                             58 	.area GSINIT  (CODE)
                             59 	.area GSFINAL (CODE)
                             60 	.area GSINIT  (CODE)
                             61 ;--------------------------------------------------------
                             62 ; Home
                             63 ;--------------------------------------------------------
                             64 	.area HOME    (CODE)
                             65 	.area HOME    (CODE)
                             66 ;--------------------------------------------------------
                             67 ; code
                             68 ;--------------------------------------------------------
                             69 	.area CSEG    (CODE)
                             70 ;------------------------------------------------------------
                             71 ;Allocation info for local variables in function '__fs2uchar'
                             72 ;------------------------------------------------------------
                             73 ;sloc0                     Allocated with name '___fs2uchar_sloc0_1_0'
                             74 ;f                         Allocated with name '___fs2uchar_PARM_1'
                             75 ;ul                        Allocated with name '___fs2uchar_ul_65536_21'
                             76 ;------------------------------------------------------------
                             77 ;../_fs2uchar.c:51: unsigned char __fs2uchar (float f)
                             78 ;	-----------------------------------------
                             79 ;	 function __fs2uchar
                             80 ;	-----------------------------------------
                             81 ;	Register assignment is optimal.
                             82 ;	Stack space usage: 0 bytes.
   0000                      83 ___fs2uchar:
                             84 ;../_fs2uchar.c:53: unsigned long ul=__fs2ulong(f);
   0000 32r00r00      [ 5]   85 	ldhx	___fs2uchar_PARM_1
   0003 96r00r00      [ 5]   86 	sthx	___fs2ulong_PARM_1
   0006 32r00r02      [ 5]   87 	ldhx	(___fs2uchar_PARM_1 + 2)
   0009 96r00r02      [ 5]   88 	sthx	(___fs2ulong_PARM_1 + 2)
   000C CDr00r00      [ 6]   89 	jsr	___fs2ulong
   000F B7*03         [ 3]   90 	sta	*(___fs2uchar_sloc0_1_0 + 3)
   0011 BF*02         [ 3]   91 	stx	*(___fs2uchar_sloc0_1_0 + 2)
   0013 4E*00*01      [ 6]   92 	mov	*___SDCC_hc08_ret2,*(___fs2uchar_sloc0_1_0 + 1)
   0016 4E*00*00      [ 6]   93 	mov	*___SDCC_hc08_ret3,*___fs2uchar_sloc0_1_0
                             94 ;../_fs2uchar.c:54: if (ul>=UCHAR_MAX) return UCHAR_MAX;
   0019 B6*03         [ 3]   95 	lda	*(___fs2uchar_sloc0_1_0 + 3)
   001B A0 FF         [ 2]   96 	sub	#0xff
   001D B6*02         [ 3]   97 	lda	*(___fs2uchar_sloc0_1_0 + 2)
   001F A2 00         [ 2]   98 	sbc	#0x00
   0021 B6*01         [ 3]   99 	lda	*(___fs2uchar_sloc0_1_0 + 1)
   0023 A2 00         [ 2]  100 	sbc	#0x00
   0025 B6*00         [ 3]  101 	lda	*___fs2uchar_sloc0_1_0
   0027 A2 00         [ 2]  102 	sbc	#0x00
   0029 25 03         [ 3]  103 	bcs	00102$
   002B A6 FF         [ 2]  104 	lda	#0xff
   002D 81            [ 6]  105 	rts
   002E                     106 00102$:
                            107 ;../_fs2uchar.c:55: return ul;
   002E B6*03         [ 3]  108 	lda	*(___fs2uchar_sloc0_1_0 + 3)
                            109 ;../_fs2uchar.c:56: }
   0030 81            [ 6]  110 	rts
                            111 	.area CSEG    (CODE)
                            112 	.area CONST   (CODE)
                            113 	.area XINIT   (CODE)
                            114 	.area CABS    (ABS,CODE)
