                              1 ;--------------------------------------------------------
                              2 ; File Created by SDCC : free open source ISO C Compiler 
                              3 ; Version 4.2.14 #0 (Linux)
                              4 ;--------------------------------------------------------
                              5 	.cs08
                              6 	.module cosf
                              7 	.optsdcc -ms08
                              8 	
                              9 	.area HOME    (CODE)
                             10 	.area GSINIT0 (CODE)
                             11 	.area GSINIT  (CODE)
                             12 	.area GSFINAL (CODE)
                             13 	.area CSEG    (CODE)
                             14 	.area XINIT   (CODE)
                             15 	.area CONST   (CODE)
                             16 	.area DSEG    (PAG)
                             17 	.area OSEG    (PAG, OVR)
                             18 	.area XSEG
                             19 	.area XISEG
                             20 ;--------------------------------------------------------
                             21 ; Public variables in this module
                             22 ;--------------------------------------------------------
                             23 	.globl _sincosf
                             24 	.globl _cosf
                             25 ;--------------------------------------------------------
                             26 ; ram data
                             27 ;--------------------------------------------------------
                             28 	.area DSEG    (PAG)
                             29 ;--------------------------------------------------------
                             30 ; overlayable items in ram
                             31 ;--------------------------------------------------------
                             32 ;--------------------------------------------------------
                             33 ; absolute ram data
                             34 ;--------------------------------------------------------
                             35 	.area IABS    (ABS)
                             36 	.area IABS    (ABS)
                             37 ;--------------------------------------------------------
                             38 ; absolute external ram data
                             39 ;--------------------------------------------------------
                             40 	.area XABS    (ABS)
                             41 ;--------------------------------------------------------
                             42 ; initialized external ram data
                             43 ;--------------------------------------------------------
                             44 	.area XISEG
                             45 ;--------------------------------------------------------
                             46 ; extended address mode data
                             47 ;--------------------------------------------------------
                             48 	.area XSEG
                             49 ;--------------------------------------------------------
                             50 ; global & static initialisations
                             51 ;--------------------------------------------------------
                             52 	.area HOME    (CODE)
                             53 	.area GSINIT  (CODE)
                             54 	.area GSFINAL (CODE)
                             55 	.area GSINIT  (CODE)
                             56 ;--------------------------------------------------------
                             57 ; Home
                             58 ;--------------------------------------------------------
                             59 	.area HOME    (CODE)
                             60 	.area HOME    (CODE)
                             61 ;--------------------------------------------------------
                             62 ; code
                             63 ;--------------------------------------------------------
                             64 	.area CSEG    (CODE)
                             65 ;------------------------------------------------------------
                             66 ;Allocation info for local variables in function 'cosf'
                             67 ;------------------------------------------------------------
                             68 ;x                         Allocated to stack - sp +7
                             69 ;sloc0                     Allocated to stack - sp +1
                             70 ;------------------------------------------------------------
                             71 ;../cosf.c:36: float cosf(float x) _FLOAT_FUNC_REENTRANT
                             72 ;	-----------------------------------------
                             73 ;	 function cosf
                             74 ;	-----------------------------------------
                             75 ;	Register assignment is optimal.
                             76 ;	Stack space usage: 4 bytes.
   0000                      77 _cosf:
   0000 A7 FC         [ 2]   78 	ais	#-4
                             79 ;../cosf.c:38: if (x==0.0) return 1.0;
   0002 95            [ 2]   80 	tsx
   0003 E6 06         [ 3]   81 	lda	6,x
   0005 A4 7F         [ 2]   82 	and	#0x7F
   0007 EA 07         [ 3]   83 	ora	7,x
   0009 EA 08         [ 3]   84 	ora	8,x
   000B EA 09         [ 3]   85 	ora	9,x
   000D 26 0A         [ 3]   86 	bne	00102$
   000F 4F            [ 1]   87 	clra
   0010 97            [ 1]   88 	tax
   0011 6E 80*00      [ 4]   89 	mov	#0x80,*___SDCC_hc08_ret2
   0014 6E 3F*00      [ 4]   90 	mov	#0x3f,*___SDCC_hc08_ret3
   0017 20 3A         [ 3]   91 	bra	00103$
   0019                      92 00102$:
                             93 ;../cosf.c:39: return sincosf(x, 1);
   0019 95            [ 2]   94 	tsx
   001A E6 06         [ 3]   95 	lda	6,x
   001C C7r00r00      [ 4]   96 	sta	_sincosf_PARM_1
   001F E6 07         [ 3]   97 	lda	7,x
   0021 C7r00r01      [ 4]   98 	sta	(_sincosf_PARM_1 + 1)
   0024 E6 08         [ 3]   99 	lda	8,x
   0026 C7r00r02      [ 4]  100 	sta	(_sincosf_PARM_1 + 2)
   0029 E6 09         [ 3]  101 	lda	9,x
   002B C7r00r03      [ 4]  102 	sta	(_sincosf_PARM_1 + 3)
   002E A6 01         [ 2]  103 	lda	#0x01
   0030 C7r00r00      [ 4]  104 	sta	_sincosf_PARM_2
   0033 CDr00r00      [ 6]  105 	jsr	_sincosf
   0036 9E E7 04      [ 4]  106 	sta	4,s
   0039 9E EF 03      [ 4]  107 	stx	3,s
   003C B6*00         [ 3]  108 	lda	*___SDCC_hc08_ret2
   003E 9E E7 02      [ 4]  109 	sta	2,s
   0041 B6*00         [ 3]  110 	lda	*___SDCC_hc08_ret3
   0043 9E E7 01      [ 4]  111 	sta	1,s
   0046 95            [ 2]  112 	tsx
   0047 F6            [ 3]  113 	lda	,x
   0048 B7*00         [ 3]  114 	sta	*___SDCC_hc08_ret3
   004A E6 01         [ 3]  115 	lda	1,x
   004C B7*00         [ 3]  116 	sta	*___SDCC_hc08_ret2
   004E EE 02         [ 3]  117 	ldx	2,x
   0050 9E E6 04      [ 4]  118 	lda	4,s
   0053                     119 00103$:
                            120 ;../cosf.c:40: }
   0053 A7 04         [ 2]  121 	ais	#4
   0055 81            [ 6]  122 	rts
                            123 	.area CSEG    (CODE)
                            124 	.area CONST   (CODE)
                            125 	.area XINIT   (CODE)
                            126 	.area CABS    (ABS,CODE)
