                              1 ;--------------------------------------------------------
                              2 ; File Created by SDCC : free open source ISO C Compiler 
                              3 ; Version 4.2.14 #0 (Linux)
                              4 ;--------------------------------------------------------
                              5 	.cs08
                              6 	.module expf
                              7 	.optsdcc -ms08
                              8 	
                              9 	.area HOME    (CODE)
                             10 	.area GSINIT0 (CODE)
                             11 	.area GSINIT  (CODE)
                             12 	.area GSFINAL (CODE)
                             13 	.area CSEG    (CODE)
                             14 	.area XINIT   (CODE)
                             15 	.area CONST   (CODE)
                             16 	.area DSEG    (PAG)
                             17 	.area OSEG    (PAG, OVR)
                             18 	.area XSEG
                             19 	.area XISEG
                             20 ;--------------------------------------------------------
                             21 ; Public variables in this module
                             22 ;--------------------------------------------------------
                             23 	.globl _ldexpf
                             24 	.globl _expf
                             25 ;--------------------------------------------------------
                             26 ; ram data
                             27 ;--------------------------------------------------------
                             28 	.area DSEG    (PAG)
                             29 ;--------------------------------------------------------
                             30 ; overlayable items in ram
                             31 ;--------------------------------------------------------
                             32 ;--------------------------------------------------------
                             33 ; absolute ram data
                             34 ;--------------------------------------------------------
                             35 	.area IABS    (ABS)
                             36 	.area IABS    (ABS)
                             37 ;--------------------------------------------------------
                             38 ; absolute external ram data
                             39 ;--------------------------------------------------------
                             40 	.area XABS    (ABS)
                             41 ;--------------------------------------------------------
                             42 ; initialized external ram data
                             43 ;--------------------------------------------------------
                             44 	.area XISEG
                             45 ;--------------------------------------------------------
                             46 ; extended address mode data
                             47 ;--------------------------------------------------------
                             48 	.area XSEG
                             49 ;--------------------------------------------------------
                             50 ; global & static initialisations
                             51 ;--------------------------------------------------------
                             52 	.area HOME    (CODE)
                             53 	.area GSINIT  (CODE)
                             54 	.area GSFINAL (CODE)
                             55 	.area GSINIT  (CODE)
                             56 ;--------------------------------------------------------
                             57 ; Home
                             58 ;--------------------------------------------------------
                             59 	.area HOME    (CODE)
                             60 	.area HOME    (CODE)
                             61 ;--------------------------------------------------------
                             62 ; code
                             63 ;--------------------------------------------------------
                             64 	.area CSEG    (CODE)
                             65 ;------------------------------------------------------------
                             66 ;Allocation info for local variables in function 'expf'
                             67 ;------------------------------------------------------------
                             68 ;x                         Allocated to stack - sp +22
                             69 ;n                         Allocated to registers 
                             70 ;xn                        Allocated to stack - sp +14
                             71 ;g                         Allocated to stack - sp +10
                             72 ;r                         Allocated to stack - sp +5
                             73 ;z                         Allocated to stack - sp +2
                             74 ;y                         Allocated to stack - sp +1
                             75 ;sign                      Allocated to stack - sp +19
                             76 ;sloc0                     Allocated to stack - sp +15
                             77 ;sloc1                     Allocated to stack - sp +13
                             78 ;sloc2                     Allocated to stack - sp +9
                             79 ;------------------------------------------------------------
                             80 ;../expf.c:331: float expf(float x) _FLOAT_FUNC_REENTRANT
                             81 ;	-----------------------------------------
                             82 ;	 function expf
                             83 ;	-----------------------------------------
                             84 ;	Register assignment is optimal.
                             85 ;	Stack space usage: 19 bytes.
   0000                      86 _expf:
   0000 A7 ED         [ 2]   87 	ais	#-19
                             88 ;../expf.c:337: if(x>=0.0)
   0002 95            [ 2]   89 	tsx
   0003 E6 15         [ 3]   90 	lda	21,x
   0005 C7r00r00      [ 4]   91 	sta	___fslt_PARM_1
   0008 E6 16         [ 3]   92 	lda	22,x
   000A C7r00r01      [ 4]   93 	sta	(___fslt_PARM_1 + 1)
   000D E6 17         [ 3]   94 	lda	23,x
   000F C7r00r02      [ 4]   95 	sta	(___fslt_PARM_1 + 2)
   0012 E6 18         [ 3]   96 	lda	24,x
   0014 C7r00r03      [ 4]   97 	sta	(___fslt_PARM_1 + 3)
   0017 8C            [ 1]   98 	clrh
   0018 5F            [ 1]   99 	clrx
   0019 96r00r00      [ 5]  100 	sthx	___fslt_PARM_2
   001C 96r00r02      [ 5]  101 	sthx	(___fslt_PARM_2 + 2)
   001F CDr00r00      [ 6]  102 	jsr	___fslt
   0022 4D            [ 1]  103 	tsta
   0023 26 15         [ 3]  104 	bne	00102$
                            105 ;../expf.c:338: { y=x;  sign=0; }
   0025 95            [ 2]  106 	tsx
   0026 E6 15         [ 3]  107 	lda	21,x
   0028 F7            [ 2]  108 	sta	,x
   0029 E6 16         [ 3]  109 	lda	22,x
   002B E7 01         [ 3]  110 	sta	1,x
   002D E6 17         [ 3]  111 	lda	23,x
   002F E7 02         [ 3]  112 	sta	2,x
   0031 E6 18         [ 3]  113 	lda	24,x
   0033 E7 03         [ 3]  114 	sta	3,x
   0035 4F            [ 1]  115 	clra
   0036 E7 12         [ 3]  116 	sta	18,x
   0038 20 16         [ 3]  117 	bra	00103$
   003A                     118 00102$:
                            119 ;../expf.c:340: { y=-x; sign=1; }
   003A 95            [ 2]  120 	tsx
   003B E6 18         [ 3]  121 	lda	24,x
   003D E7 03         [ 3]  122 	sta	3,x
   003F E6 17         [ 3]  123 	lda	23,x
   0041 E7 02         [ 3]  124 	sta	2,x
   0043 E6 16         [ 3]  125 	lda	22,x
   0045 E7 01         [ 3]  126 	sta	1,x
   0047 E6 15         [ 3]  127 	lda	21,x
   0049 A8 80         [ 2]  128 	eor	#0x80
   004B F7            [ 2]  129 	sta	,x
   004C A6 01         [ 2]  130 	lda	#0x01
   004E E7 12         [ 3]  131 	sta	18,x
   0050                     132 00103$:
                            133 ;../expf.c:342: if(y<EXPEPS) return 1.0;
   0050 95            [ 2]  134 	tsx
   0051 F6            [ 3]  135 	lda	,x
   0052 C7r00r00      [ 4]  136 	sta	___fslt_PARM_1
   0055 E6 01         [ 3]  137 	lda	1,x
   0057 C7r00r01      [ 4]  138 	sta	(___fslt_PARM_1 + 1)
   005A E6 02         [ 3]  139 	lda	2,x
   005C C7r00r02      [ 4]  140 	sta	(___fslt_PARM_1 + 2)
   005F E6 03         [ 3]  141 	lda	3,x
   0061 C7r00r03      [ 4]  142 	sta	(___fslt_PARM_1 + 3)
   0064 45 33 D6      [ 3]  143 	ldhx	#0x33d6
   0067 96r00r00      [ 5]  144 	sthx	___fslt_PARM_2
   006A 45 BF 95      [ 3]  145 	ldhx	#0xbf95
   006D 96r00r02      [ 5]  146 	sthx	(___fslt_PARM_2 + 2)
   0070 CDr00r00      [ 6]  147 	jsr	___fslt
   0073 4D            [ 1]  148 	tsta
   0074 27 0B         [ 3]  149 	beq	00105$
   0076 4F            [ 1]  150 	clra
   0077 97            [ 1]  151 	tax
   0078 6E 80*00      [ 4]  152 	mov	#0x80,*___SDCC_hc08_ret2
   007B 6E 3F*00      [ 4]  153 	mov	#0x3f,*___SDCC_hc08_ret3
   007E CCr04r54      [ 4]  154 	jmp	00118$
   0081                     155 00105$:
                            156 ;../expf.c:344: if(y>BIGX)
   0081 45 42 B1      [ 3]  157 	ldhx	#0x42b1
   0084 96r00r00      [ 5]  158 	sthx	___fslt_PARM_1
   0087 45 72 18      [ 3]  159 	ldhx	#0x7218
   008A 96r00r02      [ 5]  160 	sthx	(___fslt_PARM_1 + 2)
   008D 95            [ 2]  161 	tsx
   008E F6            [ 3]  162 	lda	,x
   008F C7r00r00      [ 4]  163 	sta	___fslt_PARM_2
   0092 E6 01         [ 3]  164 	lda	1,x
   0094 C7r00r01      [ 4]  165 	sta	(___fslt_PARM_2 + 1)
   0097 E6 02         [ 3]  166 	lda	2,x
   0099 C7r00r02      [ 4]  167 	sta	(___fslt_PARM_2 + 2)
   009C E6 03         [ 3]  168 	lda	3,x
   009E C7r00r03      [ 4]  169 	sta	(___fslt_PARM_2 + 3)
   00A1 CDr00r00      [ 6]  170 	jsr	___fslt
   00A4 4D            [ 1]  171 	tsta
   00A5 27 20         [ 3]  172 	beq	00110$
                            173 ;../expf.c:346: if(sign)
   00A7 9E 6D 13      [ 5]  174 	tst	19,s
   00AA 27 12         [ 3]  175 	beq	00107$
                            176 ;../expf.c:348: errno=ERANGE;
   00AC 45 00 22      [ 3]  177 	ldhx	#0x0022
   00AF 96r00r00      [ 5]  178 	sthx	_errno
                            179 ;../expf.c:350: ;
   00B2 A6 FF         [ 2]  180 	lda	#0xff
   00B4 97            [ 1]  181 	tax
   00B5 6E 7F*00      [ 4]  182 	mov	#0x7f,*___SDCC_hc08_ret2
   00B8 6E 7F*00      [ 4]  183 	mov	#0x7f,*___SDCC_hc08_ret3
   00BB CCr04r54      [ 4]  184 	jmp	00118$
   00BE                     185 00107$:
                            186 ;../expf.c:354: return 0.0;
   00BE 4F            [ 1]  187 	clra
   00BF 97            [ 1]  188 	tax
   00C0 B7*00         [ 3]  189 	sta	*___SDCC_hc08_ret2
   00C2 B7*00         [ 3]  190 	sta	*___SDCC_hc08_ret3
   00C4 CCr04r54      [ 4]  191 	jmp	00118$
   00C7                     192 00110$:
                            193 ;../expf.c:358: z=y*K1;
   00C7 45 3F B8      [ 3]  194 	ldhx	#0x3fb8
   00CA 96r00r00      [ 5]  195 	sthx	___fsmul_PARM_1
   00CD 45 AA 3B      [ 3]  196 	ldhx	#0xaa3b
   00D0 96r00r02      [ 5]  197 	sthx	(___fsmul_PARM_1 + 2)
   00D3 95            [ 2]  198 	tsx
   00D4 F6            [ 3]  199 	lda	,x
   00D5 C7r00r00      [ 4]  200 	sta	___fsmul_PARM_2
   00D8 E6 01         [ 3]  201 	lda	1,x
   00DA C7r00r01      [ 4]  202 	sta	(___fsmul_PARM_2 + 1)
   00DD E6 02         [ 3]  203 	lda	2,x
   00DF C7r00r02      [ 4]  204 	sta	(___fsmul_PARM_2 + 2)
   00E2 E6 03         [ 3]  205 	lda	3,x
   00E4 C7r00r03      [ 4]  206 	sta	(___fsmul_PARM_2 + 3)
                            207 ;../expf.c:359: n=z;
   00E7 CDr00r00      [ 6]  208 	jsr	___fsmul
   00EA 9E E7 12      [ 4]  209 	sta	18,s
   00ED 9E EF 11      [ 4]  210 	stx	17,s
   00F0 B6*00         [ 3]  211 	lda	*___SDCC_hc08_ret2
   00F2 9E E7 10      [ 4]  212 	sta	16,s
   00F5 B6*00         [ 3]  213 	lda	*___SDCC_hc08_ret3
   00F7 9E E7 0F      [ 4]  214 	sta	15,s
   00FA 95            [ 2]  215 	tsx
   00FB E6 0E         [ 3]  216 	lda	14,x
   00FD C7r00r00      [ 4]  217 	sta	___fs2sint_PARM_1
   0100 E6 0F         [ 3]  218 	lda	15,x
   0102 C7r00r01      [ 4]  219 	sta	(___fs2sint_PARM_1 + 1)
   0105 E6 10         [ 3]  220 	lda	16,x
   0107 C7r00r02      [ 4]  221 	sta	(___fs2sint_PARM_1 + 2)
   010A E6 11         [ 3]  222 	lda	17,x
   010C C7r00r03      [ 4]  223 	sta	(___fs2sint_PARM_1 + 3)
   010F CDr00r00      [ 6]  224 	jsr	___fs2sint
   0112 9E E7 0E      [ 4]  225 	sta	14,s
   0115 9E EF 0D      [ 4]  226 	stx	13,s
                            227 ;../expf.c:361: if(n<0) --n;
   0118 95            [ 2]  228 	tsx
   0119 E6 0C         [ 3]  229 	lda	12,x
   011B A0 00         [ 2]  230 	sub	#0x00
   011D 90 0C         [ 3]  231 	bge	00112$
   011F E6 0D         [ 3]  232 	lda	13,x
   0121 A0 01         [ 2]  233 	sub	#0x01
   0123 E7 0D         [ 3]  234 	sta	13,x
   0125 E6 0C         [ 3]  235 	lda	12,x
   0127 A2 00         [ 2]  236 	sbc	#0
   0129 E7 0C         [ 3]  237 	sta	12,x
   012B                     238 00112$:
                            239 ;../expf.c:362: if(z-n>=0.5) ++n;
   012B 95            [ 2]  240 	tsx
   012C E6 0D         [ 3]  241 	lda	13,x
   012E EE 0C         [ 3]  242 	ldx	12,x
   0130 CDr00r00      [ 6]  243 	jsr	___sint2fs
   0133 C7r00r03      [ 4]  244 	sta	(___fssub_PARM_2 + 3)
   0136 CFr00r02      [ 4]  245 	stx	(___fssub_PARM_2 + 2)
   0139 B6*00         [ 3]  246 	lda	*___SDCC_hc08_ret2
   013B C7r00r01      [ 4]  247 	sta	(___fssub_PARM_2 + 1)
   013E B6*00         [ 3]  248 	lda	*___SDCC_hc08_ret3
   0140 C7r00r00      [ 4]  249 	sta	___fssub_PARM_2
   0143 95            [ 2]  250 	tsx
   0144 E6 0E         [ 3]  251 	lda	14,x
   0146 C7r00r00      [ 4]  252 	sta	___fssub_PARM_1
   0149 E6 0F         [ 3]  253 	lda	15,x
   014B C7r00r01      [ 4]  254 	sta	(___fssub_PARM_1 + 1)
   014E E6 10         [ 3]  255 	lda	16,x
   0150 C7r00r02      [ 4]  256 	sta	(___fssub_PARM_1 + 2)
   0153 E6 11         [ 3]  257 	lda	17,x
   0155 C7r00r03      [ 4]  258 	sta	(___fssub_PARM_1 + 3)
   0158 CDr00r00      [ 6]  259 	jsr	___fssub
   015B C7r00r03      [ 4]  260 	sta	(___fslt_PARM_1 + 3)
   015E CFr00r02      [ 4]  261 	stx	(___fslt_PARM_1 + 2)
   0161 B6*00         [ 3]  262 	lda	*___SDCC_hc08_ret2
   0163 C7r00r01      [ 4]  263 	sta	(___fslt_PARM_1 + 1)
   0166 B6*00         [ 3]  264 	lda	*___SDCC_hc08_ret3
   0168 C7r00r00      [ 4]  265 	sta	___fslt_PARM_1
   016B 45 3F 00      [ 3]  266 	ldhx	#0x3f00
   016E 96r00r00      [ 5]  267 	sthx	___fslt_PARM_2
   0171 8C            [ 1]  268 	clrh
   0172 96r00r02      [ 5]  269 	sthx	(___fslt_PARM_2 + 2)
   0175 CDr00r00      [ 6]  270 	jsr	___fslt
   0178 4D            [ 1]  271 	tsta
   0179 26 07         [ 3]  272 	bne	00114$
   017B 95            [ 2]  273 	tsx
   017C 6C 0D         [ 5]  274 	inc	13,x
   017E 26 02         [ 3]  275 	bne	00161$
   0180 6C 0C         [ 5]  276 	inc	12,x
   0182                     277 00161$:
   0182                     278 00114$:
                            279 ;../expf.c:363: xn=n;
   0182 95            [ 2]  280 	tsx
   0183 E6 0D         [ 3]  281 	lda	13,x
   0185 EE 0C         [ 3]  282 	ldx	12,x
   0187 CDr00r00      [ 6]  283 	jsr	___sint2fs
   018A 9E E7 12      [ 4]  284 	sta	18,s
   018D 9E EF 11      [ 4]  285 	stx	17,s
   0190 B6*00         [ 3]  286 	lda	*___SDCC_hc08_ret2
   0192 9E E7 10      [ 4]  287 	sta	16,s
   0195 B6*00         [ 3]  288 	lda	*___SDCC_hc08_ret3
   0197 9E E7 0F      [ 4]  289 	sta	15,s
                            290 ;../expf.c:364: g=((y-xn*C1))-xn*C2;
   019A 45 3F 31      [ 3]  291 	ldhx	#0x3f31
   019D 96r00r00      [ 5]  292 	sthx	___fsmul_PARM_1
   01A0 45 80 00      [ 3]  293 	ldhx	#0x8000
   01A3 96r00r02      [ 5]  294 	sthx	(___fsmul_PARM_1 + 2)
   01A6 95            [ 2]  295 	tsx
   01A7 E6 0E         [ 3]  296 	lda	14,x
   01A9 C7r00r00      [ 4]  297 	sta	___fsmul_PARM_2
   01AC E6 0F         [ 3]  298 	lda	15,x
   01AE C7r00r01      [ 4]  299 	sta	(___fsmul_PARM_2 + 1)
   01B1 E6 10         [ 3]  300 	lda	16,x
   01B3 C7r00r02      [ 4]  301 	sta	(___fsmul_PARM_2 + 2)
   01B6 E6 11         [ 3]  302 	lda	17,x
   01B8 C7r00r03      [ 4]  303 	sta	(___fsmul_PARM_2 + 3)
   01BB CDr00r00      [ 6]  304 	jsr	___fsmul
   01BE C7r00r03      [ 4]  305 	sta	(___fssub_PARM_2 + 3)
   01C1 CFr00r02      [ 4]  306 	stx	(___fssub_PARM_2 + 2)
   01C4 B6*00         [ 3]  307 	lda	*___SDCC_hc08_ret2
   01C6 C7r00r01      [ 4]  308 	sta	(___fssub_PARM_2 + 1)
   01C9 B6*00         [ 3]  309 	lda	*___SDCC_hc08_ret3
   01CB C7r00r00      [ 4]  310 	sta	___fssub_PARM_2
   01CE 95            [ 2]  311 	tsx
   01CF F6            [ 3]  312 	lda	,x
   01D0 C7r00r00      [ 4]  313 	sta	___fssub_PARM_1
   01D3 E6 01         [ 3]  314 	lda	1,x
   01D5 C7r00r01      [ 4]  315 	sta	(___fssub_PARM_1 + 1)
   01D8 E6 02         [ 3]  316 	lda	2,x
   01DA C7r00r02      [ 4]  317 	sta	(___fssub_PARM_1 + 2)
   01DD E6 03         [ 3]  318 	lda	3,x
   01DF C7r00r03      [ 4]  319 	sta	(___fssub_PARM_1 + 3)
   01E2 CDr00r00      [ 6]  320 	jsr	___fssub
   01E5 9E E7 0C      [ 4]  321 	sta	12,s
   01E8 9E EF 0B      [ 4]  322 	stx	11,s
   01EB B6*00         [ 3]  323 	lda	*___SDCC_hc08_ret2
   01ED 9E E7 0A      [ 4]  324 	sta	10,s
   01F0 B6*00         [ 3]  325 	lda	*___SDCC_hc08_ret3
   01F2 9E E7 09      [ 4]  326 	sta	9,s
   01F5 45 B9 5E      [ 3]  327 	ldhx	#0xb95e
   01F8 96r00r00      [ 5]  328 	sthx	___fsmul_PARM_1
   01FB 45 80 83      [ 3]  329 	ldhx	#0x8083
   01FE 96r00r02      [ 5]  330 	sthx	(___fsmul_PARM_1 + 2)
   0201 95            [ 2]  331 	tsx
   0202 E6 0E         [ 3]  332 	lda	14,x
   0204 C7r00r00      [ 4]  333 	sta	___fsmul_PARM_2
   0207 E6 0F         [ 3]  334 	lda	15,x
   0209 C7r00r01      [ 4]  335 	sta	(___fsmul_PARM_2 + 1)
   020C E6 10         [ 3]  336 	lda	16,x
   020E C7r00r02      [ 4]  337 	sta	(___fsmul_PARM_2 + 2)
   0211 E6 11         [ 3]  338 	lda	17,x
   0213 C7r00r03      [ 4]  339 	sta	(___fsmul_PARM_2 + 3)
   0216 CDr00r00      [ 6]  340 	jsr	___fsmul
   0219 C7r00r03      [ 4]  341 	sta	(___fssub_PARM_2 + 3)
   021C CFr00r02      [ 4]  342 	stx	(___fssub_PARM_2 + 2)
   021F B6*00         [ 3]  343 	lda	*___SDCC_hc08_ret2
   0221 C7r00r01      [ 4]  344 	sta	(___fssub_PARM_2 + 1)
   0224 B6*00         [ 3]  345 	lda	*___SDCC_hc08_ret3
   0226 C7r00r00      [ 4]  346 	sta	___fssub_PARM_2
   0229 95            [ 2]  347 	tsx
   022A E6 08         [ 3]  348 	lda	8,x
   022C C7r00r00      [ 4]  349 	sta	___fssub_PARM_1
   022F E6 09         [ 3]  350 	lda	9,x
   0231 C7r00r01      [ 4]  351 	sta	(___fssub_PARM_1 + 1)
   0234 E6 0A         [ 3]  352 	lda	10,x
   0236 C7r00r02      [ 4]  353 	sta	(___fssub_PARM_1 + 2)
   0239 E6 0B         [ 3]  354 	lda	11,x
   023B C7r00r03      [ 4]  355 	sta	(___fssub_PARM_1 + 3)
                            356 ;../expf.c:365: z=g*g;
   023E CDr00r00      [ 6]  357 	jsr	___fssub
   0241 9E E7 0C      [ 4]  358 	sta	12,s
   0244 9E EF 0B      [ 4]  359 	stx	11,s
   0247 B6*00         [ 3]  360 	lda	*___SDCC_hc08_ret2
   0249 9E E7 0A      [ 4]  361 	sta	10,s
   024C B6*00         [ 3]  362 	lda	*___SDCC_hc08_ret3
   024E 9E E7 09      [ 4]  363 	sta	9,s
   0251 95            [ 2]  364 	tsx
   0252 E6 08         [ 3]  365 	lda	8,x
   0254 C7r00r00      [ 4]  366 	sta	___fsmul_PARM_1
   0257 E6 09         [ 3]  367 	lda	9,x
   0259 C7r00r01      [ 4]  368 	sta	(___fsmul_PARM_1 + 1)
   025C E6 0A         [ 3]  369 	lda	10,x
   025E C7r00r02      [ 4]  370 	sta	(___fsmul_PARM_1 + 2)
   0261 E6 0B         [ 3]  371 	lda	11,x
   0263 C7r00r03      [ 4]  372 	sta	(___fsmul_PARM_1 + 3)
   0266 E6 08         [ 3]  373 	lda	8,x
   0268 C7r00r00      [ 4]  374 	sta	___fsmul_PARM_2
   026B E6 09         [ 3]  375 	lda	9,x
   026D C7r00r01      [ 4]  376 	sta	(___fsmul_PARM_2 + 1)
   0270 E6 0A         [ 3]  377 	lda	10,x
   0272 C7r00r02      [ 4]  378 	sta	(___fsmul_PARM_2 + 2)
   0275 E6 0B         [ 3]  379 	lda	11,x
   0277 C7r00r03      [ 4]  380 	sta	(___fsmul_PARM_2 + 3)
                            381 ;../expf.c:366: r=P(z)*g;
   027A CDr00r00      [ 6]  382 	jsr	___fsmul
   027D 9E E7 12      [ 4]  383 	sta	18,s
   0280 9E EF 11      [ 4]  384 	stx	17,s
   0283 B6*00         [ 3]  385 	lda	*___SDCC_hc08_ret2
   0285 9E E7 10      [ 4]  386 	sta	16,s
   0288 B6*00         [ 3]  387 	lda	*___SDCC_hc08_ret3
   028A 9E E7 0F      [ 4]  388 	sta	15,s
   028D 45 3B 88      [ 3]  389 	ldhx	#0x3b88
   0290 96r00r00      [ 5]  390 	sthx	___fsmul_PARM_1
   0293 45 53 08      [ 3]  391 	ldhx	#0x5308
   0296 96r00r02      [ 5]  392 	sthx	(___fsmul_PARM_1 + 2)
   0299 95            [ 2]  393 	tsx
   029A E6 0E         [ 3]  394 	lda	14,x
   029C C7r00r00      [ 4]  395 	sta	___fsmul_PARM_2
   029F E6 0F         [ 3]  396 	lda	15,x
   02A1 C7r00r01      [ 4]  397 	sta	(___fsmul_PARM_2 + 1)
   02A4 E6 10         [ 3]  398 	lda	16,x
   02A6 C7r00r02      [ 4]  399 	sta	(___fsmul_PARM_2 + 2)
   02A9 E6 11         [ 3]  400 	lda	17,x
   02AB C7r00r03      [ 4]  401 	sta	(___fsmul_PARM_2 + 3)
   02AE CDr00r00      [ 6]  402 	jsr	___fsmul
   02B1 C7r00r03      [ 4]  403 	sta	(___fsadd_PARM_1 + 3)
   02B4 CFr00r02      [ 4]  404 	stx	(___fsadd_PARM_1 + 2)
   02B7 B6*00         [ 3]  405 	lda	*___SDCC_hc08_ret2
   02B9 C7r00r01      [ 4]  406 	sta	(___fsadd_PARM_1 + 1)
   02BC B6*00         [ 3]  407 	lda	*___SDCC_hc08_ret3
   02BE C7r00r00      [ 4]  408 	sta	___fsadd_PARM_1
   02C1 45 3E 80      [ 3]  409 	ldhx	#0x3e80
   02C4 96r00r00      [ 5]  410 	sthx	___fsadd_PARM_2
   02C7 8C            [ 1]  411 	clrh
   02C8 5F            [ 1]  412 	clrx
   02C9 96r00r02      [ 5]  413 	sthx	(___fsadd_PARM_2 + 2)
   02CC CDr00r00      [ 6]  414 	jsr	___fsadd
   02CF C7r00r03      [ 4]  415 	sta	(___fsmul_PARM_1 + 3)
   02D2 CFr00r02      [ 4]  416 	stx	(___fsmul_PARM_1 + 2)
   02D5 B6*00         [ 3]  417 	lda	*___SDCC_hc08_ret2
   02D7 C7r00r01      [ 4]  418 	sta	(___fsmul_PARM_1 + 1)
   02DA B6*00         [ 3]  419 	lda	*___SDCC_hc08_ret3
   02DC C7r00r00      [ 4]  420 	sta	___fsmul_PARM_1
   02DF 95            [ 2]  421 	tsx
   02E0 E6 08         [ 3]  422 	lda	8,x
   02E2 C7r00r00      [ 4]  423 	sta	___fsmul_PARM_2
   02E5 E6 09         [ 3]  424 	lda	9,x
   02E7 C7r00r01      [ 4]  425 	sta	(___fsmul_PARM_2 + 1)
   02EA E6 0A         [ 3]  426 	lda	10,x
   02EC C7r00r02      [ 4]  427 	sta	(___fsmul_PARM_2 + 2)
   02EF E6 0B         [ 3]  428 	lda	11,x
   02F1 C7r00r03      [ 4]  429 	sta	(___fsmul_PARM_2 + 3)
                            430 ;../expf.c:367: r=0.5+(r/(Q(z)-r));
   02F4 CDr00r00      [ 6]  431 	jsr	___fsmul
   02F7 9E E7 0C      [ 4]  432 	sta	12,s
   02FA 9E EF 0B      [ 4]  433 	stx	11,s
   02FD B6*00         [ 3]  434 	lda	*___SDCC_hc08_ret2
   02FF 9E E7 0A      [ 4]  435 	sta	10,s
   0302 B6*00         [ 3]  436 	lda	*___SDCC_hc08_ret3
   0304 9E E7 09      [ 4]  437 	sta	9,s
   0307 45 3D 4C      [ 3]  438 	ldhx	#0x3d4c
   030A 96r00r00      [ 5]  439 	sthx	___fsmul_PARM_1
   030D 45 BF 5B      [ 3]  440 	ldhx	#0xbf5b
   0310 96r00r02      [ 5]  441 	sthx	(___fsmul_PARM_1 + 2)
   0313 95            [ 2]  442 	tsx
   0314 E6 0E         [ 3]  443 	lda	14,x
   0316 C7r00r00      [ 4]  444 	sta	___fsmul_PARM_2
   0319 E6 0F         [ 3]  445 	lda	15,x
   031B C7r00r01      [ 4]  446 	sta	(___fsmul_PARM_2 + 1)
   031E E6 10         [ 3]  447 	lda	16,x
   0320 C7r00r02      [ 4]  448 	sta	(___fsmul_PARM_2 + 2)
   0323 E6 11         [ 3]  449 	lda	17,x
   0325 C7r00r03      [ 4]  450 	sta	(___fsmul_PARM_2 + 3)
   0328 CDr00r00      [ 6]  451 	jsr	___fsmul
   032B C7r00r03      [ 4]  452 	sta	(___fsadd_PARM_1 + 3)
   032E CFr00r02      [ 4]  453 	stx	(___fsadd_PARM_1 + 2)
   0331 B6*00         [ 3]  454 	lda	*___SDCC_hc08_ret2
   0333 C7r00r01      [ 4]  455 	sta	(___fsadd_PARM_1 + 1)
   0336 B6*00         [ 3]  456 	lda	*___SDCC_hc08_ret3
   0338 C7r00r00      [ 4]  457 	sta	___fsadd_PARM_1
   033B 45 3F 00      [ 3]  458 	ldhx	#0x3f00
   033E 96r00r00      [ 5]  459 	sthx	___fsadd_PARM_2
   0341 8C            [ 1]  460 	clrh
   0342 96r00r02      [ 5]  461 	sthx	(___fsadd_PARM_2 + 2)
   0345 CDr00r00      [ 6]  462 	jsr	___fsadd
   0348 C7r00r03      [ 4]  463 	sta	(___fssub_PARM_1 + 3)
   034B CFr00r02      [ 4]  464 	stx	(___fssub_PARM_1 + 2)
   034E B6*00         [ 3]  465 	lda	*___SDCC_hc08_ret2
   0350 C7r00r01      [ 4]  466 	sta	(___fssub_PARM_1 + 1)
   0353 B6*00         [ 3]  467 	lda	*___SDCC_hc08_ret3
   0355 C7r00r00      [ 4]  468 	sta	___fssub_PARM_1
   0358 95            [ 2]  469 	tsx
   0359 E6 08         [ 3]  470 	lda	8,x
   035B C7r00r00      [ 4]  471 	sta	___fssub_PARM_2
   035E E6 09         [ 3]  472 	lda	9,x
   0360 C7r00r01      [ 4]  473 	sta	(___fssub_PARM_2 + 1)
   0363 E6 0A         [ 3]  474 	lda	10,x
   0365 C7r00r02      [ 4]  475 	sta	(___fssub_PARM_2 + 2)
   0368 E6 0B         [ 3]  476 	lda	11,x
   036A C7r00r03      [ 4]  477 	sta	(___fssub_PARM_2 + 3)
   036D CDr00r00      [ 6]  478 	jsr	___fssub
   0370 C7r00r03      [ 4]  479 	sta	(___fsdiv_PARM_2 + 3)
   0373 CFr00r02      [ 4]  480 	stx	(___fsdiv_PARM_2 + 2)
   0376 B6*00         [ 3]  481 	lda	*___SDCC_hc08_ret2
   0378 C7r00r01      [ 4]  482 	sta	(___fsdiv_PARM_2 + 1)
   037B B6*00         [ 3]  483 	lda	*___SDCC_hc08_ret3
   037D C7r00r00      [ 4]  484 	sta	___fsdiv_PARM_2
   0380 95            [ 2]  485 	tsx
   0381 E6 08         [ 3]  486 	lda	8,x
   0383 C7r00r00      [ 4]  487 	sta	___fsdiv_PARM_1
   0386 E6 09         [ 3]  488 	lda	9,x
   0388 C7r00r01      [ 4]  489 	sta	(___fsdiv_PARM_1 + 1)
   038B E6 0A         [ 3]  490 	lda	10,x
   038D C7r00r02      [ 4]  491 	sta	(___fsdiv_PARM_1 + 2)
   0390 E6 0B         [ 3]  492 	lda	11,x
   0392 C7r00r03      [ 4]  493 	sta	(___fsdiv_PARM_1 + 3)
   0395 CDr00r00      [ 6]  494 	jsr	___fsdiv
   0398 C7r00r03      [ 4]  495 	sta	(___fsadd_PARM_1 + 3)
   039B CFr00r02      [ 4]  496 	stx	(___fsadd_PARM_1 + 2)
   039E B6*00         [ 3]  497 	lda	*___SDCC_hc08_ret2
   03A0 C7r00r01      [ 4]  498 	sta	(___fsadd_PARM_1 + 1)
   03A3 B6*00         [ 3]  499 	lda	*___SDCC_hc08_ret3
   03A5 C7r00r00      [ 4]  500 	sta	___fsadd_PARM_1
   03A8 45 3F 00      [ 3]  501 	ldhx	#0x3f00
   03AB 96r00r00      [ 5]  502 	sthx	___fsadd_PARM_2
   03AE 8C            [ 1]  503 	clrh
   03AF 96r00r02      [ 5]  504 	sthx	(___fsadd_PARM_2 + 2)
   03B2 CDr00r00      [ 6]  505 	jsr	___fsadd
   03B5 9E E7 08      [ 4]  506 	sta	8,s
   03B8 9E EF 07      [ 4]  507 	stx	7,s
   03BB B6*00         [ 3]  508 	lda	*___SDCC_hc08_ret2
   03BD 9E E7 06      [ 4]  509 	sta	6,s
   03C0 B6*00         [ 3]  510 	lda	*___SDCC_hc08_ret3
   03C2 9E E7 05      [ 4]  511 	sta	5,s
                            512 ;../expf.c:369: n++;
   03C5 95            [ 2]  513 	tsx
   03C6 45r00r00      [ 3]  514 	ldhx	#_ldexpf_PARM_2
   03C9 9E E6 0E      [ 4]  515 	lda	14,s
   03CC AB 01         [ 2]  516 	add	#0x01
   03CE E7 01         [ 3]  517 	sta	1,x
   03D0 9E E6 0D      [ 4]  518 	lda	13,s
   03D3 A9 00         [ 2]  519 	adc	#0
   03D5 F7            [ 2]  520 	sta	,x
                            521 ;../expf.c:370: z=ldexpf(r, n);
   03D6 95            [ 2]  522 	tsx
   03D7 E6 04         [ 3]  523 	lda	4,x
   03D9 C7r00r00      [ 4]  524 	sta	_ldexpf_PARM_1
   03DC E6 05         [ 3]  525 	lda	5,x
   03DE C7r00r01      [ 4]  526 	sta	(_ldexpf_PARM_1 + 1)
   03E1 E6 06         [ 3]  527 	lda	6,x
   03E3 C7r00r02      [ 4]  528 	sta	(_ldexpf_PARM_1 + 2)
   03E6 E6 07         [ 3]  529 	lda	7,x
   03E8 C7r00r03      [ 4]  530 	sta	(_ldexpf_PARM_1 + 3)
   03EB CDr00r00      [ 6]  531 	jsr	_ldexpf
   03EE 9E E7 0C      [ 4]  532 	sta	12,s
   03F1 9E EF 0B      [ 4]  533 	stx	11,s
   03F4 B6*00         [ 3]  534 	lda	*___SDCC_hc08_ret2
   03F6 9E E7 0A      [ 4]  535 	sta	10,s
   03F9 B6*00         [ 3]  536 	lda	*___SDCC_hc08_ret3
   03FB 9E E7 09      [ 4]  537 	sta	9,s
                            538 ;../expf.c:371: if(sign)
   03FE 9E 6D 13      [ 5]  539 	tst	19,s
   0401 27 43         [ 3]  540 	beq	00116$
                            541 ;../expf.c:372: return 1.0/z;
   0403 45 3F 80      [ 3]  542 	ldhx	#0x3f80
   0406 96r00r00      [ 5]  543 	sthx	___fsdiv_PARM_1
   0409 8C            [ 1]  544 	clrh
   040A 5F            [ 1]  545 	clrx
   040B 96r00r02      [ 5]  546 	sthx	(___fsdiv_PARM_1 + 2)
   040E 95            [ 2]  547 	tsx
   040F E6 08         [ 3]  548 	lda	8,x
   0411 C7r00r00      [ 4]  549 	sta	___fsdiv_PARM_2
   0414 E6 09         [ 3]  550 	lda	9,x
   0416 C7r00r01      [ 4]  551 	sta	(___fsdiv_PARM_2 + 1)
   0419 E6 0A         [ 3]  552 	lda	10,x
   041B C7r00r02      [ 4]  553 	sta	(___fsdiv_PARM_2 + 2)
   041E E6 0B         [ 3]  554 	lda	11,x
   0420 C7r00r03      [ 4]  555 	sta	(___fsdiv_PARM_2 + 3)
   0423 CDr00r00      [ 6]  556 	jsr	___fsdiv
   0426 9E E7 12      [ 4]  557 	sta	18,s
   0429 9E EF 11      [ 4]  558 	stx	17,s
   042C B6*00         [ 3]  559 	lda	*___SDCC_hc08_ret2
   042E 9E E7 10      [ 4]  560 	sta	16,s
   0431 B6*00         [ 3]  561 	lda	*___SDCC_hc08_ret3
   0433 9E E7 0F      [ 4]  562 	sta	15,s
   0436 95            [ 2]  563 	tsx
   0437 E6 0E         [ 3]  564 	lda	14,x
   0439 B7*00         [ 3]  565 	sta	*___SDCC_hc08_ret3
   043B E6 0F         [ 3]  566 	lda	15,x
   043D B7*00         [ 3]  567 	sta	*___SDCC_hc08_ret2
   043F EE 10         [ 3]  568 	ldx	16,x
   0441 9E E6 12      [ 4]  569 	lda	18,s
   0444 20 0E         [ 3]  570 	bra	00118$
   0446                     571 00116$:
                            572 ;../expf.c:374: return z;
   0446 95            [ 2]  573 	tsx
   0447 E6 08         [ 3]  574 	lda	8,x
   0449 B7*00         [ 3]  575 	sta	*___SDCC_hc08_ret3
   044B E6 09         [ 3]  576 	lda	9,x
   044D B7*00         [ 3]  577 	sta	*___SDCC_hc08_ret2
   044F EE 0A         [ 3]  578 	ldx	10,x
   0451 9E E6 0C      [ 4]  579 	lda	12,s
   0454                     580 00118$:
                            581 ;../expf.c:375: }
   0454 A7 13         [ 2]  582 	ais	#19
   0456 81            [ 6]  583 	rts
                            584 	.area CSEG    (CODE)
                            585 	.area CONST   (CODE)
                            586 	.area XINIT   (CODE)
                            587 	.area CABS    (ABS,CODE)
