                              1 ;--------------------------------------------------------
                              2 ; File Created by SDCC : free open source ISO C Compiler 
                              3 ; Version 4.2.14 #0 (Linux)
                              4 ;--------------------------------------------------------
                              5 	.cs08
                              6 	.module isalnum
                              7 	.optsdcc -ms08
                              8 	
                              9 	.area HOME    (CODE)
                             10 	.area GSINIT0 (CODE)
                             11 	.area GSINIT  (CODE)
                             12 	.area GSFINAL (CODE)
                             13 	.area CSEG    (CODE)
                             14 	.area XINIT   (CODE)
                             15 	.area CONST   (CODE)
                             16 	.area DSEG    (PAG)
                             17 	.area OSEG    (PAG, OVR)
                             18 	.area XSEG
                             19 	.area XISEG
                             20 ;--------------------------------------------------------
                             21 ; Public variables in this module
                             22 ;--------------------------------------------------------
                             23 	.globl _isalpha
                             24 	.globl _isalnum
                             25 ;--------------------------------------------------------
                             26 ; ram data
                             27 ;--------------------------------------------------------
                             28 	.area DSEG    (PAG)
   0000                      29 _isalnum_sloc0_1_0:
   0000                      30 	.ds 2
                             31 ;--------------------------------------------------------
                             32 ; overlayable items in ram
                             33 ;--------------------------------------------------------
                             34 ;--------------------------------------------------------
                             35 ; absolute ram data
                             36 ;--------------------------------------------------------
                             37 	.area IABS    (ABS)
                             38 	.area IABS    (ABS)
                             39 ;--------------------------------------------------------
                             40 ; absolute external ram data
                             41 ;--------------------------------------------------------
                             42 	.area XABS    (ABS)
                             43 ;--------------------------------------------------------
                             44 ; initialized external ram data
                             45 ;--------------------------------------------------------
                             46 	.area XISEG
                             47 ;--------------------------------------------------------
                             48 ; extended address mode data
                             49 ;--------------------------------------------------------
                             50 	.area XSEG
                             51 ;--------------------------------------------------------
                             52 ; global & static initialisations
                             53 ;--------------------------------------------------------
                             54 	.area HOME    (CODE)
                             55 	.area GSINIT  (CODE)
                             56 	.area GSFINAL (CODE)
                             57 	.area GSINIT  (CODE)
                             58 ;--------------------------------------------------------
                             59 ; Home
                             60 ;--------------------------------------------------------
                             61 	.area HOME    (CODE)
                             62 	.area HOME    (CODE)
                             63 ;--------------------------------------------------------
                             64 ; code
                             65 ;--------------------------------------------------------
                             66 	.area CSEG    (CODE)
                             67 ;------------------------------------------------------------
                             68 ;Allocation info for local variables in function 'isalnum'
                             69 ;------------------------------------------------------------
                             70 ;sloc0                     Allocated with name '_isalnum_sloc0_1_0'
                             71 ;c                         Allocated to registers a x 
                             72 ;__1310720001              Allocated to registers 
                             73 ;__1310720002              Allocated to registers 
                             74 ;c                         Allocated to registers 
                             75 ;------------------------------------------------------------
                             76 ;../isalnum.c:37: int isalnum (int c)
                             77 ;	-----------------------------------------
                             78 ;	 function isalnum
                             79 ;	-----------------------------------------
                             80 ;	Register assignment is optimal.
                             81 ;	Stack space usage: 0 bytes.
   0000                      82 _isalnum:
                             83 ;../isalnum.c:39: return (isalpha (c) || isdigit (c));
   0000 87            [ 2]   84 	psha
   0001 89            [ 2]   85 	pshx
   0002 CDr00r00      [ 6]   86 	jsr	_isalpha
   0005 B7*01         [ 3]   87 	sta	*(_isalnum_sloc0_1_0 + 1)
   0007 BF*00         [ 3]   88 	stx	*_isalnum_sloc0_1_0
   0009 88            [ 3]   89 	pulx
   000A 86            [ 3]   90 	pula
   000B 3D*01         [ 4]   91 	tst	*(_isalnum_sloc0_1_0 + 1)
   000D 26 02         [ 3]   92 	bne	00121$
   000F 3D*00         [ 4]   93 	tst	*_isalnum_sloc0_1_0
   0011                      94 00121$:
   0011 26 0B         [ 3]   95 	bne	00105$
                             96 ;./../../include/ctype.h:62: return ((unsigned char)c >= '0' && (unsigned char)c <= '9');
   0013 A1 30         [ 2]   97 	cmp	#0x30
   0015 25 04         [ 3]   98 	bcs	00109$
   0017 A1 39         [ 2]   99 	cmp	#0x39
   0019 23 03         [ 3]  100 	bls	00105$
   001B                     101 00109$:
                            102 ;../isalnum.c:39: return (isalpha (c) || isdigit (c));
   001B 4F            [ 1]  103 	clra
   001C 20 02         [ 3]  104 	bra	00106$
   001E                     105 00105$:
   001E A6 01         [ 2]  106 	lda	#0x01
   0020                     107 00106$:
   0020 5F            [ 1]  108 	clrx
                            109 ;../isalnum.c:40: }
   0021 81            [ 6]  110 	rts
                            111 	.area CSEG    (CODE)
                            112 	.area CONST   (CODE)
                            113 	.area XINIT   (CODE)
                            114 	.area CABS    (ABS,CODE)
