                              1 ;--------------------------------------------------------
                              2 ; File Created by SDCC : free open source ISO C Compiler 
                              3 ; Version 4.2.14 #0 (Linux)
                              4 ;--------------------------------------------------------
                              5 	.cs08
                              6 	.module iscntrl
                              7 	.optsdcc -ms08
                              8 	
                              9 	.area HOME    (CODE)
                             10 	.area GSINIT0 (CODE)
                             11 	.area GSINIT  (CODE)
                             12 	.area GSFINAL (CODE)
                             13 	.area CSEG    (CODE)
                             14 	.area XINIT   (CODE)
                             15 	.area CONST   (CODE)
                             16 	.area DSEG    (PAG)
                             17 	.area OSEG    (PAG, OVR)
                             18 	.area XSEG
                             19 	.area XISEG
                             20 ;--------------------------------------------------------
                             21 ; Public variables in this module
                             22 ;--------------------------------------------------------
                             23 	.globl _iscntrl
                             24 ;--------------------------------------------------------
                             25 ; ram data
                             26 ;--------------------------------------------------------
                             27 	.area DSEG    (PAG)
                             28 ;--------------------------------------------------------
                             29 ; overlayable items in ram
                             30 ;--------------------------------------------------------
                             31 ;--------------------------------------------------------
                             32 ; absolute ram data
                             33 ;--------------------------------------------------------
                             34 	.area IABS    (ABS)
                             35 	.area IABS    (ABS)
                             36 ;--------------------------------------------------------
                             37 ; absolute external ram data
                             38 ;--------------------------------------------------------
                             39 	.area XABS    (ABS)
                             40 ;--------------------------------------------------------
                             41 ; initialized external ram data
                             42 ;--------------------------------------------------------
                             43 	.area XISEG
                             44 ;--------------------------------------------------------
                             45 ; extended address mode data
                             46 ;--------------------------------------------------------
                             47 	.area XSEG
                             48 ;--------------------------------------------------------
                             49 ; global & static initialisations
                             50 ;--------------------------------------------------------
                             51 	.area HOME    (CODE)
                             52 	.area GSINIT  (CODE)
                             53 	.area GSFINAL (CODE)
                             54 	.area GSINIT  (CODE)
                             55 ;--------------------------------------------------------
                             56 ; Home
                             57 ;--------------------------------------------------------
                             58 	.area HOME    (CODE)
                             59 	.area HOME    (CODE)
                             60 ;--------------------------------------------------------
                             61 ; code
                             62 ;--------------------------------------------------------
                             63 	.area CSEG    (CODE)
                             64 ;------------------------------------------------------------
                             65 ;Allocation info for local variables in function 'iscntrl'
                             66 ;------------------------------------------------------------
                             67 ;c                         Allocated to registers x h 
                             68 ;------------------------------------------------------------
                             69 ;../iscntrl.c:33: int iscntrl (int c)
                             70 ;	-----------------------------------------
                             71 ;	 function iscntrl
                             72 ;	-----------------------------------------
                             73 ;	Register assignment is optimal.
                             74 ;	Stack space usage: 0 bytes.
   0000                      75 _iscntrl:
   0000 89            [ 2]   76 	pshx
   0001 97            [ 1]   77 	tax
   0002 8A            [ 3]   78 	pulh
                             79 ;../iscntrl.c:35: return (c < ' ' || c == 0x7f);
   0003 65 00 20      [ 3]   80 	cphx	#0x0020
   0006 91 08         [ 3]   81 	blt	00104$
   0008 65 00 7F      [ 3]   82 	cphx	#0x007f
   000B 27 03         [ 3]   83 	beq	00104$
   000D 4F            [ 1]   84 	clra
   000E 20 02         [ 3]   85 	bra	00105$
   0010                      86 00104$:
   0010 A6 01         [ 2]   87 	lda	#0x01
   0012                      88 00105$:
   0012 5F            [ 1]   89 	clrx
                             90 ;../iscntrl.c:36: }
   0013 81            [ 6]   91 	rts
                             92 	.area CSEG    (CODE)
                             93 	.area CONST   (CODE)
                             94 	.area XINIT   (CODE)
                             95 	.area CABS    (ABS,CODE)
