                              1 ;--------------------------------------------------------
                              2 ; File Created by SDCC : free open source ISO C Compiler 
                              3 ; Version 4.2.14 #0 (Linux)
                              4 ;--------------------------------------------------------
                              5 	.cs08
                              6 	.module ldexpf
                              7 	.optsdcc -ms08
                              8 	
                              9 	.area HOME    (CODE)
                             10 	.area GSINIT0 (CODE)
                             11 	.area GSINIT  (CODE)
                             12 	.area GSFINAL (CODE)
                             13 	.area CSEG    (CODE)
                             14 	.area XINIT   (CODE)
                             15 	.area CONST   (CODE)
                             16 	.area DSEG    (PAG)
                             17 	.area OSEG    (PAG, OVR)
                             18 	.area XSEG
                             19 	.area XISEG
                             20 ;--------------------------------------------------------
                             21 ; Public variables in this module
                             22 ;--------------------------------------------------------
                             23 	.globl _ldexpf_PARM_2
                             24 	.globl _ldexpf_PARM_1
                             25 	.globl _ldexpf
                             26 ;--------------------------------------------------------
                             27 ; ram data
                             28 ;--------------------------------------------------------
                             29 	.area DSEG    (PAG)
                             30 ;--------------------------------------------------------
                             31 ; overlayable items in ram
                             32 ;--------------------------------------------------------
                             33 	.area	OSEG    (PAG, OVR)
   0000                      34 _ldexpf_sloc0_1_0:
   0000                      35 	.ds 4
   0004                      36 _ldexpf_sloc1_1_0:
   0004                      37 	.ds 4
                             38 ;--------------------------------------------------------
                             39 ; absolute ram data
                             40 ;--------------------------------------------------------
                             41 	.area IABS    (ABS)
                             42 	.area IABS    (ABS)
                             43 ;--------------------------------------------------------
                             44 ; absolute external ram data
                             45 ;--------------------------------------------------------
                             46 	.area XABS    (ABS)
                             47 ;--------------------------------------------------------
                             48 ; initialized external ram data
                             49 ;--------------------------------------------------------
                             50 	.area XISEG
                             51 ;--------------------------------------------------------
                             52 ; extended address mode data
                             53 ;--------------------------------------------------------
                             54 	.area XSEG
   0000                      55 _ldexpf_PARM_1:
   0000                      56 	.ds 4
   0004                      57 _ldexpf_PARM_2:
   0004                      58 	.ds 2
   0006                      59 _ldexpf_fl_65536_26:
   0006                      60 	.ds 4
                             61 ;--------------------------------------------------------
                             62 ; global & static initialisations
                             63 ;--------------------------------------------------------
                             64 	.area HOME    (CODE)
                             65 	.area GSINIT  (CODE)
                             66 	.area GSFINAL (CODE)
                             67 	.area GSINIT  (CODE)
                             68 ;--------------------------------------------------------
                             69 ; Home
                             70 ;--------------------------------------------------------
                             71 	.area HOME    (CODE)
                             72 	.area HOME    (CODE)
                             73 ;--------------------------------------------------------
                             74 ; code
                             75 ;--------------------------------------------------------
                             76 	.area CSEG    (CODE)
                             77 ;------------------------------------------------------------
                             78 ;Allocation info for local variables in function 'ldexpf'
                             79 ;------------------------------------------------------------
                             80 ;x                         Allocated with name '_ldexpf_PARM_1'
                             81 ;pw2                       Allocated with name '_ldexpf_PARM_2'
                             82 ;fl                        Allocated with name '_ldexpf_fl_65536_26'
                             83 ;e                         Allocated with name '_ldexpf_e_65536_26'
                             84 ;sloc0                     Allocated with name '_ldexpf_sloc0_1_0'
                             85 ;sloc1                     Allocated with name '_ldexpf_sloc1_1_0'
                             86 ;------------------------------------------------------------
                             87 ;../ldexpf.c:34: float ldexpf(float x, int pw2)
                             88 ;	-----------------------------------------
                             89 ;	 function ldexpf
                             90 ;	-----------------------------------------
                             91 ;	Register assignment is optimal.
                             92 ;	Stack space usage: 0 bytes.
   0000                      93 _ldexpf:
                             94 ;../ldexpf.c:39: fl.f = x;
   0000 C6r00r00      [ 4]   95 	lda	_ldexpf_PARM_1
   0003 C7r00r06      [ 4]   96 	sta	_ldexpf_fl_65536_26
   0006 C6r00r01      [ 4]   97 	lda	(_ldexpf_PARM_1 + 1)
   0009 C7r00r07      [ 4]   98 	sta	(_ldexpf_fl_65536_26 + 1)
   000C C6r00r02      [ 4]   99 	lda	(_ldexpf_PARM_1 + 2)
   000F C7r00r08      [ 4]  100 	sta	(_ldexpf_fl_65536_26 + 2)
   0012 C6r00r03      [ 4]  101 	lda	(_ldexpf_PARM_1 + 3)
   0015 C7r00r09      [ 4]  102 	sta	(_ldexpf_fl_65536_26 + 3)
                            103 ;../ldexpf.c:41: e=(fl.l >> 23) & 0x000000ff;
   0018 C6r00r06      [ 4]  104 	lda	_ldexpf_fl_65536_26
   001B B7*00         [ 3]  105 	sta	*_ldexpf_sloc0_1_0
   001D C6r00r07      [ 4]  106 	lda	(_ldexpf_fl_65536_26 + 1)
   0020 B7*01         [ 3]  107 	sta	*(_ldexpf_sloc0_1_0 + 1)
   0022 C6r00r08      [ 4]  108 	lda	(_ldexpf_fl_65536_26 + 2)
   0025 B7*02         [ 3]  109 	sta	*(_ldexpf_sloc0_1_0 + 2)
   0027 C6r00r09      [ 4]  110 	lda	(_ldexpf_fl_65536_26 + 3)
   002A B7*03         [ 3]  111 	sta	*(_ldexpf_sloc0_1_0 + 3)
   002C B6*01         [ 3]  112 	lda	*(_ldexpf_sloc0_1_0 + 1)
   002E BE*00         [ 3]  113 	ldx	*_ldexpf_sloc0_1_0
   0030 57            [ 1]  114 	asrx
   0031 46            [ 1]  115 	rora
   0032 57            [ 1]  116 	asrx
   0033 46            [ 1]  117 	rora
   0034 57            [ 1]  118 	asrx
   0035 46            [ 1]  119 	rora
   0036 57            [ 1]  120 	asrx
   0037 46            [ 1]  121 	rora
   0038 57            [ 1]  122 	asrx
   0039 46            [ 1]  123 	rora
   003A 57            [ 1]  124 	asrx
   003B 46            [ 1]  125 	rora
   003C 57            [ 1]  126 	asrx
   003D 46            [ 1]  127 	rora
   003E B7*03         [ 3]  128 	sta	*(_ldexpf_sloc0_1_0 + 3)
   0040 BF*02         [ 3]  129 	stx	*(_ldexpf_sloc0_1_0 + 2)
   0042 9F            [ 1]  130 	txa
   0043 49            [ 1]  131 	rola
   0044 4F            [ 1]  132 	clra
   0045 A2 00         [ 2]  133 	sbc	#0
   0047 B7*01         [ 3]  134 	sta	*(_ldexpf_sloc0_1_0 + 1)
   0049 B7*00         [ 3]  135 	sta	*_ldexpf_sloc0_1_0
   004B 6E 00*02      [ 4]  136 	mov	#0x00,*(_ldexpf_sloc0_1_0 + 2)
   004E 6E 00*01      [ 4]  137 	mov	#0x00,*(_ldexpf_sloc0_1_0 + 1)
   0051 6E 00*00      [ 4]  138 	mov	#0x00,*_ldexpf_sloc0_1_0
                            139 ;../ldexpf.c:42: e+=pw2;
   0054 C6r00r05      [ 4]  140 	lda	(_ldexpf_PARM_2 + 1)
   0057 B7*07         [ 3]  141 	sta	*(_ldexpf_sloc1_1_0 + 3)
   0059 C6r00r04      [ 4]  142 	lda	_ldexpf_PARM_2
   005C B7*06         [ 3]  143 	sta	*(_ldexpf_sloc1_1_0 + 2)
   005E 49            [ 1]  144 	rola	
   005F 4F            [ 1]  145 	clra	
   0060 A2 00         [ 2]  146 	sbc	#0x00
   0062 B7*05         [ 3]  147 	sta	*(_ldexpf_sloc1_1_0 + 1)
   0064 B7*04         [ 3]  148 	sta	*_ldexpf_sloc1_1_0
   0066 B6*03         [ 3]  149 	lda	*(_ldexpf_sloc0_1_0 + 3)
   0068 BB*07         [ 3]  150 	add	*(_ldexpf_sloc1_1_0 + 3)
   006A B7*07         [ 3]  151 	sta	*(_ldexpf_sloc1_1_0 + 3)
   006C B6*02         [ 3]  152 	lda	*(_ldexpf_sloc0_1_0 + 2)
   006E B9*06         [ 3]  153 	adc	*(_ldexpf_sloc1_1_0 + 2)
   0070 B7*06         [ 3]  154 	sta	*(_ldexpf_sloc1_1_0 + 2)
   0072 B6*01         [ 3]  155 	lda	*(_ldexpf_sloc0_1_0 + 1)
   0074 B9*05         [ 3]  156 	adc	*(_ldexpf_sloc1_1_0 + 1)
   0076 B7*05         [ 3]  157 	sta	*(_ldexpf_sloc1_1_0 + 1)
   0078 B6*00         [ 3]  158 	lda	*_ldexpf_sloc0_1_0
   007A B9*04         [ 3]  159 	adc	*_ldexpf_sloc1_1_0
   007C B7*04         [ 3]  160 	sta	*_ldexpf_sloc1_1_0
                            161 ;../ldexpf.c:43: fl.l= ((e & 0xff) << 23) | (fl.l & 0x807fffff);
   007E 6E 00*06      [ 4]  162 	mov	#0x00,*(_ldexpf_sloc1_1_0 + 2)
   0081 6E 00*05      [ 4]  163 	mov	#0x00,*(_ldexpf_sloc1_1_0 + 1)
   0084 6E 00*04      [ 4]  164 	mov	#0x00,*_ldexpf_sloc1_1_0
   0087 B6*07         [ 3]  165 	lda	*(_ldexpf_sloc1_1_0 + 3)
   0089 BE*06         [ 3]  166 	ldx	*(_ldexpf_sloc1_1_0 + 2)
   008B 54            [ 1]  167 	lsrx
   008C 46            [ 1]  168 	rora
   008D 97            [ 1]  169 	tax
   008E 4F            [ 1]  170 	clra
   008F 46            [ 1]  171 	rora
   0090 B7*05         [ 3]  172 	sta	*(_ldexpf_sloc1_1_0 + 1)
   0092 BF*04         [ 3]  173 	stx	*_ldexpf_sloc1_1_0
   0094 6E 00*07      [ 4]  174 	mov	#0x00,*(_ldexpf_sloc1_1_0 + 3)
   0097 6E 00*06      [ 4]  175 	mov	#0x00,*(_ldexpf_sloc1_1_0 + 2)
   009A C6r00r06      [ 4]  176 	lda	_ldexpf_fl_65536_26
   009D B7*00         [ 3]  177 	sta	*_ldexpf_sloc0_1_0
   009F C6r00r07      [ 4]  178 	lda	(_ldexpf_fl_65536_26 + 1)
   00A2 B7*01         [ 3]  179 	sta	*(_ldexpf_sloc0_1_0 + 1)
   00A4 C6r00r08      [ 4]  180 	lda	(_ldexpf_fl_65536_26 + 2)
   00A7 B7*02         [ 3]  181 	sta	*(_ldexpf_sloc0_1_0 + 2)
   00A9 C6r00r09      [ 4]  182 	lda	(_ldexpf_fl_65536_26 + 3)
   00AC B7*03         [ 3]  183 	sta	*(_ldexpf_sloc0_1_0 + 3)
   00AE B6*01         [ 3]  184 	lda	*(_ldexpf_sloc0_1_0 + 1)
   00B0 A4 7F         [ 2]  185 	and	#0x7f
   00B2 B7*01         [ 3]  186 	sta	*(_ldexpf_sloc0_1_0 + 1)
   00B4 B6*00         [ 3]  187 	lda	*_ldexpf_sloc0_1_0
   00B6 A4 80         [ 2]  188 	and	#0x80
   00B8 B7*00         [ 3]  189 	sta	*_ldexpf_sloc0_1_0
   00BA B6*07         [ 3]  190 	lda	*(_ldexpf_sloc1_1_0 + 3)
   00BC BA*03         [ 3]  191 	ora	*(_ldexpf_sloc0_1_0 + 3)
   00BE B7*07         [ 3]  192 	sta	*(_ldexpf_sloc1_1_0 + 3)
   00C0 B6*06         [ 3]  193 	lda	*(_ldexpf_sloc1_1_0 + 2)
   00C2 BA*02         [ 3]  194 	ora	*(_ldexpf_sloc0_1_0 + 2)
   00C4 B7*06         [ 3]  195 	sta	*(_ldexpf_sloc1_1_0 + 2)
   00C6 B6*05         [ 3]  196 	lda	*(_ldexpf_sloc1_1_0 + 1)
   00C8 BA*01         [ 3]  197 	ora	*(_ldexpf_sloc0_1_0 + 1)
   00CA B7*05         [ 3]  198 	sta	*(_ldexpf_sloc1_1_0 + 1)
   00CC B6*04         [ 3]  199 	lda	*_ldexpf_sloc1_1_0
   00CE BA*00         [ 3]  200 	ora	*_ldexpf_sloc0_1_0
   00D0 B7*04         [ 3]  201 	sta	*_ldexpf_sloc1_1_0
   00D2 B6*04         [ 3]  202 	lda	*_ldexpf_sloc1_1_0
   00D4 C7r00r06      [ 4]  203 	sta	_ldexpf_fl_65536_26
   00D7 B6*05         [ 3]  204 	lda	*(_ldexpf_sloc1_1_0 + 1)
   00D9 C7r00r07      [ 4]  205 	sta	(_ldexpf_fl_65536_26 + 1)
   00DC B6*06         [ 3]  206 	lda	*(_ldexpf_sloc1_1_0 + 2)
   00DE C7r00r08      [ 4]  207 	sta	(_ldexpf_fl_65536_26 + 2)
   00E1 B6*07         [ 3]  208 	lda	*(_ldexpf_sloc1_1_0 + 3)
   00E3 C7r00r09      [ 4]  209 	sta	(_ldexpf_fl_65536_26 + 3)
                            210 ;../ldexpf.c:45: return(fl.f);
   00E6 C6r00r06      [ 4]  211 	lda	_ldexpf_fl_65536_26
   00E9 B7*04         [ 3]  212 	sta	*_ldexpf_sloc1_1_0
   00EB C6r00r07      [ 4]  213 	lda	(_ldexpf_fl_65536_26 + 1)
   00EE B7*05         [ 3]  214 	sta	*(_ldexpf_sloc1_1_0 + 1)
   00F0 C6r00r08      [ 4]  215 	lda	(_ldexpf_fl_65536_26 + 2)
   00F3 B7*06         [ 3]  216 	sta	*(_ldexpf_sloc1_1_0 + 2)
   00F5 C6r00r09      [ 4]  217 	lda	(_ldexpf_fl_65536_26 + 3)
   00F8 B7*07         [ 3]  218 	sta	*(_ldexpf_sloc1_1_0 + 3)
   00FA 4E*04*00      [ 6]  219 	mov	*_ldexpf_sloc1_1_0,*___SDCC_hc08_ret3
   00FD 4E*05*00      [ 6]  220 	mov	*(_ldexpf_sloc1_1_0 + 1),*___SDCC_hc08_ret2
   0100 BE*06         [ 3]  221 	ldx	*(_ldexpf_sloc1_1_0 + 2)
   0102 B6*07         [ 3]  222 	lda	*(_ldexpf_sloc1_1_0 + 3)
                            223 ;../ldexpf.c:46: }
   0104 81            [ 6]  224 	rts
                            225 	.area CSEG    (CODE)
                            226 	.area CONST   (CODE)
                            227 	.area XINIT   (CODE)
                            228 	.area CABS    (ABS,CODE)
