                              1 ;--------------------------------------------------------
                              2 ; File Created by SDCC : free open source ISO C Compiler 
                              3 ; Version 4.2.14 #0 (Linux)
                              4 ;--------------------------------------------------------
                              5 	.cs08
                              6 	.module logf
                              7 	.optsdcc -ms08
                              8 	
                              9 	.area HOME    (CODE)
                             10 	.area GSINIT0 (CODE)
                             11 	.area GSINIT  (CODE)
                             12 	.area GSFINAL (CODE)
                             13 	.area CSEG    (CODE)
                             14 	.area XINIT   (CODE)
                             15 	.area CONST   (CODE)
                             16 	.area DSEG    (PAG)
                             17 	.area OSEG    (PAG, OVR)
                             18 	.area XSEG
                             19 	.area XISEG
                             20 ;--------------------------------------------------------
                             21 ; Public variables in this module
                             22 ;--------------------------------------------------------
                             23 	.globl _frexpf
                             24 	.globl _logf
                             25 ;--------------------------------------------------------
                             26 ; ram data
                             27 ;--------------------------------------------------------
                             28 	.area DSEG    (PAG)
                             29 ;--------------------------------------------------------
                             30 ; overlayable items in ram
                             31 ;--------------------------------------------------------
                             32 ;--------------------------------------------------------
                             33 ; absolute ram data
                             34 ;--------------------------------------------------------
                             35 	.area IABS    (ABS)
                             36 	.area IABS    (ABS)
                             37 ;--------------------------------------------------------
                             38 ; absolute external ram data
                             39 ;--------------------------------------------------------
                             40 	.area XABS    (ABS)
                             41 ;--------------------------------------------------------
                             42 ; initialized external ram data
                             43 ;--------------------------------------------------------
                             44 	.area XISEG
                             45 ;--------------------------------------------------------
                             46 ; extended address mode data
                             47 ;--------------------------------------------------------
                             48 	.area XSEG
                             49 ;--------------------------------------------------------
                             50 ; global & static initialisations
                             51 ;--------------------------------------------------------
                             52 	.area HOME    (CODE)
                             53 	.area GSINIT  (CODE)
                             54 	.area GSFINAL (CODE)
                             55 	.area GSINIT  (CODE)
                             56 ;--------------------------------------------------------
                             57 ; Home
                             58 ;--------------------------------------------------------
                             59 	.area HOME    (CODE)
                             60 	.area HOME    (CODE)
                             61 ;--------------------------------------------------------
                             62 ; code
                             63 ;--------------------------------------------------------
                             64 	.area CSEG    (CODE)
                             65 ;------------------------------------------------------------
                             66 ;Allocation info for local variables in function 'logf'
                             67 ;------------------------------------------------------------
                             68 ;x                         Allocated to stack - sp +25
                             69 ;Rz                        Allocated to stack - sp +19
                             70 ;f                         Allocated to stack - sp +15
                             71 ;z                         Allocated to stack - sp +11
                             72 ;w                         Allocated to stack - sp +7
                             73 ;znum                      Allocated to stack - sp +7
                             74 ;zden                      Allocated to stack - sp +3
                             75 ;xn                        Allocated to stack - sp -5
                             76 ;n                         Allocated to stack - sp +1
                             77 ;sloc0                     Allocated to stack - sp +19
                             78 ;sloc1                     Allocated to stack - sp +15
                             79 ;sloc2                     Allocated to stack - sp +11
                             80 ;------------------------------------------------------------
                             81 ;../logf.c:216: float logf(float x) _FLOAT_FUNC_REENTRANT
                             82 ;	-----------------------------------------
                             83 ;	 function logf
                             84 ;	-----------------------------------------
                             85 ;	Register assignment is optimal.
                             86 ;	Stack space usage: 22 bytes.
   0000                      87 _logf:
   0000 A7 EA         [ 2]   88 	ais	#-22
                             89 ;../logf.c:226: if (x<=0.0)
   0002 8C            [ 1]   90 	clrh
   0003 5F            [ 1]   91 	clrx
   0004 96r00r00      [ 5]   92 	sthx	___fslt_PARM_1
   0007 96r00r02      [ 5]   93 	sthx	(___fslt_PARM_1 + 2)
   000A 95            [ 2]   94 	tsx
   000B E6 18         [ 3]   95 	lda	24,x
   000D C7r00r00      [ 4]   96 	sta	___fslt_PARM_2
   0010 E6 19         [ 3]   97 	lda	25,x
   0012 C7r00r01      [ 4]   98 	sta	(___fslt_PARM_2 + 1)
   0015 E6 1A         [ 3]   99 	lda	26,x
   0017 C7r00r02      [ 4]  100 	sta	(___fslt_PARM_2 + 2)
   001A E6 1B         [ 3]  101 	lda	27,x
   001C C7r00r03      [ 4]  102 	sta	(___fslt_PARM_2 + 3)
   001F CDr00r00      [ 6]  103 	jsr	___fslt
   0022 4D            [ 1]  104 	tsta
   0023 26 0F         [ 3]  105 	bne	00102$
                            106 ;../logf.c:228: errno=EDOM;
   0025 45 00 21      [ 3]  107 	ldhx	#0x0021
   0028 96r00r00      [ 5]  108 	sthx	_errno
                            109 ;../logf.c:229: return 0.0;
   002B 4F            [ 1]  110 	clra
   002C 97            [ 1]  111 	tax
   002D B7*00         [ 3]  112 	sta	*___SDCC_hc08_ret2
   002F B7*00         [ 3]  113 	sta	*___SDCC_hc08_ret3
   0031 CCr03rE4      [ 4]  114 	jmp	00106$
   0034                     115 00102$:
                            116 ;../logf.c:231: f=frexpf(x, &n);
   0034 95            [ 2]  117 	tsx
   0035 CFr00r01      [ 4]  118 	stx	(_frexpf_PARM_2 + 1)
   0038 8B            [ 2]  119 	pshh
   0039 86            [ 3]  120 	pula
   003A C7r00r00      [ 4]  121 	sta	_frexpf_PARM_2
   003D 95            [ 2]  122 	tsx
   003E E6 18         [ 3]  123 	lda	24,x
   0040 C7r00r00      [ 4]  124 	sta	_frexpf_PARM_1
   0043 E6 19         [ 3]  125 	lda	25,x
   0045 C7r00r01      [ 4]  126 	sta	(_frexpf_PARM_1 + 1)
   0048 E6 1A         [ 3]  127 	lda	26,x
   004A C7r00r02      [ 4]  128 	sta	(_frexpf_PARM_1 + 2)
   004D E6 1B         [ 3]  129 	lda	27,x
   004F C7r00r03      [ 4]  130 	sta	(_frexpf_PARM_1 + 3)
   0052 CDr00r00      [ 6]  131 	jsr	_frexpf
   0055 9E E7 16      [ 4]  132 	sta	22,s
   0058 9E EF 15      [ 4]  133 	stx	21,s
   005B B6*00         [ 3]  134 	lda	*___SDCC_hc08_ret2
   005D 9E E7 14      [ 4]  135 	sta	20,s
   0060 B6*00         [ 3]  136 	lda	*___SDCC_hc08_ret3
   0062 9E E7 13      [ 4]  137 	sta	19,s
                            138 ;../logf.c:232: znum=f-0.5;
   0065 95            [ 2]  139 	tsx
   0066 E6 12         [ 3]  140 	lda	18,x
   0068 C7r00r00      [ 4]  141 	sta	___fssub_PARM_1
   006B E6 13         [ 3]  142 	lda	19,x
   006D C7r00r01      [ 4]  143 	sta	(___fssub_PARM_1 + 1)
   0070 E6 14         [ 3]  144 	lda	20,x
   0072 C7r00r02      [ 4]  145 	sta	(___fssub_PARM_1 + 2)
   0075 E6 15         [ 3]  146 	lda	21,x
   0077 C7r00r03      [ 4]  147 	sta	(___fssub_PARM_1 + 3)
   007A 45 3F 00      [ 3]  148 	ldhx	#0x3f00
   007D 96r00r00      [ 5]  149 	sthx	___fssub_PARM_2
   0080 8C            [ 1]  150 	clrh
   0081 96r00r02      [ 5]  151 	sthx	(___fssub_PARM_2 + 2)
   0084 CDr00r00      [ 6]  152 	jsr	___fssub
   0087 9E E7 12      [ 4]  153 	sta	18,s
   008A 9E EF 11      [ 4]  154 	stx	17,s
   008D B6*00         [ 3]  155 	lda	*___SDCC_hc08_ret2
   008F 9E E7 10      [ 4]  156 	sta	16,s
   0092 B6*00         [ 3]  157 	lda	*___SDCC_hc08_ret3
   0094 9E E7 0F      [ 4]  158 	sta	15,s
   0097 95            [ 2]  159 	tsx
   0098 E6 0E         [ 3]  160 	lda	14,x
   009A E7 06         [ 3]  161 	sta	6,x
   009C E6 0F         [ 3]  162 	lda	15,x
   009E E7 07         [ 3]  163 	sta	7,x
   00A0 E6 10         [ 3]  164 	lda	16,x
   00A2 E7 08         [ 3]  165 	sta	8,x
   00A4 E6 11         [ 3]  166 	lda	17,x
   00A6 E7 09         [ 3]  167 	sta	9,x
                            168 ;../logf.c:233: if (f>C0)
   00A8 45 3F 35      [ 3]  169 	ldhx	#0x3f35
   00AB 96r00r00      [ 5]  170 	sthx	___fslt_PARM_1
   00AE 45 04 F3      [ 3]  171 	ldhx	#0x04f3
   00B1 96r00r02      [ 5]  172 	sthx	(___fslt_PARM_1 + 2)
   00B4 95            [ 2]  173 	tsx
   00B5 E6 12         [ 3]  174 	lda	18,x
   00B7 C7r00r00      [ 4]  175 	sta	___fslt_PARM_2
   00BA E6 13         [ 3]  176 	lda	19,x
   00BC C7r00r01      [ 4]  177 	sta	(___fslt_PARM_2 + 1)
   00BF E6 14         [ 3]  178 	lda	20,x
   00C1 C7r00r02      [ 4]  179 	sta	(___fslt_PARM_2 + 2)
   00C4 E6 15         [ 3]  180 	lda	21,x
   00C6 C7r00r03      [ 4]  181 	sta	(___fslt_PARM_2 + 3)
   00C9 CDr00r00      [ 6]  182 	jsr	___fslt
   00CC 4D            [ 1]  183 	tsta
   00CD 26 03         [ 3]  184 	bne	00119$
   00CF CCr01r55      [ 4]  185 	jmp	00104$
   00D2                     186 00119$:
                            187 ;../logf.c:235: znum-=0.5;
   00D2 95            [ 2]  188 	tsx
   00D3 E6 0E         [ 3]  189 	lda	14,x
   00D5 C7r00r00      [ 4]  190 	sta	___fssub_PARM_1
   00D8 E6 0F         [ 3]  191 	lda	15,x
   00DA C7r00r01      [ 4]  192 	sta	(___fssub_PARM_1 + 1)
   00DD E6 10         [ 3]  193 	lda	16,x
   00DF C7r00r02      [ 4]  194 	sta	(___fssub_PARM_1 + 2)
   00E2 E6 11         [ 3]  195 	lda	17,x
   00E4 C7r00r03      [ 4]  196 	sta	(___fssub_PARM_1 + 3)
   00E7 45 3F 00      [ 3]  197 	ldhx	#0x3f00
   00EA 96r00r00      [ 5]  198 	sthx	___fssub_PARM_2
   00ED 8C            [ 1]  199 	clrh
   00EE 96r00r02      [ 5]  200 	sthx	(___fssub_PARM_2 + 2)
   00F1 CDr00r00      [ 6]  201 	jsr	___fssub
   00F4 9E E7 0A      [ 4]  202 	sta	10,s
   00F7 9E EF 09      [ 4]  203 	stx	9,s
   00FA B6*00         [ 3]  204 	lda	*___SDCC_hc08_ret2
   00FC 9E E7 08      [ 4]  205 	sta	8,s
   00FF B6*00         [ 3]  206 	lda	*___SDCC_hc08_ret3
   0101 9E E7 07      [ 4]  207 	sta	7,s
                            208 ;../logf.c:236: zden=(f*0.5)+0.5;
   0104 45 3F 00      [ 3]  209 	ldhx	#0x3f00
   0107 96r00r00      [ 5]  210 	sthx	___fsmul_PARM_1
   010A 8C            [ 1]  211 	clrh
   010B 96r00r02      [ 5]  212 	sthx	(___fsmul_PARM_1 + 2)
   010E 95            [ 2]  213 	tsx
   010F E6 12         [ 3]  214 	lda	18,x
   0111 C7r00r00      [ 4]  215 	sta	___fsmul_PARM_2
   0114 E6 13         [ 3]  216 	lda	19,x
   0116 C7r00r01      [ 4]  217 	sta	(___fsmul_PARM_2 + 1)
   0119 E6 14         [ 3]  218 	lda	20,x
   011B C7r00r02      [ 4]  219 	sta	(___fsmul_PARM_2 + 2)
   011E E6 15         [ 3]  220 	lda	21,x
   0120 C7r00r03      [ 4]  221 	sta	(___fsmul_PARM_2 + 3)
   0123 CDr00r00      [ 6]  222 	jsr	___fsmul
   0126 C7r00r03      [ 4]  223 	sta	(___fsadd_PARM_1 + 3)
   0129 CFr00r02      [ 4]  224 	stx	(___fsadd_PARM_1 + 2)
   012C B6*00         [ 3]  225 	lda	*___SDCC_hc08_ret2
   012E C7r00r01      [ 4]  226 	sta	(___fsadd_PARM_1 + 1)
   0131 B6*00         [ 3]  227 	lda	*___SDCC_hc08_ret3
   0133 C7r00r00      [ 4]  228 	sta	___fsadd_PARM_1
   0136 45 3F 00      [ 3]  229 	ldhx	#0x3f00
   0139 96r00r00      [ 5]  230 	sthx	___fsadd_PARM_2
   013C 8C            [ 1]  231 	clrh
   013D 96r00r02      [ 5]  232 	sthx	(___fsadd_PARM_2 + 2)
   0140 CDr00r00      [ 6]  233 	jsr	___fsadd
   0143 9E E7 06      [ 4]  234 	sta	6,s
   0146 9E EF 05      [ 4]  235 	stx	5,s
   0149 B6*00         [ 3]  236 	lda	*___SDCC_hc08_ret2
   014B 9E E7 04      [ 4]  237 	sta	4,s
   014E B6*00         [ 3]  238 	lda	*___SDCC_hc08_ret3
   0150 9E E7 03      [ 4]  239 	sta	3,s
   0153 20 5A         [ 3]  240 	bra	00105$
   0155                     241 00104$:
                            242 ;../logf.c:240: n--;
   0155 95            [ 2]  243 	tsx
   0156 E6 01         [ 3]  244 	lda	1,x
   0158 A0 01         [ 2]  245 	sub	#0x01
   015A E7 01         [ 3]  246 	sta	1,x
   015C F6            [ 3]  247 	lda	,x
   015D A2 00         [ 2]  248 	sbc	#0
   015F F7            [ 2]  249 	sta	,x
                            250 ;../logf.c:241: zden=znum*0.5+0.5;
   0160 45 3F 00      [ 3]  251 	ldhx	#0x3f00
   0163 96r00r00      [ 5]  252 	sthx	___fsmul_PARM_1
   0166 8C            [ 1]  253 	clrh
   0167 96r00r02      [ 5]  254 	sthx	(___fsmul_PARM_1 + 2)
   016A 95            [ 2]  255 	tsx
   016B E6 0E         [ 3]  256 	lda	14,x
   016D C7r00r00      [ 4]  257 	sta	___fsmul_PARM_2
   0170 E6 0F         [ 3]  258 	lda	15,x
   0172 C7r00r01      [ 4]  259 	sta	(___fsmul_PARM_2 + 1)
   0175 E6 10         [ 3]  260 	lda	16,x
   0177 C7r00r02      [ 4]  261 	sta	(___fsmul_PARM_2 + 2)
   017A E6 11         [ 3]  262 	lda	17,x
   017C C7r00r03      [ 4]  263 	sta	(___fsmul_PARM_2 + 3)
   017F CDr00r00      [ 6]  264 	jsr	___fsmul
   0182 C7r00r03      [ 4]  265 	sta	(___fsadd_PARM_1 + 3)
   0185 CFr00r02      [ 4]  266 	stx	(___fsadd_PARM_1 + 2)
   0188 B6*00         [ 3]  267 	lda	*___SDCC_hc08_ret2
   018A C7r00r01      [ 4]  268 	sta	(___fsadd_PARM_1 + 1)
   018D B6*00         [ 3]  269 	lda	*___SDCC_hc08_ret3
   018F C7r00r00      [ 4]  270 	sta	___fsadd_PARM_1
   0192 45 3F 00      [ 3]  271 	ldhx	#0x3f00
   0195 96r00r00      [ 5]  272 	sthx	___fsadd_PARM_2
   0198 8C            [ 1]  273 	clrh
   0199 96r00r02      [ 5]  274 	sthx	(___fsadd_PARM_2 + 2)
   019C CDr00r00      [ 6]  275 	jsr	___fsadd
   019F 9E E7 06      [ 4]  276 	sta	6,s
   01A2 9E EF 05      [ 4]  277 	stx	5,s
   01A5 B6*00         [ 3]  278 	lda	*___SDCC_hc08_ret2
   01A7 9E E7 04      [ 4]  279 	sta	4,s
   01AA B6*00         [ 3]  280 	lda	*___SDCC_hc08_ret3
   01AC 9E E7 03      [ 4]  281 	sta	3,s
   01AF                     282 00105$:
                            283 ;../logf.c:243: z=znum/zden;
   01AF 95            [ 2]  284 	tsx
   01B0 E6 06         [ 3]  285 	lda	6,x
   01B2 C7r00r00      [ 4]  286 	sta	___fsdiv_PARM_1
   01B5 E6 07         [ 3]  287 	lda	7,x
   01B7 C7r00r01      [ 4]  288 	sta	(___fsdiv_PARM_1 + 1)
   01BA E6 08         [ 3]  289 	lda	8,x
   01BC C7r00r02      [ 4]  290 	sta	(___fsdiv_PARM_1 + 2)
   01BF E6 09         [ 3]  291 	lda	9,x
   01C1 C7r00r03      [ 4]  292 	sta	(___fsdiv_PARM_1 + 3)
   01C4 E6 02         [ 3]  293 	lda	2,x
   01C6 C7r00r00      [ 4]  294 	sta	___fsdiv_PARM_2
   01C9 E6 03         [ 3]  295 	lda	3,x
   01CB C7r00r01      [ 4]  296 	sta	(___fsdiv_PARM_2 + 1)
   01CE E6 04         [ 3]  297 	lda	4,x
   01D0 C7r00r02      [ 4]  298 	sta	(___fsdiv_PARM_2 + 2)
   01D3 E6 05         [ 3]  299 	lda	5,x
   01D5 C7r00r03      [ 4]  300 	sta	(___fsdiv_PARM_2 + 3)
                            301 ;../logf.c:244: w=z*z;
   01D8 CDr00r00      [ 6]  302 	jsr	___fsdiv
   01DB 9E E7 12      [ 4]  303 	sta	18,s
   01DE 9E EF 11      [ 4]  304 	stx	17,s
   01E1 B6*00         [ 3]  305 	lda	*___SDCC_hc08_ret2
   01E3 9E E7 10      [ 4]  306 	sta	16,s
   01E6 B6*00         [ 3]  307 	lda	*___SDCC_hc08_ret3
   01E8 9E E7 0F      [ 4]  308 	sta	15,s
   01EB 95            [ 2]  309 	tsx
   01EC E6 0E         [ 3]  310 	lda	14,x
   01EE C7r00r00      [ 4]  311 	sta	___fsmul_PARM_1
   01F1 E6 0F         [ 3]  312 	lda	15,x
   01F3 C7r00r01      [ 4]  313 	sta	(___fsmul_PARM_1 + 1)
   01F6 E6 10         [ 3]  314 	lda	16,x
   01F8 C7r00r02      [ 4]  315 	sta	(___fsmul_PARM_1 + 2)
   01FB E6 11         [ 3]  316 	lda	17,x
   01FD C7r00r03      [ 4]  317 	sta	(___fsmul_PARM_1 + 3)
   0200 E6 0E         [ 3]  318 	lda	14,x
   0202 C7r00r00      [ 4]  319 	sta	___fsmul_PARM_2
   0205 E6 0F         [ 3]  320 	lda	15,x
   0207 C7r00r01      [ 4]  321 	sta	(___fsmul_PARM_2 + 1)
   020A E6 10         [ 3]  322 	lda	16,x
   020C C7r00r02      [ 4]  323 	sta	(___fsmul_PARM_2 + 2)
   020F E6 11         [ 3]  324 	lda	17,x
   0211 C7r00r03      [ 4]  325 	sta	(___fsmul_PARM_2 + 3)
                            326 ;../logf.c:246: Rz=z+z*(w*A(w)/B(w));
   0214 CDr00r00      [ 6]  327 	jsr	___fsmul
   0217 9E E7 16      [ 4]  328 	sta	22,s
   021A 9E EF 15      [ 4]  329 	stx	21,s
   021D B6*00         [ 3]  330 	lda	*___SDCC_hc08_ret2
   021F 9E E7 14      [ 4]  331 	sta	20,s
   0222 B6*00         [ 3]  332 	lda	*___SDCC_hc08_ret3
   0224 9E E7 13      [ 4]  333 	sta	19,s
   0227 45 BF 0D      [ 3]  334 	ldhx	#0xbf0d
   022A 96r00r00      [ 5]  335 	sthx	___fsmul_PARM_1
   022D 45 7E 3D      [ 3]  336 	ldhx	#0x7e3d
   0230 96r00r02      [ 5]  337 	sthx	(___fsmul_PARM_1 + 2)
   0233 95            [ 2]  338 	tsx
   0234 E6 12         [ 3]  339 	lda	18,x
   0236 C7r00r00      [ 4]  340 	sta	___fsmul_PARM_2
   0239 E6 13         [ 3]  341 	lda	19,x
   023B C7r00r01      [ 4]  342 	sta	(___fsmul_PARM_2 + 1)
   023E E6 14         [ 3]  343 	lda	20,x
   0240 C7r00r02      [ 4]  344 	sta	(___fsmul_PARM_2 + 2)
   0243 E6 15         [ 3]  345 	lda	21,x
   0245 C7r00r03      [ 4]  346 	sta	(___fsmul_PARM_2 + 3)
   0248 CDr00r00      [ 6]  347 	jsr	___fsmul
   024B 9E E7 0E      [ 4]  348 	sta	14,s
   024E 9E EF 0D      [ 4]  349 	stx	13,s
   0251 B6*00         [ 3]  350 	lda	*___SDCC_hc08_ret2
   0253 9E E7 0C      [ 4]  351 	sta	12,s
   0256 B6*00         [ 3]  352 	lda	*___SDCC_hc08_ret3
   0258 9E E7 0B      [ 4]  353 	sta	11,s
   025B 95            [ 2]  354 	tsx
   025C E6 12         [ 3]  355 	lda	18,x
   025E C7r00r00      [ 4]  356 	sta	___fsadd_PARM_1
   0261 E6 13         [ 3]  357 	lda	19,x
   0263 C7r00r01      [ 4]  358 	sta	(___fsadd_PARM_1 + 1)
   0266 E6 14         [ 3]  359 	lda	20,x
   0268 C7r00r02      [ 4]  360 	sta	(___fsadd_PARM_1 + 2)
   026B E6 15         [ 3]  361 	lda	21,x
   026D C7r00r03      [ 4]  362 	sta	(___fsadd_PARM_1 + 3)
   0270 45 C0 D4      [ 3]  363 	ldhx	#0xc0d4
   0273 96r00r00      [ 5]  364 	sthx	___fsadd_PARM_2
   0276 45 3F 3A      [ 3]  365 	ldhx	#0x3f3a
   0279 96r00r02      [ 5]  366 	sthx	(___fsadd_PARM_2 + 2)
   027C CDr00r00      [ 6]  367 	jsr	___fsadd
   027F C7r00r03      [ 4]  368 	sta	(___fsdiv_PARM_2 + 3)
   0282 CFr00r02      [ 4]  369 	stx	(___fsdiv_PARM_2 + 2)
   0285 B6*00         [ 3]  370 	lda	*___SDCC_hc08_ret2
   0287 C7r00r01      [ 4]  371 	sta	(___fsdiv_PARM_2 + 1)
   028A B6*00         [ 3]  372 	lda	*___SDCC_hc08_ret3
   028C C7r00r00      [ 4]  373 	sta	___fsdiv_PARM_2
   028F 95            [ 2]  374 	tsx
   0290 E6 0A         [ 3]  375 	lda	10,x
   0292 C7r00r00      [ 4]  376 	sta	___fsdiv_PARM_1
   0295 E6 0B         [ 3]  377 	lda	11,x
   0297 C7r00r01      [ 4]  378 	sta	(___fsdiv_PARM_1 + 1)
   029A E6 0C         [ 3]  379 	lda	12,x
   029C C7r00r02      [ 4]  380 	sta	(___fsdiv_PARM_1 + 2)
   029F E6 0D         [ 3]  381 	lda	13,x
   02A1 C7r00r03      [ 4]  382 	sta	(___fsdiv_PARM_1 + 3)
   02A4 CDr00r00      [ 6]  383 	jsr	___fsdiv
   02A7 C7r00r03      [ 4]  384 	sta	(___fsmul_PARM_2 + 3)
   02AA CFr00r02      [ 4]  385 	stx	(___fsmul_PARM_2 + 2)
   02AD B6*00         [ 3]  386 	lda	*___SDCC_hc08_ret2
   02AF C7r00r01      [ 4]  387 	sta	(___fsmul_PARM_2 + 1)
   02B2 B6*00         [ 3]  388 	lda	*___SDCC_hc08_ret3
   02B4 C7r00r00      [ 4]  389 	sta	___fsmul_PARM_2
   02B7 95            [ 2]  390 	tsx
   02B8 E6 0E         [ 3]  391 	lda	14,x
   02BA C7r00r00      [ 4]  392 	sta	___fsmul_PARM_1
   02BD E6 0F         [ 3]  393 	lda	15,x
   02BF C7r00r01      [ 4]  394 	sta	(___fsmul_PARM_1 + 1)
   02C2 E6 10         [ 3]  395 	lda	16,x
   02C4 C7r00r02      [ 4]  396 	sta	(___fsmul_PARM_1 + 2)
   02C7 E6 11         [ 3]  397 	lda	17,x
   02C9 C7r00r03      [ 4]  398 	sta	(___fsmul_PARM_1 + 3)
   02CC CDr00r00      [ 6]  399 	jsr	___fsmul
   02CF C7r00r03      [ 4]  400 	sta	(___fsadd_PARM_2 + 3)
   02D2 CFr00r02      [ 4]  401 	stx	(___fsadd_PARM_2 + 2)
   02D5 B6*00         [ 3]  402 	lda	*___SDCC_hc08_ret2
   02D7 C7r00r01      [ 4]  403 	sta	(___fsadd_PARM_2 + 1)
   02DA B6*00         [ 3]  404 	lda	*___SDCC_hc08_ret3
   02DC C7r00r00      [ 4]  405 	sta	___fsadd_PARM_2
   02DF 95            [ 2]  406 	tsx
   02E0 E6 0E         [ 3]  407 	lda	14,x
   02E2 C7r00r00      [ 4]  408 	sta	___fsadd_PARM_1
   02E5 E6 0F         [ 3]  409 	lda	15,x
   02E7 C7r00r01      [ 4]  410 	sta	(___fsadd_PARM_1 + 1)
   02EA E6 10         [ 3]  411 	lda	16,x
   02EC C7r00r02      [ 4]  412 	sta	(___fsadd_PARM_1 + 2)
   02EF E6 11         [ 3]  413 	lda	17,x
   02F1 C7r00r03      [ 4]  414 	sta	(___fsadd_PARM_1 + 3)
                            415 ;../logf.c:247: xn=n;
   02F4 CDr00r00      [ 6]  416 	jsr	___fsadd
   02F7 9E E7 0E      [ 4]  417 	sta	14,s
   02FA 9E EF 0D      [ 4]  418 	stx	13,s
   02FD B6*00         [ 3]  419 	lda	*___SDCC_hc08_ret2
   02FF 9E E7 0C      [ 4]  420 	sta	12,s
   0302 B6*00         [ 3]  421 	lda	*___SDCC_hc08_ret3
   0304 9E E7 0B      [ 4]  422 	sta	11,s
   0307 95            [ 2]  423 	tsx
   0308 E6 01         [ 3]  424 	lda	1,x
   030A FE            [ 3]  425 	ldx	,x
   030B CDr00r00      [ 6]  426 	jsr	___sint2fs
   030E 9E E7 12      [ 4]  427 	sta	18,s
   0311 9E EF 11      [ 4]  428 	stx	17,s
   0314 B6*00         [ 3]  429 	lda	*___SDCC_hc08_ret2
   0316 9E E7 10      [ 4]  430 	sta	16,s
   0319 B6*00         [ 3]  431 	lda	*___SDCC_hc08_ret3
   031B 9E E7 0F      [ 4]  432 	sta	15,s
                            433 ;../logf.c:248: return ((xn*C2+Rz)+xn*C1);
   031E 45 B9 5E      [ 3]  434 	ldhx	#0xb95e
   0321 96r00r00      [ 5]  435 	sthx	___fsmul_PARM_1
   0324 45 80 83      [ 3]  436 	ldhx	#0x8083
   0327 96r00r02      [ 5]  437 	sthx	(___fsmul_PARM_1 + 2)
   032A 95            [ 2]  438 	tsx
   032B E6 0E         [ 3]  439 	lda	14,x
   032D C7r00r00      [ 4]  440 	sta	___fsmul_PARM_2
   0330 E6 0F         [ 3]  441 	lda	15,x
   0332 C7r00r01      [ 4]  442 	sta	(___fsmul_PARM_2 + 1)
   0335 E6 10         [ 3]  443 	lda	16,x
   0337 C7r00r02      [ 4]  444 	sta	(___fsmul_PARM_2 + 2)
   033A E6 11         [ 3]  445 	lda	17,x
   033C C7r00r03      [ 4]  446 	sta	(___fsmul_PARM_2 + 3)
   033F CDr00r00      [ 6]  447 	jsr	___fsmul
   0342 C7r00r03      [ 4]  448 	sta	(___fsadd_PARM_1 + 3)
   0345 CFr00r02      [ 4]  449 	stx	(___fsadd_PARM_1 + 2)
   0348 B6*00         [ 3]  450 	lda	*___SDCC_hc08_ret2
   034A C7r00r01      [ 4]  451 	sta	(___fsadd_PARM_1 + 1)
   034D B6*00         [ 3]  452 	lda	*___SDCC_hc08_ret3
   034F C7r00r00      [ 4]  453 	sta	___fsadd_PARM_1
   0352 95            [ 2]  454 	tsx
   0353 E6 0A         [ 3]  455 	lda	10,x
   0355 C7r00r00      [ 4]  456 	sta	___fsadd_PARM_2
   0358 E6 0B         [ 3]  457 	lda	11,x
   035A C7r00r01      [ 4]  458 	sta	(___fsadd_PARM_2 + 1)
   035D E6 0C         [ 3]  459 	lda	12,x
   035F C7r00r02      [ 4]  460 	sta	(___fsadd_PARM_2 + 2)
   0362 E6 0D         [ 3]  461 	lda	13,x
   0364 C7r00r03      [ 4]  462 	sta	(___fsadd_PARM_2 + 3)
   0367 CDr00r00      [ 6]  463 	jsr	___fsadd
   036A 9E E7 0E      [ 4]  464 	sta	14,s
   036D 9E EF 0D      [ 4]  465 	stx	13,s
   0370 B6*00         [ 3]  466 	lda	*___SDCC_hc08_ret2
   0372 9E E7 0C      [ 4]  467 	sta	12,s
   0375 B6*00         [ 3]  468 	lda	*___SDCC_hc08_ret3
   0377 9E E7 0B      [ 4]  469 	sta	11,s
   037A 45 3F 31      [ 3]  470 	ldhx	#0x3f31
   037D 96r00r00      [ 5]  471 	sthx	___fsmul_PARM_1
   0380 45 80 00      [ 3]  472 	ldhx	#0x8000
   0383 96r00r02      [ 5]  473 	sthx	(___fsmul_PARM_1 + 2)
   0386 95            [ 2]  474 	tsx
   0387 E6 0E         [ 3]  475 	lda	14,x
   0389 C7r00r00      [ 4]  476 	sta	___fsmul_PARM_2
   038C E6 0F         [ 3]  477 	lda	15,x
   038E C7r00r01      [ 4]  478 	sta	(___fsmul_PARM_2 + 1)
   0391 E6 10         [ 3]  479 	lda	16,x
   0393 C7r00r02      [ 4]  480 	sta	(___fsmul_PARM_2 + 2)
   0396 E6 11         [ 3]  481 	lda	17,x
   0398 C7r00r03      [ 4]  482 	sta	(___fsmul_PARM_2 + 3)
   039B CDr00r00      [ 6]  483 	jsr	___fsmul
   039E C7r00r03      [ 4]  484 	sta	(___fsadd_PARM_2 + 3)
   03A1 CFr00r02      [ 4]  485 	stx	(___fsadd_PARM_2 + 2)
   03A4 B6*00         [ 3]  486 	lda	*___SDCC_hc08_ret2
   03A6 C7r00r01      [ 4]  487 	sta	(___fsadd_PARM_2 + 1)
   03A9 B6*00         [ 3]  488 	lda	*___SDCC_hc08_ret3
   03AB C7r00r00      [ 4]  489 	sta	___fsadd_PARM_2
   03AE 95            [ 2]  490 	tsx
   03AF E6 0A         [ 3]  491 	lda	10,x
   03B1 C7r00r00      [ 4]  492 	sta	___fsadd_PARM_1
   03B4 E6 0B         [ 3]  493 	lda	11,x
   03B6 C7r00r01      [ 4]  494 	sta	(___fsadd_PARM_1 + 1)
   03B9 E6 0C         [ 3]  495 	lda	12,x
   03BB C7r00r02      [ 4]  496 	sta	(___fsadd_PARM_1 + 2)
   03BE E6 0D         [ 3]  497 	lda	13,x
   03C0 C7r00r03      [ 4]  498 	sta	(___fsadd_PARM_1 + 3)
   03C3 CDr00r00      [ 6]  499 	jsr	___fsadd
   03C6 9E E7 0E      [ 4]  500 	sta	14,s
   03C9 9E EF 0D      [ 4]  501 	stx	13,s
   03CC B6*00         [ 3]  502 	lda	*___SDCC_hc08_ret2
   03CE 9E E7 0C      [ 4]  503 	sta	12,s
   03D1 B6*00         [ 3]  504 	lda	*___SDCC_hc08_ret3
   03D3 9E E7 0B      [ 4]  505 	sta	11,s
   03D6 95            [ 2]  506 	tsx
   03D7 E6 0A         [ 3]  507 	lda	10,x
   03D9 B7*00         [ 3]  508 	sta	*___SDCC_hc08_ret3
   03DB E6 0B         [ 3]  509 	lda	11,x
   03DD B7*00         [ 3]  510 	sta	*___SDCC_hc08_ret2
   03DF EE 0C         [ 3]  511 	ldx	12,x
   03E1 9E E6 0E      [ 4]  512 	lda	14,s
   03E4                     513 00106$:
                            514 ;../logf.c:249: }
   03E4 A7 16         [ 2]  515 	ais	#22
   03E6 81            [ 6]  516 	rts
                            517 	.area CSEG    (CODE)
                            518 	.area CONST   (CODE)
                            519 	.area XINIT   (CODE)
                            520 	.area CABS    (ABS,CODE)
