                              1 ;--------------------------------------------------------
                              2 ; File Created by SDCC : free open source ISO C Compiler 
                              3 ; Version 4.2.14 #0 (Linux)
                              4 ;--------------------------------------------------------
                              5 	.cs08
                              6 	.module modff
                              7 	.optsdcc -ms08
                              8 	
                              9 	.area HOME    (CODE)
                             10 	.area GSINIT0 (CODE)
                             11 	.area GSINIT  (CODE)
                             12 	.area GSFINAL (CODE)
                             13 	.area CSEG    (CODE)
                             14 	.area XINIT   (CODE)
                             15 	.area CONST   (CODE)
                             16 	.area DSEG    (PAG)
                             17 	.area OSEG    (PAG, OVR)
                             18 	.area XSEG
                             19 	.area XISEG
                             20 ;--------------------------------------------------------
                             21 ; Public variables in this module
                             22 ;--------------------------------------------------------
                             23 	.globl _modff_PARM_2
                             24 	.globl _modff_PARM_1
                             25 	.globl _modff
                             26 ;--------------------------------------------------------
                             27 ; ram data
                             28 ;--------------------------------------------------------
                             29 	.area DSEG    (PAG)
   0000                      30 _modff_sloc0_1_0:
   0000                      31 	.ds 2
   0002                      32 _modff_sloc1_1_0:
   0002                      33 	.ds 4
                             34 ;--------------------------------------------------------
                             35 ; overlayable items in ram
                             36 ;--------------------------------------------------------
                             37 ;--------------------------------------------------------
                             38 ; absolute ram data
                             39 ;--------------------------------------------------------
                             40 	.area IABS    (ABS)
                             41 	.area IABS    (ABS)
                             42 ;--------------------------------------------------------
                             43 ; absolute external ram data
                             44 ;--------------------------------------------------------
                             45 	.area XABS    (ABS)
                             46 ;--------------------------------------------------------
                             47 ; initialized external ram data
                             48 ;--------------------------------------------------------
                             49 	.area XISEG
                             50 ;--------------------------------------------------------
                             51 ; extended address mode data
                             52 ;--------------------------------------------------------
                             53 	.area XSEG
   0000                      54 _modff_PARM_1:
   0000                      55 	.ds 4
   0004                      56 _modff_PARM_2:
   0004                      57 	.ds 2
                             58 ;--------------------------------------------------------
                             59 ; global & static initialisations
                             60 ;--------------------------------------------------------
                             61 	.area HOME    (CODE)
                             62 	.area GSINIT  (CODE)
                             63 	.area GSFINAL (CODE)
                             64 	.area GSINIT  (CODE)
                             65 ;--------------------------------------------------------
                             66 ; Home
                             67 ;--------------------------------------------------------
                             68 	.area HOME    (CODE)
                             69 	.area HOME    (CODE)
                             70 ;--------------------------------------------------------
                             71 ; code
                             72 ;--------------------------------------------------------
                             73 	.area CSEG    (CODE)
                             74 ;------------------------------------------------------------
                             75 ;Allocation info for local variables in function 'modff'
                             76 ;------------------------------------------------------------
                             77 ;sloc0                     Allocated with name '_modff_sloc0_1_0'
                             78 ;sloc1                     Allocated with name '_modff_sloc1_1_0'
                             79 ;x                         Allocated with name '_modff_PARM_1'
                             80 ;y                         Allocated with name '_modff_PARM_2'
                             81 ;------------------------------------------------------------
                             82 ;../modff.c:33: float modff(float x, float * y)
                             83 ;	-----------------------------------------
                             84 ;	 function modff
                             85 ;	-----------------------------------------
                             86 ;	Register assignment is optimal.
                             87 ;	Stack space usage: 0 bytes.
   0000                      88 _modff:
                             89 ;../modff.c:35: *y=(long)x;
   0000 32r00r04      [ 5]   90 	ldhx	_modff_PARM_2
   0003 35*00         [ 4]   91 	sthx	*_modff_sloc0_1_0
   0005 32r00r00      [ 5]   92 	ldhx	_modff_PARM_1
   0008 96r00r00      [ 5]   93 	sthx	___fs2slong_PARM_1
   000B 32r00r02      [ 5]   94 	ldhx	(_modff_PARM_1 + 2)
   000E 96r00r02      [ 5]   95 	sthx	(___fs2slong_PARM_1 + 2)
   0011 CDr00r00      [ 6]   96 	jsr	___fs2slong
   0014 C7r00r03      [ 4]   97 	sta	(___slong2fs_PARM_1 + 3)
   0017 CFr00r02      [ 4]   98 	stx	(___slong2fs_PARM_1 + 2)
   001A B6*00         [ 3]   99 	lda	*___SDCC_hc08_ret2
   001C C7r00r01      [ 4]  100 	sta	(___slong2fs_PARM_1 + 1)
   001F B6*00         [ 3]  101 	lda	*___SDCC_hc08_ret3
   0021 C7r00r00      [ 4]  102 	sta	___slong2fs_PARM_1
   0024 CDr00r00      [ 6]  103 	jsr	___slong2fs
   0027 B7*05         [ 3]  104 	sta	*(_modff_sloc1_1_0 + 3)
   0029 BF*04         [ 3]  105 	stx	*(_modff_sloc1_1_0 + 2)
   002B 4E*00*03      [ 6]  106 	mov	*___SDCC_hc08_ret2,*(_modff_sloc1_1_0 + 1)
   002E 4E*00*02      [ 6]  107 	mov	*___SDCC_hc08_ret3,*_modff_sloc1_1_0
   0031 55*00         [ 4]  108 	ldhx	*_modff_sloc0_1_0
   0033 B6*02         [ 3]  109 	lda	*_modff_sloc1_1_0
   0035 F7            [ 2]  110 	sta	,x
   0036 B6*03         [ 3]  111 	lda	*(_modff_sloc1_1_0 + 1)
   0038 E7 01         [ 3]  112 	sta	1,x
   003A B6*04         [ 3]  113 	lda	*(_modff_sloc1_1_0 + 2)
   003C E7 02         [ 3]  114 	sta	2,x
   003E B6*05         [ 3]  115 	lda	*(_modff_sloc1_1_0 + 3)
   0040 E7 03         [ 3]  116 	sta	3,x
                            117 ;../modff.c:36: return (x-*y);
   0042 32r00r00      [ 5]  118 	ldhx	_modff_PARM_1
   0045 96r00r00      [ 5]  119 	sthx	___fssub_PARM_1
   0048 32r00r02      [ 5]  120 	ldhx	(_modff_PARM_1 + 2)
   004B 96r00r02      [ 5]  121 	sthx	(___fssub_PARM_1 + 2)
   004E B6*02         [ 3]  122 	lda	*_modff_sloc1_1_0
   0050 C7r00r00      [ 4]  123 	sta	___fssub_PARM_2
   0053 B6*03         [ 3]  124 	lda	*(_modff_sloc1_1_0 + 1)
   0055 C7r00r01      [ 4]  125 	sta	(___fssub_PARM_2 + 1)
   0058 B6*04         [ 3]  126 	lda	*(_modff_sloc1_1_0 + 2)
   005A C7r00r02      [ 4]  127 	sta	(___fssub_PARM_2 + 2)
   005D B6*05         [ 3]  128 	lda	*(_modff_sloc1_1_0 + 3)
   005F C7r00r03      [ 4]  129 	sta	(___fssub_PARM_2 + 3)
   0062 CDr00r00      [ 6]  130 	jsr	___fssub
   0065 B7*05         [ 3]  131 	sta	*(_modff_sloc1_1_0 + 3)
   0067 BF*04         [ 3]  132 	stx	*(_modff_sloc1_1_0 + 2)
   0069 4E*00*03      [ 6]  133 	mov	*___SDCC_hc08_ret2,*(_modff_sloc1_1_0 + 1)
   006C 4E*00*02      [ 6]  134 	mov	*___SDCC_hc08_ret3,*_modff_sloc1_1_0
   006F 4E*02*00      [ 6]  135 	mov	*_modff_sloc1_1_0,*___SDCC_hc08_ret3
   0072 4E*03*00      [ 6]  136 	mov	*(_modff_sloc1_1_0 + 1),*___SDCC_hc08_ret2
   0075 BE*04         [ 3]  137 	ldx	*(_modff_sloc1_1_0 + 2)
   0077 B6*05         [ 3]  138 	lda	*(_modff_sloc1_1_0 + 3)
                            139 ;../modff.c:37: }
   0079 81            [ 6]  140 	rts
                            141 	.area CSEG    (CODE)
                            142 	.area CONST   (CODE)
                            143 	.area XINIT   (CODE)
                            144 	.area CABS    (ABS,CODE)
