                              1 ;--------------------------------------------------------
                              2 ; File Created by SDCC : free open source ISO C Compiler 
                              3 ; Version 4.2.14 #0 (Linux)
                              4 ;--------------------------------------------------------
                              5 	.cs08
                              6 	.module strxfrm
                              7 	.optsdcc -ms08
                              8 	
                              9 	.area HOME    (CODE)
                             10 	.area GSINIT0 (CODE)
                             11 	.area GSINIT  (CODE)
                             12 	.area GSFINAL (CODE)
                             13 	.area CSEG    (CODE)
                             14 	.area XINIT   (CODE)
                             15 	.area CONST   (CODE)
                             16 	.area DSEG    (PAG)
                             17 	.area OSEG    (PAG, OVR)
                             18 	.area XSEG
                             19 	.area XISEG
                             20 ;--------------------------------------------------------
                             21 ; Public variables in this module
                             22 ;--------------------------------------------------------
                             23 	.globl _strlen
                             24 	.globl _strncpy
                             25 	.globl _strxfrm_PARM_3
                             26 	.globl _strxfrm_PARM_2
                             27 	.globl _strxfrm
                             28 ;--------------------------------------------------------
                             29 ; ram data
                             30 ;--------------------------------------------------------
                             31 	.area DSEG    (PAG)
                             32 ;--------------------------------------------------------
                             33 ; overlayable items in ram
                             34 ;--------------------------------------------------------
                             35 ;--------------------------------------------------------
                             36 ; absolute ram data
                             37 ;--------------------------------------------------------
                             38 	.area IABS    (ABS)
                             39 	.area IABS    (ABS)
                             40 ;--------------------------------------------------------
                             41 ; absolute external ram data
                             42 ;--------------------------------------------------------
                             43 	.area XABS    (ABS)
                             44 ;--------------------------------------------------------
                             45 ; initialized external ram data
                             46 ;--------------------------------------------------------
                             47 	.area XISEG
                             48 ;--------------------------------------------------------
                             49 ; extended address mode data
                             50 ;--------------------------------------------------------
                             51 	.area XSEG
   0000                      52 _strxfrm_PARM_2:
   0000                      53 	.ds 2
   0002                      54 _strxfrm_PARM_3:
   0002                      55 	.ds 2
   0004                      56 _strxfrm_dest_65536_26:
   0004                      57 	.ds 2
                             58 ;--------------------------------------------------------
                             59 ; global & static initialisations
                             60 ;--------------------------------------------------------
                             61 	.area HOME    (CODE)
                             62 	.area GSINIT  (CODE)
                             63 	.area GSFINAL (CODE)
                             64 	.area GSINIT  (CODE)
                             65 ;--------------------------------------------------------
                             66 ; Home
                             67 ;--------------------------------------------------------
                             68 	.area HOME    (CODE)
                             69 	.area HOME    (CODE)
                             70 ;--------------------------------------------------------
                             71 ; code
                             72 ;--------------------------------------------------------
                             73 	.area CSEG    (CODE)
                             74 ;------------------------------------------------------------
                             75 ;Allocation info for local variables in function 'strxfrm'
                             76 ;------------------------------------------------------------
                             77 ;src                       Allocated with name '_strxfrm_PARM_2'
                             78 ;n                         Allocated with name '_strxfrm_PARM_3'
                             79 ;dest                      Allocated with name '_strxfrm_dest_65536_26'
                             80 ;------------------------------------------------------------
                             81 ;../strxfrm.c:31: size_t strxfrm(char *dest, const char *src, size_t n)
                             82 ;	-----------------------------------------
                             83 ;	 function strxfrm
                             84 ;	-----------------------------------------
                             85 ;	Register assignment is optimal.
                             86 ;	Stack space usage: 0 bytes.
   0000                      87 _strxfrm:
   0000 C7r00r05      [ 4]   88 	sta	(_strxfrm_dest_65536_26 + 1)
   0003 CFr00r04      [ 4]   89 	stx	_strxfrm_dest_65536_26
                             90 ;../strxfrm.c:33: strncpy(dest, src, n);
   0006 32r00r00      [ 5]   91 	ldhx	_strxfrm_PARM_2
   0009 96r00r00      [ 5]   92 	sthx	_strncpy_PARM_2
   000C 32r00r02      [ 5]   93 	ldhx	_strxfrm_PARM_3
   000F 96r00r00      [ 5]   94 	sthx	_strncpy_PARM_3
   0012 C6r00r05      [ 4]   95 	lda	(_strxfrm_dest_65536_26 + 1)
   0015 CEr00r04      [ 4]   96 	ldx	_strxfrm_dest_65536_26
   0018 CDr00r00      [ 6]   97 	jsr	_strncpy
                             98 ;../strxfrm.c:34: return(strlen(src) + 1);
   001B C6r00r01      [ 4]   99 	lda	(_strxfrm_PARM_2 + 1)
   001E CEr00r00      [ 4]  100 	ldx	_strxfrm_PARM_2
   0021 CDr00r00      [ 6]  101 	jsr	_strlen
   0024 4C            [ 1]  102 	inca
   0025 26 01         [ 3]  103 	bne	00103$
   0027 5C            [ 1]  104 	incx
   0028                     105 00103$:
                            106 ;../strxfrm.c:35: }
   0028 81            [ 6]  107 	rts
                            108 	.area CSEG    (CODE)
                            109 	.area CONST   (CODE)
                            110 	.area XINIT   (CODE)
                            111 	.area CABS    (ABS,CODE)
