                              1 ;--------------------------------------------------------
                              2 ; File Created by SDCC : free open source ISO C Compiler 
                              3 ; Version 4.2.14 #0 (Linux)
                              4 ;--------------------------------------------------------
                              5 	.cs08
                              6 	.module tanf
                              7 	.optsdcc -ms08
                              8 	
                              9 	.area HOME    (CODE)
                             10 	.area GSINIT0 (CODE)
                             11 	.area GSINIT  (CODE)
                             12 	.area GSFINAL (CODE)
                             13 	.area CSEG    (CODE)
                             14 	.area XINIT   (CODE)
                             15 	.area CONST   (CODE)
                             16 	.area DSEG    (PAG)
                             17 	.area OSEG    (PAG, OVR)
                             18 	.area XSEG
                             19 	.area XISEG
                             20 ;--------------------------------------------------------
                             21 ; Public variables in this module
                             22 ;--------------------------------------------------------
                             23 	.globl _tancotf
                             24 	.globl _tanf
                             25 ;--------------------------------------------------------
                             26 ; ram data
                             27 ;--------------------------------------------------------
                             28 	.area DSEG    (PAG)
                             29 ;--------------------------------------------------------
                             30 ; overlayable items in ram
                             31 ;--------------------------------------------------------
                             32 ;--------------------------------------------------------
                             33 ; absolute ram data
                             34 ;--------------------------------------------------------
                             35 	.area IABS    (ABS)
                             36 	.area IABS    (ABS)
                             37 ;--------------------------------------------------------
                             38 ; absolute external ram data
                             39 ;--------------------------------------------------------
                             40 	.area XABS    (ABS)
                             41 ;--------------------------------------------------------
                             42 ; initialized external ram data
                             43 ;--------------------------------------------------------
                             44 	.area XISEG
                             45 ;--------------------------------------------------------
                             46 ; extended address mode data
                             47 ;--------------------------------------------------------
                             48 	.area XSEG
                             49 ;--------------------------------------------------------
                             50 ; global & static initialisations
                             51 ;--------------------------------------------------------
                             52 	.area HOME    (CODE)
                             53 	.area GSINIT  (CODE)
                             54 	.area GSFINAL (CODE)
                             55 	.area GSINIT  (CODE)
                             56 ;--------------------------------------------------------
                             57 ; Home
                             58 ;--------------------------------------------------------
                             59 	.area HOME    (CODE)
                             60 	.area HOME    (CODE)
                             61 ;--------------------------------------------------------
                             62 ; code
                             63 ;--------------------------------------------------------
                             64 	.area CSEG    (CODE)
                             65 ;------------------------------------------------------------
                             66 ;Allocation info for local variables in function 'tanf'
                             67 ;------------------------------------------------------------
                             68 ;x                         Allocated to stack - sp +7
                             69 ;sloc0                     Allocated to stack - sp +1
                             70 ;------------------------------------------------------------
                             71 ;../tanf.c:36: float tanf(float x) _FLOAT_FUNC_REENTRANT
                             72 ;	-----------------------------------------
                             73 ;	 function tanf
                             74 ;	-----------------------------------------
                             75 ;	Register assignment is optimal.
                             76 ;	Stack space usage: 4 bytes.
   0000                      77 _tanf:
   0000 A7 FC         [ 2]   78 	ais	#-4
                             79 ;../tanf.c:38: return tancotf(x, 0);
   0002 95            [ 2]   80 	tsx
   0003 E6 06         [ 3]   81 	lda	6,x
   0005 C7r00r00      [ 4]   82 	sta	_tancotf_PARM_1
   0008 E6 07         [ 3]   83 	lda	7,x
   000A C7r00r01      [ 4]   84 	sta	(_tancotf_PARM_1 + 1)
   000D E6 08         [ 3]   85 	lda	8,x
   000F C7r00r02      [ 4]   86 	sta	(_tancotf_PARM_1 + 2)
   0012 E6 09         [ 3]   87 	lda	9,x
   0014 C7r00r03      [ 4]   88 	sta	(_tancotf_PARM_1 + 3)
   0017 4F            [ 1]   89 	clra
   0018 C7r00r00      [ 4]   90 	sta	_tancotf_PARM_2
   001B CDr00r00      [ 6]   91 	jsr	_tancotf
   001E 9E E7 04      [ 4]   92 	sta	4,s
   0021 9E EF 03      [ 4]   93 	stx	3,s
   0024 B6*00         [ 3]   94 	lda	*___SDCC_hc08_ret2
   0026 9E E7 02      [ 4]   95 	sta	2,s
   0029 B6*00         [ 3]   96 	lda	*___SDCC_hc08_ret3
   002B 9E E7 01      [ 4]   97 	sta	1,s
   002E 95            [ 2]   98 	tsx
   002F F6            [ 3]   99 	lda	,x
   0030 B7*00         [ 3]  100 	sta	*___SDCC_hc08_ret3
   0032 E6 01         [ 3]  101 	lda	1,x
   0034 B7*00         [ 3]  102 	sta	*___SDCC_hc08_ret2
   0036 EE 02         [ 3]  103 	ldx	2,x
   0038 9E E6 04      [ 4]  104 	lda	4,s
                            105 ;../tanf.c:39: }
   003B A7 04         [ 2]  106 	ais	#4
   003D 81            [ 6]  107 	rts
                            108 	.area CSEG    (CODE)
                            109 	.area CONST   (CODE)
                            110 	.area XINIT   (CODE)
                            111 	.area CABS    (ABS,CODE)
