                              1 ;--------------------------------------------------------
                              2 ; File Created by SDCC : free open source ISO C Compiler 
                              3 ; Version 4.2.14 #0 (Linux)
                              4 ;--------------------------------------------------------
                              5 	.cs08
                              6 	.module wctob
                              7 	.optsdcc -ms08
                              8 	
                              9 	.area HOME    (CODE)
                             10 	.area GSINIT0 (CODE)
                             11 	.area GSINIT  (CODE)
                             12 	.area GSFINAL (CODE)
                             13 	.area CSEG    (CODE)
                             14 	.area XINIT   (CODE)
                             15 	.area CONST   (CODE)
                             16 	.area DSEG    (PAG)
                             17 	.area OSEG    (PAG, OVR)
                             18 	.area XSEG
                             19 	.area XISEG
                             20 ;--------------------------------------------------------
                             21 ; Public variables in this module
                             22 ;--------------------------------------------------------
                             23 	.globl _wctob_PARM_1
                             24 	.globl _wctob
                             25 ;--------------------------------------------------------
                             26 ; ram data
                             27 ;--------------------------------------------------------
                             28 	.area DSEG    (PAG)
                             29 ;--------------------------------------------------------
                             30 ; overlayable items in ram
                             31 ;--------------------------------------------------------
                             32 ;--------------------------------------------------------
                             33 ; absolute ram data
                             34 ;--------------------------------------------------------
                             35 	.area IABS    (ABS)
                             36 	.area IABS    (ABS)
                             37 ;--------------------------------------------------------
                             38 ; absolute external ram data
                             39 ;--------------------------------------------------------
                             40 	.area XABS    (ABS)
                             41 ;--------------------------------------------------------
                             42 ; initialized external ram data
                             43 ;--------------------------------------------------------
                             44 	.area XISEG
                             45 ;--------------------------------------------------------
                             46 ; extended address mode data
                             47 ;--------------------------------------------------------
                             48 	.area XSEG
   0000                      49 _wctob_PARM_1:
   0000                      50 	.ds 4
                             51 ;--------------------------------------------------------
                             52 ; global & static initialisations
                             53 ;--------------------------------------------------------
                             54 	.area HOME    (CODE)
                             55 	.area GSINIT  (CODE)
                             56 	.area GSFINAL (CODE)
                             57 	.area GSINIT  (CODE)
                             58 ;--------------------------------------------------------
                             59 ; Home
                             60 ;--------------------------------------------------------
                             61 	.area HOME    (CODE)
                             62 	.area HOME    (CODE)
                             63 ;--------------------------------------------------------
                             64 ; code
                             65 ;--------------------------------------------------------
                             66 	.area CSEG    (CODE)
                             67 ;------------------------------------------------------------
                             68 ;Allocation info for local variables in function 'wctob'
                             69 ;------------------------------------------------------------
                             70 ;c                         Allocated with name '_wctob_PARM_1'
                             71 ;------------------------------------------------------------
                             72 ;../wctob.c:35: int wctob(wint_t c)
                             73 ;	-----------------------------------------
                             74 ;	 function wctob
                             75 ;	-----------------------------------------
                             76 ;	Register assignment is optimal.
                             77 ;	Stack space usage: 0 bytes.
   0000                      78 _wctob:
                             79 ;../wctob.c:37: if(c & 0xffffff80)
   0000 C6r00r03      [ 4]   80 	lda	(_wctob_PARM_1 + 3)
   0003 A5 80         [ 2]   81 	bit	#0x80
   0005 26 0D         [ 3]   82 	bne	00110$
   0007 C6r00r02      [ 4]   83 	lda	(_wctob_PARM_1 + 2)
   000A 26 08         [ 3]   84 	bne	00110$
   000C C6r00r01      [ 4]   85 	lda	(_wctob_PARM_1 + 1)
   000F 26 03         [ 3]   86 	bne	00110$
   0011 C6r00r00      [ 4]   87 	lda	_wctob_PARM_1
   0014                      88 00110$:
   0014 27 04         [ 3]   89 	beq	00102$
                             90 ;../wctob.c:38: return WEOF;
   0016 A6 FF         [ 2]   91 	lda	#0xff
   0018 97            [ 1]   92 	tax
   0019 81            [ 6]   93 	rts
   001A                      94 00102$:
                             95 ;../wctob.c:39: return c;
   001A C6r00r03      [ 4]   96 	lda	(_wctob_PARM_1 + 3)
   001D CEr00r02      [ 4]   97 	ldx	(_wctob_PARM_1 + 2)
                             98 ;../wctob.c:40: }
   0020 81            [ 6]   99 	rts
                            100 	.area CSEG    (CODE)
                            101 	.area CONST   (CODE)
                            102 	.area XINIT   (CODE)
                            103 	.area CABS    (ABS,CODE)
