                                      1 ;--------------------------------------------------------
                                      2 ; File Created by SDCC : free open source ISO C Compiler 
                                      3 ; Version 4.2.14 #0 (Linux)
                                      4 ;--------------------------------------------------------
                                      5 	.module _logexpf
                                      6 	.optsdcc -mmcs51 --model-large
                                      7 	
                                      8 ;--------------------------------------------------------
                                      9 ; Public variables in this module
                                     10 ;--------------------------------------------------------
                                     11 	.globl __fs_natural_log_table
                                     12 	.globl __fs_cordic_rshift_r765_unsigned
                                     13 ;--------------------------------------------------------
                                     14 ; special function registers
                                     15 ;--------------------------------------------------------
                                     16 	.area RSEG    (ABS,DATA)
      000000                         17 	.org 0x0000
                                     18 ;--------------------------------------------------------
                                     19 ; special function bits
                                     20 ;--------------------------------------------------------
                                     21 	.area RSEG    (ABS,DATA)
      000000                         22 	.org 0x0000
                                     23 ;--------------------------------------------------------
                                     24 ; overlayable register banks
                                     25 ;--------------------------------------------------------
                                     26 	.area REG_BANK_0	(REL,OVR,DATA)
      000000                         27 	.ds 8
                                     28 ;--------------------------------------------------------
                                     29 ; internal ram data
                                     30 ;--------------------------------------------------------
                                     31 	.area DSEG    (DATA)
                                     32 ;--------------------------------------------------------
                                     33 ; overlayable items in internal ram
                                     34 ;--------------------------------------------------------
                                     35 ;--------------------------------------------------------
                                     36 ; indirectly addressable internal ram data
                                     37 ;--------------------------------------------------------
                                     38 	.area ISEG    (DATA)
                                     39 ;--------------------------------------------------------
                                     40 ; absolute internal ram data
                                     41 ;--------------------------------------------------------
                                     42 	.area IABS    (ABS,DATA)
                                     43 	.area IABS    (ABS,DATA)
                                     44 ;--------------------------------------------------------
                                     45 ; bit data
                                     46 ;--------------------------------------------------------
                                     47 	.area BSEG    (BIT)
                                     48 ;--------------------------------------------------------
                                     49 ; paged external ram data
                                     50 ;--------------------------------------------------------
                                     51 	.area PSEG    (PAG,XDATA)
                                     52 ;--------------------------------------------------------
                                     53 ; uninitialized external ram data
                                     54 ;--------------------------------------------------------
                                     55 	.area XSEG    (XDATA)
                                     56 ;--------------------------------------------------------
                                     57 ; absolute external ram data
                                     58 ;--------------------------------------------------------
                                     59 	.area XABS    (ABS,XDATA)
                                     60 ;--------------------------------------------------------
                                     61 ; initialized external ram data
                                     62 ;--------------------------------------------------------
                                     63 	.area XISEG   (XDATA)
                                     64 	.area HOME    (CODE)
                                     65 	.area GSINIT0 (CODE)
                                     66 	.area GSINIT1 (CODE)
                                     67 	.area GSINIT2 (CODE)
                                     68 	.area GSINIT3 (CODE)
                                     69 	.area GSINIT4 (CODE)
                                     70 	.area GSINIT5 (CODE)
                                     71 	.area GSINIT  (CODE)
                                     72 	.area GSFINAL (CODE)
                                     73 	.area CSEG    (CODE)
                                     74 ;--------------------------------------------------------
                                     75 ; global & static initialisations
                                     76 ;--------------------------------------------------------
                                     77 	.area HOME    (CODE)
                                     78 	.area GSINIT  (CODE)
                                     79 	.area GSFINAL (CODE)
                                     80 	.area GSINIT  (CODE)
                                     81 ;--------------------------------------------------------
                                     82 ; Home
                                     83 ;--------------------------------------------------------
                                     84 	.area HOME    (CODE)
                                     85 	.area HOME    (CODE)
                                     86 ;--------------------------------------------------------
                                     87 ; code
                                     88 ;--------------------------------------------------------
                                     89 	.area CSEG    (CODE)
                                     90 ;------------------------------------------------------------
                                     91 ;Allocation info for local variables in function '_fs_cordic_rshift_r765_unsigned'
                                     92 ;------------------------------------------------------------
                                     93 ;	_logexpf.c:39: void _fs_cordic_rshift_r765_unsigned(void) __naked
                                     94 ;	-----------------------------------------
                                     95 ;	 function _fs_cordic_rshift_r765_unsigned
                                     96 ;	-----------------------------------------
      000000                         97 __fs_cordic_rshift_r765_unsigned:
                                     98 ;	naked function: no prologue.
                                     99 ;	_logexpf.c:93: __endasm;
                           000002   100 	ar2	= 0x02
                           000003   101 	ar3	= 0x03
                           000004   102 	ar4	= 0x04
                           000005   103 	ar5	= 0x05
                           000006   104 	ar6	= 0x06
                           000007   105 	ar7	= 0x07
                           000000   106 	ar0	= 0x00
                           000001   107 	ar1	= 0x01
      000000 24 F8            [12]  108 	add	a, #248
      000002 50 22            [24]  109 	jnc	00003$
      000004 8D F0            [24]  110 	mov	b, r5
      000006 AD 06            [24]  111 	mov	r5, ar6
      000008 AE 07            [24]  112 	mov	r6, ar7
      00000A 7F 00            [12]  113 	mov	r7, #0
      00000C 24 F8            [12]  114 	add	a, #248
      00000E 50 16            [24]  115 	jnc	00003$
      000010 8D F0            [24]  116 	mov	b, r5
      000012 AD 06            [24]  117 	mov	r5, ar6
      000014 7E 00            [12]  118 	mov	r6, #0
      000016 24 F8            [12]  119 	add	a, #248
      000018 50 0C            [24]  120 	jnc	00003$
      00001A 8D F0            [24]  121 	mov	b, r5
      00001C 7D 00            [12]  122 	mov	r5, #0
      00001E 24 F8            [12]  123 	add	a, #248
      000020 50 04            [24]  124 	jnc	00003$
      000022 75 F0 00         [24]  125 	mov	b, #0
      000025 22               [24]  126 	ret
      000026                        127 00003$:
      000026 24 08            [12]  128 	add	a, #8
      000028 60 16            [24]  129 	jz	00030$
      00002A C0 00            [24]  130 	push	ar0
      00002C F8               [12]  131 	mov	r0, a
      00002D                        132 00010$:
      00002D C3               [12]  133 	clr	c
      00002E EF               [12]  134 	mov	a, r7
      00002F 13               [12]  135 	rrc	a
      000030 FF               [12]  136 	mov	r7, a
      000031 EE               [12]  137 	mov	a, r6
      000032 13               [12]  138 	rrc	a
      000033 FE               [12]  139 	mov	r6, a
      000034 ED               [12]  140 	mov	a, r5
      000035 13               [12]  141 	rrc	a
      000036 FD               [12]  142 	mov	r5, a
      000037 E5 F0            [12]  143 	mov	a, b
      000039 13               [12]  144 	rrc	a
      00003A F5 F0            [12]  145 	mov	b, a
      00003C D8 EF            [24]  146 	djnz	r0, 00010$
      00003E D0 00            [24]  147 	pop	ar0
      000040                        148 00030$:
      000040 22               [24]  149 	ret
                                    150 ;	_logexpf.c:94: }
                                    151 ;	naked function: no epilogue.
                                    152 	.area CSEG    (CODE)
                                    153 	.area CONST   (CODE)
      000000                        154 __fs_natural_log_table:
      000000 FF                     155 	.db #0xff	; 255
      000001 42                     156 	.db #0x42	; 66	'B'
      000002 2E                     157 	.db #0x2e	; 46
      000003 16                     158 	.db #0x16	; 22
      000004 F6                     159 	.db #0xf6	; 246
      000005 91                     160 	.db #0x91	; 145
      000006 F9                     161 	.db #0xf9	; 249
      000007 0C                     162 	.db #0x0c	; 12
      000008 F2                     163 	.db #0xf2	; 242
      000009 FD                     164 	.db #0xfd	; 253
      00000A 23                     165 	.db #0x23	; 35
      00000B 07                     166 	.db #0x07	; 7
      00000C EE                     167 	.db #0xee	; 238
      00000D E0                     168 	.db #0xe0	; 224
      00000E C4                     169 	.db #0xc4	; 196
      00000F 03                     170 	.db #0x03	; 3
      000010 0C                     171 	.db #0x0c	; 12
      000011 A3                     172 	.db #0xa3	; 163
      000012 F0                     173 	.db #0xf0	; 240
      000013 01                     174 	.db #0x01	; 1
      000014 D8                     175 	.db #0xd8	; 216
      000015 14                     176 	.db #0x14	; 20
      000016 FC                     177 	.db #0xfc	; 252
      000017 00                     178 	.db #0x00	; 0
      000018 A3                     179 	.db #0xa3	; 163
      000019 02                     180 	.db #0x02	; 2
      00001A 7F                     181 	.db #0x7f	; 127
      00001B 00                     182 	.db #0x00	; 0
      00001C 55                     183 	.db #0x55	; 85	'U'
      00001D C0                     184 	.db #0xc0	; 192
      00001E 3F                     185 	.db #0x3f	; 63
      00001F 00                     186 	.db #0x00	; 0
      000020 0B                     187 	.db #0x0b	; 11
      000021 F0                     188 	.db #0xf0	; 240
      000022 1F                     189 	.db #0x1f	; 31
      000023 00                     190 	.db #0x00	; 0
      000024 01                     191 	.db #0x01	; 1
      000025 FC                     192 	.db #0xfc	; 252
      000026 0F                     193 	.db #0x0f	; 15
      000027 00                     194 	.db #0x00	; 0
      000028 00                     195 	.db #0x00	; 0
      000029 FF                     196 	.db #0xff	; 255
      00002A 07                     197 	.db #0x07	; 7
      00002B 00                     198 	.db #0x00	; 0
      00002C C0                     199 	.db #0xc0	; 192
      00002D FF                     200 	.db #0xff	; 255
      00002E 03                     201 	.db #0x03	; 3
      00002F 00                     202 	.db #0x00	; 0
      000030 F0                     203 	.db #0xf0	; 240
      000031 FF                     204 	.db #0xff	; 255
      000032 01                     205 	.db #0x01	; 1
      000033 00                     206 	.db #0x00	; 0
      000034 FC                     207 	.db #0xfc	; 252
      000035 FF                     208 	.db #0xff	; 255
      000036 00                     209 	.db #0x00	; 0
      000037 00                     210 	.db #0x00	; 0
      000038 FF                     211 	.db #0xff	; 255
      000039 7F                     212 	.db #0x7f	; 127
      00003A 00                     213 	.db #0x00	; 0
      00003B 00                     214 	.db #0x00	; 0
      00003C 00                     215 	.db #0x00	; 0
      00003D 40                     216 	.db #0x40	; 64
      00003E 00                     217 	.db #0x00	; 0
      00003F 00                     218 	.db #0x00	; 0
      000040 00                     219 	.db #0x00	; 0
      000041 20                     220 	.db #0x20	; 32
      000042 00                     221 	.db #0x00	; 0
      000043 00                     222 	.db #0x00	; 0
      000044 00                     223 	.db #0x00	; 0
      000045 10                     224 	.db #0x10	; 16
      000046 00                     225 	.db #0x00	; 0
      000047 00                     226 	.db #0x00	; 0
      000048 00                     227 	.db #0x00	; 0
      000049 08                     228 	.db #0x08	; 8
      00004A 00                     229 	.db #0x00	; 0
      00004B 00                     230 	.db #0x00	; 0
      00004C 00                     231 	.db #0x00	; 0
      00004D 04                     232 	.db #0x04	; 4
      00004E 00                     233 	.db #0x00	; 0
      00004F 00                     234 	.db #0x00	; 0
      000050 00                     235 	.db #0x00	; 0
      000051 02                     236 	.db #0x02	; 2
      000052 00                     237 	.db #0x00	; 0
      000053 00                     238 	.db #0x00	; 0
      000054 00                     239 	.db #0x00	; 0
      000055 01                     240 	.db #0x01	; 1
      000056 00                     241 	.db #0x00	; 0
      000057 00                     242 	.db #0x00	; 0
      000058 80                     243 	.db #0x80	; 128
      000059 00                     244 	.db #0x00	; 0
      00005A 00                     245 	.db #0x00	; 0
      00005B 00                     246 	.db #0x00	; 0
      00005C 40                     247 	.db #0x40	; 64
      00005D 00                     248 	.db #0x00	; 0
      00005E 00                     249 	.db #0x00	; 0
      00005F 00                     250 	.db #0x00	; 0
      000060 20                     251 	.db #0x20	; 32
      000061 00                     252 	.db #0x00	; 0
      000062 00                     253 	.db #0x00	; 0
      000063 00                     254 	.db #0x00	; 0
      000064 10                     255 	.db #0x10	; 16
      000065 00                     256 	.db #0x00	; 0
      000066 00                     257 	.db #0x00	; 0
      000067 00                     258 	.db #0x00	; 0
      000068 08                     259 	.db #0x08	; 8
      000069 00                     260 	.db #0x00	; 0
      00006A 00                     261 	.db #0x00	; 0
      00006B 00                     262 	.db #0x00	; 0
      00006C 04                     263 	.db #0x04	; 4
      00006D 00                     264 	.db #0x00	; 0
      00006E 00                     265 	.db #0x00	; 0
      00006F 00                     266 	.db #0x00	; 0
      000070 02                     267 	.db #0x02	; 2
      000071 00                     268 	.db #0x00	; 0
      000072 00                     269 	.db #0x00	; 0
      000073 00                     270 	.db #0x00	; 0
      000074 01                     271 	.db #0x01	; 1
      000075 00                     272 	.db #0x00	; 0
      000076 00                     273 	.db #0x00	; 0
      000077 00                     274 	.db #0x00	; 0
                                    275 	.area XINIT   (CODE)
                                    276 	.area CABS    (ABS,CODE)
