                                      1 ;--------------------------------------------------------
                                      2 ; File Created by SDCC : free open source ISO C Compiler 
                                      3 ; Version 4.2.14 #0 (Linux)
                                      4 ;--------------------------------------------------------
                                      5 	.module aligned_alloc
                                      6 	.optsdcc -mmcs51 --model-large
                                      7 	
                                      8 ;--------------------------------------------------------
                                      9 ; Public variables in this module
                                     10 ;--------------------------------------------------------
                                     11 	.globl _malloc
                                     12 	.globl _aligned_alloc_PARM_2
                                     13 	.globl _aligned_alloc
                                     14 ;--------------------------------------------------------
                                     15 ; special function registers
                                     16 ;--------------------------------------------------------
                                     17 	.area RSEG    (ABS,DATA)
      000000                         18 	.org 0x0000
                                     19 ;--------------------------------------------------------
                                     20 ; special function bits
                                     21 ;--------------------------------------------------------
                                     22 	.area RSEG    (ABS,DATA)
      000000                         23 	.org 0x0000
                                     24 ;--------------------------------------------------------
                                     25 ; overlayable register banks
                                     26 ;--------------------------------------------------------
                                     27 	.area REG_BANK_0	(REL,OVR,DATA)
      000000                         28 	.ds 8
                                     29 ;--------------------------------------------------------
                                     30 ; internal ram data
                                     31 ;--------------------------------------------------------
                                     32 	.area DSEG    (DATA)
                                     33 ;--------------------------------------------------------
                                     34 ; overlayable items in internal ram
                                     35 ;--------------------------------------------------------
                                     36 ;--------------------------------------------------------
                                     37 ; indirectly addressable internal ram data
                                     38 ;--------------------------------------------------------
                                     39 	.area ISEG    (DATA)
                                     40 ;--------------------------------------------------------
                                     41 ; absolute internal ram data
                                     42 ;--------------------------------------------------------
                                     43 	.area IABS    (ABS,DATA)
                                     44 	.area IABS    (ABS,DATA)
                                     45 ;--------------------------------------------------------
                                     46 ; bit data
                                     47 ;--------------------------------------------------------
                                     48 	.area BSEG    (BIT)
                                     49 ;--------------------------------------------------------
                                     50 ; paged external ram data
                                     51 ;--------------------------------------------------------
                                     52 	.area PSEG    (PAG,XDATA)
                                     53 ;--------------------------------------------------------
                                     54 ; uninitialized external ram data
                                     55 ;--------------------------------------------------------
                                     56 	.area XSEG    (XDATA)
      000000                         57 _aligned_alloc_PARM_2:
      000000                         58 	.ds 2
                                     59 ;--------------------------------------------------------
                                     60 ; absolute external ram data
                                     61 ;--------------------------------------------------------
                                     62 	.area XABS    (ABS,XDATA)
                                     63 ;--------------------------------------------------------
                                     64 ; initialized external ram data
                                     65 ;--------------------------------------------------------
                                     66 	.area XISEG   (XDATA)
                                     67 	.area HOME    (CODE)
                                     68 	.area GSINIT0 (CODE)
                                     69 	.area GSINIT1 (CODE)
                                     70 	.area GSINIT2 (CODE)
                                     71 	.area GSINIT3 (CODE)
                                     72 	.area GSINIT4 (CODE)
                                     73 	.area GSINIT5 (CODE)
                                     74 	.area GSINIT  (CODE)
                                     75 	.area GSFINAL (CODE)
                                     76 	.area CSEG    (CODE)
                                     77 ;--------------------------------------------------------
                                     78 ; global & static initialisations
                                     79 ;--------------------------------------------------------
                                     80 	.area HOME    (CODE)
                                     81 	.area GSINIT  (CODE)
                                     82 	.area GSFINAL (CODE)
                                     83 	.area GSINIT  (CODE)
                                     84 ;--------------------------------------------------------
                                     85 ; Home
                                     86 ;--------------------------------------------------------
                                     87 	.area HOME    (CODE)
                                     88 	.area HOME    (CODE)
                                     89 ;--------------------------------------------------------
                                     90 ; code
                                     91 ;--------------------------------------------------------
                                     92 	.area CSEG    (CODE)
                                     93 ;------------------------------------------------------------
                                     94 ;Allocation info for local variables in function 'aligned_alloc'
                                     95 ;------------------------------------------------------------
                                     96 ;size                      Allocated with name '_aligned_alloc_PARM_2'
                                     97 ;alignment                 Allocated with name '_aligned_alloc_alignment_65536_19'
                                     98 ;------------------------------------------------------------
                                     99 ;	../../device/include/stdlib.h:92: inline void *aligned_alloc(size_t alignment, size_t size)
                                    100 ;	-----------------------------------------
                                    101 ;	 function aligned_alloc
                                    102 ;	-----------------------------------------
      000000                        103 _aligned_alloc:
                           000007   104 	ar7 = 0x07
                           000006   105 	ar6 = 0x06
                           000005   106 	ar5 = 0x05
                           000004   107 	ar4 = 0x04
                           000003   108 	ar3 = 0x03
                           000002   109 	ar2 = 0x02
                           000001   110 	ar1 = 0x01
                           000000   111 	ar0 = 0x00
                                    112 ;	../../device/include/stdlib.h:95: return malloc(size);
      000000 90r00r00         [24]  113 	mov	dptr,#_aligned_alloc_PARM_2
      000003 E0               [24]  114 	movx	a,@dptr
      000004 FE               [12]  115 	mov	r6,a
      000005 A3               [24]  116 	inc	dptr
      000006 E0               [24]  117 	movx	a,@dptr
      000007 FF               [12]  118 	mov	r7,a
      000008 8E 82            [24]  119 	mov	dpl,r6
      00000A 8F 83            [24]  120 	mov	dph,r7
      00000C 12r00r00         [24]  121 	lcall	_malloc
      00000F AE 82            [24]  122 	mov	r6,dpl
      000011 AF 83            [24]  123 	mov	r7,dph
      000013 7D 00            [12]  124 	mov	r5,#0x00
      000015 8E 82            [24]  125 	mov	dpl,r6
      000017 8F 83            [24]  126 	mov	dph,r7
      000019 8D F0            [24]  127 	mov	b,r5
                                    128 ;	../../device/include/stdlib.h:96: }
      00001B 22               [24]  129 	ret
                                    130 	.area CSEG    (CODE)
                                    131 	.area CONST   (CODE)
                                    132 	.area XINIT   (CODE)
                                    133 	.area CABS    (ABS,CODE)
