                                      1 ;--------------------------------------------------------
                                      2 ; File Created by SDCC : free open source ISO C Compiler 
                                      3 ; Version 4.2.14 #0 (Linux)
                                      4 ;--------------------------------------------------------
                                      5 	.module iscntrl
                                      6 	.optsdcc -mmcs51 --model-large
                                      7 	
                                      8 ;--------------------------------------------------------
                                      9 ; Public variables in this module
                                     10 ;--------------------------------------------------------
                                     11 	.globl _iscntrl
                                     12 ;--------------------------------------------------------
                                     13 ; special function registers
                                     14 ;--------------------------------------------------------
                                     15 	.area RSEG    (ABS,DATA)
      000000                         16 	.org 0x0000
                                     17 ;--------------------------------------------------------
                                     18 ; special function bits
                                     19 ;--------------------------------------------------------
                                     20 	.area RSEG    (ABS,DATA)
      000000                         21 	.org 0x0000
                                     22 ;--------------------------------------------------------
                                     23 ; overlayable register banks
                                     24 ;--------------------------------------------------------
                                     25 	.area REG_BANK_0	(REL,OVR,DATA)
      000000                         26 	.ds 8
                                     27 ;--------------------------------------------------------
                                     28 ; internal ram data
                                     29 ;--------------------------------------------------------
                                     30 	.area DSEG    (DATA)
                                     31 ;--------------------------------------------------------
                                     32 ; overlayable items in internal ram
                                     33 ;--------------------------------------------------------
                                     34 ;--------------------------------------------------------
                                     35 ; indirectly addressable internal ram data
                                     36 ;--------------------------------------------------------
                                     37 	.area ISEG    (DATA)
                                     38 ;--------------------------------------------------------
                                     39 ; absolute internal ram data
                                     40 ;--------------------------------------------------------
                                     41 	.area IABS    (ABS,DATA)
                                     42 	.area IABS    (ABS,DATA)
                                     43 ;--------------------------------------------------------
                                     44 ; bit data
                                     45 ;--------------------------------------------------------
                                     46 	.area BSEG    (BIT)
      000000                         47 _iscntrl_sloc0_1_0:
      000000                         48 	.ds 1
                                     49 ;--------------------------------------------------------
                                     50 ; paged external ram data
                                     51 ;--------------------------------------------------------
                                     52 	.area PSEG    (PAG,XDATA)
                                     53 ;--------------------------------------------------------
                                     54 ; uninitialized external ram data
                                     55 ;--------------------------------------------------------
                                     56 	.area XSEG    (XDATA)
      000000                         57 _iscntrl_c_65536_21:
      000000                         58 	.ds 2
                                     59 ;--------------------------------------------------------
                                     60 ; absolute external ram data
                                     61 ;--------------------------------------------------------
                                     62 	.area XABS    (ABS,XDATA)
                                     63 ;--------------------------------------------------------
                                     64 ; initialized external ram data
                                     65 ;--------------------------------------------------------
                                     66 	.area XISEG   (XDATA)
                                     67 	.area HOME    (CODE)
                                     68 	.area GSINIT0 (CODE)
                                     69 	.area GSINIT1 (CODE)
                                     70 	.area GSINIT2 (CODE)
                                     71 	.area GSINIT3 (CODE)
                                     72 	.area GSINIT4 (CODE)
                                     73 	.area GSINIT5 (CODE)
                                     74 	.area GSINIT  (CODE)
                                     75 	.area GSFINAL (CODE)
                                     76 	.area CSEG    (CODE)
                                     77 ;--------------------------------------------------------
                                     78 ; global & static initialisations
                                     79 ;--------------------------------------------------------
                                     80 	.area HOME    (CODE)
                                     81 	.area GSINIT  (CODE)
                                     82 	.area GSFINAL (CODE)
                                     83 	.area GSINIT  (CODE)
                                     84 ;--------------------------------------------------------
                                     85 ; Home
                                     86 ;--------------------------------------------------------
                                     87 	.area HOME    (CODE)
                                     88 	.area HOME    (CODE)
                                     89 ;--------------------------------------------------------
                                     90 ; code
                                     91 ;--------------------------------------------------------
                                     92 	.area CSEG    (CODE)
                                     93 ;------------------------------------------------------------
                                     94 ;Allocation info for local variables in function 'iscntrl'
                                     95 ;------------------------------------------------------------
                                     96 ;c                         Allocated with name '_iscntrl_c_65536_21'
                                     97 ;------------------------------------------------------------
                                     98 ;	iscntrl.c:33: int iscntrl (int c)
                                     99 ;	-----------------------------------------
                                    100 ;	 function iscntrl
                                    101 ;	-----------------------------------------
      000000                        102 _iscntrl:
                           000007   103 	ar7 = 0x07
                           000006   104 	ar6 = 0x06
                           000005   105 	ar5 = 0x05
                           000004   106 	ar4 = 0x04
                           000003   107 	ar3 = 0x03
                           000002   108 	ar2 = 0x02
                           000001   109 	ar1 = 0x01
                           000000   110 	ar0 = 0x00
      000000 AF 83            [24]  111 	mov	r7,dph
      000002 E5 82            [12]  112 	mov	a,dpl
      000004 90r00r00         [24]  113 	mov	dptr,#_iscntrl_c_65536_21
      000007 F0               [24]  114 	movx	@dptr,a
      000008 EF               [12]  115 	mov	a,r7
      000009 A3               [24]  116 	inc	dptr
      00000A F0               [24]  117 	movx	@dptr,a
                                    118 ;	iscntrl.c:35: return (c < ' ' || c == 0x7f);
      00000B 90r00r00         [24]  119 	mov	dptr,#_iscntrl_c_65536_21
      00000E E0               [24]  120 	movx	a,@dptr
      00000F FE               [12]  121 	mov	r6,a
      000010 A3               [24]  122 	inc	dptr
      000011 E0               [24]  123 	movx	a,@dptr
      000012 FF               [12]  124 	mov	r7,a
      000013 C3               [12]  125 	clr	c
      000014 EE               [12]  126 	mov	a,r6
      000015 94 20            [12]  127 	subb	a,#0x20
      000017 EF               [12]  128 	mov	a,r7
      000018 64 80            [12]  129 	xrl	a,#0x80
      00001A 94 80            [12]  130 	subb	a,#0x80
      00001C 40 0C            [24]  131 	jc	00104$
      00001E BE 7F 05         [24]  132 	cjne	r6,#0x7f,00115$
      000021 BF 00 02         [24]  133 	cjne	r7,#0x00,00115$
      000024 80 04            [24]  134 	sjmp	00104$
      000026                        135 00115$:
                                    136 ;	assignBit
      000026 C2*00            [12]  137 	clr	_iscntrl_sloc0_1_0
      000028 80 02            [24]  138 	sjmp	00105$
      00002A                        139 00104$:
                                    140 ;	assignBit
      00002A D2*00            [12]  141 	setb	_iscntrl_sloc0_1_0
      00002C                        142 00105$:
      00002C A2*00            [12]  143 	mov	c,_iscntrl_sloc0_1_0
      00002E E4               [12]  144 	clr	a
      00002F 33               [12]  145 	rlc	a
      000030 FE               [12]  146 	mov	r6,a
      000031 7F 00            [12]  147 	mov	r7,#0x00
      000033 8E 82            [24]  148 	mov	dpl,r6
      000035 8F 83            [24]  149 	mov	dph,r7
                                    150 ;	iscntrl.c:36: }
      000037 22               [24]  151 	ret
                                    152 	.area CSEG    (CODE)
                                    153 	.area CONST   (CODE)
                                    154 	.area XINIT   (CODE)
                                    155 	.area CABS    (ABS,CODE)
