                                      1 ;--------------------------------------------------------
                                      2 ; File Created by SDCC : free open source ISO C Compiler 
                                      3 ; Version 4.2.14 #0 (Linux)
                                      4 ;--------------------------------------------------------
                                      5 	.module memalignment
                                      6 	.optsdcc -mmcs51 --model-large
                                      7 	
                                      8 ;--------------------------------------------------------
                                      9 ; Public variables in this module
                                     10 ;--------------------------------------------------------
                                     11 	.globl _memalignment
                                     12 ;--------------------------------------------------------
                                     13 ; special function registers
                                     14 ;--------------------------------------------------------
                                     15 	.area RSEG    (ABS,DATA)
      000000                         16 	.org 0x0000
                                     17 ;--------------------------------------------------------
                                     18 ; special function bits
                                     19 ;--------------------------------------------------------
                                     20 	.area RSEG    (ABS,DATA)
      000000                         21 	.org 0x0000
                                     22 ;--------------------------------------------------------
                                     23 ; overlayable register banks
                                     24 ;--------------------------------------------------------
                                     25 	.area REG_BANK_0	(REL,OVR,DATA)
      000000                         26 	.ds 8
                                     27 ;--------------------------------------------------------
                                     28 ; internal ram data
                                     29 ;--------------------------------------------------------
                                     30 	.area DSEG    (DATA)
                                     31 ;--------------------------------------------------------
                                     32 ; overlayable items in internal ram
                                     33 ;--------------------------------------------------------
                                     34 ;--------------------------------------------------------
                                     35 ; indirectly addressable internal ram data
                                     36 ;--------------------------------------------------------
                                     37 	.area ISEG    (DATA)
                                     38 ;--------------------------------------------------------
                                     39 ; absolute internal ram data
                                     40 ;--------------------------------------------------------
                                     41 	.area IABS    (ABS,DATA)
                                     42 	.area IABS    (ABS,DATA)
                                     43 ;--------------------------------------------------------
                                     44 ; bit data
                                     45 ;--------------------------------------------------------
                                     46 	.area BSEG    (BIT)
                                     47 ;--------------------------------------------------------
                                     48 ; paged external ram data
                                     49 ;--------------------------------------------------------
                                     50 	.area PSEG    (PAG,XDATA)
                                     51 ;--------------------------------------------------------
                                     52 ; uninitialized external ram data
                                     53 ;--------------------------------------------------------
                                     54 	.area XSEG    (XDATA)
      000000                         55 _memalignment_p_65536_39:
      000000                         56 	.ds 3
                                     57 ;--------------------------------------------------------
                                     58 ; absolute external ram data
                                     59 ;--------------------------------------------------------
                                     60 	.area XABS    (ABS,XDATA)
                                     61 ;--------------------------------------------------------
                                     62 ; initialized external ram data
                                     63 ;--------------------------------------------------------
                                     64 	.area XISEG   (XDATA)
                                     65 	.area HOME    (CODE)
                                     66 	.area GSINIT0 (CODE)
                                     67 	.area GSINIT1 (CODE)
                                     68 	.area GSINIT2 (CODE)
                                     69 	.area GSINIT3 (CODE)
                                     70 	.area GSINIT4 (CODE)
                                     71 	.area GSINIT5 (CODE)
                                     72 	.area GSINIT  (CODE)
                                     73 	.area GSFINAL (CODE)
                                     74 	.area CSEG    (CODE)
                                     75 ;--------------------------------------------------------
                                     76 ; global & static initialisations
                                     77 ;--------------------------------------------------------
                                     78 	.area HOME    (CODE)
                                     79 	.area GSINIT  (CODE)
                                     80 	.area GSFINAL (CODE)
                                     81 	.area GSINIT  (CODE)
                                     82 ;--------------------------------------------------------
                                     83 ; Home
                                     84 ;--------------------------------------------------------
                                     85 	.area HOME    (CODE)
                                     86 	.area HOME    (CODE)
                                     87 ;--------------------------------------------------------
                                     88 ; code
                                     89 ;--------------------------------------------------------
                                     90 	.area CSEG    (CODE)
                                     91 ;------------------------------------------------------------
                                     92 ;Allocation info for local variables in function 'memalignment'
                                     93 ;------------------------------------------------------------
                                     94 ;p                         Allocated with name '_memalignment_p_65536_39'
                                     95 ;ip                        Allocated with name '_memalignment_ip_65536_40'
                                     96 ;------------------------------------------------------------
                                     97 ;	memalignment.c:33: size_t memalignment(const void *p)
                                     98 ;	-----------------------------------------
                                     99 ;	 function memalignment
                                    100 ;	-----------------------------------------
      000000                        101 _memalignment:
                           000007   102 	ar7 = 0x07
                           000006   103 	ar6 = 0x06
                           000005   104 	ar5 = 0x05
                           000004   105 	ar4 = 0x04
                           000003   106 	ar3 = 0x03
                           000002   107 	ar2 = 0x02
                           000001   108 	ar1 = 0x01
                           000000   109 	ar0 = 0x00
      000000 AF F0            [24]  110 	mov	r7,b
      000002 AE 83            [24]  111 	mov	r6,dph
      000004 E5 82            [12]  112 	mov	a,dpl
      000006 90r00r00         [24]  113 	mov	dptr,#_memalignment_p_65536_39
      000009 F0               [24]  114 	movx	@dptr,a
      00000A EE               [12]  115 	mov	a,r6
      00000B A3               [24]  116 	inc	dptr
      00000C F0               [24]  117 	movx	@dptr,a
      00000D EF               [12]  118 	mov	a,r7
      00000E A3               [24]  119 	inc	dptr
      00000F F0               [24]  120 	movx	@dptr,a
                                    121 ;	memalignment.c:35: intptr_t ip = (intptr_t)p;
      000010 90r00r00         [24]  122 	mov	dptr,#_memalignment_p_65536_39
      000013 E0               [24]  123 	movx	a,@dptr
      000014 FD               [12]  124 	mov	r5,a
      000015 A3               [24]  125 	inc	dptr
      000016 E0               [24]  126 	movx	a,@dptr
      000017 FE               [12]  127 	mov	r6,a
      000018 A3               [24]  128 	inc	dptr
      000019 E0               [24]  129 	movx	a,@dptr
                                    130 ;	memalignment.c:36: return(ip & -ip);
      00001A C3               [12]  131 	clr	c
      00001B E4               [12]  132 	clr	a
      00001C 9D               [12]  133 	subb	a,r5
      00001D FC               [12]  134 	mov	r4,a
      00001E E4               [12]  135 	clr	a
      00001F 9E               [12]  136 	subb	a,r6
      000020 FF               [12]  137 	mov	r7,a
      000021 ED               [12]  138 	mov	a,r5
      000022 52 04            [12]  139 	anl	ar4,a
      000024 EE               [12]  140 	mov	a,r6
      000025 52 07            [12]  141 	anl	ar7,a
      000027 8C 82            [24]  142 	mov	dpl,r4
      000029 8F 83            [24]  143 	mov	dph,r7
                                    144 ;	memalignment.c:37: }
      00002B 22               [24]  145 	ret
                                    146 	.area CSEG    (CODE)
                                    147 	.area CONST   (CODE)
                                    148 	.area XINIT   (CODE)
                                    149 	.area CABS    (ABS,CODE)
