                                      1 ;--------------------------------------------------------
                                      2 ; File Created by SDCC : free open source ISO C Compiler 
                                      3 ; Version 4.2.14 #0 (Linux)
                                      4 ;--------------------------------------------------------
                                      5 	.module tancotf
                                      6 	.optsdcc -mmcs51 --model-large
                                      7 	
                                      8 ;--------------------------------------------------------
                                      9 ; Public variables in this module
                                     10 ;--------------------------------------------------------
                                     11 	.globl _tancotf
                                     12 	.globl _fabsf
                                     13 	.globl _tancotf_PARM_2
                                     14 ;--------------------------------------------------------
                                     15 ; special function registers
                                     16 ;--------------------------------------------------------
                                     17 	.area RSEG    (ABS,DATA)
      000000                         18 	.org 0x0000
                                     19 ;--------------------------------------------------------
                                     20 ; special function bits
                                     21 ;--------------------------------------------------------
                                     22 	.area RSEG    (ABS,DATA)
      000000                         23 	.org 0x0000
                                     24 ;--------------------------------------------------------
                                     25 ; overlayable register banks
                                     26 ;--------------------------------------------------------
                                     27 	.area REG_BANK_0	(REL,OVR,DATA)
      000000                         28 	.ds 8
                                     29 ;--------------------------------------------------------
                                     30 ; internal ram data
                                     31 ;--------------------------------------------------------
                                     32 	.area DSEG    (DATA)
      000000                         33 _tancotf_sloc0_1_0:
      000000                         34 	.ds 2
      000002                         35 _tancotf_sloc1_1_0:
      000002                         36 	.ds 4
      000006                         37 _tancotf_sloc2_1_0:
      000006                         38 	.ds 4
                                     39 ;--------------------------------------------------------
                                     40 ; overlayable items in internal ram
                                     41 ;--------------------------------------------------------
                                     42 ;--------------------------------------------------------
                                     43 ; indirectly addressable internal ram data
                                     44 ;--------------------------------------------------------
                                     45 	.area ISEG    (DATA)
                                     46 ;--------------------------------------------------------
                                     47 ; absolute internal ram data
                                     48 ;--------------------------------------------------------
                                     49 	.area IABS    (ABS,DATA)
                                     50 	.area IABS    (ABS,DATA)
                                     51 ;--------------------------------------------------------
                                     52 ; bit data
                                     53 ;--------------------------------------------------------
                                     54 	.area BSEG    (BIT)
                                     55 ;--------------------------------------------------------
                                     56 ; paged external ram data
                                     57 ;--------------------------------------------------------
                                     58 	.area PSEG    (PAG,XDATA)
                                     59 ;--------------------------------------------------------
                                     60 ; uninitialized external ram data
                                     61 ;--------------------------------------------------------
                                     62 	.area XSEG    (XDATA)
      000000                         63 _tancotf_PARM_2:
      000000                         64 	.ds 1
      000001                         65 _tancotf_x_65536_25:
      000001                         66 	.ds 4
      000005                         67 _tancotf_xnum_65536_26:
      000005                         68 	.ds 4
      000009                         69 _tancotf_xden_65536_26:
      000009                         70 	.ds 4
                                     71 ;--------------------------------------------------------
                                     72 ; absolute external ram data
                                     73 ;--------------------------------------------------------
                                     74 	.area XABS    (ABS,XDATA)
                                     75 ;--------------------------------------------------------
                                     76 ; initialized external ram data
                                     77 ;--------------------------------------------------------
                                     78 	.area XISEG   (XDATA)
                                     79 	.area HOME    (CODE)
                                     80 	.area GSINIT0 (CODE)
                                     81 	.area GSINIT1 (CODE)
                                     82 	.area GSINIT2 (CODE)
                                     83 	.area GSINIT3 (CODE)
                                     84 	.area GSINIT4 (CODE)
                                     85 	.area GSINIT5 (CODE)
                                     86 	.area GSINIT  (CODE)
                                     87 	.area GSFINAL (CODE)
                                     88 	.area CSEG    (CODE)
                                     89 ;--------------------------------------------------------
                                     90 ; global & static initialisations
                                     91 ;--------------------------------------------------------
                                     92 	.area HOME    (CODE)
                                     93 	.area GSINIT  (CODE)
                                     94 	.area GSFINAL (CODE)
                                     95 	.area GSINIT  (CODE)
                                     96 ;--------------------------------------------------------
                                     97 ; Home
                                     98 ;--------------------------------------------------------
                                     99 	.area HOME    (CODE)
                                    100 	.area HOME    (CODE)
                                    101 ;--------------------------------------------------------
                                    102 ; code
                                    103 ;--------------------------------------------------------
                                    104 	.area CSEG    (CODE)
                                    105 ;------------------------------------------------------------
                                    106 ;Allocation info for local variables in function 'tancotf'
                                    107 ;------------------------------------------------------------
                                    108 ;sloc0                     Allocated with name '_tancotf_sloc0_1_0'
                                    109 ;sloc1                     Allocated with name '_tancotf_sloc1_1_0'
                                    110 ;sloc2                     Allocated with name '_tancotf_sloc2_1_0'
                                    111 ;iscotan                   Allocated with name '_tancotf_PARM_2'
                                    112 ;x                         Allocated with name '_tancotf_x_65536_25'
                                    113 ;f                         Allocated with name '_tancotf_f_65536_26'
                                    114 ;g                         Allocated with name '_tancotf_g_65536_26'
                                    115 ;xn                        Allocated with name '_tancotf_xn_65536_26'
                                    116 ;xnum                      Allocated with name '_tancotf_xnum_65536_26'
                                    117 ;xden                      Allocated with name '_tancotf_xden_65536_26'
                                    118 ;n                         Allocated with name '_tancotf_n_65536_26'
                                    119 ;------------------------------------------------------------
                                    120 ;	tancotf.c:53: float tancotf(float x, bool iscotan)
                                    121 ;	-----------------------------------------
                                    122 ;	 function tancotf
                                    123 ;	-----------------------------------------
      000000                        124 _tancotf:
                           000007   125 	ar7 = 0x07
                           000006   126 	ar6 = 0x06
                           000005   127 	ar5 = 0x05
                           000004   128 	ar4 = 0x04
                           000003   129 	ar3 = 0x03
                           000002   130 	ar2 = 0x02
                           000001   131 	ar1 = 0x01
                           000000   132 	ar0 = 0x00
      000000 AF 82            [24]  133 	mov	r7,dpl
      000002 AE 83            [24]  134 	mov	r6,dph
      000004 AD F0            [24]  135 	mov	r5,b
      000006 FC               [12]  136 	mov	r4,a
      000007 90r00r01         [24]  137 	mov	dptr,#_tancotf_x_65536_25
      00000A EF               [12]  138 	mov	a,r7
      00000B F0               [24]  139 	movx	@dptr,a
      00000C EE               [12]  140 	mov	a,r6
      00000D A3               [24]  141 	inc	dptr
      00000E F0               [24]  142 	movx	@dptr,a
      00000F ED               [12]  143 	mov	a,r5
      000010 A3               [24]  144 	inc	dptr
      000011 F0               [24]  145 	movx	@dptr,a
      000012 EC               [12]  146 	mov	a,r4
      000013 A3               [24]  147 	inc	dptr
      000014 F0               [24]  148 	movx	@dptr,a
                                    149 ;	tancotf.c:58: if (fabsf(x) > YMAX)
      000015 90r00r01         [24]  150 	mov	dptr,#_tancotf_x_65536_25
      000018 E0               [24]  151 	movx	a,@dptr
      000019 FC               [12]  152 	mov	r4,a
      00001A A3               [24]  153 	inc	dptr
      00001B E0               [24]  154 	movx	a,@dptr
      00001C FD               [12]  155 	mov	r5,a
      00001D A3               [24]  156 	inc	dptr
      00001E E0               [24]  157 	movx	a,@dptr
      00001F FE               [12]  158 	mov	r6,a
      000020 A3               [24]  159 	inc	dptr
      000021 E0               [24]  160 	movx	a,@dptr
      000022 FF               [12]  161 	mov	r7,a
      000023 8C 82            [24]  162 	mov	dpl,r4
      000025 8D 83            [24]  163 	mov	dph,r5
      000027 8E F0            [24]  164 	mov	b,r6
      000029 C0 07            [24]  165 	push	ar7
      00002B C0 06            [24]  166 	push	ar6
      00002D C0 05            [24]  167 	push	ar5
      00002F C0 04            [24]  168 	push	ar4
      000031 12r00r00         [24]  169 	lcall	_fabsf
      000034 A8 82            [24]  170 	mov	r0,dpl
      000036 A9 83            [24]  171 	mov	r1,dph
      000038 AA F0            [24]  172 	mov	r2,b
      00003A FB               [12]  173 	mov	r3,a
      00003B C0 00            [24]  174 	push	ar0
      00003D C0 01            [24]  175 	push	ar1
      00003F C0 02            [24]  176 	push	ar2
      000041 C0 03            [24]  177 	push	ar3
      000043 90 08 00         [24]  178 	mov	dptr,#0x0800
      000046 75 F0 C9         [24]  179 	mov	b,#0xc9
      000049 74 45            [12]  180 	mov	a,#0x45
      00004B 12r00r00         [24]  181 	lcall	___fslt
      00004E AB 82            [24]  182 	mov	r3,dpl
      000050 E5 81            [12]  183 	mov	a,sp
      000052 24 FC            [12]  184 	add	a,#0xfc
      000054 F5 81            [12]  185 	mov	sp,a
      000056 D0 04            [24]  186 	pop	ar4
      000058 D0 05            [24]  187 	pop	ar5
      00005A D0 06            [24]  188 	pop	ar6
      00005C D0 07            [24]  189 	pop	ar7
      00005E EB               [12]  190 	mov	a,r3
      00005F 60 0F            [24]  191 	jz	00102$
                                    192 ;	tancotf.c:60: errno = ERANGE;
      000061 90r00r00         [24]  193 	mov	dptr,#_errno
      000064 74 22            [12]  194 	mov	a,#0x22
      000066 F0               [24]  195 	movx	@dptr,a
      000067 E4               [12]  196 	clr	a
      000068 A3               [24]  197 	inc	dptr
      000069 F0               [24]  198 	movx	@dptr,a
                                    199 ;	tancotf.c:61: return 0.0;
      00006A 90 00 00         [24]  200 	mov	dptr,#0x0000
      00006D F5 F0            [12]  201 	mov	b,a
      00006F 22               [24]  202 	ret
      000070                        203 00102$:
                                    204 ;	tancotf.c:65: n=(x*TWO_O_PI+(x>0.0?0.5:-0.5)); /*works for +-x*/
      000070 C0 07            [24]  205 	push	ar7
      000072 C0 06            [24]  206 	push	ar6
      000074 C0 05            [24]  207 	push	ar5
      000076 C0 04            [24]  208 	push	ar4
      000078 C0 04            [24]  209 	push	ar4
      00007A C0 05            [24]  210 	push	ar5
      00007C C0 06            [24]  211 	push	ar6
      00007E C0 07            [24]  212 	push	ar7
      000080 90 F9 83         [24]  213 	mov	dptr,#0xf983
      000083 75 F0 22         [24]  214 	mov	b,#0x22
      000086 74 3F            [12]  215 	mov	a,#0x3f
      000088 12r00r00         [24]  216 	lcall	___fsmul
      00008B A8 82            [24]  217 	mov	r0,dpl
      00008D A9 83            [24]  218 	mov	r1,dph
      00008F AA F0            [24]  219 	mov	r2,b
      000091 FB               [12]  220 	mov	r3,a
      000092 E5 81            [12]  221 	mov	a,sp
      000094 24 FC            [12]  222 	add	a,#0xfc
      000096 F5 81            [12]  223 	mov	sp,a
      000098 D0 04            [24]  224 	pop	ar4
      00009A D0 05            [24]  225 	pop	ar5
      00009C D0 06            [24]  226 	pop	ar6
      00009E D0 07            [24]  227 	pop	ar7
      0000A0 C0 03            [24]  228 	push	ar3
      0000A2 C0 02            [24]  229 	push	ar2
      0000A4 C0 01            [24]  230 	push	ar1
      0000A6 C0 00            [24]  231 	push	ar0
      0000A8 C0 04            [24]  232 	push	ar4
      0000AA C0 05            [24]  233 	push	ar5
      0000AC C0 06            [24]  234 	push	ar6
      0000AE C0 07            [24]  235 	push	ar7
      0000B0 90 00 00         [24]  236 	mov	dptr,#(0x00&0x00ff)
      0000B3 E4               [12]  237 	clr	a
      0000B4 F5 F0            [12]  238 	mov	b,a
      0000B6 12r00r00         [24]  239 	lcall	___fslt
      0000B9 AF 82            [24]  240 	mov	r7,dpl
      0000BB E5 81            [12]  241 	mov	a,sp
      0000BD 24 FC            [12]  242 	add	a,#0xfc
      0000BF F5 81            [12]  243 	mov	sp,a
      0000C1 D0 00            [24]  244 	pop	ar0
      0000C3 D0 01            [24]  245 	pop	ar1
      0000C5 D0 02            [24]  246 	pop	ar2
      0000C7 D0 03            [24]  247 	pop	ar3
      0000C9 EF               [12]  248 	mov	a,r7
      0000CA 60 0A            [24]  249 	jz	00117$
      0000CC 7C 00            [12]  250 	mov	r4,#0x00
      0000CE 7D 00            [12]  251 	mov	r5,#0x00
      0000D0 7E 00            [12]  252 	mov	r6,#0x00
      0000D2 7F 3F            [12]  253 	mov	r7,#0x3f
      0000D4 80 08            [24]  254 	sjmp	00118$
      0000D6                        255 00117$:
      0000D6 7C 00            [12]  256 	mov	r4,#0x00
      0000D8 7D 00            [12]  257 	mov	r5,#0x00
      0000DA 7E 00            [12]  258 	mov	r6,#0x00
      0000DC 7F BF            [12]  259 	mov	r7,#0xbf
      0000DE                        260 00118$:
      0000DE C0 04            [24]  261 	push	ar4
      0000E0 C0 05            [24]  262 	push	ar5
      0000E2 C0 06            [24]  263 	push	ar6
      0000E4 C0 07            [24]  264 	push	ar7
      0000E6 88 82            [24]  265 	mov	dpl,r0
      0000E8 89 83            [24]  266 	mov	dph,r1
      0000EA 8A F0            [24]  267 	mov	b,r2
      0000EC EB               [12]  268 	mov	a,r3
      0000ED 12r00r00         [24]  269 	lcall	___fsadd
      0000F0 AC 82            [24]  270 	mov	r4,dpl
      0000F2 AD 83            [24]  271 	mov	r5,dph
      0000F4 AE F0            [24]  272 	mov	r6,b
      0000F6 FF               [12]  273 	mov	r7,a
      0000F7 E5 81            [12]  274 	mov	a,sp
      0000F9 24 FC            [12]  275 	add	a,#0xfc
      0000FB F5 81            [12]  276 	mov	sp,a
      0000FD 8C 82            [24]  277 	mov	dpl,r4
      0000FF 8D 83            [24]  278 	mov	dph,r5
      000101 8E F0            [24]  279 	mov	b,r6
      000103 EF               [12]  280 	mov	a,r7
      000104 12r00r00         [24]  281 	lcall	___fs2sint
                                    282 ;	tancotf.c:66: xn=n;
      000107 85 82*00         [24]  283 	mov	_tancotf_sloc0_1_0,dpl
      00010A 85 83*01         [24]  284 	mov  (_tancotf_sloc0_1_0 + 1),dph
      00010D 12r00r00         [24]  285 	lcall	___sint2fs
      000110 AA 82            [24]  286 	mov	r2,dpl
      000112 AB 83            [24]  287 	mov	r3,dph
      000114 AC F0            [24]  288 	mov	r4,b
      000116 FD               [12]  289 	mov	r5,a
                                    290 ;	tancotf.c:68: xnum=(int)x;
      000117 90r00r01         [24]  291 	mov	dptr,#_tancotf_x_65536_25
      00011A E0               [24]  292 	movx	a,@dptr
      00011B F5*02            [12]  293 	mov	_tancotf_sloc1_1_0,a
      00011D A3               [24]  294 	inc	dptr
      00011E E0               [24]  295 	movx	a,@dptr
      00011F F5*03            [12]  296 	mov	(_tancotf_sloc1_1_0 + 1),a
      000121 A3               [24]  297 	inc	dptr
      000122 E0               [24]  298 	movx	a,@dptr
      000123 F5*04            [12]  299 	mov	(_tancotf_sloc1_1_0 + 2),a
      000125 A3               [24]  300 	inc	dptr
      000126 E0               [24]  301 	movx	a,@dptr
      000127 F5*05            [12]  302 	mov	(_tancotf_sloc1_1_0 + 3),a
      000129 85*02 82         [24]  303 	mov	dpl,_tancotf_sloc1_1_0
      00012C 85*03 83         [24]  304 	mov	dph,(_tancotf_sloc1_1_0 + 1)
      00012F 85*04 F0         [24]  305 	mov	b,(_tancotf_sloc1_1_0 + 2)
      000132 C0 05            [24]  306 	push	ar5
      000134 C0 04            [24]  307 	push	ar4
      000136 C0 03            [24]  308 	push	ar3
      000138 C0 02            [24]  309 	push	ar2
      00013A 12r00r00         [24]  310 	lcall	___fs2sint
      00013D 12r00r00         [24]  311 	lcall	___sint2fs
      000140 85 82*06         [24]  312 	mov	_tancotf_sloc2_1_0,dpl
      000143 85 83*07         [24]  313 	mov	(_tancotf_sloc2_1_0 + 1),dph
      000146 85 F0*08         [24]  314 	mov	(_tancotf_sloc2_1_0 + 2),b
      000149 F5*09            [12]  315 	mov	(_tancotf_sloc2_1_0 + 3),a
                                    316 ;	tancotf.c:69: xden=x-xnum;
      00014B C0*06            [24]  317 	push	_tancotf_sloc2_1_0
      00014D C0*07            [24]  318 	push	(_tancotf_sloc2_1_0 + 1)
      00014F C0*08            [24]  319 	push	(_tancotf_sloc2_1_0 + 2)
      000151 C0*09            [24]  320 	push	(_tancotf_sloc2_1_0 + 3)
                                    321 ;	tancotf.c:70: f=((xnum-xn*C1)+xden)-xn*C2;
      000153 85*02 82         [24]  322 	mov	dpl,_tancotf_sloc1_1_0
      000156 85*03 83         [24]  323 	mov	dph,(_tancotf_sloc1_1_0 + 1)
      000159 85*04 F0         [24]  324 	mov	b,(_tancotf_sloc1_1_0 + 2)
      00015C E5*05            [12]  325 	mov	a,(_tancotf_sloc1_1_0 + 3)
      00015E 12r00r00         [24]  326 	lcall	___fssub
      000161 85 82*02         [24]  327 	mov	_tancotf_sloc1_1_0,dpl
      000164 85 83*03         [24]  328 	mov	(_tancotf_sloc1_1_0 + 1),dph
      000167 85 F0*04         [24]  329 	mov	(_tancotf_sloc1_1_0 + 2),b
      00016A F5*05            [12]  330 	mov	(_tancotf_sloc1_1_0 + 3),a
      00016C E5 81            [12]  331 	mov	a,sp
      00016E 24 FC            [12]  332 	add	a,#0xfc
      000170 F5 81            [12]  333 	mov	sp,a
      000172 D0 02            [24]  334 	pop	ar2
      000174 D0 03            [24]  335 	pop	ar3
      000176 D0 04            [24]  336 	pop	ar4
      000178 D0 05            [24]  337 	pop	ar5
      00017A C0 05            [24]  338 	push	ar5
      00017C C0 04            [24]  339 	push	ar4
      00017E C0 03            [24]  340 	push	ar3
      000180 C0 02            [24]  341 	push	ar2
      000182 C0 02            [24]  342 	push	ar2
      000184 C0 03            [24]  343 	push	ar3
      000186 C0 04            [24]  344 	push	ar4
      000188 C0 05            [24]  345 	push	ar5
      00018A 90 00 00         [24]  346 	mov	dptr,#0x0000
      00018D 75 F0 C9         [24]  347 	mov	b,#0xc9
      000190 74 3F            [12]  348 	mov	a,#0x3f
      000192 12r00r00         [24]  349 	lcall	___fsmul
      000195 A8 82            [24]  350 	mov	r0,dpl
      000197 A9 83            [24]  351 	mov	r1,dph
      000199 AE F0            [24]  352 	mov	r6,b
      00019B FF               [12]  353 	mov	r7,a
      00019C E5 81            [12]  354 	mov	a,sp
      00019E 24 FC            [12]  355 	add	a,#0xfc
      0001A0 F5 81            [12]  356 	mov	sp,a
      0001A2 C0 00            [24]  357 	push	ar0
      0001A4 C0 01            [24]  358 	push	ar1
      0001A6 C0 06            [24]  359 	push	ar6
      0001A8 C0 07            [24]  360 	push	ar7
      0001AA 85*06 82         [24]  361 	mov	dpl,_tancotf_sloc2_1_0
      0001AD 85*07 83         [24]  362 	mov	dph,(_tancotf_sloc2_1_0 + 1)
      0001B0 85*08 F0         [24]  363 	mov	b,(_tancotf_sloc2_1_0 + 2)
      0001B3 E5*09            [12]  364 	mov	a,(_tancotf_sloc2_1_0 + 3)
      0001B5 12r00r00         [24]  365 	lcall	___fssub
      0001B8 A8 82            [24]  366 	mov	r0,dpl
      0001BA A9 83            [24]  367 	mov	r1,dph
      0001BC AE F0            [24]  368 	mov	r6,b
      0001BE FF               [12]  369 	mov	r7,a
      0001BF E5 81            [12]  370 	mov	a,sp
      0001C1 24 FC            [12]  371 	add	a,#0xfc
      0001C3 F5 81            [12]  372 	mov	sp,a
      0001C5 C0*02            [24]  373 	push	_tancotf_sloc1_1_0
      0001C7 C0*03            [24]  374 	push	(_tancotf_sloc1_1_0 + 1)
      0001C9 C0*04            [24]  375 	push	(_tancotf_sloc1_1_0 + 2)
      0001CB C0*05            [24]  376 	push	(_tancotf_sloc1_1_0 + 3)
      0001CD 88 82            [24]  377 	mov	dpl,r0
      0001CF 89 83            [24]  378 	mov	dph,r1
      0001D1 8E F0            [24]  379 	mov	b,r6
      0001D3 EF               [12]  380 	mov	a,r7
      0001D4 12r00r00         [24]  381 	lcall	___fsadd
      0001D7 A8 82            [24]  382 	mov	r0,dpl
      0001D9 A9 83            [24]  383 	mov	r1,dph
      0001DB AE F0            [24]  384 	mov	r6,b
      0001DD FF               [12]  385 	mov	r7,a
      0001DE E5 81            [12]  386 	mov	a,sp
      0001E0 24 FC            [12]  387 	add	a,#0xfc
      0001E2 F5 81            [12]  388 	mov	sp,a
      0001E4 D0 02            [24]  389 	pop	ar2
      0001E6 D0 03            [24]  390 	pop	ar3
      0001E8 D0 04            [24]  391 	pop	ar4
      0001EA D0 05            [24]  392 	pop	ar5
      0001EC C0 07            [24]  393 	push	ar7
      0001EE C0 06            [24]  394 	push	ar6
      0001F0 C0 01            [24]  395 	push	ar1
      0001F2 C0 00            [24]  396 	push	ar0
      0001F4 C0 02            [24]  397 	push	ar2
      0001F6 C0 03            [24]  398 	push	ar3
      0001F8 C0 04            [24]  399 	push	ar4
      0001FA C0 05            [24]  400 	push	ar5
      0001FC 90 AA 22         [24]  401 	mov	dptr,#0xaa22
      0001FF 75 F0 FD         [24]  402 	mov	b,#0xfd
      000202 74 39            [12]  403 	mov	a,#0x39
      000204 12r00r00         [24]  404 	lcall	___fsmul
      000207 AA 82            [24]  405 	mov	r2,dpl
      000209 AB 83            [24]  406 	mov	r3,dph
      00020B AC F0            [24]  407 	mov	r4,b
      00020D FD               [12]  408 	mov	r5,a
      00020E E5 81            [12]  409 	mov	a,sp
      000210 24 FC            [12]  410 	add	a,#0xfc
      000212 F5 81            [12]  411 	mov	sp,a
      000214 D0 00            [24]  412 	pop	ar0
      000216 D0 01            [24]  413 	pop	ar1
      000218 D0 06            [24]  414 	pop	ar6
      00021A D0 07            [24]  415 	pop	ar7
      00021C C0 02            [24]  416 	push	ar2
      00021E C0 03            [24]  417 	push	ar3
      000220 C0 04            [24]  418 	push	ar4
      000222 C0 05            [24]  419 	push	ar5
                                    420 ;	tancotf.c:72: if (fabsf(f) < EPS)
      000224 88 82            [24]  421 	mov	dpl,r0
      000226 89 83            [24]  422 	mov	dph,r1
      000228 8E F0            [24]  423 	mov	b,r6
      00022A EF               [12]  424 	mov	a,r7
      00022B 12r00r00         [24]  425 	lcall	___fssub
      00022E AC 82            [24]  426 	mov	r4,dpl
      000230 AD 83            [24]  427 	mov	r5,dph
      000232 AE F0            [24]  428 	mov	r6,b
      000234 FF               [12]  429 	mov	r7,a
      000235 E5 81            [12]  430 	mov	a,sp
      000237 24 FC            [12]  431 	add	a,#0xfc
      000239 F5 81            [12]  432 	mov	sp,a
      00023B 8C 82            [24]  433 	mov	dpl,r4
      00023D 8D 83            [24]  434 	mov	dph,r5
      00023F 8E F0            [24]  435 	mov	b,r6
      000241 EF               [12]  436 	mov	a,r7
      000242 C0 07            [24]  437 	push	ar7
      000244 C0 06            [24]  438 	push	ar6
      000246 C0 05            [24]  439 	push	ar5
      000248 C0 04            [24]  440 	push	ar4
      00024A 12r00r00         [24]  441 	lcall	_fabsf
      00024D A8 82            [24]  442 	mov	r0,dpl
      00024F A9 83            [24]  443 	mov	r1,dph
      000251 AA F0            [24]  444 	mov	r2,b
      000253 FB               [12]  445 	mov	r3,a
      000254 E4               [12]  446 	clr	a
      000255 C0 E0            [24]  447 	push	acc
      000257 C0 E0            [24]  448 	push	acc
      000259 74 80            [12]  449 	mov	a,#0x80
      00025B C0 E0            [24]  450 	push	acc
      00025D 74 39            [12]  451 	mov	a,#0x39
      00025F C0 E0            [24]  452 	push	acc
      000261 88 82            [24]  453 	mov	dpl,r0
      000263 89 83            [24]  454 	mov	dph,r1
      000265 8A F0            [24]  455 	mov	b,r2
      000267 EB               [12]  456 	mov	a,r3
      000268 12r00r00         [24]  457 	lcall	___fslt
      00026B AB 82            [24]  458 	mov	r3,dpl
      00026D E5 81            [12]  459 	mov	a,sp
      00026F 24 FC            [12]  460 	add	a,#0xfc
      000271 F5 81            [12]  461 	mov	sp,a
      000273 D0 04            [24]  462 	pop	ar4
      000275 D0 05            [24]  463 	pop	ar5
      000277 D0 06            [24]  464 	pop	ar6
      000279 D0 07            [24]  465 	pop	ar7
      00027B EB               [12]  466 	mov	a,r3
      00027C 60 20            [24]  467 	jz	00104$
                                    468 ;	tancotf.c:74: xnum = f;
      00027E 90r00r05         [24]  469 	mov	dptr,#_tancotf_xnum_65536_26
      000281 EC               [12]  470 	mov	a,r4
      000282 F0               [24]  471 	movx	@dptr,a
      000283 ED               [12]  472 	mov	a,r5
      000284 A3               [24]  473 	inc	dptr
      000285 F0               [24]  474 	movx	@dptr,a
      000286 EE               [12]  475 	mov	a,r6
      000287 A3               [24]  476 	inc	dptr
      000288 F0               [24]  477 	movx	@dptr,a
      000289 EF               [12]  478 	mov	a,r7
      00028A A3               [24]  479 	inc	dptr
      00028B F0               [24]  480 	movx	@dptr,a
                                    481 ;	tancotf.c:75: xden = 1.0;
      00028C 90r00r09         [24]  482 	mov	dptr,#_tancotf_xden_65536_26
      00028F E4               [12]  483 	clr	a
      000290 F0               [24]  484 	movx	@dptr,a
      000291 A3               [24]  485 	inc	dptr
      000292 F0               [24]  486 	movx	@dptr,a
      000293 74 80            [12]  487 	mov	a,#0x80
      000295 A3               [24]  488 	inc	dptr
      000296 F0               [24]  489 	movx	@dptr,a
      000297 74 3F            [12]  490 	mov	a,#0x3f
      000299 A3               [24]  491 	inc	dptr
      00029A F0               [24]  492 	movx	@dptr,a
      00029B 02r03rE4         [24]  493 	ljmp	00105$
      00029E                        494 00104$:
                                    495 ;	tancotf.c:79: g = f*f;
      00029E C0 07            [24]  496 	push	ar7
      0002A0 C0 06            [24]  497 	push	ar6
      0002A2 C0 05            [24]  498 	push	ar5
      0002A4 C0 04            [24]  499 	push	ar4
      0002A6 C0 04            [24]  500 	push	ar4
      0002A8 C0 05            [24]  501 	push	ar5
      0002AA C0 06            [24]  502 	push	ar6
      0002AC C0 07            [24]  503 	push	ar7
                                    504 ;	tancotf.c:80: xnum = P(f,g);
      0002AE 8C 82            [24]  505 	mov	dpl,r4
      0002B0 8D 83            [24]  506 	mov	dph,r5
      0002B2 8E F0            [24]  507 	mov	b,r6
      0002B4 EF               [12]  508 	mov	a,r7
      0002B5 12r00r00         [24]  509 	lcall	___fsmul
      0002B8 85 82*06         [24]  510 	mov	_tancotf_sloc2_1_0,dpl
      0002BB 85 83*07         [24]  511 	mov	(_tancotf_sloc2_1_0 + 1),dph
      0002BE 85 F0*08         [24]  512 	mov	(_tancotf_sloc2_1_0 + 2),b
      0002C1 F5*09            [12]  513 	mov	(_tancotf_sloc2_1_0 + 3),a
      0002C3 E5 81            [12]  514 	mov	a,sp
      0002C5 24 FC            [12]  515 	add	a,#0xfc
      0002C7 F5 81            [12]  516 	mov	sp,a
      0002C9 C0*06            [24]  517 	push	_tancotf_sloc2_1_0
      0002CB C0*07            [24]  518 	push	(_tancotf_sloc2_1_0 + 1)
      0002CD C0*08            [24]  519 	push	(_tancotf_sloc2_1_0 + 2)
      0002CF C0*09            [24]  520 	push	(_tancotf_sloc2_1_0 + 3)
      0002D1 90 33 B8         [24]  521 	mov	dptr,#0x33b8
      0002D4 75 F0 C4         [24]  522 	mov	b,#0xc4
      0002D7 74 BD            [12]  523 	mov	a,#0xbd
      0002D9 12r00r00         [24]  524 	lcall	___fsmul
      0002DC A8 82            [24]  525 	mov	r0,dpl
      0002DE A9 83            [24]  526 	mov	r1,dph
      0002E0 AA F0            [24]  527 	mov	r2,b
      0002E2 FB               [12]  528 	mov	r3,a
      0002E3 E5 81            [12]  529 	mov	a,sp
      0002E5 24 FC            [12]  530 	add	a,#0xfc
      0002E7 F5 81            [12]  531 	mov	sp,a
      0002E9 D0 04            [24]  532 	pop	ar4
      0002EB D0 05            [24]  533 	pop	ar5
      0002ED D0 06            [24]  534 	pop	ar6
      0002EF D0 07            [24]  535 	pop	ar7
      0002F1 C0 07            [24]  536 	push	ar7
      0002F3 C0 06            [24]  537 	push	ar6
      0002F5 C0 05            [24]  538 	push	ar5
      0002F7 C0 04            [24]  539 	push	ar4
      0002F9 C0 04            [24]  540 	push	ar4
      0002FB C0 05            [24]  541 	push	ar5
      0002FD C0 06            [24]  542 	push	ar6
      0002FF C0 07            [24]  543 	push	ar7
      000301 88 82            [24]  544 	mov	dpl,r0
      000303 89 83            [24]  545 	mov	dph,r1
      000305 8A F0            [24]  546 	mov	b,r2
      000307 EB               [12]  547 	mov	a,r3
      000308 12r00r00         [24]  548 	lcall	___fsmul
      00030B A8 82            [24]  549 	mov	r0,dpl
      00030D A9 83            [24]  550 	mov	r1,dph
      00030F AA F0            [24]  551 	mov	r2,b
      000311 FB               [12]  552 	mov	r3,a
      000312 E5 81            [12]  553 	mov	a,sp
      000314 24 FC            [12]  554 	add	a,#0xfc
      000316 F5 81            [12]  555 	mov	sp,a
      000318 D0 04            [24]  556 	pop	ar4
      00031A D0 05            [24]  557 	pop	ar5
      00031C D0 06            [24]  558 	pop	ar6
      00031E D0 07            [24]  559 	pop	ar7
      000320 C0 04            [24]  560 	push	ar4
      000322 C0 05            [24]  561 	push	ar5
      000324 C0 06            [24]  562 	push	ar6
      000326 C0 07            [24]  563 	push	ar7
      000328 88 82            [24]  564 	mov	dpl,r0
      00032A 89 83            [24]  565 	mov	dph,r1
      00032C 8A F0            [24]  566 	mov	b,r2
      00032E EB               [12]  567 	mov	a,r3
      00032F 12r00r00         [24]  568 	lcall	___fsadd
      000332 AC 82            [24]  569 	mov	r4,dpl
      000334 AD 83            [24]  570 	mov	r5,dph
      000336 AE F0            [24]  571 	mov	r6,b
      000338 FF               [12]  572 	mov	r7,a
      000339 E5 81            [12]  573 	mov	a,sp
      00033B 24 FC            [12]  574 	add	a,#0xfc
      00033D F5 81            [12]  575 	mov	sp,a
      00033F 90r00r05         [24]  576 	mov	dptr,#_tancotf_xnum_65536_26
      000342 EC               [12]  577 	mov	a,r4
      000343 F0               [24]  578 	movx	@dptr,a
      000344 ED               [12]  579 	mov	a,r5
      000345 A3               [24]  580 	inc	dptr
      000346 F0               [24]  581 	movx	@dptr,a
      000347 EE               [12]  582 	mov	a,r6
      000348 A3               [24]  583 	inc	dptr
      000349 F0               [24]  584 	movx	@dptr,a
      00034A EF               [12]  585 	mov	a,r7
      00034B A3               [24]  586 	inc	dptr
      00034C F0               [24]  587 	movx	@dptr,a
                                    588 ;	tancotf.c:81: xden = Q(g);
      00034D C0*06            [24]  589 	push	_tancotf_sloc2_1_0
      00034F C0*07            [24]  590 	push	(_tancotf_sloc2_1_0 + 1)
      000351 C0*08            [24]  591 	push	(_tancotf_sloc2_1_0 + 2)
      000353 C0*09            [24]  592 	push	(_tancotf_sloc2_1_0 + 3)
      000355 90 33 75         [24]  593 	mov	dptr,#0x3375
      000358 75 F0 1F         [24]  594 	mov	b,#0x1f
      00035B 74 3C            [12]  595 	mov	a,#0x3c
      00035D 12r00r00         [24]  596 	lcall	___fsmul
      000360 AC 82            [24]  597 	mov	r4,dpl
      000362 AD 83            [24]  598 	mov	r5,dph
      000364 AE F0            [24]  599 	mov	r6,b
      000366 FF               [12]  600 	mov	r7,a
      000367 E5 81            [12]  601 	mov	a,sp
      000369 24 FC            [12]  602 	add	a,#0xfc
      00036B F5 81            [12]  603 	mov	sp,a
      00036D 74 AF            [12]  604 	mov	a,#0xaf
      00036F C0 E0            [24]  605 	push	acc
      000371 74 B7            [12]  606 	mov	a,#0xb7
      000373 C0 E0            [24]  607 	push	acc
      000375 03               [12]  608 	rr	a
      000376 C0 E0            [24]  609 	push	acc
      000378 74 BE            [12]  610 	mov	a,#0xbe
      00037A C0 E0            [24]  611 	push	acc
      00037C 8C 82            [24]  612 	mov	dpl,r4
      00037E 8D 83            [24]  613 	mov	dph,r5
      000380 8E F0            [24]  614 	mov	b,r6
      000382 EF               [12]  615 	mov	a,r7
      000383 12r00r00         [24]  616 	lcall	___fsadd
      000386 AC 82            [24]  617 	mov	r4,dpl
      000388 AD 83            [24]  618 	mov	r5,dph
      00038A AE F0            [24]  619 	mov	r6,b
      00038C FF               [12]  620 	mov	r7,a
      00038D E5 81            [12]  621 	mov	a,sp
      00038F 24 FC            [12]  622 	add	a,#0xfc
      000391 F5 81            [12]  623 	mov	sp,a
      000393 C0*06            [24]  624 	push	_tancotf_sloc2_1_0
      000395 C0*07            [24]  625 	push	(_tancotf_sloc2_1_0 + 1)
      000397 C0*08            [24]  626 	push	(_tancotf_sloc2_1_0 + 2)
      000399 C0*09            [24]  627 	push	(_tancotf_sloc2_1_0 + 3)
      00039B 8C 82            [24]  628 	mov	dpl,r4
      00039D 8D 83            [24]  629 	mov	dph,r5
      00039F 8E F0            [24]  630 	mov	b,r6
      0003A1 EF               [12]  631 	mov	a,r7
      0003A2 12r00r00         [24]  632 	lcall	___fsmul
      0003A5 AC 82            [24]  633 	mov	r4,dpl
      0003A7 AD 83            [24]  634 	mov	r5,dph
      0003A9 AE F0            [24]  635 	mov	r6,b
      0003AB FF               [12]  636 	mov	r7,a
      0003AC E5 81            [12]  637 	mov	a,sp
      0003AE 24 FC            [12]  638 	add	a,#0xfc
      0003B0 F5 81            [12]  639 	mov	sp,a
      0003B2 E4               [12]  640 	clr	a
      0003B3 C0 E0            [24]  641 	push	acc
      0003B5 C0 E0            [24]  642 	push	acc
      0003B7 74 80            [12]  643 	mov	a,#0x80
      0003B9 C0 E0            [24]  644 	push	acc
      0003BB 74 3F            [12]  645 	mov	a,#0x3f
      0003BD C0 E0            [24]  646 	push	acc
      0003BF 8C 82            [24]  647 	mov	dpl,r4
      0003C1 8D 83            [24]  648 	mov	dph,r5
      0003C3 8E F0            [24]  649 	mov	b,r6
      0003C5 EF               [12]  650 	mov	a,r7
      0003C6 12r00r00         [24]  651 	lcall	___fsadd
      0003C9 AC 82            [24]  652 	mov	r4,dpl
      0003CB AD 83            [24]  653 	mov	r5,dph
      0003CD AE F0            [24]  654 	mov	r6,b
      0003CF FF               [12]  655 	mov	r7,a
      0003D0 E5 81            [12]  656 	mov	a,sp
      0003D2 24 FC            [12]  657 	add	a,#0xfc
      0003D4 F5 81            [12]  658 	mov	sp,a
      0003D6 90r00r09         [24]  659 	mov	dptr,#_tancotf_xden_65536_26
      0003D9 EC               [12]  660 	mov	a,r4
      0003DA F0               [24]  661 	movx	@dptr,a
      0003DB ED               [12]  662 	mov	a,r5
      0003DC A3               [24]  663 	inc	dptr
      0003DD F0               [24]  664 	movx	@dptr,a
      0003DE EE               [12]  665 	mov	a,r6
      0003DF A3               [24]  666 	inc	dptr
      0003E0 F0               [24]  667 	movx	@dptr,a
      0003E1 EF               [12]  668 	mov	a,r7
      0003E2 A3               [24]  669 	inc	dptr
      0003E3 F0               [24]  670 	movx	@dptr,a
      0003E4                        671 00105$:
                                    672 ;	tancotf.c:84: if(n&1)
      0003E4 E5*00            [12]  673 	mov	a,_tancotf_sloc0_1_0
      0003E6 20 E0 03         [24]  674 	jb	acc.0,00146$
      0003E9 02r04r74         [24]  675 	ljmp	00113$
      0003EC                        676 00146$:
                                    677 ;	tancotf.c:87: if(iscotan) return (-xnum/xden);
      0003EC 90r00r00         [24]  678 	mov	dptr,#_tancotf_PARM_2
      0003EF E0               [24]  679 	movx	a,@dptr
      0003F0 60 41            [24]  680 	jz	00107$
      0003F2 90r00r05         [24]  681 	mov	dptr,#_tancotf_xnum_65536_26
      0003F5 E0               [24]  682 	movx	a,@dptr
      0003F6 FC               [12]  683 	mov	r4,a
      0003F7 A3               [24]  684 	inc	dptr
      0003F8 E0               [24]  685 	movx	a,@dptr
      0003F9 FD               [12]  686 	mov	r5,a
      0003FA A3               [24]  687 	inc	dptr
      0003FB E0               [24]  688 	movx	a,@dptr
      0003FC FE               [12]  689 	mov	r6,a
      0003FD A3               [24]  690 	inc	dptr
      0003FE E0               [24]  691 	movx	a,@dptr
      0003FF B2 E7            [12]  692 	cpl	acc.7
      000401 FF               [12]  693 	mov	r7,a
      000402 90r00r09         [24]  694 	mov	dptr,#_tancotf_xden_65536_26
      000405 E0               [24]  695 	movx	a,@dptr
      000406 C0 E0            [24]  696 	push	acc
      000408 A3               [24]  697 	inc	dptr
      000409 E0               [24]  698 	movx	a,@dptr
      00040A C0 E0            [24]  699 	push	acc
      00040C A3               [24]  700 	inc	dptr
      00040D E0               [24]  701 	movx	a,@dptr
      00040E C0 E0            [24]  702 	push	acc
      000410 A3               [24]  703 	inc	dptr
      000411 E0               [24]  704 	movx	a,@dptr
      000412 C0 E0            [24]  705 	push	acc
      000414 8C 82            [24]  706 	mov	dpl,r4
      000416 8D 83            [24]  707 	mov	dph,r5
      000418 8E F0            [24]  708 	mov	b,r6
      00041A EF               [12]  709 	mov	a,r7
      00041B 12r00r00         [24]  710 	lcall	___fsdiv
      00041E AC 82            [24]  711 	mov	r4,dpl
      000420 AD 83            [24]  712 	mov	r5,dph
      000422 AE F0            [24]  713 	mov	r6,b
      000424 FF               [12]  714 	mov	r7,a
      000425 E5 81            [12]  715 	mov	a,sp
      000427 24 FC            [12]  716 	add	a,#0xfc
      000429 F5 81            [12]  717 	mov	sp,a
      00042B 8C 82            [24]  718 	mov	dpl,r4
      00042D 8D 83            [24]  719 	mov	dph,r5
      00042F 8E F0            [24]  720 	mov	b,r6
      000431 EF               [12]  721 	mov	a,r7
      000432 22               [24]  722 	ret
      000433                        723 00107$:
                                    724 ;	tancotf.c:88: else return (-xden/xnum);
      000433 90r00r09         [24]  725 	mov	dptr,#_tancotf_xden_65536_26
      000436 E0               [24]  726 	movx	a,@dptr
      000437 FC               [12]  727 	mov	r4,a
      000438 A3               [24]  728 	inc	dptr
      000439 E0               [24]  729 	movx	a,@dptr
      00043A FD               [12]  730 	mov	r5,a
      00043B A3               [24]  731 	inc	dptr
      00043C E0               [24]  732 	movx	a,@dptr
      00043D FE               [12]  733 	mov	r6,a
      00043E A3               [24]  734 	inc	dptr
      00043F E0               [24]  735 	movx	a,@dptr
      000440 B2 E7            [12]  736 	cpl	acc.7
      000442 FF               [12]  737 	mov	r7,a
      000443 90r00r05         [24]  738 	mov	dptr,#_tancotf_xnum_65536_26
      000446 E0               [24]  739 	movx	a,@dptr
      000447 C0 E0            [24]  740 	push	acc
      000449 A3               [24]  741 	inc	dptr
      00044A E0               [24]  742 	movx	a,@dptr
      00044B C0 E0            [24]  743 	push	acc
      00044D A3               [24]  744 	inc	dptr
      00044E E0               [24]  745 	movx	a,@dptr
      00044F C0 E0            [24]  746 	push	acc
      000451 A3               [24]  747 	inc	dptr
      000452 E0               [24]  748 	movx	a,@dptr
      000453 C0 E0            [24]  749 	push	acc
      000455 8C 82            [24]  750 	mov	dpl,r4
      000457 8D 83            [24]  751 	mov	dph,r5
      000459 8E F0            [24]  752 	mov	b,r6
      00045B EF               [12]  753 	mov	a,r7
      00045C 12r00r00         [24]  754 	lcall	___fsdiv
      00045F AC 82            [24]  755 	mov	r4,dpl
      000461 AD 83            [24]  756 	mov	r5,dph
      000463 AE F0            [24]  757 	mov	r6,b
      000465 FF               [12]  758 	mov	r7,a
      000466 E5 81            [12]  759 	mov	a,sp
      000468 24 FC            [12]  760 	add	a,#0xfc
      00046A F5 81            [12]  761 	mov	sp,a
      00046C 8C 82            [24]  762 	mov	dpl,r4
      00046E 8D 83            [24]  763 	mov	dph,r5
      000470 8E F0            [24]  764 	mov	b,r6
      000472 EF               [12]  765 	mov	a,r7
      000473 22               [24]  766 	ret
      000474                        767 00113$:
                                    768 ;	tancotf.c:92: if(iscotan) return (xden/xnum);
      000474 90r00r00         [24]  769 	mov	dptr,#_tancotf_PARM_2
      000477 E0               [24]  770 	movx	a,@dptr
      000478 60 3F            [24]  771 	jz	00110$
      00047A 90r00r09         [24]  772 	mov	dptr,#_tancotf_xden_65536_26
      00047D E0               [24]  773 	movx	a,@dptr
      00047E FC               [12]  774 	mov	r4,a
      00047F A3               [24]  775 	inc	dptr
      000480 E0               [24]  776 	movx	a,@dptr
      000481 FD               [12]  777 	mov	r5,a
      000482 A3               [24]  778 	inc	dptr
      000483 E0               [24]  779 	movx	a,@dptr
      000484 FE               [12]  780 	mov	r6,a
      000485 A3               [24]  781 	inc	dptr
      000486 E0               [24]  782 	movx	a,@dptr
      000487 FF               [12]  783 	mov	r7,a
      000488 90r00r05         [24]  784 	mov	dptr,#_tancotf_xnum_65536_26
      00048B E0               [24]  785 	movx	a,@dptr
      00048C C0 E0            [24]  786 	push	acc
      00048E A3               [24]  787 	inc	dptr
      00048F E0               [24]  788 	movx	a,@dptr
      000490 C0 E0            [24]  789 	push	acc
      000492 A3               [24]  790 	inc	dptr
      000493 E0               [24]  791 	movx	a,@dptr
      000494 C0 E0            [24]  792 	push	acc
      000496 A3               [24]  793 	inc	dptr
      000497 E0               [24]  794 	movx	a,@dptr
      000498 C0 E0            [24]  795 	push	acc
      00049A 8C 82            [24]  796 	mov	dpl,r4
      00049C 8D 83            [24]  797 	mov	dph,r5
      00049E 8E F0            [24]  798 	mov	b,r6
      0004A0 EF               [12]  799 	mov	a,r7
      0004A1 12r00r00         [24]  800 	lcall	___fsdiv
      0004A4 AC 82            [24]  801 	mov	r4,dpl
      0004A6 AD 83            [24]  802 	mov	r5,dph
      0004A8 AE F0            [24]  803 	mov	r6,b
      0004AA FF               [12]  804 	mov	r7,a
      0004AB E5 81            [12]  805 	mov	a,sp
      0004AD 24 FC            [12]  806 	add	a,#0xfc
      0004AF F5 81            [12]  807 	mov	sp,a
      0004B1 8C 82            [24]  808 	mov	dpl,r4
      0004B3 8D 83            [24]  809 	mov	dph,r5
      0004B5 8E F0            [24]  810 	mov	b,r6
      0004B7 EF               [12]  811 	mov	a,r7
      0004B8 22               [24]  812 	ret
      0004B9                        813 00110$:
                                    814 ;	tancotf.c:93: else return (xnum/xden);
      0004B9 90r00r05         [24]  815 	mov	dptr,#_tancotf_xnum_65536_26
      0004BC E0               [24]  816 	movx	a,@dptr
      0004BD FC               [12]  817 	mov	r4,a
      0004BE A3               [24]  818 	inc	dptr
      0004BF E0               [24]  819 	movx	a,@dptr
      0004C0 FD               [12]  820 	mov	r5,a
      0004C1 A3               [24]  821 	inc	dptr
      0004C2 E0               [24]  822 	movx	a,@dptr
      0004C3 FE               [12]  823 	mov	r6,a
      0004C4 A3               [24]  824 	inc	dptr
      0004C5 E0               [24]  825 	movx	a,@dptr
      0004C6 FF               [12]  826 	mov	r7,a
      0004C7 90r00r09         [24]  827 	mov	dptr,#_tancotf_xden_65536_26
      0004CA E0               [24]  828 	movx	a,@dptr
      0004CB C0 E0            [24]  829 	push	acc
      0004CD A3               [24]  830 	inc	dptr
      0004CE E0               [24]  831 	movx	a,@dptr
      0004CF C0 E0            [24]  832 	push	acc
      0004D1 A3               [24]  833 	inc	dptr
      0004D2 E0               [24]  834 	movx	a,@dptr
      0004D3 C0 E0            [24]  835 	push	acc
      0004D5 A3               [24]  836 	inc	dptr
      0004D6 E0               [24]  837 	movx	a,@dptr
      0004D7 C0 E0            [24]  838 	push	acc
      0004D9 8C 82            [24]  839 	mov	dpl,r4
      0004DB 8D 83            [24]  840 	mov	dph,r5
      0004DD 8E F0            [24]  841 	mov	b,r6
      0004DF EF               [12]  842 	mov	a,r7
      0004E0 12r00r00         [24]  843 	lcall	___fsdiv
      0004E3 AC 82            [24]  844 	mov	r4,dpl
      0004E5 AD 83            [24]  845 	mov	r5,dph
      0004E7 AE F0            [24]  846 	mov	r6,b
      0004E9 FF               [12]  847 	mov	r7,a
      0004EA E5 81            [12]  848 	mov	a,sp
      0004EC 24 FC            [12]  849 	add	a,#0xfc
      0004EE F5 81            [12]  850 	mov	sp,a
      0004F0 8C 82            [24]  851 	mov	dpl,r4
      0004F2 8D 83            [24]  852 	mov	dph,r5
      0004F4 8E F0            [24]  853 	mov	b,r6
      0004F6 EF               [12]  854 	mov	a,r7
                                    855 ;	tancotf.c:95: }
      0004F7 22               [24]  856 	ret
                                    857 	.area CSEG    (CODE)
                                    858 	.area CONST   (CODE)
                                    859 	.area XINIT   (CODE)
                                    860 	.area CABS    (ABS,CODE)
