                                      1 ;--------------------------------------------------------
                                      2 ; File Created by SDCC : free open source ISO C Compiler 
                                      3 ; Version 4.2.14 #0 (Linux)
                                      4 ;--------------------------------------------------------
                                      5 	.module wctob
                                      6 	.optsdcc -mmcs51 --model-large
                                      7 	
                                      8 ;--------------------------------------------------------
                                      9 ; Public variables in this module
                                     10 ;--------------------------------------------------------
                                     11 	.globl _wctob
                                     12 ;--------------------------------------------------------
                                     13 ; special function registers
                                     14 ;--------------------------------------------------------
                                     15 	.area RSEG    (ABS,DATA)
      000000                         16 	.org 0x0000
                                     17 ;--------------------------------------------------------
                                     18 ; special function bits
                                     19 ;--------------------------------------------------------
                                     20 	.area RSEG    (ABS,DATA)
      000000                         21 	.org 0x0000
                                     22 ;--------------------------------------------------------
                                     23 ; overlayable register banks
                                     24 ;--------------------------------------------------------
                                     25 	.area REG_BANK_0	(REL,OVR,DATA)
      000000                         26 	.ds 8
                                     27 ;--------------------------------------------------------
                                     28 ; internal ram data
                                     29 ;--------------------------------------------------------
                                     30 	.area DSEG    (DATA)
                                     31 ;--------------------------------------------------------
                                     32 ; overlayable items in internal ram
                                     33 ;--------------------------------------------------------
                                     34 ;--------------------------------------------------------
                                     35 ; indirectly addressable internal ram data
                                     36 ;--------------------------------------------------------
                                     37 	.area ISEG    (DATA)
                                     38 ;--------------------------------------------------------
                                     39 ; absolute internal ram data
                                     40 ;--------------------------------------------------------
                                     41 	.area IABS    (ABS,DATA)
                                     42 	.area IABS    (ABS,DATA)
                                     43 ;--------------------------------------------------------
                                     44 ; bit data
                                     45 ;--------------------------------------------------------
                                     46 	.area BSEG    (BIT)
                                     47 ;--------------------------------------------------------
                                     48 ; paged external ram data
                                     49 ;--------------------------------------------------------
                                     50 	.area PSEG    (PAG,XDATA)
                                     51 ;--------------------------------------------------------
                                     52 ; uninitialized external ram data
                                     53 ;--------------------------------------------------------
                                     54 	.area XSEG    (XDATA)
      000000                         55 _wctob_c_65536_22:
      000000                         56 	.ds 4
                                     57 ;--------------------------------------------------------
                                     58 ; absolute external ram data
                                     59 ;--------------------------------------------------------
                                     60 	.area XABS    (ABS,XDATA)
                                     61 ;--------------------------------------------------------
                                     62 ; initialized external ram data
                                     63 ;--------------------------------------------------------
                                     64 	.area XISEG   (XDATA)
                                     65 	.area HOME    (CODE)
                                     66 	.area GSINIT0 (CODE)
                                     67 	.area GSINIT1 (CODE)
                                     68 	.area GSINIT2 (CODE)
                                     69 	.area GSINIT3 (CODE)
                                     70 	.area GSINIT4 (CODE)
                                     71 	.area GSINIT5 (CODE)
                                     72 	.area GSINIT  (CODE)
                                     73 	.area GSFINAL (CODE)
                                     74 	.area CSEG    (CODE)
                                     75 ;--------------------------------------------------------
                                     76 ; global & static initialisations
                                     77 ;--------------------------------------------------------
                                     78 	.area HOME    (CODE)
                                     79 	.area GSINIT  (CODE)
                                     80 	.area GSFINAL (CODE)
                                     81 	.area GSINIT  (CODE)
                                     82 ;--------------------------------------------------------
                                     83 ; Home
                                     84 ;--------------------------------------------------------
                                     85 	.area HOME    (CODE)
                                     86 	.area HOME    (CODE)
                                     87 ;--------------------------------------------------------
                                     88 ; code
                                     89 ;--------------------------------------------------------
                                     90 	.area CSEG    (CODE)
                                     91 ;------------------------------------------------------------
                                     92 ;Allocation info for local variables in function 'wctob'
                                     93 ;------------------------------------------------------------
                                     94 ;c                         Allocated with name '_wctob_c_65536_22'
                                     95 ;------------------------------------------------------------
                                     96 ;	wctob.c:35: int wctob(wint_t c)
                                     97 ;	-----------------------------------------
                                     98 ;	 function wctob
                                     99 ;	-----------------------------------------
      000000                        100 _wctob:
                           000007   101 	ar7 = 0x07
                           000006   102 	ar6 = 0x06
                           000005   103 	ar5 = 0x05
                           000004   104 	ar4 = 0x04
                           000003   105 	ar3 = 0x03
                           000002   106 	ar2 = 0x02
                           000001   107 	ar1 = 0x01
                           000000   108 	ar0 = 0x00
      000000 AF 82            [24]  109 	mov	r7,dpl
      000002 AE 83            [24]  110 	mov	r6,dph
      000004 AD F0            [24]  111 	mov	r5,b
      000006 FC               [12]  112 	mov	r4,a
      000007 90r00r00         [24]  113 	mov	dptr,#_wctob_c_65536_22
      00000A EF               [12]  114 	mov	a,r7
      00000B F0               [24]  115 	movx	@dptr,a
      00000C EE               [12]  116 	mov	a,r6
      00000D A3               [24]  117 	inc	dptr
      00000E F0               [24]  118 	movx	@dptr,a
      00000F ED               [12]  119 	mov	a,r5
      000010 A3               [24]  120 	inc	dptr
      000011 F0               [24]  121 	movx	@dptr,a
      000012 EC               [12]  122 	mov	a,r4
      000013 A3               [24]  123 	inc	dptr
      000014 F0               [24]  124 	movx	@dptr,a
                                    125 ;	wctob.c:37: if(c & 0xffffff80)
      000015 90r00r00         [24]  126 	mov	dptr,#_wctob_c_65536_22
      000018 E0               [24]  127 	movx	a,@dptr
      000019 FC               [12]  128 	mov	r4,a
      00001A A3               [24]  129 	inc	dptr
      00001B E0               [24]  130 	movx	a,@dptr
      00001C FD               [12]  131 	mov	r5,a
      00001D A3               [24]  132 	inc	dptr
      00001E E0               [24]  133 	movx	a,@dptr
      00001F FE               [12]  134 	mov	r6,a
      000020 A3               [24]  135 	inc	dptr
      000021 E0               [24]  136 	movx	a,@dptr
      000022 FF               [12]  137 	mov	r7,a
      000023 EC               [12]  138 	mov	a,r4
      000024 20 E7 09         [24]  139 	jb	acc.7,00109$
      000027 ED               [12]  140 	mov	a,r5
      000028 70 06            [24]  141 	jnz	00109$
      00002A EE               [12]  142 	mov	a,r6
      00002B 70 03            [24]  143 	jnz	00109$
      00002D EF               [12]  144 	mov	a,r7
      00002E 60 04            [24]  145 	jz	00102$
      000030                        146 00109$:
                                    147 ;	wctob.c:38: return WEOF;
      000030 90 FF FF         [24]  148 	mov	dptr,#0xffff
      000033 22               [24]  149 	ret
      000034                        150 00102$:
                                    151 ;	wctob.c:39: return c;
      000034 8C 82            [24]  152 	mov	dpl,r4
      000036 8D 83            [24]  153 	mov	dph,r5
                                    154 ;	wctob.c:40: }
      000038 22               [24]  155 	ret
                                    156 	.area CSEG    (CODE)
                                    157 	.area CONST   (CODE)
                                    158 	.area XINIT   (CODE)
                                    159 	.area CABS    (ABS,CODE)
