                                      1 ;--------------------------------------------------------
                                      2 ; File Created by SDCC : free open source ISO C Compiler 
                                      3 ; Version 4.2.14 #0 (Linux)
                                      4 ;--------------------------------------------------------
                                      5 	.module _modsint
                                      6 	.optsdcc -mmcs51 --model-small
                                      7 	
                                      8 ;--------------------------------------------------------
                                      9 ; Public variables in this module
                                     10 ;--------------------------------------------------------
                                     11 ;--------------------------------------------------------
                                     12 ; special function registers
                                     13 ;--------------------------------------------------------
                                     14 	.area RSEG    (ABS,DATA)
      000000                         15 	.org 0x0000
                                     16 ;--------------------------------------------------------
                                     17 ; special function bits
                                     18 ;--------------------------------------------------------
                                     19 	.area RSEG    (ABS,DATA)
      000000                         20 	.org 0x0000
                                     21 ;--------------------------------------------------------
                                     22 ; overlayable register banks
                                     23 ;--------------------------------------------------------
                                     24 	.area REG_BANK_0	(REL,OVR,DATA)
      000000                         25 	.ds 8
                                     26 ;--------------------------------------------------------
                                     27 ; internal ram data
                                     28 ;--------------------------------------------------------
                                     29 	.area DSEG    (DATA)
                                     30 ;--------------------------------------------------------
                                     31 ; overlayable items in internal ram
                                     32 ;--------------------------------------------------------
                                     33 ;--------------------------------------------------------
                                     34 ; indirectly addressable internal ram data
                                     35 ;--------------------------------------------------------
                                     36 	.area ISEG    (DATA)
                                     37 ;--------------------------------------------------------
                                     38 ; absolute internal ram data
                                     39 ;--------------------------------------------------------
                                     40 	.area IABS    (ABS,DATA)
                                     41 	.area IABS    (ABS,DATA)
                                     42 ;--------------------------------------------------------
                                     43 ; bit data
                                     44 ;--------------------------------------------------------
                                     45 	.area BSEG    (BIT)
                                     46 ;--------------------------------------------------------
                                     47 ; paged external ram data
                                     48 ;--------------------------------------------------------
                                     49 	.area PSEG    (PAG,XDATA)
                                     50 ;--------------------------------------------------------
                                     51 ; uninitialized external ram data
                                     52 ;--------------------------------------------------------
                                     53 	.area XSEG    (XDATA)
                                     54 ;--------------------------------------------------------
                                     55 ; absolute external ram data
                                     56 ;--------------------------------------------------------
                                     57 	.area XABS    (ABS,XDATA)
                                     58 ;--------------------------------------------------------
                                     59 ; initialized external ram data
                                     60 ;--------------------------------------------------------
                                     61 	.area XISEG   (XDATA)
                                     62 	.area HOME    (CODE)
                                     63 	.area GSINIT0 (CODE)
                                     64 	.area GSINIT1 (CODE)
                                     65 	.area GSINIT2 (CODE)
                                     66 	.area GSINIT3 (CODE)
                                     67 	.area GSINIT4 (CODE)
                                     68 	.area GSINIT5 (CODE)
                                     69 	.area GSINIT  (CODE)
                                     70 	.area GSFINAL (CODE)
                                     71 	.area CSEG    (CODE)
                                     72 ;--------------------------------------------------------
                                     73 ; global & static initialisations
                                     74 ;--------------------------------------------------------
                                     75 	.area HOME    (CODE)
                                     76 	.area GSINIT  (CODE)
                                     77 	.area GSFINAL (CODE)
                                     78 	.area GSINIT  (CODE)
                                     79 ;--------------------------------------------------------
                                     80 ; Home
                                     81 ;--------------------------------------------------------
                                     82 	.area HOME    (CODE)
                                     83 	.area HOME    (CODE)
                                     84 ;--------------------------------------------------------
                                     85 ; code
                                     86 ;--------------------------------------------------------
                                     87 	.area CSEG    (CODE)
                                     88 ;------------------------------------------------------------
                                     89 ;Allocation info for local variables in function '_modsint_dummy'
                                     90 ;------------------------------------------------------------
                                     91 ;	_modsint.c:134: _modsint_dummy (void) __naked
                                     92 ;	-----------------------------------------
                                     93 ;	 function _modsint_dummy
                                     94 ;	-----------------------------------------
      000000                         95 __modsint_dummy:
                                     96 ;	naked function: no prologue.
                                     97 ;	_modsint.c:204: __endasm;
                           000000    98 	ar0	= 0 ; BUG register set is not considered
                           000001    99 	ar1	= 1
                                    100 	.globl	__modsint
      000000                        101 __modsint:
      000000 C2 D5            [12]  102 	clr	F0 ; Flag 0 in PSW
                                    103 ;	available to user for general purpose
      000002 E5 83            [12]  104 	mov	a,dph
      000004 30 E7 0D         [24]  105 	jnb	acc.7,a_not_negative
      000007 D2 D5            [12]  106 	setb	F0
      000009 E4               [12]  107 	clr	a
      00000A C3               [12]  108 	clr	c
      00000B 95 82            [12]  109 	subb	a,dpl
      00000D F5 82            [12]  110 	mov	dpl,a
      00000F E4               [12]  111 	clr	a
      000010 95 83            [12]  112 	subb	a,dph
      000012 F5 83            [12]  113 	mov	dph,a
      000014                        114 a_not_negative:
      000014 E5 81            [12]  115 	mov	a,sp
      000016 24 FE            [12]  116 	add	a,#-2 ; 2 bytes return address
      000018 F8               [12]  117 	mov	r0,a ; r0 points to b1
      000019 E6               [12]  118 	mov	a,@r0 ; b1
      00001A 30 E7 09         [24]  119 	jnb	acc.7,b_not_negative
      00001D 18               [12]  120 	dec	r0
      00001E E4               [12]  121 	clr	a
      00001F C3               [12]  122 	clr	c
      000020 96               [12]  123 	subb	a,@r0 ; b0
      000021 F6               [12]  124 	mov	@r0,a
      000022 E4               [12]  125 	clr	a
      000023 08               [12]  126 	inc	r0
      000024 96               [12]  127 	subb	a,@r0 ; b1
      000025 F6               [12]  128 	mov	@r0,a
      000026                        129 b_not_negative:
      000026 86 01            [24]  130 	mov	ar1,@r0 ; b1
      000028 18               [12]  131 	dec	r0
      000029 86 00            [24]  132 	mov	ar0,@r0 ; b0
      00002B 12r00r00         [24]  133 	lcall	__modint
      00002E 30 D5 0B         [24]  134 	jnb	F0,not_negative
      000031 E4               [12]  135 	clr	a
      000032 C3               [12]  136 	clr	c
      000033 95 82            [12]  137 	subb	a,dpl
      000035 F5 82            [12]  138 	mov	dpl,a
      000037 E4               [12]  139 	clr	a
      000038 95 83            [12]  140 	subb	a,dph
      00003A F5 83            [12]  141 	mov	dph,a
      00003C                        142 not_negative:
      00003C 22               [24]  143 	ret
                                    144 ;	_modsint.c:205: }
                                    145 ;	naked function: no epilogue.
                                    146 	.area CSEG    (CODE)
                                    147 	.area CONST   (CODE)
                                    148 	.area XINIT   (CODE)
                                    149 	.area CABS    (ABS,CODE)
