                                      1 ;--------------------------------------------------------
                                      2 ; File Created by SDCC : free open source ISO C Compiler 
                                      3 ; Version 4.2.14 #0 (Linux)
                                      4 ;--------------------------------------------------------
                                      5 	.module aligned_alloc
                                      6 	.optsdcc -mmcs51 --model-small
                                      7 	
                                      8 ;--------------------------------------------------------
                                      9 ; Public variables in this module
                                     10 ;--------------------------------------------------------
                                     11 	.globl _malloc
                                     12 	.globl _aligned_alloc
                                     13 ;--------------------------------------------------------
                                     14 ; special function registers
                                     15 ;--------------------------------------------------------
                                     16 	.area RSEG    (ABS,DATA)
      000000                         17 	.org 0x0000
                                     18 ;--------------------------------------------------------
                                     19 ; special function bits
                                     20 ;--------------------------------------------------------
                                     21 	.area RSEG    (ABS,DATA)
      000000                         22 	.org 0x0000
                                     23 ;--------------------------------------------------------
                                     24 ; overlayable register banks
                                     25 ;--------------------------------------------------------
                                     26 	.area REG_BANK_0	(REL,OVR,DATA)
      000000                         27 	.ds 8
                                     28 ;--------------------------------------------------------
                                     29 ; internal ram data
                                     30 ;--------------------------------------------------------
                                     31 	.area DSEG    (DATA)
                                     32 ;--------------------------------------------------------
                                     33 ; overlayable items in internal ram
                                     34 ;--------------------------------------------------------
                                     35 ;--------------------------------------------------------
                                     36 ; indirectly addressable internal ram data
                                     37 ;--------------------------------------------------------
                                     38 	.area ISEG    (DATA)
                                     39 ;--------------------------------------------------------
                                     40 ; absolute internal ram data
                                     41 ;--------------------------------------------------------
                                     42 	.area IABS    (ABS,DATA)
                                     43 	.area IABS    (ABS,DATA)
                                     44 ;--------------------------------------------------------
                                     45 ; bit data
                                     46 ;--------------------------------------------------------
                                     47 	.area BSEG    (BIT)
                                     48 ;--------------------------------------------------------
                                     49 ; paged external ram data
                                     50 ;--------------------------------------------------------
                                     51 	.area PSEG    (PAG,XDATA)
                                     52 ;--------------------------------------------------------
                                     53 ; uninitialized external ram data
                                     54 ;--------------------------------------------------------
                                     55 	.area XSEG    (XDATA)
                                     56 ;--------------------------------------------------------
                                     57 ; absolute external ram data
                                     58 ;--------------------------------------------------------
                                     59 	.area XABS    (ABS,XDATA)
                                     60 ;--------------------------------------------------------
                                     61 ; initialized external ram data
                                     62 ;--------------------------------------------------------
                                     63 	.area XISEG   (XDATA)
                                     64 	.area HOME    (CODE)
                                     65 	.area GSINIT0 (CODE)
                                     66 	.area GSINIT1 (CODE)
                                     67 	.area GSINIT2 (CODE)
                                     68 	.area GSINIT3 (CODE)
                                     69 	.area GSINIT4 (CODE)
                                     70 	.area GSINIT5 (CODE)
                                     71 	.area GSINIT  (CODE)
                                     72 	.area GSFINAL (CODE)
                                     73 	.area CSEG    (CODE)
                                     74 ;--------------------------------------------------------
                                     75 ; global & static initialisations
                                     76 ;--------------------------------------------------------
                                     77 	.area HOME    (CODE)
                                     78 	.area GSINIT  (CODE)
                                     79 	.area GSFINAL (CODE)
                                     80 	.area GSINIT  (CODE)
                                     81 ;--------------------------------------------------------
                                     82 ; Home
                                     83 ;--------------------------------------------------------
                                     84 	.area HOME    (CODE)
                                     85 	.area HOME    (CODE)
                                     86 ;--------------------------------------------------------
                                     87 ; code
                                     88 ;--------------------------------------------------------
                                     89 	.area CSEG    (CODE)
                                     90 ;------------------------------------------------------------
                                     91 ;Allocation info for local variables in function 'aligned_alloc'
                                     92 ;------------------------------------------------------------
                                     93 ;size                      Allocated to stack - _bp -4
                                     94 ;alignment                 Allocated to registers 
                                     95 ;------------------------------------------------------------
                                     96 ;	../../device/include/stdlib.h:92: inline void *aligned_alloc(size_t alignment, size_t size)
                                     97 ;	-----------------------------------------
                                     98 ;	 function aligned_alloc
                                     99 ;	-----------------------------------------
      000000                        100 _aligned_alloc:
                           000007   101 	ar7 = 0x07
                           000006   102 	ar6 = 0x06
                           000005   103 	ar5 = 0x05
                           000004   104 	ar4 = 0x04
                           000003   105 	ar3 = 0x03
                           000002   106 	ar2 = 0x02
                           000001   107 	ar1 = 0x01
                           000000   108 	ar0 = 0x00
      000000 C0*00            [24]  109 	push	_bp
                                    110 ;	../../device/include/stdlib.h:95: return malloc(size);
      000002 E5 81            [12]  111 	mov	a,sp
      000004 F5*00            [12]  112 	mov	_bp,a
      000006 24 FC            [12]  113 	add	a,#0xfc
      000008 F8               [12]  114 	mov	r0,a
      000009 86 82            [24]  115 	mov	dpl,@r0
      00000B 08               [12]  116 	inc	r0
      00000C 86 83            [24]  117 	mov	dph,@r0
      00000E 12r00r00         [24]  118 	lcall	_malloc
      000011 AE 82            [24]  119 	mov	r6,dpl
      000013 AF 83            [24]  120 	mov	r7,dph
      000015 7D 00            [12]  121 	mov	r5,#0x00
      000017 8E 82            [24]  122 	mov	dpl,r6
      000019 8F 83            [24]  123 	mov	dph,r7
      00001B 8D F0            [24]  124 	mov	b,r5
                                    125 ;	../../device/include/stdlib.h:96: }
      00001D D0*00            [24]  126 	pop	_bp
      00001F 22               [24]  127 	ret
                                    128 	.area CSEG    (CODE)
                                    129 	.area CONST   (CODE)
                                    130 	.area XINIT   (CODE)
                                    131 	.area CABS    (ABS,CODE)
