                                      1 ;--------------------------------------------------------
                                      2 ; File Created by SDCC : free open source ISO C Compiler 
                                      3 ; Version 4.2.14 #0 (Linux)
                                      4 ;--------------------------------------------------------
                                      5 	.module islower
                                      6 	.optsdcc -mmcs51 --model-small
                                      7 	
                                      8 ;--------------------------------------------------------
                                      9 ; Public variables in this module
                                     10 ;--------------------------------------------------------
                                     11 	.globl _islower
                                     12 ;--------------------------------------------------------
                                     13 ; special function registers
                                     14 ;--------------------------------------------------------
                                     15 	.area RSEG    (ABS,DATA)
      000000                         16 	.org 0x0000
                                     17 ;--------------------------------------------------------
                                     18 ; special function bits
                                     19 ;--------------------------------------------------------
                                     20 	.area RSEG    (ABS,DATA)
      000000                         21 	.org 0x0000
                                     22 ;--------------------------------------------------------
                                     23 ; overlayable register banks
                                     24 ;--------------------------------------------------------
                                     25 	.area REG_BANK_0	(REL,OVR,DATA)
      000000                         26 	.ds 8
                                     27 ;--------------------------------------------------------
                                     28 ; overlayable bit register bank
                                     29 ;--------------------------------------------------------
                                     30 	.area BIT_BANK	(REL,OVR,DATA)
      000000                         31 bits:
      000000                         32 	.ds 1
                           008000    33 	b0 = bits[0]
                           008100    34 	b1 = bits[1]
                           008200    35 	b2 = bits[2]
                           008300    36 	b3 = bits[3]
                           008400    37 	b4 = bits[4]
                           008500    38 	b5 = bits[5]
                           008600    39 	b6 = bits[6]
                           008700    40 	b7 = bits[7]
                                     41 ;--------------------------------------------------------
                                     42 ; internal ram data
                                     43 ;--------------------------------------------------------
                                     44 	.area DSEG    (DATA)
                                     45 ;--------------------------------------------------------
                                     46 ; overlayable items in internal ram
                                     47 ;--------------------------------------------------------
                                     48 ;--------------------------------------------------------
                                     49 ; indirectly addressable internal ram data
                                     50 ;--------------------------------------------------------
                                     51 	.area ISEG    (DATA)
                                     52 ;--------------------------------------------------------
                                     53 ; absolute internal ram data
                                     54 ;--------------------------------------------------------
                                     55 	.area IABS    (ABS,DATA)
                                     56 	.area IABS    (ABS,DATA)
                                     57 ;--------------------------------------------------------
                                     58 ; bit data
                                     59 ;--------------------------------------------------------
                                     60 	.area BSEG    (BIT)
                                     61 ;--------------------------------------------------------
                                     62 ; paged external ram data
                                     63 ;--------------------------------------------------------
                                     64 	.area PSEG    (PAG,XDATA)
                                     65 ;--------------------------------------------------------
                                     66 ; uninitialized external ram data
                                     67 ;--------------------------------------------------------
                                     68 	.area XSEG    (XDATA)
                                     69 ;--------------------------------------------------------
                                     70 ; absolute external ram data
                                     71 ;--------------------------------------------------------
                                     72 	.area XABS    (ABS,XDATA)
                                     73 ;--------------------------------------------------------
                                     74 ; initialized external ram data
                                     75 ;--------------------------------------------------------
                                     76 	.area XISEG   (XDATA)
                                     77 	.area HOME    (CODE)
                                     78 	.area GSINIT0 (CODE)
                                     79 	.area GSINIT1 (CODE)
                                     80 	.area GSINIT2 (CODE)
                                     81 	.area GSINIT3 (CODE)
                                     82 	.area GSINIT4 (CODE)
                                     83 	.area GSINIT5 (CODE)
                                     84 	.area GSINIT  (CODE)
                                     85 	.area GSFINAL (CODE)
                                     86 	.area CSEG    (CODE)
                                     87 ;--------------------------------------------------------
                                     88 ; global & static initialisations
                                     89 ;--------------------------------------------------------
                                     90 	.area HOME    (CODE)
                                     91 	.area GSINIT  (CODE)
                                     92 	.area GSFINAL (CODE)
                                     93 	.area GSINIT  (CODE)
                                     94 ;--------------------------------------------------------
                                     95 ; Home
                                     96 ;--------------------------------------------------------
                                     97 	.area HOME    (CODE)
                                     98 	.area HOME    (CODE)
                                     99 ;--------------------------------------------------------
                                    100 ; code
                                    101 ;--------------------------------------------------------
                                    102 	.area CSEG    (CODE)
                                    103 ;------------------------------------------------------------
                                    104 ;Allocation info for local variables in function 'islower'
                                    105 ;------------------------------------------------------------
                                    106 ;c                         Allocated to registers r6 r7 
                                    107 ;------------------------------------------------------------
                                    108 ;	../../device/include/ctype.h:69: inline int islower (int c)
                                    109 ;	-----------------------------------------
                                    110 ;	 function islower
                                    111 ;	-----------------------------------------
      000000                        112 _islower:
                           000007   113 	ar7 = 0x07
                           000006   114 	ar6 = 0x06
                           000005   115 	ar5 = 0x05
                           000004   116 	ar4 = 0x04
                           000003   117 	ar3 = 0x03
                           000002   118 	ar2 = 0x02
                           000001   119 	ar1 = 0x01
                           000000   120 	ar0 = 0x00
      000000 AE 82            [24]  121 	mov	r6,dpl
                                    122 ;	../../device/include/ctype.h:71: return ((unsigned char)c >= 'a' && (unsigned char)c <= 'z');
      000002 BE 61 00         [24]  123 	cjne	r6,#0x61,00110$
      000005                        124 00110$:
      000005 92*00            [24]  125 	mov	b0,c
      000007 40 07            [24]  126 	jc	00103$
      000009 EE               [12]  127 	mov	a,r6
      00000A 24 85            [12]  128 	add	a,#0xff - 0x7a
      00000C 92*00            [24]  129 	mov	b0,c
      00000E 50 04            [24]  130 	jnc	00104$
      000010                        131 00103$:
                                    132 ;	assignBit
      000010 C2*00            [12]  133 	clr	b0
      000012 80 02            [24]  134 	sjmp	00105$
      000014                        135 00104$:
                                    136 ;	assignBit
      000014 D2*00            [12]  137 	setb	b0
      000016                        138 00105$:
      000016 A2*00            [12]  139 	mov	c,b0
      000018 E4               [12]  140 	clr	a
      000019 33               [12]  141 	rlc	a
      00001A FE               [12]  142 	mov	r6,a
      00001B 7F 00            [12]  143 	mov	r7,#0x00
      00001D 8E 82            [24]  144 	mov	dpl,r6
      00001F 8F 83            [24]  145 	mov	dph,r7
                                    146 ;	../../device/include/ctype.h:72: }
      000021 22               [24]  147 	ret
                                    148 	.area CSEG    (CODE)
                                    149 	.area CONST   (CODE)
                                    150 	.area XINIT   (CODE)
                                    151 	.area CABS    (ABS,CODE)
