                                      1 ;--------------------------------------------------------
                                      2 ; File Created by SDCC : free open source ISO C Compiler 
                                      3 ; Version 4.2.14 #0 (Linux)
                                      4 ;--------------------------------------------------------
                                      5 	.module mbrlen
                                      6 	.optsdcc -mmcs51 --model-small
                                      7 	
                                      8 ;--------------------------------------------------------
                                      9 ; Public variables in this module
                                     10 ;--------------------------------------------------------
                                     11 	.globl _mbrtowc
                                     12 	.globl _mbrlen
                                     13 ;--------------------------------------------------------
                                     14 ; special function registers
                                     15 ;--------------------------------------------------------
                                     16 	.area RSEG    (ABS,DATA)
      000000                         17 	.org 0x0000
                                     18 ;--------------------------------------------------------
                                     19 ; special function bits
                                     20 ;--------------------------------------------------------
                                     21 	.area RSEG    (ABS,DATA)
      000000                         22 	.org 0x0000
                                     23 ;--------------------------------------------------------
                                     24 ; overlayable register banks
                                     25 ;--------------------------------------------------------
                                     26 	.area REG_BANK_0	(REL,OVR,DATA)
      000000                         27 	.ds 8
                                     28 ;--------------------------------------------------------
                                     29 ; internal ram data
                                     30 ;--------------------------------------------------------
                                     31 	.area DSEG    (DATA)
      000000                         32 _mbrlen_sps_65536_10:
      000000                         33 	.ds 3
                                     34 ;--------------------------------------------------------
                                     35 ; overlayable items in internal ram
                                     36 ;--------------------------------------------------------
                                     37 ;--------------------------------------------------------
                                     38 ; indirectly addressable internal ram data
                                     39 ;--------------------------------------------------------
                                     40 	.area ISEG    (DATA)
                                     41 ;--------------------------------------------------------
                                     42 ; absolute internal ram data
                                     43 ;--------------------------------------------------------
                                     44 	.area IABS    (ABS,DATA)
                                     45 	.area IABS    (ABS,DATA)
                                     46 ;--------------------------------------------------------
                                     47 ; bit data
                                     48 ;--------------------------------------------------------
                                     49 	.area BSEG    (BIT)
                                     50 ;--------------------------------------------------------
                                     51 ; paged external ram data
                                     52 ;--------------------------------------------------------
                                     53 	.area PSEG    (PAG,XDATA)
                                     54 ;--------------------------------------------------------
                                     55 ; uninitialized external ram data
                                     56 ;--------------------------------------------------------
                                     57 	.area XSEG    (XDATA)
                                     58 ;--------------------------------------------------------
                                     59 ; absolute external ram data
                                     60 ;--------------------------------------------------------
                                     61 	.area XABS    (ABS,XDATA)
                                     62 ;--------------------------------------------------------
                                     63 ; initialized external ram data
                                     64 ;--------------------------------------------------------
                                     65 	.area XISEG   (XDATA)
                                     66 	.area HOME    (CODE)
                                     67 	.area GSINIT0 (CODE)
                                     68 	.area GSINIT1 (CODE)
                                     69 	.area GSINIT2 (CODE)
                                     70 	.area GSINIT3 (CODE)
                                     71 	.area GSINIT4 (CODE)
                                     72 	.area GSINIT5 (CODE)
                                     73 	.area GSINIT  (CODE)
                                     74 	.area GSFINAL (CODE)
                                     75 	.area CSEG    (CODE)
                                     76 ;--------------------------------------------------------
                                     77 ; global & static initialisations
                                     78 ;--------------------------------------------------------
                                     79 	.area HOME    (CODE)
                                     80 	.area GSINIT  (CODE)
                                     81 	.area GSFINAL (CODE)
                                     82 	.area GSINIT  (CODE)
                                     83 ;--------------------------------------------------------
                                     84 ; Home
                                     85 ;--------------------------------------------------------
                                     86 	.area HOME    (CODE)
                                     87 	.area HOME    (CODE)
                                     88 ;--------------------------------------------------------
                                     89 ; code
                                     90 ;--------------------------------------------------------
                                     91 	.area CSEG    (CODE)
                                     92 ;------------------------------------------------------------
                                     93 ;Allocation info for local variables in function 'mbrlen'
                                     94 ;------------------------------------------------------------
                                     95 ;n                         Allocated to stack - _bp -4
                                     96 ;ps                        Allocated to stack - _bp -7
                                     97 ;s                         Allocated to registers r5 r6 r7 
                                     98 ;sps                       Allocated with name '_mbrlen_sps_65536_10'
                                     99 ;------------------------------------------------------------
                                    100 ;	mbrlen.c:31: size_t mbrlen(const char *restrict s, size_t n, mbstate_t *restrict ps)
                                    101 ;	-----------------------------------------
                                    102 ;	 function mbrlen
                                    103 ;	-----------------------------------------
      000000                        104 _mbrlen:
                           000007   105 	ar7 = 0x07
                           000006   106 	ar6 = 0x06
                           000005   107 	ar5 = 0x05
                           000004   108 	ar4 = 0x04
                           000003   109 	ar3 = 0x03
                           000002   110 	ar2 = 0x02
                           000001   111 	ar1 = 0x01
                           000000   112 	ar0 = 0x00
      000000 C0*00            [24]  113 	push	_bp
      000002 85 81*00         [24]  114 	mov	_bp,sp
      000005 AD 82            [24]  115 	mov	r5,dpl
      000007 AE 83            [24]  116 	mov	r6,dph
      000009 AF F0            [24]  117 	mov	r7,b
                                    118 ;	mbrlen.c:35: return(mbrtowc(0, s, n, ps ? ps : &sps));
      00000B E5*00            [12]  119 	mov	a,_bp
      00000D 24 F9            [12]  120 	add	a,#0xf9
      00000F F8               [12]  121 	mov	r0,a
      000010 E6               [12]  122 	mov	a,@r0
      000011 08               [12]  123 	inc	r0
      000012 46               [12]  124 	orl	a,@r0
      000013 60 0F            [24]  125 	jz	00103$
      000015 E5*00            [12]  126 	mov	a,_bp
      000017 24 F9            [12]  127 	add	a,#0xf9
      000019 F8               [12]  128 	mov	r0,a
      00001A 86 02            [24]  129 	mov	ar2,@r0
      00001C 08               [12]  130 	inc	r0
      00001D 86 03            [24]  131 	mov	ar3,@r0
      00001F 08               [12]  132 	inc	r0
      000020 86 04            [24]  133 	mov	ar4,@r0
      000022 80 06            [24]  134 	sjmp	00104$
      000024                        135 00103$:
      000024 7Ar00            [12]  136 	mov	r2,#_mbrlen_sps_65536_10
      000026 7B 00            [12]  137 	mov	r3,#0x00
      000028 7C 40            [12]  138 	mov	r4,#0x40
      00002A                        139 00104$:
      00002A C0 02            [24]  140 	push	ar2
      00002C C0 03            [24]  141 	push	ar3
      00002E C0 04            [24]  142 	push	ar4
      000030 E5*00            [12]  143 	mov	a,_bp
      000032 24 FC            [12]  144 	add	a,#0xfc
      000034 F8               [12]  145 	mov	r0,a
      000035 E6               [12]  146 	mov	a,@r0
      000036 C0 E0            [24]  147 	push	acc
      000038 08               [12]  148 	inc	r0
      000039 E6               [12]  149 	mov	a,@r0
      00003A C0 E0            [24]  150 	push	acc
      00003C C0 05            [24]  151 	push	ar5
      00003E C0 06            [24]  152 	push	ar6
      000040 C0 07            [24]  153 	push	ar7
      000042 90 00 00         [24]  154 	mov	dptr,#0x0000
      000045 75 F0 00         [24]  155 	mov	b,#0x00
      000048 12r00r00         [24]  156 	lcall	_mbrtowc
      00004B E5 81            [12]  157 	mov	a,sp
      00004D 24 F8            [12]  158 	add	a,#0xf8
      00004F F5 81            [12]  159 	mov	sp,a
                                    160 ;	mbrlen.c:36: }
      000051 D0*00            [24]  161 	pop	_bp
      000053 22               [24]  162 	ret
                                    163 	.area CSEG    (CODE)
                                    164 	.area CONST   (CODE)
                                    165 	.area XINIT   (CODE)
                                    166 	.area CABS    (ABS,CODE)
