                                      1 ;--------------------------------------------------------
                                      2 ; File Created by SDCC : free open source ISO C Compiler 
                                      3 ; Version 4.2.14 #0 (Linux)
                                      4 ;--------------------------------------------------------
                                      5 	.module strxfrm
                                      6 	.optsdcc -mmcs51 --model-small
                                      7 	
                                      8 ;--------------------------------------------------------
                                      9 ; Public variables in this module
                                     10 ;--------------------------------------------------------
                                     11 	.globl _strlen
                                     12 	.globl _strncpy
                                     13 	.globl _strxfrm
                                     14 ;--------------------------------------------------------
                                     15 ; special function registers
                                     16 ;--------------------------------------------------------
                                     17 	.area RSEG    (ABS,DATA)
      000000                         18 	.org 0x0000
                                     19 ;--------------------------------------------------------
                                     20 ; special function bits
                                     21 ;--------------------------------------------------------
                                     22 	.area RSEG    (ABS,DATA)
      000000                         23 	.org 0x0000
                                     24 ;--------------------------------------------------------
                                     25 ; overlayable register banks
                                     26 ;--------------------------------------------------------
                                     27 	.area REG_BANK_0	(REL,OVR,DATA)
      000000                         28 	.ds 8
                                     29 ;--------------------------------------------------------
                                     30 ; internal ram data
                                     31 ;--------------------------------------------------------
                                     32 	.area DSEG    (DATA)
                                     33 ;--------------------------------------------------------
                                     34 ; overlayable items in internal ram
                                     35 ;--------------------------------------------------------
                                     36 ;--------------------------------------------------------
                                     37 ; indirectly addressable internal ram data
                                     38 ;--------------------------------------------------------
                                     39 	.area ISEG    (DATA)
                                     40 ;--------------------------------------------------------
                                     41 ; absolute internal ram data
                                     42 ;--------------------------------------------------------
                                     43 	.area IABS    (ABS,DATA)
                                     44 	.area IABS    (ABS,DATA)
                                     45 ;--------------------------------------------------------
                                     46 ; bit data
                                     47 ;--------------------------------------------------------
                                     48 	.area BSEG    (BIT)
                                     49 ;--------------------------------------------------------
                                     50 ; paged external ram data
                                     51 ;--------------------------------------------------------
                                     52 	.area PSEG    (PAG,XDATA)
                                     53 ;--------------------------------------------------------
                                     54 ; uninitialized external ram data
                                     55 ;--------------------------------------------------------
                                     56 	.area XSEG    (XDATA)
                                     57 ;--------------------------------------------------------
                                     58 ; absolute external ram data
                                     59 ;--------------------------------------------------------
                                     60 	.area XABS    (ABS,XDATA)
                                     61 ;--------------------------------------------------------
                                     62 ; initialized external ram data
                                     63 ;--------------------------------------------------------
                                     64 	.area XISEG   (XDATA)
                                     65 	.area HOME    (CODE)
                                     66 	.area GSINIT0 (CODE)
                                     67 	.area GSINIT1 (CODE)
                                     68 	.area GSINIT2 (CODE)
                                     69 	.area GSINIT3 (CODE)
                                     70 	.area GSINIT4 (CODE)
                                     71 	.area GSINIT5 (CODE)
                                     72 	.area GSINIT  (CODE)
                                     73 	.area GSFINAL (CODE)
                                     74 	.area CSEG    (CODE)
                                     75 ;--------------------------------------------------------
                                     76 ; global & static initialisations
                                     77 ;--------------------------------------------------------
                                     78 	.area HOME    (CODE)
                                     79 	.area GSINIT  (CODE)
                                     80 	.area GSFINAL (CODE)
                                     81 	.area GSINIT  (CODE)
                                     82 ;--------------------------------------------------------
                                     83 ; Home
                                     84 ;--------------------------------------------------------
                                     85 	.area HOME    (CODE)
                                     86 	.area HOME    (CODE)
                                     87 ;--------------------------------------------------------
                                     88 ; code
                                     89 ;--------------------------------------------------------
                                     90 	.area CSEG    (CODE)
                                     91 ;------------------------------------------------------------
                                     92 ;Allocation info for local variables in function 'strxfrm'
                                     93 ;------------------------------------------------------------
                                     94 ;src                       Allocated to stack - _bp -5
                                     95 ;n                         Allocated to stack - _bp -7
                                     96 ;dest                      Allocated to registers r5 r6 r7 
                                     97 ;------------------------------------------------------------
                                     98 ;	strxfrm.c:31: size_t strxfrm(char *dest, const char *src, size_t n)
                                     99 ;	-----------------------------------------
                                    100 ;	 function strxfrm
                                    101 ;	-----------------------------------------
      000000                        102 _strxfrm:
                           000007   103 	ar7 = 0x07
                           000006   104 	ar6 = 0x06
                           000005   105 	ar5 = 0x05
                           000004   106 	ar4 = 0x04
                           000003   107 	ar3 = 0x03
                           000002   108 	ar2 = 0x02
                           000001   109 	ar1 = 0x01
                           000000   110 	ar0 = 0x00
      000000 C0*00            [24]  111 	push	_bp
      000002 85 81*00         [24]  112 	mov	_bp,sp
      000005 AD 82            [24]  113 	mov	r5,dpl
      000007 AE 83            [24]  114 	mov	r6,dph
      000009 AF F0            [24]  115 	mov	r7,b
                                    116 ;	strxfrm.c:33: strncpy(dest, src, n);
      00000B E5*00            [12]  117 	mov	a,_bp
      00000D 24 F9            [12]  118 	add	a,#0xf9
      00000F F8               [12]  119 	mov	r0,a
      000010 E6               [12]  120 	mov	a,@r0
      000011 C0 E0            [24]  121 	push	acc
      000013 08               [12]  122 	inc	r0
      000014 E6               [12]  123 	mov	a,@r0
      000015 C0 E0            [24]  124 	push	acc
      000017 E5*00            [12]  125 	mov	a,_bp
      000019 24 FB            [12]  126 	add	a,#0xfb
      00001B F8               [12]  127 	mov	r0,a
      00001C E6               [12]  128 	mov	a,@r0
      00001D C0 E0            [24]  129 	push	acc
      00001F 08               [12]  130 	inc	r0
      000020 E6               [12]  131 	mov	a,@r0
      000021 C0 E0            [24]  132 	push	acc
      000023 08               [12]  133 	inc	r0
      000024 E6               [12]  134 	mov	a,@r0
      000025 C0 E0            [24]  135 	push	acc
      000027 8D 82            [24]  136 	mov	dpl,r5
      000029 8E 83            [24]  137 	mov	dph,r6
      00002B 8F F0            [24]  138 	mov	b,r7
      00002D 12r00r00         [24]  139 	lcall	_strncpy
      000030 E5 81            [12]  140 	mov	a,sp
      000032 24 FB            [12]  141 	add	a,#0xfb
      000034 F5 81            [12]  142 	mov	sp,a
                                    143 ;	strxfrm.c:34: return(strlen(src) + 1);
      000036 E5*00            [12]  144 	mov	a,_bp
      000038 24 FB            [12]  145 	add	a,#0xfb
      00003A F8               [12]  146 	mov	r0,a
      00003B 86 82            [24]  147 	mov	dpl,@r0
      00003D 08               [12]  148 	inc	r0
      00003E 86 83            [24]  149 	mov	dph,@r0
      000040 08               [12]  150 	inc	r0
      000041 86 F0            [24]  151 	mov	b,@r0
      000043 12r00r00         [24]  152 	lcall	_strlen
      000046 E5 82            [12]  153 	mov	a,dpl
      000048 85 83 F0         [24]  154 	mov	b,dph
      00004B 24 01            [12]  155 	add	a,#0x01
      00004D F5 82            [12]  156 	mov	dpl,a
      00004F E4               [12]  157 	clr	a
      000050 35 F0            [12]  158 	addc	a,b
      000052 F5 83            [12]  159 	mov	dph,a
                                    160 ;	strxfrm.c:35: }
      000054 D0*00            [24]  161 	pop	_bp
      000056 22               [24]  162 	ret
                                    163 	.area CSEG    (CODE)
                                    164 	.area CONST   (CODE)
                                    165 	.area XINIT   (CODE)
                                    166 	.area CABS    (ABS,CODE)
