                                      1 ;--------------------------------------------------------
                                      2 ; File Created by SDCC : free open source ISO C Compiler 
                                      3 ; Version 4.2.14 #0 (Linux)
                                      4 ;--------------------------------------------------------
                                      5 	.module __itoa
                                      6 	.optsdcc -mds400 --model-flat24
                                      7 	
                                      8 ;--------------------------------------------------------
                                      9 ; CPU specific extensions
                                     10 ;--------------------------------------------------------
                                     11 	.DS80C390
                                     12 	.amode	2	; 24 bit flat addressing
                           000082    13 dpl	=	0x82
                           000083    14 dph	=	0x83
                           000084    15 dpl1	=	0x84
                           000085    16 dph1	=	0x85
                           000086    17 dps	=	0x86
                           000093    18 dpx	=	0x93
                           000095    19 dpx1	=	0x95
                           00009B    20 esp	=	0x9B
                           00009C    21 ap	=	0x9C
                           00009C    22 acc1	=	0x9C
                           0000D1    23 mcnt0	=	0xD1
                           0000D2    24 mcnt1	=	0xD2
                           0000D3    25 ma	=	0xD3
                           0000D4    26 mb	=	0xD4
                           0000D5    27 mc	=	0xD5
                           00009D    28 acon	=	0x9D
                           0000C6    29 mcon	=	0xC6
                           0000D1    30 F1	=	0xD1	; user flag
                                     31 ;--------------------------------------------------------
                                     32 ; Public variables in this module
                                     33 ;--------------------------------------------------------
                                     34 	.globl ___itoa_PARM_3
                                     35 	.globl ___itoa_PARM_2
                                     36 	.globl ___uitoa_PARM_3
                                     37 	.globl ___uitoa_PARM_2
                                     38 	.globl ___uitoa
                                     39 	.globl ___itoa
                                     40 ;--------------------------------------------------------
                                     41 ; special function registers
                                     42 ;--------------------------------------------------------
                                     43 ;--------------------------------------------------------
                                     44 ; special function bits
                                     45 ;--------------------------------------------------------
                                     46 ;--------------------------------------------------------
                                     47 ; overlayable register banks
                                     48 ;--------------------------------------------------------
                                     49 	.area REG_BANK_0	(REL,OVR,DATA)
      000000                         50 	.ds 8
                                     51 	.area REG_BANK_3	(REL,OVR,DATA)
      000000                         52 	.ds 8
                                     53 ;--------------------------------------------------------
                                     54 ; internal ram data
                                     55 ;--------------------------------------------------------
                                     56 	.area DSEG    (DATA)
                                     57 ;--------------------------------------------------------
                                     58 ; overlayable items in internal ram
                                     59 ;--------------------------------------------------------
                                     60 ;--------------------------------------------------------
                                     61 ; indirectly addressable internal ram data
                                     62 ;--------------------------------------------------------
                                     63 	.area ISEG    (DATA)
                                     64 ;--------------------------------------------------------
                                     65 ; absolute internal ram data
                                     66 ;--------------------------------------------------------
                                     67 	.area IABS    (ABS,DATA)
                                     68 	.area IABS    (ABS,DATA)
                                     69 ;--------------------------------------------------------
                                     70 ; bit data
                                     71 ;--------------------------------------------------------
                                     72 	.area BSEG    (BIT)
                                     73 ;--------------------------------------------------------
                                     74 ; paged external ram data
                                     75 ;--------------------------------------------------------
                                     76 	.area PSEG    (PAG,XDATA)
                                     77 ;--------------------------------------------------------
                                     78 ; uninitialized external ram data
                                     79 ;--------------------------------------------------------
                                     80 	.area XSEG    (XDATA)
      000000                         81 ___uitoa_PARM_2:
      000000                         82 	.ds 4
      000004                         83 ___uitoa_PARM_3:
      000004                         84 	.ds 1
      000005                         85 ___uitoa_sloc0_1_0:
      000005                         86 	.ds 1
      000006                         87 ___uitoa_sloc1_1_0:
      000006                         88 	.ds 2
      000008                         89 ___uitoa_sloc2_1_0:
      000008                         90 	.ds 4
      00000C                         91 ___uitoa_sloc3_1_0:
      00000C                         92 	.ds 4
      000010                         93 ___itoa_PARM_2:
      000010                         94 	.ds 4
      000014                         95 ___itoa_PARM_3:
      000014                         96 	.ds 1
                                     97 ;--------------------------------------------------------
                                     98 ; absolute external ram data
                                     99 ;--------------------------------------------------------
                                    100 	.area XABS    (ABS,XDATA)
                                    101 ;--------------------------------------------------------
                                    102 ; initialized external ram data
                                    103 ;--------------------------------------------------------
                                    104 	.area XISEG   (XDATA)
                                    105 ;--------------------------------------------------------
                                    106 ; global & static initialisations
                                    107 ;--------------------------------------------------------
                                    108 	.area HOME    (CODE)
                                    109 	.area GSINIT  (CODE)
                                    110 	.area GSFINAL (CODE)
                                    111 	.area GSINIT  (CODE)
                                    112 ;--------------------------------------------------------
                                    113 ; Home
                                    114 ;--------------------------------------------------------
                                    115 	.area HOME    (CODE)
                                    116 	.area HOME    (CODE)
                                    117 ;--------------------------------------------------------
                                    118 ; code
                                    119 ;--------------------------------------------------------
                                    120 	.area CSEG    (CODE)
                                    121 ;------------------------------------------------------------
                                    122 ;Allocation info for local variables in function '__uitoa'
                                    123 ;------------------------------------------------------------
                                    124 ;string                    Allocated with name '___uitoa_PARM_2'
                                    125 ;radix                     Allocated with name '___uitoa_PARM_3'
                                    126 ;value                     Allocated to registers r6 r7 
                                    127 ;index                     Allocated to registers 
                                    128 ;i                         Allocated to registers 
                                    129 ;tmp                       Allocated to registers 
                                    130 ;sloc0                     Allocated with name '___uitoa_sloc0_1_0'
                                    131 ;sloc1                     Allocated with name '___uitoa_sloc1_1_0'
                                    132 ;sloc2                     Allocated with name '___uitoa_sloc2_1_0'
                                    133 ;sloc3                     Allocated with name '___uitoa_sloc3_1_0'
                                    134 ;------------------------------------------------------------
                                    135 ;	__itoa.c:42: void __uitoa(unsigned int value, char* string, unsigned char radix)
                                    136 ;	-----------------------------------------
                                    137 ;	 function __uitoa
                                    138 ;	-----------------------------------------
      000000                        139 ___uitoa:
                           000002   140 	ar2 = 0x02
                           000003   141 	ar3 = 0x03
                           000004   142 	ar4 = 0x04
                           000005   143 	ar5 = 0x05
                           000006   144 	ar6 = 0x06
                           000007   145 	ar7 = 0x07
                           000000   146 	ar0 = 0x00
                           000001   147 	ar1 = 0x01
      000000 AE 82            [ 8]  148 	mov	r6,dpl
      000002 AF 83            [ 8]  149 	mov	r7,dph
                                    150 ;	__itoa.c:47: do {
      000004 90s00r00r00      [12]  151 	mov	dptr,#___uitoa_PARM_2
                                    152 ;	genAssign: resultIsFar = TRUE
      000008 75 86 21         [12]  153 	mov	dps,#0x21
      00000B 90s00r00r08      [12]  154 	mov	dptr,#___uitoa_sloc2_1_0
      00000F E0               [ 8]  155 	movx	a,@dptr
      000010 F0               [ 8]  156 	movx	@dptr,a
      000011 A3               [12]  157 	inc	dptr
      000012 A3               [12]  158 	inc	dptr
      000013 E0               [ 8]  159 	movx	a,@dptr
      000014 F0               [ 8]  160 	movx	@dptr,a
      000015 A3               [12]  161 	inc	dptr
      000016 A3               [12]  162 	inc	dptr
      000017 E0               [ 8]  163 	movx	a,@dptr
      000018 F0               [ 8]  164 	movx	@dptr,a
      000019 A3               [12]  165 	inc	dptr
      00001A A3               [12]  166 	inc	dptr
      00001B E0               [ 8]  167 	movx	a,@dptr
      00001C F0               [ 8]  168 	movx	@dptr,a
      00001D 75 86 00         [12]  169 	mov	dps,#0
                                    170 ;	genAssign: resultIsFar = TRUE
      000020 90s00r00r05      [12]  171 	mov	dptr,#___uitoa_sloc0_1_0
      000024 E4               [ 4]  172 	clr	a
      000025 F0               [ 8]  173 	movx	@dptr,a
      000026                        174 00103$:
                                    175 ;	__itoa.c:48: string[index] = '0' + (value % radix);
      000026 90s00r00r05      [12]  176 	mov	dptr,#___uitoa_sloc0_1_0
      00002A E0               [ 8]  177 	movx	a,@dptr
      00002B F9               [ 4]  178 	mov	r1,a
      00002C E0               [ 8]  179 	movx	a,@dptr
      00002D 33               [ 4]  180 	rlc	a
      00002E 95 E0            [ 8]  181 	subb	a,acc
      000030 FA               [ 4]  182 	mov	r2,a
      000031 FB               [ 4]  183 	mov	r3,a
      000032 F8               [ 4]  184 	mov	r0,a
      000033 90s00r00r08      [12]  185 	mov	dptr,#___uitoa_sloc2_1_0
      000037 E0               [ 8]  186 	movx	a,@dptr
      000038 29               [ 4]  187 	add	a,r1
      000039 F9               [ 4]  188 	mov	r1,a
      00003A A3               [12]  189 	inc	dptr
      00003B E0               [ 8]  190 	movx	a,@dptr
      00003C 3A               [ 4]  191 	addc	a,r2
      00003D FA               [ 4]  192 	mov	r2,a
      00003E A3               [12]  193 	inc	dptr
      00003F E0               [ 8]  194 	movx	a,@dptr
      000040 3B               [ 4]  195 	addc	a,r3
      000041 FB               [ 4]  196 	mov	r3,a
      000042 A3               [12]  197 	inc	dptr
      000043 E0               [ 8]  198 	movx	a,@dptr
      000044 F8               [ 4]  199 	mov	r0,a
      000045 90s00r00r04      [12]  200 	mov	dptr,#___uitoa_PARM_3
      000049 75 86 01         [12]  201 	mov	dps, #1
      00004C 90s00r00r06      [12]  202 	mov	dptr, #___uitoa_sloc1_1_0
      000050 15 86            [ 8]  203 	dec	dps
      000052 E0               [ 8]  204 	movx	a,@dptr
      000053 05 86            [ 8]  205 	inc	dps
      000055 F0               [ 8]  206 	movx	@dptr,a
      000056 75 86 01         [12]  207 	mov     dps, #1
      000059 A3               [12]  208 	inc	dptr
      00005A E4               [ 4]  209 	clr	a
      00005B F0               [ 8]  210 	movx	@dptr,a
      00005C 75 86 00         [12]  211 	mov	dps,#0
      00005F 90s00r00r06      [12]  212 	mov	dptr,#___uitoa_sloc1_1_0
                                    213 ;	genAssign: resultIsFar = TRUE
      000063 75 86 21         [12]  214 	mov	dps,#0x21
      000066 90s00r00r00      [12]  215 	mov	dptr,#__moduint_PARM_2
      00006A E0               [ 8]  216 	movx	a,@dptr
      00006B F0               [ 8]  217 	movx	@dptr,a
      00006C A3               [12]  218 	inc	dptr
      00006D A3               [12]  219 	inc	dptr
      00006E E0               [ 8]  220 	movx	a,@dptr
      00006F F0               [ 8]  221 	movx	@dptr,a
      000070 75 86 00         [12]  222 	mov	dps,#0
      000073 C0 02            [ 8]  223 	push	ar2
      000075 C0 03            [ 8]  224 	push	ar3
      000077 C0 06            [ 8]  225 	push	ar6
      000079 C0 07            [ 8]  226 	push	ar7
      00007B C0 00            [ 8]  227 	push	ar0
      00007D C0 01            [ 8]  228 	push	ar1
      00007F 8E 82            [ 8]  229 	mov	dpl,r6
      000081 8F 83            [ 8]  230 	mov	dph,r7
      000083 12s00r00r00      [16]  231 	lcall	__moduint
      000087 AC 82            [ 8]  232 	mov	r4,dpl
      000089 AD 83            [ 8]  233 	mov	r5,dph
      00008B D0 01            [ 8]  234 	pop	ar1
      00008D D0 00            [ 8]  235 	pop	ar0
      00008F D0 07            [ 8]  236 	pop	ar7
      000091 D0 06            [ 8]  237 	pop	ar6
      000093 D0 03            [ 8]  238 	pop	ar3
      000095 D0 02            [ 8]  239 	pop	ar2
      000097 74 30            [ 8]  240 	mov	a,#0x30
      000099 2C               [ 4]  241 	add	a,r4
      00009A FC               [ 4]  242 	mov	r4,a
      00009B 89 82            [ 8]  243 	mov	dpl,r1
      00009D 8A 83            [ 8]  244 	mov	dph,r2
      00009F 8B 93            [ 8]  245 	mov	dpx,r3
      0000A1 88 F0            [ 8]  246 	mov	b,r0
      0000A3 EC               [ 4]  247 	mov	a,r4
      0000A4 12s00r00r00      [16]  248 	lcall	__gptrput
                                    249 ;	__itoa.c:49: if (string[index] > '9')
      0000A8 89 82            [ 8]  250 	mov	dpl,r1
      0000AA 8A 83            [ 8]  251 	mov	dph,r2
      0000AC 8B 93            [ 8]  252 	mov	dpx,r3
      0000AE 88 F0            [ 8]  253 	mov	b,r0
      0000B0 12s00r00r00      [16]  254 	lcall	__gptrget
      0000B4 FC               [ 4]  255 	mov	r4,a
      0000B5 C3               [ 4]  256 	clr	c
      0000B6 74 39            [ 8]  257 	mov	a,#0x39
      0000B8 9C               [ 4]  258 	subb	a,r4
      0000B9 50 1C            [12]  259 	jnc  00102$
      0000BB                        260 00133$:
                                    261 ;	__itoa.c:50: string[index] += 'A' - '9' - 1;
      0000BB 89 82            [ 8]  262 	mov	dpl,r1
      0000BD 8A 83            [ 8]  263 	mov	dph,r2
      0000BF 8B 93            [ 8]  264 	mov	dpx,r3
      0000C1 88 F0            [ 8]  265 	mov	b,r0
      0000C3 12s00r00r00      [16]  266 	lcall	__gptrget
      0000C7 24 07            [ 8]  267 	add  a,#0x07
      0000C9 FC               [ 4]  268 	mov  r4,a
      0000CA 89 82            [ 8]  269 	mov	dpl,r1
      0000CC 8A 83            [ 8]  270 	mov	dph,r2
      0000CE 8B 93            [ 8]  271 	mov	dpx,r3
      0000D0 88 F0            [ 8]  272 	mov	b,r0
      0000D2 EC               [ 4]  273 	mov	a,r4
      0000D3 12s00r00r00      [16]  274 	lcall	__gptrput
      0000D7                        275 00102$:
                                    276 ;	__itoa.c:51: value /= radix;
      0000D7 90s00r00r06      [12]  277 	mov	dptr,#___uitoa_sloc1_1_0
                                    278 ;	genAssign: resultIsFar = TRUE
      0000DB 75 86 21         [12]  279 	mov	dps,#0x21
      0000DE 90s00r00r00      [12]  280 	mov	dptr,#__divuint_PARM_2
      0000E2 E0               [ 8]  281 	movx	a,@dptr
      0000E3 F0               [ 8]  282 	movx	@dptr,a
      0000E4 A3               [12]  283 	inc	dptr
      0000E5 A3               [12]  284 	inc	dptr
      0000E6 E0               [ 8]  285 	movx	a,@dptr
      0000E7 F0               [ 8]  286 	movx	@dptr,a
      0000E8 75 86 00         [12]  287 	mov	dps,#0
      0000EB 8E 82            [ 8]  288 	mov	dpl,r6
      0000ED 8F 83            [ 8]  289 	mov	dph,r7
      0000EF 12s00r00r00      [16]  290 	lcall	__divuint
      0000F3 AA 82            [ 8]  291 	mov	r2,dpl
      0000F5 AB 83            [ 8]  292 	mov	r3,dph
                                    293 ;	genAssign: resultIsFar = FALSE
      0000F7 8A 06            [ 8]  294 	mov	ar6,r2
      0000F9 8B 07            [ 8]  295 	mov	ar7,r3
                                    296 ;	__itoa.c:52: ++index;
      0000FB 90s00r00r05      [12]  297 	mov	dptr,#___uitoa_sloc0_1_0
      0000FF E0               [ 8]  298 	movx	a,@dptr
      000100 24 01            [ 8]  299 	add	a,#0x01
      000102 F0               [ 8]  300 	movx	@dptr,a
                                    301 ;	__itoa.c:53: } while (value != 0);
      000103 EE               [ 4]  302 	mov	a,r6
      000104 4F               [ 4]  303 	orl	a,r7
      000105 60 04            [12]  304 	jz	00134$
      000107 02s00r00r26      [16]  305 	ljmp	00103$
      00010B                        306 00134$:
                                    307 ;	__itoa.c:56: string[index--] = '\0';
      00010B 90s00r00r05      [12]  308 	mov	dptr,#___uitoa_sloc0_1_0
      00010F E0               [ 8]  309 	movx	a,@dptr
      000110 14               [ 4]  310 	dec	a
      000111 FA               [ 4]  311 	mov	r2,a
      000112 90s00r00r05      [12]  312 	mov	dptr,#___uitoa_sloc0_1_0
      000116 E0               [ 8]  313 	movx	a,@dptr
      000117 FB               [ 4]  314 	mov	r3,a
      000118 E0               [ 8]  315 	movx	a,@dptr
      000119 33               [ 4]  316 	rlc	a
      00011A 95 E0            [ 8]  317 	subb	a,acc
      00011C FC               [ 4]  318 	mov	r4,a
      00011D FD               [ 4]  319 	mov	r5,a
      00011E FE               [ 4]  320 	mov	r6,a
      00011F 90s00r00r08      [12]  321 	mov	dptr,#___uitoa_sloc2_1_0
      000123 E0               [ 8]  322 	movx	a,@dptr
      000124 2B               [ 4]  323 	add	a,r3
      000125 FB               [ 4]  324 	mov	r3,a
      000126 A3               [12]  325 	inc	dptr
      000127 E0               [ 8]  326 	movx	a,@dptr
      000128 3C               [ 4]  327 	addc	a,r4
      000129 FC               [ 4]  328 	mov	r4,a
      00012A A3               [12]  329 	inc	dptr
      00012B E0               [ 8]  330 	movx	a,@dptr
      00012C 3D               [ 4]  331 	addc	a,r5
      00012D FD               [ 4]  332 	mov	r5,a
      00012E A3               [12]  333 	inc	dptr
      00012F E0               [ 8]  334 	movx	a,@dptr
      000130 FE               [ 4]  335 	mov	r6,a
      000131 8B 82            [ 8]  336 	mov	dpl,r3
      000133 8C 83            [ 8]  337 	mov	dph,r4
      000135 8D 93            [ 8]  338 	mov	dpx,r5
      000137 8E F0            [ 8]  339 	mov	b,r6
      000139 E4               [ 4]  340 	clr	a
      00013A 12s00r00r00      [16]  341 	lcall	__gptrput
                                    342 ;	__itoa.c:59: while (index > i) {
                                    343 ;	genAssign: resultIsFar = FALSE
      00013E 7B 00            [ 8]  344 	mov	r3,#0x00
      000140                        345 00106$:
      000140 C3               [ 4]  346 	clr	c
      000141 EB               [ 4]  347 	mov	a,r3
      000142 64 80            [ 8]  348 	xrl	a,#0x80
      000144 8A F0            [ 8]  349 	mov	b,r2
      000146 63 F0 80         [12]  350 	xrl	b,#0x80
      000149 95 F0            [ 8]  351 	subb	a,b
      00014B 40 04            [12]  352 	jc	00135$
      00014D 02s00r02r02      [16]  353 	ljmp	00109$
      000151                        354 00135$:
                                    355 ;	__itoa.c:60: char tmp = string[i];
      000151 8B 04            [ 8]  356 	mov	ar4,r3
      000153 EB               [ 4]  357 	mov	a,r3
      000154 33               [ 4]  358 	rlc	a
      000155 95 E0            [ 8]  359 	subb	a,acc
      000157 FD               [ 4]  360 	mov	r5,a
      000158 FE               [ 4]  361 	mov	r6,a
      000159 FF               [ 4]  362 	mov	r7,a
      00015A 90s00r00r08      [12]  363 	mov	dptr,#___uitoa_sloc2_1_0
      00015E 75 86 01         [12]  364 	mov	dps, #1
      000161 90s00r00r0C      [12]  365 	mov	dptr, #___uitoa_sloc3_1_0
      000165 15 86            [ 8]  366 	dec	dps
      000167 E0               [ 8]  367 	movx	a,@dptr
      000168 2C               [ 4]  368 	add	a,r4
      000169 05 86            [ 8]  369 	inc	dps
      00016B F0               [ 8]  370 	movx	@dptr,a
      00016C 15 86            [ 8]  371 	dec	dps
      00016E A3               [12]  372 	inc	dptr
      00016F E0               [ 8]  373 	movx	a,@dptr
      000170 3D               [ 4]  374 	addc	a,r5
      000171 05 86            [ 8]  375 	inc	dps
      000173 A3               [12]  376 	inc	dptr
      000174 F0               [ 8]  377 	movx	@dptr,a
      000175 15 86            [ 8]  378 	dec	dps
      000177 A3               [12]  379 	inc	dptr
      000178 E0               [ 8]  380 	movx	a,@dptr
      000179 3E               [ 4]  381 	addc	a,r6
      00017A 05 86            [ 8]  382 	inc	dps
      00017C A3               [12]  383 	inc	dptr
      00017D F0               [ 8]  384 	movx	@dptr,a
      00017E 75 86 00         [12]  385 	mov	dps,#0
      000181 A3               [12]  386 	inc	dptr
      000182 E0               [ 8]  387 	movx	a,@dptr
      000183 75 86 01         [12]  388 	mov	dps,#1
      000186 A3               [12]  389 	inc	dptr
      000187 F0               [ 8]  390 	movx	@dptr,a
      000188 75 86 00         [12]  391 	mov	dps,#0
      00018B 90s00r00r0C      [12]  392 	mov	dptr,#___uitoa_sloc3_1_0
      00018F E0               [ 8]  393 	movx	a,@dptr
      000190 C0 E0            [ 8]  394 	push	acc
      000192 A3               [12]  395 	inc	dptr
      000193 E0               [ 8]  396 	movx	a,@dptr
      000194 C0 E0            [ 8]  397 	push	acc
      000196 A3               [12]  398 	inc	dptr
      000197 E0               [ 8]  399 	movx	a,@dptr
      000198 C0 E0            [ 8]  400 	push	acc
      00019A A3               [12]  401 	inc	dptr
      00019B E0               [ 8]  402 	movx	a,@dptr
      00019C F5 F0            [ 8]  403 	mov	b,a
      00019E D0 93            [ 8]  404 	pop	dpx
      0001A0 D0 83            [ 8]  405 	pop	dph
      0001A2 D0 82            [ 8]  406 	pop	dpl
      0001A4 12s00r00r00      [16]  407 	lcall	__gptrget
      0001A8 FF               [ 4]  408 	mov	r7,a
                                    409 ;	__itoa.c:61: string[i] = string[index];
      0001A9 8A 01            [ 8]  410 	mov	ar1,r2
      0001AB EA               [ 4]  411 	mov	a,r2
      0001AC 33               [ 4]  412 	rlc	a
      0001AD 95 E0            [ 8]  413 	subb	a,acc
      0001AF F8               [ 4]  414 	mov	r0,a
      0001B0 FC               [ 4]  415 	mov	r4,a
      0001B1 FD               [ 4]  416 	mov	r5,a
      0001B2 90s00r00r08      [12]  417 	mov	dptr,#___uitoa_sloc2_1_0
      0001B6 E0               [ 8]  418 	movx	a,@dptr
      0001B7 29               [ 4]  419 	add	a,r1
      0001B8 F9               [ 4]  420 	mov	r1,a
      0001B9 A3               [12]  421 	inc	dptr
      0001BA E0               [ 8]  422 	movx	a,@dptr
      0001BB 38               [ 4]  423 	addc	a,r0
      0001BC F8               [ 4]  424 	mov	r0,a
      0001BD A3               [12]  425 	inc	dptr
      0001BE E0               [ 8]  426 	movx	a,@dptr
      0001BF 3C               [ 4]  427 	addc	a,r4
      0001C0 FC               [ 4]  428 	mov	r4,a
      0001C1 A3               [12]  429 	inc	dptr
      0001C2 E0               [ 8]  430 	movx	a,@dptr
      0001C3 FD               [ 4]  431 	mov	r5,a
      0001C4 89 82            [ 8]  432 	mov	dpl,r1
      0001C6 88 83            [ 8]  433 	mov	dph,r0
      0001C8 8C 93            [ 8]  434 	mov	dpx,r4
      0001CA 8D F0            [ 8]  435 	mov	b,r5
      0001CC 12s00r00r00      [16]  436 	lcall	__gptrget
      0001D0 FE               [ 4]  437 	mov	r6,a
      0001D1 90s00r00r0C      [12]  438 	mov	dptr,#___uitoa_sloc3_1_0
      0001D5 E0               [ 8]  439 	movx	a,@dptr
      0001D6 C0 E0            [ 8]  440 	push	acc
      0001D8 A3               [12]  441 	inc	dptr
      0001D9 E0               [ 8]  442 	movx	a,@dptr
      0001DA C0 E0            [ 8]  443 	push	acc
      0001DC A3               [12]  444 	inc	dptr
      0001DD E0               [ 8]  445 	movx	a,@dptr
      0001DE C0 E0            [ 8]  446 	push	acc
      0001E0 A3               [12]  447 	inc	dptr
      0001E1 E0               [ 8]  448 	movx	a,@dptr
      0001E2 F5 F0            [ 8]  449 	mov	b,a
      0001E4 D0 93            [ 8]  450 	pop	dpx
      0001E6 D0 83            [ 8]  451 	pop	dph
      0001E8 D0 82            [ 8]  452 	pop	dpl
      0001EA EE               [ 4]  453 	mov	a,r6
      0001EB 12s00r00r00      [16]  454 	lcall	__gptrput
                                    455 ;	__itoa.c:62: string[index] = tmp;
      0001EF 89 82            [ 8]  456 	mov	dpl,r1
      0001F1 88 83            [ 8]  457 	mov	dph,r0
      0001F3 8C 93            [ 8]  458 	mov	dpx,r4
      0001F5 8D F0            [ 8]  459 	mov	b,r5
      0001F7 EF               [ 4]  460 	mov	a,r7
      0001F8 12s00r00r00      [16]  461 	lcall	__gptrput
                                    462 ;	__itoa.c:63: ++i;
      0001FC 0B               [ 4]  463 	inc	r3
                                    464 ;	__itoa.c:64: --index;
      0001FD 1A               [ 4]  465 	dec	r2
      0001FE 02s00r01r40      [16]  466 	ljmp	00106$
      000202                        467 00109$:
                                    468 ;	__itoa.c:66: }
      000202 22               [16]  469 	ret
                                    470 ;------------------------------------------------------------
                                    471 ;Allocation info for local variables in function '__itoa'
                                    472 ;------------------------------------------------------------
                                    473 ;string                    Allocated with name '___itoa_PARM_2'
                                    474 ;radix                     Allocated with name '___itoa_PARM_3'
                                    475 ;value                     Allocated to registers r2 r3 
                                    476 ;------------------------------------------------------------
                                    477 ;	__itoa.c:68: void __itoa(int value, char* string, unsigned char radix)
                                    478 ;	-----------------------------------------
                                    479 ;	 function __itoa
                                    480 ;	-----------------------------------------
      000203                        481 ___itoa:
      000203 AA 82            [ 8]  482 	mov	r2,dpl
      000205 AB 83            [ 8]  483 	mov	r3,dph
                                    484 ;	__itoa.c:70: if (value < 0 && radix == 10) {
      000207 EB               [ 4]  485 	mov	a,r3
      000208 30 E7 3F         [12]  486 	jnb  acc[7],00102$
      00020B                        487 00114$:
      00020B 90s00r00r14      [12]  488 	mov	dptr,#___itoa_PARM_3
      00020F E0               [ 8]  489 	movx	a,@dptr
      000210 B4 0A 37         [16]  490 	cjne a,#0x0a,00102$
      000213                        491 00116$:
                                    492 ;	__itoa.c:71: *string++ = '-';
      000213 90s00r00r10      [12]  493 	mov	dptr,#___itoa_PARM_2
                                    494 ;	genAssign: resultIsFar = FALSE
      000217 E0               [ 8]  495 	movx	a,@dptr
      000218 FC               [ 4]  496 	mov	r4,a
      000219 A3               [12]  497 	inc	dptr
      00021A E0               [ 8]  498 	movx	a,@dptr
      00021B FD               [ 4]  499 	mov	r5,a
      00021C A3               [12]  500 	inc	dptr
      00021D E0               [ 8]  501 	movx	a,@dptr
      00021E FE               [ 4]  502 	mov	r6,a
      00021F A3               [12]  503 	inc	dptr
      000220 E0               [ 8]  504 	movx	a,@dptr
      000221 FF               [ 4]  505 	mov	r7,a
      000222 8C 82            [ 8]  506 	mov	dpl,r4
      000224 8D 83            [ 8]  507 	mov	dph,r5
      000226 8E 93            [ 8]  508 	mov	dpx,r6
      000228 8F F0            [ 8]  509 	mov	b,r7
      00022A 74 2D            [ 8]  510 	mov	a,#0x2d
      00022C 12s00r00r00      [16]  511 	lcall	__gptrput
      000230 90s00r00r10      [12]  512 	mov	dptr,#___itoa_PARM_2
      000234 74 01            [ 8]  513 	mov	a,#0x01
      000236 2C               [ 4]  514 	add	a,r4
      000237 F0               [ 8]  515 	movx	@dptr,a
      000238 E4               [ 4]  516 	clr	a
      000239 3D               [ 4]  517 	addc	a,r5
      00023A A3               [12]  518 	inc	dptr
      00023B F0               [ 8]  519 	movx	@dptr,a
      00023C E4               [ 4]  520 	clr	a
      00023D 3E               [ 4]  521 	addc	a,r6
      00023E A3               [12]  522 	inc	dptr
      00023F F0               [ 8]  523 	movx	@dptr,a
      000240 A3               [12]  524 	inc	dptr
      000241 EF               [ 4]  525 	mov	a,r7
      000242 F0               [ 8]  526 	movx	@dptr,a
                                    527 ;	__itoa.c:72: value = -value;
      000243 C3               [ 4]  528 	clr	c
      000244 E4               [ 4]  529 	clr	a
      000245 9A               [ 4]  530 	subb	a,r2
      000246 FA               [ 4]  531 	mov	r2,a
      000247 E4               [ 4]  532 	clr	a
      000248 9B               [ 4]  533 	subb	a,r3
      000249 FB               [ 4]  534 	mov	r3,a
      00024A                        535 00102$:
                                    536 ;	__itoa.c:74: __uitoa(value, string, radix);
      00024A 90s00r00r10      [12]  537 	mov	dptr,#___itoa_PARM_2
                                    538 ;	genAssign: resultIsFar = FALSE
      00024E E0               [ 8]  539 	movx	a,@dptr
      00024F FC               [ 4]  540 	mov	r4,a
      000250 A3               [12]  541 	inc	dptr
      000251 E0               [ 8]  542 	movx	a,@dptr
      000252 FD               [ 4]  543 	mov	r5,a
      000253 A3               [12]  544 	inc	dptr
      000254 E0               [ 8]  545 	movx	a,@dptr
      000255 FE               [ 4]  546 	mov	r6,a
      000256 A3               [12]  547 	inc	dptr
      000257 E0               [ 8]  548 	movx	a,@dptr
      000258 FF               [ 4]  549 	mov	r7,a
                                    550 ;	genAssign: resultIsFar = TRUE
      000259 90s00r00r00      [12]  551 	mov	dptr,#___uitoa_PARM_2
      00025D EC               [ 4]  552 	mov	a,r4
      00025E F0               [ 8]  553 	movx	@dptr,a
      00025F A3               [12]  554 	inc	dptr
      000260 ED               [ 4]  555 	mov	a,r5
      000261 F0               [ 8]  556 	movx	@dptr,a
      000262 A3               [12]  557 	inc	dptr
      000263 EE               [ 4]  558 	mov	a,r6
      000264 F0               [ 8]  559 	movx	@dptr,a
      000265 A3               [12]  560 	inc	dptr
      000266 EF               [ 4]  561 	mov	a,r7
      000267 F0               [ 8]  562 	movx	@dptr,a
      000268 90s00r00r14      [12]  563 	mov	dptr,#___itoa_PARM_3
                                    564 ;	genAssign: resultIsFar = TRUE
      00026C E0               [ 8]  565 	movx	a,@dptr
      00026D 90s00r00r04      [12]  566 	mov	dptr,#___uitoa_PARM_3
      000271 F0               [ 8]  567 	movx	@dptr,a
      000272 8A 82            [ 8]  568 	mov	dpl,r2
      000274 8B 83            [ 8]  569 	mov	dph,r3
      000276 12s00r00r00      [16]  570 	lcall	___uitoa
      00027A                        571 00104$:
                                    572 ;	__itoa.c:75: }
      00027A 22               [16]  573 	ret
                                    574 	.area CSEG    (CODE)
                                    575 	.area CONST   (CODE)
                                    576 	.area XINIT   (CODE)
                                    577 	.area CABS    (ABS,CODE)
