                                      1 ;--------------------------------------------------------
                                      2 ; File Created by SDCC : free open source ISO C Compiler 
                                      3 ; Version 4.2.14 #0 (Linux)
                                      4 ;--------------------------------------------------------
                                      5 	.module _modulonglong
                                      6 	.optsdcc -mds400 --model-flat24
                                      7 	
                                      8 ;--------------------------------------------------------
                                      9 ; CPU specific extensions
                                     10 ;--------------------------------------------------------
                                     11 	.DS80C390
                                     12 	.amode	2	; 24 bit flat addressing
                           000082    13 dpl	=	0x82
                           000083    14 dph	=	0x83
                           000084    15 dpl1	=	0x84
                           000085    16 dph1	=	0x85
                           000086    17 dps	=	0x86
                           000093    18 dpx	=	0x93
                           000095    19 dpx1	=	0x95
                           00009B    20 esp	=	0x9B
                           00009C    21 ap	=	0x9C
                           00009C    22 acc1	=	0x9C
                           0000D1    23 mcnt0	=	0xD1
                           0000D2    24 mcnt1	=	0xD2
                           0000D3    25 ma	=	0xD3
                           0000D4    26 mb	=	0xD4
                           0000D5    27 mc	=	0xD5
                           00009D    28 acon	=	0x9D
                           0000C6    29 mcon	=	0xC6
                           0000D1    30 F1	=	0xD1	; user flag
                                     31 ;--------------------------------------------------------
                                     32 ; Public variables in this module
                                     33 ;--------------------------------------------------------
                                     34 	.globl __modulonglong_PARM_2
                                     35 	.globl __modulonglong
                                     36 ;--------------------------------------------------------
                                     37 ; special function registers
                                     38 ;--------------------------------------------------------
                                     39 ;--------------------------------------------------------
                                     40 ; special function bits
                                     41 ;--------------------------------------------------------
                                     42 ;--------------------------------------------------------
                                     43 ; overlayable register banks
                                     44 ;--------------------------------------------------------
                                     45 	.area REG_BANK_0	(REL,OVR,DATA)
      000000                         46 	.ds 8
                                     47 	.area REG_BANK_3	(REL,OVR,DATA)
      000000                         48 	.ds 8
                                     49 ;--------------------------------------------------------
                                     50 ; internal ram data
                                     51 ;--------------------------------------------------------
                                     52 	.area DSEG    (DATA)
                                     53 ;--------------------------------------------------------
                                     54 ; overlayable items in internal ram
                                     55 ;--------------------------------------------------------
                                     56 ;--------------------------------------------------------
                                     57 ; indirectly addressable internal ram data
                                     58 ;--------------------------------------------------------
                                     59 	.area ISEG    (DATA)
                                     60 ;--------------------------------------------------------
                                     61 ; absolute internal ram data
                                     62 ;--------------------------------------------------------
                                     63 	.area IABS    (ABS,DATA)
                                     64 	.area IABS    (ABS,DATA)
                                     65 ;--------------------------------------------------------
                                     66 ; bit data
                                     67 ;--------------------------------------------------------
                                     68 	.area BSEG    (BIT)
                                     69 ;--------------------------------------------------------
                                     70 ; paged external ram data
                                     71 ;--------------------------------------------------------
                                     72 	.area PSEG    (PAG,XDATA)
                                     73 ;--------------------------------------------------------
                                     74 ; uninitialized external ram data
                                     75 ;--------------------------------------------------------
                                     76 	.area XSEG    (XDATA)
      000000                         77 __modulonglong_PARM_2:
      000000                         78 	.ds 8
      000008                         79 __modulonglong_a_65536_1:
      000008                         80 	.ds 8
      000010                         81 __modulonglong_count_65536_2:
      000010                         82 	.ds 1
      000011                         83 __modulonglong_sloc0_1_0:
      000011                         84 	.ds 8
                                     85 ;--------------------------------------------------------
                                     86 ; absolute external ram data
                                     87 ;--------------------------------------------------------
                                     88 	.area XABS    (ABS,XDATA)
                                     89 ;--------------------------------------------------------
                                     90 ; initialized external ram data
                                     91 ;--------------------------------------------------------
                                     92 	.area XISEG   (XDATA)
                                     93 ;--------------------------------------------------------
                                     94 ; global & static initialisations
                                     95 ;--------------------------------------------------------
                                     96 	.area HOME    (CODE)
                                     97 	.area GSINIT  (CODE)
                                     98 	.area GSFINAL (CODE)
                                     99 	.area GSINIT  (CODE)
                                    100 ;--------------------------------------------------------
                                    101 ; Home
                                    102 ;--------------------------------------------------------
                                    103 	.area HOME    (CODE)
                                    104 	.area HOME    (CODE)
                                    105 ;--------------------------------------------------------
                                    106 ; code
                                    107 ;--------------------------------------------------------
                                    108 	.area CSEG    (CODE)
                                    109 ;------------------------------------------------------------
                                    110 ;Allocation info for local variables in function '_modulonglong'
                                    111 ;------------------------------------------------------------
                                    112 ;b                         Allocated with name '__modulonglong_PARM_2'
                                    113 ;a                         Allocated with name '__modulonglong_a_65536_1'
                                    114 ;count                     Allocated with name '__modulonglong_count_65536_2'
                                    115 ;sloc0                     Allocated with name '__modulonglong_sloc0_1_0'
                                    116 ;------------------------------------------------------------
                                    117 ;	_modulonglong.c:44: _modulonglong (unsigned long long a, unsigned long long b) __SDCC_NONBANKED
                                    118 ;	-----------------------------------------
                                    119 ;	 function _modulonglong
                                    120 ;	-----------------------------------------
      000000                        121 __modulonglong:
                           000002   122 	ar2 = 0x02
                           000003   123 	ar3 = 0x03
                           000004   124 	ar4 = 0x04
                           000005   125 	ar5 = 0x05
                           000006   126 	ar6 = 0x06
                           000007   127 	ar7 = 0x07
                           000000   128 	ar0 = 0x00
                           000001   129 	ar1 = 0x01
      000000 75 86 01         [12]  130 	mov	dps, #1
      000003 90s00r00r08      [12]  131 	mov	dptr, #__modulonglong_a_65536_1
      000007 15 86            [ 8]  132 	dec	dps
                                    133 ;	assignResultValue special case for ACC.
      000009 C0 E0            [ 8]  134 	push	acc
      00000B 05 86            [ 8]  135 	inc	dps
      00000D E5 82            [ 8]  136 	mov	a,dpl
      00000F F0               [ 8]  137 	movx	@dptr,a
      000010 A3               [12]  138 	inc	dptr
      000011 E5 83            [ 8]  139 	mov	a,dph
      000013 F0               [ 8]  140 	movx	@dptr,a
      000014 A3               [12]  141 	inc	dptr
      000015 E5 93            [ 8]  142 	mov	a,dpx
      000017 F0               [ 8]  143 	movx	@dptr,a
      000018 A3               [12]  144 	inc	dptr
      000019 E5 F0            [ 8]  145 	mov	a,b
      00001B F0               [ 8]  146 	movx	@dptr,a
      00001C D0 E0            [ 8]  147 	pop	acc
      00001E A3               [12]  148 	inc	dptr
      00001F F0               [ 8]  149 	movx	@dptr,a
      000020 A3               [12]  150 	inc	dptr
      000021 EC               [ 4]  151 	mov	a,r4
      000022 F0               [ 8]  152 	movx	@dptr,a
      000023 A3               [12]  153 	inc	dptr
      000024 ED               [ 4]  154 	mov	a,r5
      000025 F0               [ 8]  155 	movx	@dptr,a
      000026 A3               [12]  156 	inc	dptr
      000027 EE               [ 4]  157 	mov	a,r6
      000028 F0               [ 8]  158 	movx	@dptr,a
      000029 75 86 00         [12]  159 	mov	dps,#0
                                    160 ;	_modulonglong.c:46: unsigned char count = 0;
                                    161 ;	genAssign: resultIsFar = TRUE
      00002C 90s00r00r10      [12]  162 	mov	dptr,#__modulonglong_count_65536_2
      000030 E4               [ 4]  163 	clr	a
      000031 F0               [ 8]  164 	movx	@dptr,a
                                    165 ;	_modulonglong.c:48: while (!MSB_SET(b))
                                    166 ;	genAssign: resultIsFar = FALSE
      000032 7A 00            [ 8]  167 	mov	r2,#0x00
      000034                        168 00103$:
      000034 90s00r00r00      [12]  169 	mov	dptr,#__modulonglong_PARM_2
      000038 A3               [12]  170 	inc	dptr
      000039 A3               [12]  171 	inc	dptr
      00003A A3               [12]  172 	inc	dptr
      00003B A3               [12]  173 	inc	dptr
      00003C A3               [12]  174 	inc	dptr
      00003D A3               [12]  175 	inc	dptr
      00003E A3               [12]  176 	inc	dptr
      00003F E0               [ 8]  177 	movx	a,@dptr
      000040 23               [ 4]  178 	rl	a
      000041 54 01            [ 8]  179 	anl	a,#0x01
      000043 FB               [ 4]  180 	mov  r3,a
      000044 60 04            [12]  181 	jz	00138$
      000046 02s00r01r75      [16]  182 	ljmp	00117$
      00004A                        183 00138$:
                                    184 ;	_modulonglong.c:50: b <<= 1;
      00004A C0 02            [ 8]  185 	push	ar2
      00004C 90s00r00r00      [12]  186 	mov	dptr,#__modulonglong_PARM_2
      000050 E0               [ 8]  187 	movx	a,@dptr
      000051 25 E0            [ 8]  188 	add	a,acc
      000053 FB               [ 4]  189 	mov	r3,a
      000054 A3               [12]  190 	inc	dptr
      000055 E0               [ 8]  191 	movx	a,@dptr
      000056 33               [ 4]  192 	rlc	a
      000057 FC               [ 4]  193 	mov	r4,a
      000058 A3               [12]  194 	inc	dptr
      000059 E0               [ 8]  195 	movx	a,@dptr
      00005A 33               [ 4]  196 	rlc	a
      00005B FD               [ 4]  197 	mov	r5,a
      00005C A3               [12]  198 	inc	dptr
      00005D E0               [ 8]  199 	movx	a,@dptr
      00005E 33               [ 4]  200 	rlc	a
      00005F FE               [ 4]  201 	mov	r6,a
      000060 A3               [12]  202 	inc	dptr
      000061 E0               [ 8]  203 	movx	a,@dptr
      000062 33               [ 4]  204 	rlc	a
      000063 FF               [ 4]  205 	mov	r7,a
      000064 A3               [12]  206 	inc	dptr
      000065 E0               [ 8]  207 	movx	a,@dptr
      000066 33               [ 4]  208 	rlc	a
      000067 F8               [ 4]  209 	mov	r0,a
      000068 A3               [12]  210 	inc	dptr
      000069 E0               [ 8]  211 	movx	a,@dptr
      00006A 33               [ 4]  212 	rlc	a
      00006B F9               [ 4]  213 	mov	r1,a
      00006C A3               [12]  214 	inc	dptr
      00006D E0               [ 8]  215 	movx	a,@dptr
      00006E 33               [ 4]  216 	rlc	a
      00006F FA               [ 4]  217 	mov	r2,a
                                    218 ;	genAssign: resultIsFar = TRUE
      000070 90s00r00r00      [12]  219 	mov	dptr,#__modulonglong_PARM_2
      000074 EB               [ 4]  220 	mov	a,r3
      000075 F0               [ 8]  221 	movx	@dptr,a
      000076 A3               [12]  222 	inc	dptr
      000077 EC               [ 4]  223 	mov	a,r4
      000078 F0               [ 8]  224 	movx	@dptr,a
      000079 A3               [12]  225 	inc	dptr
      00007A ED               [ 4]  226 	mov	a,r5
      00007B F0               [ 8]  227 	movx	@dptr,a
      00007C A3               [12]  228 	inc	dptr
      00007D EE               [ 4]  229 	mov	a,r6
      00007E F0               [ 8]  230 	movx	@dptr,a
      00007F A3               [12]  231 	inc	dptr
      000080 EF               [ 4]  232 	mov	a,r7
      000081 F0               [ 8]  233 	movx	@dptr,a
      000082 A3               [12]  234 	inc	dptr
      000083 E8               [ 4]  235 	mov	a,r0
      000084 F0               [ 8]  236 	movx	@dptr,a
      000085 A3               [12]  237 	inc	dptr
      000086 E9               [ 4]  238 	mov	a,r1
      000087 F0               [ 8]  239 	movx	@dptr,a
      000088 A3               [12]  240 	inc	dptr
      000089 EA               [ 4]  241 	mov	a,r2
      00008A F0               [ 8]  242 	movx	@dptr,a
                                    243 ;	_modulonglong.c:51: if (b > a)
      00008B 90s00r00r08      [12]  244 	mov	dptr,#__modulonglong_a_65536_1
      00008F 75 86 01         [12]  245 	mov	dps, #1
      000092 90s00r00r00      [12]  246 	mov	dptr, #__modulonglong_PARM_2
      000096 15 86            [ 8]  247 	dec	dps
      000098 C3               [ 4]  248 	clr	c
      000099 E0               [ 8]  249 	movx	a,@dptr
      00009A 75 86 01         [12]  250 	mov	dps,#1
      00009D C5 F0            [ 8]  251 	xch	a, b
      00009F E0               [ 8]  252 	movx	a,@dptr
      0000A0 75 86 00         [12]  253 	mov	dps,#0
      0000A3 C5 F0            [ 8]  254 	xch	a, b
      0000A5 95 F0            [ 8]  255 	subb	a,b
      0000A7 A3               [12]  256 	inc	dptr
      0000A8 E0               [ 8]  257 	movx	a,@dptr
      0000A9 75 86 01         [12]  258 	mov	dps,#1
      0000AC C5 F0            [ 8]  259 	xch	a, b
      0000AE A3               [12]  260 	inc	dptr
      0000AF E0               [ 8]  261 	movx	a,@dptr
      0000B0 75 86 00         [12]  262 	mov	dps,#0
      0000B3 C5 F0            [ 8]  263 	xch	a, b
      0000B5 95 F0            [ 8]  264 	subb	a,b
      0000B7 A3               [12]  265 	inc	dptr
      0000B8 E0               [ 8]  266 	movx	a,@dptr
      0000B9 75 86 01         [12]  267 	mov	dps,#1
      0000BC C5 F0            [ 8]  268 	xch	a, b
      0000BE A3               [12]  269 	inc	dptr
      0000BF E0               [ 8]  270 	movx	a,@dptr
      0000C0 75 86 00         [12]  271 	mov	dps,#0
      0000C3 C5 F0            [ 8]  272 	xch	a, b
      0000C5 95 F0            [ 8]  273 	subb	a,b
      0000C7 A3               [12]  274 	inc	dptr
      0000C8 E0               [ 8]  275 	movx	a,@dptr
      0000C9 75 86 01         [12]  276 	mov	dps,#1
      0000CC C5 F0            [ 8]  277 	xch	a, b
      0000CE A3               [12]  278 	inc	dptr
      0000CF E0               [ 8]  279 	movx	a,@dptr
      0000D0 75 86 00         [12]  280 	mov	dps,#0
      0000D3 C5 F0            [ 8]  281 	xch	a, b
      0000D5 95 F0            [ 8]  282 	subb	a,b
      0000D7 A3               [12]  283 	inc	dptr
      0000D8 E0               [ 8]  284 	movx	a,@dptr
      0000D9 75 86 01         [12]  285 	mov	dps,#1
      0000DC C5 F0            [ 8]  286 	xch	a, b
      0000DE A3               [12]  287 	inc	dptr
      0000DF E0               [ 8]  288 	movx	a,@dptr
      0000E0 75 86 00         [12]  289 	mov	dps,#0
      0000E3 C5 F0            [ 8]  290 	xch	a, b
      0000E5 95 F0            [ 8]  291 	subb	a,b
      0000E7 A3               [12]  292 	inc	dptr
      0000E8 E0               [ 8]  293 	movx	a,@dptr
      0000E9 75 86 01         [12]  294 	mov	dps,#1
      0000EC C5 F0            [ 8]  295 	xch	a, b
      0000EE A3               [12]  296 	inc	dptr
      0000EF E0               [ 8]  297 	movx	a,@dptr
      0000F0 75 86 00         [12]  298 	mov	dps,#0
      0000F3 C5 F0            [ 8]  299 	xch	a, b
      0000F5 95 F0            [ 8]  300 	subb	a,b
      0000F7 A3               [12]  301 	inc	dptr
      0000F8 E0               [ 8]  302 	movx	a,@dptr
      0000F9 75 86 01         [12]  303 	mov	dps,#1
      0000FC C5 F0            [ 8]  304 	xch	a, b
      0000FE A3               [12]  305 	inc	dptr
      0000FF E0               [ 8]  306 	movx	a,@dptr
      000100 75 86 00         [12]  307 	mov	dps,#0
      000103 C5 F0            [ 8]  308 	xch	a, b
      000105 95 F0            [ 8]  309 	subb	a,b
      000107 A3               [12]  310 	inc	dptr
      000108 E0               [ 8]  311 	movx	a,@dptr
      000109 75 86 01         [12]  312 	mov	dps,#1
      00010C C5 F0            [ 8]  313 	xch	a, b
      00010E A3               [12]  314 	inc	dptr
      00010F E0               [ 8]  315 	movx	a,@dptr
      000110 75 86 00         [12]  316 	mov	dps,#0
      000113 C5 F0            [ 8]  317 	xch	a, b
      000115 95 F0            [ 8]  318 	subb	a,b
      000117 D0 02            [ 8]  319 	pop	ar2
      000119 50 4F            [12]  320 	jnc  00102$
      00011B                        321 00139$:
                                    322 ;	_modulonglong.c:53: b >>=1;
      00011B 90s00r00r00      [12]  323 	mov	dptr,#__modulonglong_PARM_2
      00011F E0               [ 8]  324 	movx	a,@dptr
      000120 FA               [ 4]  325 	mov	r2,a
      000121 A3               [12]  326 	inc	dptr
      000122 E0               [ 8]  327 	movx	a,@dptr
      000123 FB               [ 4]  328 	mov	r3,a
      000124 A3               [12]  329 	inc	dptr
      000125 E0               [ 8]  330 	movx	a,@dptr
      000126 FC               [ 4]  331 	mov	r4,a
      000127 A3               [12]  332 	inc	dptr
      000128 E0               [ 8]  333 	movx	a,@dptr
      000129 FD               [ 4]  334 	mov	r5,a
      00012A A3               [12]  335 	inc	dptr
      00012B E0               [ 8]  336 	movx	a,@dptr
      00012C FE               [ 4]  337 	mov	r6,a
      00012D A3               [12]  338 	inc	dptr
      00012E E0               [ 8]  339 	movx	a,@dptr
      00012F FF               [ 4]  340 	mov	r7,a
      000130 A3               [12]  341 	inc	dptr
      000131 E0               [ 8]  342 	movx	a,@dptr
      000132 F8               [ 4]  343 	mov	r0,a
      000133 A3               [12]  344 	inc	dptr
      000134 E0               [ 8]  345 	movx	a,@dptr
      000135 F9               [ 4]  346 	mov  r1,a
      000136 C3               [ 4]  347 	clr	c
      000137 13               [ 4]  348 	rrc	a
      000138 F9               [ 4]  349 	mov	r1,a
      000139 E8               [ 4]  350 	mov	a,r0
      00013A 13               [ 4]  351 	rrc	a
      00013B F8               [ 4]  352 	mov	r0,a
      00013C EF               [ 4]  353 	mov	a,r7
      00013D 13               [ 4]  354 	rrc	a
      00013E FF               [ 4]  355 	mov	r7,a
      00013F EE               [ 4]  356 	mov	a,r6
      000140 13               [ 4]  357 	rrc	a
      000141 FE               [ 4]  358 	mov	r6,a
      000142 ED               [ 4]  359 	mov	a,r5
      000143 13               [ 4]  360 	rrc	a
      000144 FD               [ 4]  361 	mov	r5,a
      000145 EC               [ 4]  362 	mov	a,r4
      000146 13               [ 4]  363 	rrc	a
      000147 FC               [ 4]  364 	mov	r4,a
      000148 EB               [ 4]  365 	mov	a,r3
      000149 13               [ 4]  366 	rrc	a
      00014A FB               [ 4]  367 	mov	r3,a
      00014B EA               [ 4]  368 	mov	a,r2
      00014C 13               [ 4]  369 	rrc	a
                                    370 ;	genAssign: resultIsFar = TRUE
      00014D FA               [ 4]  371 	mov  r2,a
      00014E 90s00r00r00      [12]  372 	mov  dptr,#__modulonglong_PARM_2
      000152 F0               [ 8]  373 	movx @dptr,a
      000153 A3               [12]  374 	inc	dptr
      000154 EB               [ 4]  375 	mov	a,r3
      000155 F0               [ 8]  376 	movx	@dptr,a
      000156 A3               [12]  377 	inc	dptr
      000157 EC               [ 4]  378 	mov	a,r4
      000158 F0               [ 8]  379 	movx	@dptr,a
      000159 A3               [12]  380 	inc	dptr
      00015A ED               [ 4]  381 	mov	a,r5
      00015B F0               [ 8]  382 	movx	@dptr,a
      00015C A3               [12]  383 	inc	dptr
      00015D EE               [ 4]  384 	mov	a,r6
      00015E F0               [ 8]  385 	movx	@dptr,a
      00015F A3               [12]  386 	inc	dptr
      000160 EF               [ 4]  387 	mov	a,r7
      000161 F0               [ 8]  388 	movx	@dptr,a
      000162 A3               [12]  389 	inc	dptr
      000163 E8               [ 4]  390 	mov	a,r0
      000164 F0               [ 8]  391 	movx	@dptr,a
      000165 A3               [12]  392 	inc	dptr
      000166 E9               [ 4]  393 	mov	a,r1
      000167 F0               [ 8]  394 	movx	@dptr,a
                                    395 ;	_modulonglong.c:54: break;
      000168 80 0B            [12]  396 	sjmp 00117$
      00016A                        397 00102$:
                                    398 ;	_modulonglong.c:56: count++;
      00016A 0A               [ 4]  399 	inc	r2
                                    400 ;	genAssign: resultIsFar = TRUE
      00016B 90s00r00r10      [12]  401 	mov	dptr,#__modulonglong_count_65536_2
      00016F EA               [ 4]  402 	mov	a,r2
      000170 F0               [ 8]  403 	movx	@dptr,a
      000171 02s00r00r34      [16]  404 	ljmp	00103$
                                    405 ;	_modulonglong.c:58: do
      000175                        406 00117$:
      000175 90s00r00r10      [12]  407 	mov	dptr,#__modulonglong_count_65536_2
                                    408 ;	genAssign: resultIsFar = TRUE
      000179 E0               [ 8]  409 	movx	a,@dptr
      00017A 90s00r00r11      [12]  410 	mov	dptr,#__modulonglong_sloc0_1_0
      00017E F0               [ 8]  411 	movx	@dptr,a
      00017F                        412 00108$:
                                    413 ;	_modulonglong.c:60: if (a >= b)
      00017F 90s00r00r00      [12]  414 	mov	dptr,#__modulonglong_PARM_2
      000183 75 86 01         [12]  415 	mov	dps, #1
      000186 90s00r00r08      [12]  416 	mov	dptr, #__modulonglong_a_65536_1
      00018A 15 86            [ 8]  417 	dec	dps
      00018C C3               [ 4]  418 	clr	c
      00018D 75 86 01         [12]  419 	mov	dps,#1
      000190 E0               [ 8]  420 	movx	a,@dptr
      000191 75 86 00         [12]  421 	mov	dps,#0
      000194 C5 F0            [ 8]  422 	xch	a, b
      000196 E0               [ 8]  423 	movx	a,@dptr
      000197 C5 F0            [ 8]  424 	xch	a, b
      000199 95 F0            [ 8]  425 	subb	a,b
      00019B 75 86 01         [12]  426 	mov	dps,#1
      00019E A3               [12]  427 	inc	dptr
      00019F E0               [ 8]  428 	movx	a,@dptr
      0001A0 75 86 00         [12]  429 	mov	dps,#0
      0001A3 C5 F0            [ 8]  430 	xch	a, b
      0001A5 A3               [12]  431 	inc	dptr
      0001A6 E0               [ 8]  432 	movx	a,@dptr
      0001A7 C5 F0            [ 8]  433 	xch	a, b
      0001A9 95 F0            [ 8]  434 	subb	a,b
      0001AB 75 86 01         [12]  435 	mov	dps,#1
      0001AE A3               [12]  436 	inc	dptr
      0001AF E0               [ 8]  437 	movx	a,@dptr
      0001B0 75 86 00         [12]  438 	mov	dps,#0
      0001B3 C5 F0            [ 8]  439 	xch	a, b
      0001B5 A3               [12]  440 	inc	dptr
      0001B6 E0               [ 8]  441 	movx	a,@dptr
      0001B7 C5 F0            [ 8]  442 	xch	a, b
      0001B9 95 F0            [ 8]  443 	subb	a,b
      0001BB 75 86 01         [12]  444 	mov	dps,#1
      0001BE A3               [12]  445 	inc	dptr
      0001BF E0               [ 8]  446 	movx	a,@dptr
      0001C0 75 86 00         [12]  447 	mov	dps,#0
      0001C3 C5 F0            [ 8]  448 	xch	a, b
      0001C5 A3               [12]  449 	inc	dptr
      0001C6 E0               [ 8]  450 	movx	a,@dptr
      0001C7 C5 F0            [ 8]  451 	xch	a, b
      0001C9 95 F0            [ 8]  452 	subb	a,b
      0001CB 75 86 01         [12]  453 	mov	dps,#1
      0001CE A3               [12]  454 	inc	dptr
      0001CF E0               [ 8]  455 	movx	a,@dptr
      0001D0 75 86 00         [12]  456 	mov	dps,#0
      0001D3 C5 F0            [ 8]  457 	xch	a, b
      0001D5 A3               [12]  458 	inc	dptr
      0001D6 E0               [ 8]  459 	movx	a,@dptr
      0001D7 C5 F0            [ 8]  460 	xch	a, b
      0001D9 95 F0            [ 8]  461 	subb	a,b
      0001DB 75 86 01         [12]  462 	mov	dps,#1
      0001DE A3               [12]  463 	inc	dptr
      0001DF E0               [ 8]  464 	movx	a,@dptr
      0001E0 75 86 00         [12]  465 	mov	dps,#0
      0001E3 C5 F0            [ 8]  466 	xch	a, b
      0001E5 A3               [12]  467 	inc	dptr
      0001E6 E0               [ 8]  468 	movx	a,@dptr
      0001E7 C5 F0            [ 8]  469 	xch	a, b
      0001E9 95 F0            [ 8]  470 	subb	a,b
      0001EB 75 86 01         [12]  471 	mov	dps,#1
      0001EE A3               [12]  472 	inc	dptr
      0001EF E0               [ 8]  473 	movx	a,@dptr
      0001F0 75 86 00         [12]  474 	mov	dps,#0
      0001F3 C5 F0            [ 8]  475 	xch	a, b
      0001F5 A3               [12]  476 	inc	dptr
      0001F6 E0               [ 8]  477 	movx	a,@dptr
      0001F7 C5 F0            [ 8]  478 	xch	a, b
      0001F9 95 F0            [ 8]  479 	subb	a,b
      0001FB 75 86 01         [12]  480 	mov	dps,#1
      0001FE A3               [12]  481 	inc	dptr
      0001FF E0               [ 8]  482 	movx	a,@dptr
      000200 75 86 00         [12]  483 	mov	dps,#0
      000203 C5 F0            [ 8]  484 	xch	a, b
      000205 A3               [12]  485 	inc	dptr
      000206 E0               [ 8]  486 	movx	a,@dptr
      000207 C5 F0            [ 8]  487 	xch	a, b
      000209 95 F0            [ 8]  488 	subb	a,b
      00020B 50 04            [12]  489 	jnc	00140$
      00020D 02s00r02rA1      [16]  490 	ljmp	00107$
      000211                        491 00140$:
                                    492 ;	_modulonglong.c:61: a -= b;
      000211 90s00r00r00      [12]  493 	mov	dptr,#__modulonglong_PARM_2
      000215 75 86 01         [12]  494 	mov	dps, #1
      000218 90s00r00r08      [12]  495 	mov	dptr, #__modulonglong_a_65536_1
      00021C 15 86            [ 8]  496 	dec	dps
      00021E C3               [ 4]  497 	clr	c
      00021F E0               [ 8]  498 	movx	a,@dptr
      000220 F5 F0            [ 8]  499 	mov	b,a
      000222 05 86            [ 8]  500 	inc	dps
      000224 E0               [ 8]  501 	movx	a,@dptr
      000225 95 F0            [ 8]  502 	subb	a,b
      000227 FB               [ 4]  503 	mov	r3,a
      000228 15 86            [ 8]  504 	dec	dps
      00022A A3               [12]  505 	inc	dptr
      00022B E0               [ 8]  506 	movx	a,@dptr
      00022C F5 F0            [ 8]  507 	mov	b,a
      00022E 05 86            [ 8]  508 	inc	dps
      000230 A3               [12]  509 	inc	dptr
      000231 E0               [ 8]  510 	movx	a,@dptr
      000232 95 F0            [ 8]  511 	subb	a,b
      000234 FC               [ 4]  512 	mov	r4,a
      000235 15 86            [ 8]  513 	dec	dps
      000237 A3               [12]  514 	inc	dptr
      000238 E0               [ 8]  515 	movx	a,@dptr
      000239 F5 F0            [ 8]  516 	mov	b,a
      00023B 05 86            [ 8]  517 	inc	dps
      00023D A3               [12]  518 	inc	dptr
      00023E E0               [ 8]  519 	movx	a,@dptr
      00023F 95 F0            [ 8]  520 	subb	a,b
      000241 FD               [ 4]  521 	mov	r5,a
      000242 15 86            [ 8]  522 	dec	dps
      000244 A3               [12]  523 	inc	dptr
      000245 E0               [ 8]  524 	movx	a,@dptr
      000246 F5 F0            [ 8]  525 	mov	b,a
      000248 05 86            [ 8]  526 	inc	dps
      00024A A3               [12]  527 	inc	dptr
      00024B E0               [ 8]  528 	movx	a,@dptr
      00024C 95 F0            [ 8]  529 	subb	a,b
      00024E FE               [ 4]  530 	mov	r6,a
      00024F 15 86            [ 8]  531 	dec	dps
      000251 A3               [12]  532 	inc	dptr
      000252 E0               [ 8]  533 	movx	a,@dptr
      000253 F5 F0            [ 8]  534 	mov	b,a
      000255 05 86            [ 8]  535 	inc	dps
      000257 A3               [12]  536 	inc	dptr
      000258 E0               [ 8]  537 	movx	a,@dptr
      000259 95 F0            [ 8]  538 	subb	a,b
      00025B FF               [ 4]  539 	mov	r7,a
      00025C 15 86            [ 8]  540 	dec	dps
      00025E A3               [12]  541 	inc	dptr
      00025F E0               [ 8]  542 	movx	a,@dptr
      000260 F5 F0            [ 8]  543 	mov	b,a
      000262 05 86            [ 8]  544 	inc	dps
      000264 A3               [12]  545 	inc	dptr
      000265 E0               [ 8]  546 	movx	a,@dptr
      000266 95 F0            [ 8]  547 	subb	a,b
      000268 F8               [ 4]  548 	mov	r0,a
      000269 15 86            [ 8]  549 	dec	dps
      00026B A3               [12]  550 	inc	dptr
      00026C E0               [ 8]  551 	movx	a,@dptr
      00026D F5 F0            [ 8]  552 	mov	b,a
      00026F 05 86            [ 8]  553 	inc	dps
      000271 A3               [12]  554 	inc	dptr
      000272 E0               [ 8]  555 	movx	a,@dptr
      000273 95 F0            [ 8]  556 	subb	a,b
      000275 F9               [ 4]  557 	mov	r1,a
      000276 15 86            [ 8]  558 	dec	dps
      000278 A3               [12]  559 	inc	dptr
      000279 E0               [ 8]  560 	movx	a,@dptr
      00027A F5 F0            [ 8]  561 	mov	b,a
      00027C 05 86            [ 8]  562 	inc	dps
      00027E A3               [12]  563 	inc	dptr
      00027F E0               [ 8]  564 	movx	a,@dptr
      000280 95 F0            [ 8]  565 	subb	a,b
      000282 FA               [ 4]  566 	mov	r2,a
      000283 75 86 00         [12]  567 	mov	dps,#0
                                    568 ;	genAssign: resultIsFar = TRUE
      000286 90s00r00r08      [12]  569 	mov	dptr,#__modulonglong_a_65536_1
      00028A EB               [ 4]  570 	mov	a,r3
      00028B F0               [ 8]  571 	movx	@dptr,a
      00028C A3               [12]  572 	inc	dptr
      00028D EC               [ 4]  573 	mov	a,r4
      00028E F0               [ 8]  574 	movx	@dptr,a
      00028F A3               [12]  575 	inc	dptr
      000290 ED               [ 4]  576 	mov	a,r5
      000291 F0               [ 8]  577 	movx	@dptr,a
      000292 A3               [12]  578 	inc	dptr
      000293 EE               [ 4]  579 	mov	a,r6
      000294 F0               [ 8]  580 	movx	@dptr,a
      000295 A3               [12]  581 	inc	dptr
      000296 EF               [ 4]  582 	mov	a,r7
      000297 F0               [ 8]  583 	movx	@dptr,a
      000298 A3               [12]  584 	inc	dptr
      000299 E8               [ 4]  585 	mov	a,r0
      00029A F0               [ 8]  586 	movx	@dptr,a
      00029B A3               [12]  587 	inc	dptr
      00029C E9               [ 4]  588 	mov	a,r1
      00029D F0               [ 8]  589 	movx	@dptr,a
      00029E A3               [12]  590 	inc	dptr
      00029F EA               [ 4]  591 	mov	a,r2
      0002A0 F0               [ 8]  592 	movx	@dptr,a
      0002A1                        593 00107$:
                                    594 ;	_modulonglong.c:62: b >>= 1;
      0002A1 90s00r00r00      [12]  595 	mov	dptr,#__modulonglong_PARM_2
      0002A5 E0               [ 8]  596 	movx	a,@dptr
      0002A6 FA               [ 4]  597 	mov	r2,a
      0002A7 A3               [12]  598 	inc	dptr
      0002A8 E0               [ 8]  599 	movx	a,@dptr
      0002A9 FB               [ 4]  600 	mov	r3,a
      0002AA A3               [12]  601 	inc	dptr
      0002AB E0               [ 8]  602 	movx	a,@dptr
      0002AC FC               [ 4]  603 	mov	r4,a
      0002AD A3               [12]  604 	inc	dptr
      0002AE E0               [ 8]  605 	movx	a,@dptr
      0002AF FD               [ 4]  606 	mov	r5,a
      0002B0 A3               [12]  607 	inc	dptr
      0002B1 E0               [ 8]  608 	movx	a,@dptr
      0002B2 FE               [ 4]  609 	mov	r6,a
      0002B3 A3               [12]  610 	inc	dptr
      0002B4 E0               [ 8]  611 	movx	a,@dptr
      0002B5 FF               [ 4]  612 	mov	r7,a
      0002B6 A3               [12]  613 	inc	dptr
      0002B7 E0               [ 8]  614 	movx	a,@dptr
      0002B8 F8               [ 4]  615 	mov	r0,a
      0002B9 A3               [12]  616 	inc	dptr
      0002BA E0               [ 8]  617 	movx	a,@dptr
      0002BB F9               [ 4]  618 	mov  r1,a
      0002BC C3               [ 4]  619 	clr	c
      0002BD 13               [ 4]  620 	rrc	a
      0002BE F9               [ 4]  621 	mov	r1,a
      0002BF E8               [ 4]  622 	mov	a,r0
      0002C0 13               [ 4]  623 	rrc	a
      0002C1 F8               [ 4]  624 	mov	r0,a
      0002C2 EF               [ 4]  625 	mov	a,r7
      0002C3 13               [ 4]  626 	rrc	a
      0002C4 FF               [ 4]  627 	mov	r7,a
      0002C5 EE               [ 4]  628 	mov	a,r6
      0002C6 13               [ 4]  629 	rrc	a
      0002C7 FE               [ 4]  630 	mov	r6,a
      0002C8 ED               [ 4]  631 	mov	a,r5
      0002C9 13               [ 4]  632 	rrc	a
      0002CA FD               [ 4]  633 	mov	r5,a
      0002CB EC               [ 4]  634 	mov	a,r4
      0002CC 13               [ 4]  635 	rrc	a
      0002CD FC               [ 4]  636 	mov	r4,a
      0002CE EB               [ 4]  637 	mov	a,r3
      0002CF 13               [ 4]  638 	rrc	a
      0002D0 FB               [ 4]  639 	mov	r3,a
      0002D1 EA               [ 4]  640 	mov	a,r2
      0002D2 13               [ 4]  641 	rrc	a
                                    642 ;	genAssign: resultIsFar = TRUE
      0002D3 FA               [ 4]  643 	mov  r2,a
      0002D4 90s00r00r00      [12]  644 	mov  dptr,#__modulonglong_PARM_2
      0002D8 F0               [ 8]  645 	movx @dptr,a
      0002D9 A3               [12]  646 	inc	dptr
      0002DA EB               [ 4]  647 	mov	a,r3
      0002DB F0               [ 8]  648 	movx	@dptr,a
      0002DC A3               [12]  649 	inc	dptr
      0002DD EC               [ 4]  650 	mov	a,r4
      0002DE F0               [ 8]  651 	movx	@dptr,a
      0002DF A3               [12]  652 	inc	dptr
      0002E0 ED               [ 4]  653 	mov	a,r5
      0002E1 F0               [ 8]  654 	movx	@dptr,a
      0002E2 A3               [12]  655 	inc	dptr
      0002E3 EE               [ 4]  656 	mov	a,r6
      0002E4 F0               [ 8]  657 	movx	@dptr,a
      0002E5 A3               [12]  658 	inc	dptr
      0002E6 EF               [ 4]  659 	mov	a,r7
      0002E7 F0               [ 8]  660 	movx	@dptr,a
      0002E8 A3               [12]  661 	inc	dptr
      0002E9 E8               [ 4]  662 	mov	a,r0
      0002EA F0               [ 8]  663 	movx	@dptr,a
      0002EB A3               [12]  664 	inc	dptr
      0002EC E9               [ 4]  665 	mov	a,r1
      0002ED F0               [ 8]  666 	movx	@dptr,a
                                    667 ;	_modulonglong.c:64: while (count--);
      0002EE 90s00r00r11      [12]  668 	mov	dptr,#__modulonglong_sloc0_1_0
                                    669 ;	genAssign: resultIsFar = FALSE
      0002F2 E0               [ 8]  670 	movx	a,@dptr
      0002F3 FA               [ 4]  671 	mov	r2,a
      0002F4 90s00r00r11      [12]  672 	mov	dptr,#__modulonglong_sloc0_1_0
      0002F8 E0               [ 8]  673 	movx	a,@dptr
      0002F9 14               [ 4]  674 	dec	a
      0002FA F0               [ 8]  675 	movx	@dptr,a
      0002FB EA               [ 4]  676 	mov	a,r2
      0002FC 60 04            [12]  677 	jz	00141$
      0002FE 02s00r01r7F      [16]  678 	ljmp	00108$
      000302                        679 00141$:
                                    680 ;	_modulonglong.c:66: return a;
      000302 75 86 01         [12]  681 	mov     dps, #1
      000305 90s00r00r08      [12]  682 	mov     dptr, #__modulonglong_a_65536_1
      000309 E0               [ 8]  683 	movx	a,@dptr
      00030A F5 82            [ 8]  684 	mov	dpl,a
      00030C A3               [12]  685 	inc	dptr
      00030D E0               [ 8]  686 	movx	a,@dptr
      00030E F5 83            [ 8]  687 	mov	dph,a
      000310 A3               [12]  688 	inc	dptr
      000311 E0               [ 8]  689 	movx	a,@dptr
      000312 F5 93            [ 8]  690 	mov	dpx,a
      000314 A3               [12]  691 	inc	dptr
      000315 E0               [ 8]  692 	movx	a,@dptr
      000316 F5 F0            [ 8]  693 	mov	b,a
      000318 A3               [12]  694 	inc	dptr
      000319 E0               [ 8]  695 	movx	a,@dptr
      00031A C0 E0            [ 8]  696 	push	acc
      00031C A3               [12]  697 	inc	dptr
      00031D E0               [ 8]  698 	movx	a,@dptr
      00031E FC               [ 4]  699 	mov	r4,a
      00031F A3               [12]  700 	inc	dptr
      000320 E0               [ 8]  701 	movx	a,@dptr
      000321 FD               [ 4]  702 	mov	r5,a
      000322 A3               [12]  703 	inc	dptr
      000323 E0               [ 8]  704 	movx	a,@dptr
      000324 FE               [ 4]  705 	mov	r6,a
      000325 75 86 00         [12]  706 	mov	dps,#0
      000328 D0 E0            [ 8]  707 	pop	acc
      00032A                        708 00111$:
                                    709 ;	_modulonglong.c:67: }
      00032A 22               [16]  710 	ret
                                    711 	.area CSEG    (CODE)
                                    712 	.area CONST   (CODE)
                                    713 	.area XINIT   (CODE)
                                    714 	.area CABS    (ABS,CODE)
