                                      1 ;--------------------------------------------------------
                                      2 ; File Created by SDCC : free open source ISO C Compiler 
                                      3 ; Version 4.2.14 #0 (Linux)
                                      4 ;--------------------------------------------------------
                                      5 	.module _rlslonglong
                                      6 	.optsdcc -mds400 --model-flat24
                                      7 	
                                      8 ;--------------------------------------------------------
                                      9 ; CPU specific extensions
                                     10 ;--------------------------------------------------------
                                     11 	.DS80C390
                                     12 	.amode	2	; 24 bit flat addressing
                           000082    13 dpl	=	0x82
                           000083    14 dph	=	0x83
                           000084    15 dpl1	=	0x84
                           000085    16 dph1	=	0x85
                           000086    17 dps	=	0x86
                           000093    18 dpx	=	0x93
                           000095    19 dpx1	=	0x95
                           00009B    20 esp	=	0x9B
                           00009C    21 ap	=	0x9C
                           00009C    22 acc1	=	0x9C
                           0000D1    23 mcnt0	=	0xD1
                           0000D2    24 mcnt1	=	0xD2
                           0000D3    25 ma	=	0xD3
                           0000D4    26 mb	=	0xD4
                           0000D5    27 mc	=	0xD5
                           00009D    28 acon	=	0x9D
                           0000C6    29 mcon	=	0xC6
                           0000D1    30 F1	=	0xD1	; user flag
                                     31 ;--------------------------------------------------------
                                     32 ; Public variables in this module
                                     33 ;--------------------------------------------------------
                                     34 	.globl __rlslonglong_PARM_2
                                     35 	.globl __rlslonglong
                                     36 ;--------------------------------------------------------
                                     37 ; special function registers
                                     38 ;--------------------------------------------------------
                                     39 ;--------------------------------------------------------
                                     40 ; special function bits
                                     41 ;--------------------------------------------------------
                                     42 ;--------------------------------------------------------
                                     43 ; overlayable register banks
                                     44 ;--------------------------------------------------------
                                     45 	.area REG_BANK_0	(REL,OVR,DATA)
      000000                         46 	.ds 8
                                     47 	.area REG_BANK_3	(REL,OVR,DATA)
      000000                         48 	.ds 8
                                     49 ;--------------------------------------------------------
                                     50 ; internal ram data
                                     51 ;--------------------------------------------------------
                                     52 	.area DSEG    (DATA)
                                     53 ;--------------------------------------------------------
                                     54 ; overlayable items in internal ram
                                     55 ;--------------------------------------------------------
                                     56 ;--------------------------------------------------------
                                     57 ; indirectly addressable internal ram data
                                     58 ;--------------------------------------------------------
                                     59 	.area ISEG    (DATA)
                                     60 ;--------------------------------------------------------
                                     61 ; absolute internal ram data
                                     62 ;--------------------------------------------------------
                                     63 	.area IABS    (ABS,DATA)
                                     64 	.area IABS    (ABS,DATA)
                                     65 ;--------------------------------------------------------
                                     66 ; bit data
                                     67 ;--------------------------------------------------------
                                     68 	.area BSEG    (BIT)
                                     69 ;--------------------------------------------------------
                                     70 ; paged external ram data
                                     71 ;--------------------------------------------------------
                                     72 	.area PSEG    (PAG,XDATA)
                                     73 ;--------------------------------------------------------
                                     74 ; uninitialized external ram data
                                     75 ;--------------------------------------------------------
                                     76 	.area XSEG    (XDATA)
      000000                         77 __rlslonglong_PARM_2:
      000000                         78 	.ds 1
      000001                         79 __rlslonglong_sloc0_1_0:
      000001                         80 	.ds 8
                                     81 ;--------------------------------------------------------
                                     82 ; absolute external ram data
                                     83 ;--------------------------------------------------------
                                     84 	.area XABS    (ABS,XDATA)
                                     85 ;--------------------------------------------------------
                                     86 ; initialized external ram data
                                     87 ;--------------------------------------------------------
                                     88 	.area XISEG   (XDATA)
                                     89 ;--------------------------------------------------------
                                     90 ; global & static initialisations
                                     91 ;--------------------------------------------------------
                                     92 	.area HOME    (CODE)
                                     93 	.area GSINIT  (CODE)
                                     94 	.area GSFINAL (CODE)
                                     95 	.area GSINIT  (CODE)
                                     96 ;--------------------------------------------------------
                                     97 ; Home
                                     98 ;--------------------------------------------------------
                                     99 	.area HOME    (CODE)
                                    100 	.area HOME    (CODE)
                                    101 ;--------------------------------------------------------
                                    102 ; code
                                    103 ;--------------------------------------------------------
                                    104 	.area CSEG    (CODE)
                                    105 ;------------------------------------------------------------
                                    106 ;Allocation info for local variables in function '_rlslonglong'
                                    107 ;------------------------------------------------------------
                                    108 ;s                         Allocated with name '__rlslonglong_PARM_2'
                                    109 ;l                         Allocated to registers r2 r3 r7 r0 
                                    110 ;sloc0                     Allocated with name '__rlslonglong_sloc0_1_0'
                                    111 ;------------------------------------------------------------
                                    112 ;	_rlslonglong.c:39: long long _rlslonglong(long long l, char s) __SDCC_NONBANKED
                                    113 ;	-----------------------------------------
                                    114 ;	 function _rlslonglong
                                    115 ;	-----------------------------------------
      000000                        116 __rlslonglong:
                           000002   117 	ar2 = 0x02
                           000003   118 	ar3 = 0x03
                           000004   119 	ar4 = 0x04
                           000005   120 	ar5 = 0x05
                           000006   121 	ar6 = 0x06
                           000007   122 	ar7 = 0x07
                           000000   123 	ar0 = 0x00
                           000001   124 	ar1 = 0x01
      000000 AA 82            [ 8]  125 	mov	r2,dpl
      000002 AB 83            [ 8]  126 	mov	r3,dph
      000004 AF 93            [ 8]  127 	mov	r7,dpx
      000006 A8 F0            [ 8]  128 	mov	r0,b
      000008 F9               [ 4]  129 	mov	r1,a
                                    130 ;	_rlslonglong.c:41: return((unsigned long long)(l) << s);
      000009 90s00r00r01      [12]  131 	mov	dptr,#__rlslonglong_sloc0_1_0
      00000D EA               [ 4]  132 	mov	a,r2
      00000E F0               [ 8]  133 	movx	@dptr,a
      00000F A3               [12]  134 	inc	dptr
      000010 EB               [ 4]  135 	mov	a,r3
      000011 F0               [ 8]  136 	movx	@dptr,a
      000012 A3               [12]  137 	inc	dptr
      000013 EF               [ 4]  138 	mov	a,r7
      000014 F0               [ 8]  139 	movx	@dptr,a
      000015 A3               [12]  140 	inc	dptr
      000016 E8               [ 4]  141 	mov	a,r0
      000017 F0               [ 8]  142 	movx	@dptr,a
      000018 A3               [12]  143 	inc	dptr
      000019 E9               [ 4]  144 	mov	a,r1
      00001A F0               [ 8]  145 	movx	@dptr,a
      00001B A3               [12]  146 	inc	dptr
      00001C EC               [ 4]  147 	mov	a,r4
      00001D F0               [ 8]  148 	movx	@dptr,a
      00001E A3               [12]  149 	inc	dptr
      00001F ED               [ 4]  150 	mov	a,r5
      000020 F0               [ 8]  151 	movx	@dptr,a
      000021 A3               [12]  152 	inc	dptr
      000022 EE               [ 4]  153 	mov	a,r6
      000023 F0               [ 8]  154 	movx	@dptr,a
      000024 90s00r00r00      [12]  155 	mov	dptr,#__rlslonglong_PARM_2
                                    156 ;	genAssign: resultIsFar = FALSE
      000028 E0               [ 8]  157 	movx	a,@dptr
      000029 FA               [ 4]  158 	mov	r2,a
      00002A 8A F0            [ 8]  159 	mov	b,r2
      00002C 05 F0            [ 8]  160 	inc	b
      00002E 90s00r00r01      [12]  161 	mov	dptr,#__rlslonglong_sloc0_1_0
      000032 E0               [ 8]  162 	movx	a,@dptr
      000033 FA               [ 4]  163 	mov     r2,a
      000034 A3               [12]  164 	inc	dptr
      000035 E0               [ 8]  165 	movx	a,@dptr
      000036 FB               [ 4]  166 	mov     r3,a
      000037 A3               [12]  167 	inc	dptr
      000038 E0               [ 8]  168 	movx	a,@dptr
      000039 FC               [ 4]  169 	mov     r4,a
      00003A A3               [12]  170 	inc	dptr
      00003B E0               [ 8]  171 	movx	a,@dptr
      00003C FD               [ 4]  172 	mov     r5,a
      00003D A3               [12]  173 	inc	dptr
      00003E E0               [ 8]  174 	movx	a,@dptr
      00003F FE               [ 4]  175 	mov     r6,a
      000040 A3               [12]  176 	inc	dptr
      000041 E0               [ 8]  177 	movx	a,@dptr
      000042 FF               [ 4]  178 	mov     r7,a
      000043 A3               [12]  179 	inc	dptr
      000044 E0               [ 8]  180 	movx	a,@dptr
      000045 F8               [ 4]  181 	mov     r0,a
      000046 A3               [12]  182 	inc	dptr
      000047 E0               [ 8]  183 	movx	a,@dptr
      000048 F9               [ 4]  184 	mov     r1,a
      000049 80 19            [12]  185 	sjmp	00104$
      00004B                        186 00103$:
      00004B EA               [ 4]  187 	mov	a,r2
      00004C 25 E0            [ 8]  188 	add	a,acc
      00004E FA               [ 4]  189 	mov	r2,a
      00004F EB               [ 4]  190 	mov	a,r3
      000050 33               [ 4]  191 	rlc	a
      000051 FB               [ 4]  192 	mov	r3,a
      000052 EC               [ 4]  193 	mov	a,r4
      000053 33               [ 4]  194 	rlc	a
      000054 FC               [ 4]  195 	mov	r4,a
      000055 ED               [ 4]  196 	mov	a,r5
      000056 33               [ 4]  197 	rlc	a
      000057 FD               [ 4]  198 	mov	r5,a
      000058 EE               [ 4]  199 	mov	a,r6
      000059 33               [ 4]  200 	rlc	a
      00005A FE               [ 4]  201 	mov	r6,a
      00005B EF               [ 4]  202 	mov	a,r7
      00005C 33               [ 4]  203 	rlc	a
      00005D FF               [ 4]  204 	mov	r7,a
      00005E E8               [ 4]  205 	mov	a,r0
      00005F 33               [ 4]  206 	rlc	a
      000060 F8               [ 4]  207 	mov	r0,a
      000061 E9               [ 4]  208 	mov	a,r1
      000062 33               [ 4]  209 	rlc	a
      000063 F9               [ 4]  210 	mov	r1,a
      000064                        211 00104$:
      000064 D5 F0 E4         [16]  212 	djnz	b,00103$
      000067 8A 82            [ 8]  213 	mov	dpl,r2
      000069 8B 83            [ 8]  214 	mov	dph,r3
      00006B 8C 93            [ 8]  215 	mov	dpx,r4
      00006D 8D F0            [ 8]  216 	mov	b,r5
      00006F EE               [ 4]  217 	mov	a,r6
      000070 8F 04            [ 8]  218 	mov	ar4,r7
      000072 88 05            [ 8]  219 	mov	ar5,r0
      000074 89 06            [ 8]  220 	mov	ar6,r1
      000076                        221 00101$:
                                    222 ;	_rlslonglong.c:42: }
      000076 22               [16]  223 	ret
                                    224 	.area CSEG    (CODE)
                                    225 	.area CONST   (CODE)
                                    226 	.area XINIT   (CODE)
                                    227 	.area CABS    (ABS,CODE)
