                                      1 ;--------------------------------------------------------
                                      2 ; File Created by SDCC : free open source ISO C Compiler 
                                      3 ; Version 4.2.14 #0 (Linux)
                                      4 ;--------------------------------------------------------
                                      5 	.module _rlulonglong
                                      6 	.optsdcc -mds400 --model-flat24
                                      7 	
                                      8 ;--------------------------------------------------------
                                      9 ; CPU specific extensions
                                     10 ;--------------------------------------------------------
                                     11 	.DS80C390
                                     12 	.amode	2	; 24 bit flat addressing
                           000082    13 dpl	=	0x82
                           000083    14 dph	=	0x83
                           000084    15 dpl1	=	0x84
                           000085    16 dph1	=	0x85
                           000086    17 dps	=	0x86
                           000093    18 dpx	=	0x93
                           000095    19 dpx1	=	0x95
                           00009B    20 esp	=	0x9B
                           00009C    21 ap	=	0x9C
                           00009C    22 acc1	=	0x9C
                           0000D1    23 mcnt0	=	0xD1
                           0000D2    24 mcnt1	=	0xD2
                           0000D3    25 ma	=	0xD3
                           0000D4    26 mb	=	0xD4
                           0000D5    27 mc	=	0xD5
                           00009D    28 acon	=	0x9D
                           0000C6    29 mcon	=	0xC6
                           0000D1    30 F1	=	0xD1	; user flag
                                     31 ;--------------------------------------------------------
                                     32 ; Public variables in this module
                                     33 ;--------------------------------------------------------
                                     34 	.globl __rlulonglong_PARM_2
                                     35 	.globl __rlulonglong
                                     36 ;--------------------------------------------------------
                                     37 ; special function registers
                                     38 ;--------------------------------------------------------
                                     39 ;--------------------------------------------------------
                                     40 ; special function bits
                                     41 ;--------------------------------------------------------
                                     42 ;--------------------------------------------------------
                                     43 ; overlayable register banks
                                     44 ;--------------------------------------------------------
                                     45 	.area REG_BANK_0	(REL,OVR,DATA)
      000000                         46 	.ds 8
                                     47 	.area REG_BANK_3	(REL,OVR,DATA)
      000000                         48 	.ds 8
                                     49 ;--------------------------------------------------------
                                     50 ; internal ram data
                                     51 ;--------------------------------------------------------
                                     52 	.area DSEG    (DATA)
                                     53 ;--------------------------------------------------------
                                     54 ; overlayable items in internal ram
                                     55 ;--------------------------------------------------------
                                     56 ;--------------------------------------------------------
                                     57 ; indirectly addressable internal ram data
                                     58 ;--------------------------------------------------------
                                     59 	.area ISEG    (DATA)
                                     60 ;--------------------------------------------------------
                                     61 ; absolute internal ram data
                                     62 ;--------------------------------------------------------
                                     63 	.area IABS    (ABS,DATA)
                                     64 	.area IABS    (ABS,DATA)
                                     65 ;--------------------------------------------------------
                                     66 ; bit data
                                     67 ;--------------------------------------------------------
                                     68 	.area BSEG    (BIT)
                                     69 ;--------------------------------------------------------
                                     70 ; paged external ram data
                                     71 ;--------------------------------------------------------
                                     72 	.area PSEG    (PAG,XDATA)
                                     73 ;--------------------------------------------------------
                                     74 ; uninitialized external ram data
                                     75 ;--------------------------------------------------------
                                     76 	.area XSEG    (XDATA)
      000000                         77 __rlulonglong_PARM_2:
      000000                         78 	.ds 1
      000001                         79 __rlulonglong_l_65536_8:
      000001                         80 	.ds 8
      000009                         81 __rlulonglong_top_65536_9:
      000009                         82 	.ds 4
      00000D                         83 __rlulonglong_middle_65536_9:
      00000D                         84 	.ds 4
      000011                         85 __rlulonglong_bottom_65536_9:
      000011                         86 	.ds 4
      000015                         87 __rlulonglong_b_65536_9:
      000015                         88 	.ds 4
      000019                         89 __rlulonglong_sloc0_1_0:
      000019                         90 	.ds 4
                                     91 ;--------------------------------------------------------
                                     92 ; absolute external ram data
                                     93 ;--------------------------------------------------------
                                     94 	.area XABS    (ABS,XDATA)
                                     95 ;--------------------------------------------------------
                                     96 ; initialized external ram data
                                     97 ;--------------------------------------------------------
                                     98 	.area XISEG   (XDATA)
                                     99 ;--------------------------------------------------------
                                    100 ; global & static initialisations
                                    101 ;--------------------------------------------------------
                                    102 	.area HOME    (CODE)
                                    103 	.area GSINIT  (CODE)
                                    104 	.area GSFINAL (CODE)
                                    105 	.area GSINIT  (CODE)
                                    106 ;--------------------------------------------------------
                                    107 ; Home
                                    108 ;--------------------------------------------------------
                                    109 	.area HOME    (CODE)
                                    110 	.area HOME    (CODE)
                                    111 ;--------------------------------------------------------
                                    112 ; code
                                    113 ;--------------------------------------------------------
                                    114 	.area CSEG    (CODE)
                                    115 ;------------------------------------------------------------
                                    116 ;Allocation info for local variables in function '_rlulonglong'
                                    117 ;------------------------------------------------------------
                                    118 ;s                         Allocated with name '__rlulonglong_PARM_2'
                                    119 ;l                         Allocated with name '__rlulonglong_l_65536_8'
                                    120 ;top                       Allocated with name '__rlulonglong_top_65536_9'
                                    121 ;middle                    Allocated with name '__rlulonglong_middle_65536_9'
                                    122 ;bottom                    Allocated with name '__rlulonglong_bottom_65536_9'
                                    123 ;b                         Allocated with name '__rlulonglong_b_65536_9'
                                    124 ;sloc0                     Allocated with name '__rlulonglong_sloc0_1_0'
                                    125 ;------------------------------------------------------------
                                    126 ;	_rlulonglong.c:67: unsigned long long _rlulonglong(unsigned long long l, char s) __SDCC_NONBANKED
                                    127 ;	-----------------------------------------
                                    128 ;	 function _rlulonglong
                                    129 ;	-----------------------------------------
      000000                        130 __rlulonglong:
                           000002   131 	ar2 = 0x02
                           000003   132 	ar3 = 0x03
                           000004   133 	ar4 = 0x04
                           000005   134 	ar5 = 0x05
                           000006   135 	ar6 = 0x06
                           000007   136 	ar7 = 0x07
                           000000   137 	ar0 = 0x00
                           000001   138 	ar1 = 0x01
      000000 75 86 01         [12]  139 	mov	dps, #1
      000003 90s00r00r01      [12]  140 	mov	dptr, #__rlulonglong_l_65536_8
      000007 15 86            [ 8]  141 	dec	dps
                                    142 ;	assignResultValue special case for ACC.
      000009 C0 E0            [ 8]  143 	push	acc
      00000B 05 86            [ 8]  144 	inc	dps
      00000D E5 82            [ 8]  145 	mov	a,dpl
      00000F F0               [ 8]  146 	movx	@dptr,a
      000010 A3               [12]  147 	inc	dptr
      000011 E5 83            [ 8]  148 	mov	a,dph
      000013 F0               [ 8]  149 	movx	@dptr,a
      000014 A3               [12]  150 	inc	dptr
      000015 E5 93            [ 8]  151 	mov	a,dpx
      000017 F0               [ 8]  152 	movx	@dptr,a
      000018 A3               [12]  153 	inc	dptr
      000019 E5 F0            [ 8]  154 	mov	a,b
      00001B F0               [ 8]  155 	movx	@dptr,a
      00001C D0 E0            [ 8]  156 	pop	acc
      00001E A3               [12]  157 	inc	dptr
      00001F F0               [ 8]  158 	movx	@dptr,a
      000020 A3               [12]  159 	inc	dptr
      000021 EC               [ 4]  160 	mov	a,r4
      000022 F0               [ 8]  161 	movx	@dptr,a
      000023 A3               [12]  162 	inc	dptr
      000024 ED               [ 4]  163 	mov	a,r5
      000025 F0               [ 8]  164 	movx	@dptr,a
      000026 A3               [12]  165 	inc	dptr
      000027 EE               [ 4]  166 	mov	a,r6
      000028 F0               [ 8]  167 	movx	@dptr,a
      000029 75 86 00         [12]  168 	mov	dps,#0
                                    169 ;	_rlulonglong.c:69: uint32_t *const top = (uint32_t *)((char *)(&l) + 4);
      00002C 90s00r00r09      [12]  170 	mov	dptr,#__rlulonglong_top_65536_9
      000030 74r05            [ 8]  171 	mov	a,#(__rlulonglong_l_65536_8 + 0x000004)
      000032 F0               [ 8]  172 	movx	@dptr,a
      000033 A3               [12]  173 	inc	dptr
      000034 74s00            [ 8]  174 	mov	a,#((__rlulonglong_l_65536_8 + 0x000004) >> 8)
      000036 F0               [ 8]  175 	movx	@dptr,a
      000037 A3               [12]  176 	inc	dptr
      000038 74s00            [ 8]  177 	mov	a,#((__rlulonglong_l_65536_8 + 0x000004) >> 16)
      00003A F0               [ 8]  178 	movx	@dptr,a
      00003B A3               [12]  179 	inc	dptr
      00003C E4               [ 4]  180 	clr	a
      00003D F0               [ 8]  181 	movx	@dptr,a
                                    182 ;	_rlulonglong.c:70: uint16_t *const middle = (uint16_t *)((char *)(&l) + 2);
      00003E 90s00r00r0D      [12]  183 	mov	dptr,#__rlulonglong_middle_65536_9
      000042 74r03            [ 8]  184 	mov	a,#(__rlulonglong_l_65536_8 + 0x000002)
      000044 F0               [ 8]  185 	movx	@dptr,a
      000045 A3               [12]  186 	inc	dptr
      000046 74s00            [ 8]  187 	mov	a,#((__rlulonglong_l_65536_8 + 0x000002) >> 8)
      000048 F0               [ 8]  188 	movx	@dptr,a
      000049 A3               [12]  189 	inc	dptr
      00004A 74s00            [ 8]  190 	mov	a,#((__rlulonglong_l_65536_8 + 0x000002) >> 16)
      00004C F0               [ 8]  191 	movx	@dptr,a
      00004D A3               [12]  192 	inc	dptr
      00004E E4               [ 4]  193 	clr	a
      00004F F0               [ 8]  194 	movx	@dptr,a
                                    195 ;	_rlulonglong.c:71: uint32_t *const bottom = (uint32_t *)(&l);
      000050 7Er01            [ 8]  196 	mov	r6,#__rlulonglong_l_65536_8
      000052 7Fs00            [ 8]  197 	mov	r7,#(__rlulonglong_l_65536_8 >> 8)
      000054 78s00            [ 8]  198 	mov	r0,#(__rlulonglong_l_65536_8 >> 16)
      000056 90s00r00r11      [12]  199 	mov	dptr,#__rlulonglong_bottom_65536_9
      00005A EE               [ 4]  200 	mov	a,r6
      00005B F0               [ 8]  201 	movx	@dptr,a
      00005C A3               [12]  202 	inc	dptr
      00005D EF               [ 4]  203 	mov	a,r7
      00005E F0               [ 8]  204 	movx	@dptr,a
      00005F A3               [12]  205 	inc	dptr
      000060 E8               [ 4]  206 	mov	a,r0
      000061 F0               [ 8]  207 	movx	@dptr,a
      000062 A3               [12]  208 	inc	dptr
      000063 E4               [ 4]  209 	clr	a
      000064 F0               [ 8]  210 	movx	@dptr,a
                                    211 ;	_rlulonglong.c:72: uint16_t *const b = (uint16_t *)(&l);
      000065 7Er01            [ 8]  212 	mov	r6,#__rlulonglong_l_65536_8
      000067 7Fs00            [ 8]  213 	mov	r7,#(__rlulonglong_l_65536_8 >> 8)
      000069 78s00            [ 8]  214 	mov	r0,#(__rlulonglong_l_65536_8 >> 16)
      00006B 90s00r00r15      [12]  215 	mov	dptr,#__rlulonglong_b_65536_9
      00006F EE               [ 4]  216 	mov	a,r6
      000070 F0               [ 8]  217 	movx	@dptr,a
      000071 A3               [12]  218 	inc	dptr
      000072 EF               [ 4]  219 	mov	a,r7
      000073 F0               [ 8]  220 	movx	@dptr,a
      000074 A3               [12]  221 	inc	dptr
      000075 E8               [ 4]  222 	mov	a,r0
      000076 F0               [ 8]  223 	movx	@dptr,a
      000077 A3               [12]  224 	inc	dptr
      000078 E4               [ 4]  225 	clr	a
      000079 F0               [ 8]  226 	movx	@dptr,a
                                    227 ;	_rlulonglong.c:82: (*top) <<= s;
      00007A                        228 00103$:
                                    229 ;	_rlulonglong.c:74: for(;s >= 16; s-= 16)
      00007A 90s00r00r00      [12]  230 	mov	dptr,#__rlulonglong_PARM_2
      00007E E0               [ 8]  231 	movx	a,@dptr
      00007F B4 10 00         [16]  232 	cjne	a,#0x10,00115$
      000082                        233 00115$:
      000082 50 04            [12]  234 	jnc	00116$
      000084 02s00r01rD4      [16]  235 	ljmp	00101$
      000088                        236 00116$:
                                    237 ;	_rlulonglong.c:76: b[3] = b[2];
      000088 90s00r00r15      [12]  238 	mov	dptr,#__rlulonglong_b_65536_9
      00008C 75 86 01         [12]  239 	mov	dps, #1
      00008F 90s00r00r19      [12]  240 	mov	dptr, #__rlulonglong_sloc0_1_0
      000093 15 86            [ 8]  241 	dec	dps
      000095 E0               [ 8]  242 	movx	a,@dptr
      000096 24 06            [ 8]  243 	add	a,#0x06
      000098 05 86            [ 8]  244 	inc	dps
      00009A F0               [ 8]  245 	movx	@dptr,a
      00009B 15 86            [ 8]  246 	dec	dps
      00009D A3               [12]  247 	inc	dptr
      00009E E0               [ 8]  248 	movx	a,@dptr
      00009F 34 00            [ 8]  249 	addc	a,#0x00
      0000A1 05 86            [ 8]  250 	inc	dps
      0000A3 A3               [12]  251 	inc	dptr
      0000A4 F0               [ 8]  252 	movx	@dptr,a
      0000A5 15 86            [ 8]  253 	dec	dps
      0000A7 A3               [12]  254 	inc	dptr
      0000A8 E0               [ 8]  255 	movx	a,@dptr
      0000A9 34 00            [ 8]  256 	addc	a,#0x00
      0000AB 05 86            [ 8]  257 	inc	dps
      0000AD A3               [12]  258 	inc	dptr
      0000AE F0               [ 8]  259 	movx	@dptr,a
      0000AF 75 86 00         [12]  260 	mov	dps,#0
      0000B2 A3               [12]  261 	inc	dptr
      0000B3 E0               [ 8]  262 	movx	a,@dptr
      0000B4 75 86 01         [12]  263 	mov	dps,#1
      0000B7 A3               [12]  264 	inc	dptr
      0000B8 F0               [ 8]  265 	movx	@dptr,a
      0000B9 75 86 00         [12]  266 	mov	dps,#0
      0000BC 90s00r00r15      [12]  267 	mov	dptr,#__rlulonglong_b_65536_9
      0000C0 E0               [ 8]  268 	movx	a,@dptr
      0000C1 24 04            [ 8]  269 	add	a,#0x04
      0000C3 FE               [ 4]  270 	mov	r6,a
      0000C4 A3               [12]  271 	inc	dptr
      0000C5 E0               [ 8]  272 	movx	a,@dptr
      0000C6 34 00            [ 8]  273 	addc	a,#0x00
      0000C8 FF               [ 4]  274 	mov	r7,a
      0000C9 A3               [12]  275 	inc	dptr
      0000CA E0               [ 8]  276 	movx	a,@dptr
      0000CB 34 00            [ 8]  277 	addc	a,#0x00
      0000CD F8               [ 4]  278 	mov	r0,a
      0000CE A3               [12]  279 	inc	dptr
      0000CF E0               [ 8]  280 	movx	a,@dptr
      0000D0 F9               [ 4]  281 	mov	r1,a
      0000D1 8E 82            [ 8]  282 	mov	dpl,r6
      0000D3 8F 83            [ 8]  283 	mov	dph,r7
      0000D5 88 93            [ 8]  284 	mov	dpx,r0
      0000D7 89 F0            [ 8]  285 	mov	b,r1
      0000D9 12s00r00r00      [16]  286 	lcall	__gptrgetWord
      0000DD FA               [ 4]  287 	mov	r2,a
      0000DE AB 9C            [ 8]  288 	mov	r3,acc1
      0000E0 90s00r00r19      [12]  289 	mov	dptr,#__rlulonglong_sloc0_1_0
      0000E4 E0               [ 8]  290 	movx	a,@dptr
      0000E5 C0 E0            [ 8]  291 	push	acc
      0000E7 A3               [12]  292 	inc	dptr
      0000E8 E0               [ 8]  293 	movx	a,@dptr
      0000E9 C0 E0            [ 8]  294 	push	acc
      0000EB A3               [12]  295 	inc	dptr
      0000EC E0               [ 8]  296 	movx	a,@dptr
      0000ED C0 E0            [ 8]  297 	push	acc
      0000EF A3               [12]  298 	inc	dptr
      0000F0 E0               [ 8]  299 	movx	a,@dptr
      0000F1 F5 F0            [ 8]  300 	mov	b,a
      0000F3 D0 93            [ 8]  301 	pop	dpx
      0000F5 D0 83            [ 8]  302 	pop	dph
      0000F7 D0 82            [ 8]  303 	pop	dpl
      0000F9 8A 9C            [ 8]  304 	mov	acc1, r2
      0000FB EB               [ 4]  305 	mov	a,r3
      0000FC 12s00r00r00      [16]  306 	lcall	__gptrputWord
                                    307 ;	_rlulonglong.c:77: b[2] = b[1];
      000100 90s00r00r15      [12]  308 	mov	dptr,#__rlulonglong_b_65536_9
      000104 75 86 01         [12]  309 	mov	dps, #1
      000107 90s00r00r19      [12]  310 	mov	dptr, #__rlulonglong_sloc0_1_0
      00010B 15 86            [ 8]  311 	dec	dps
      00010D E0               [ 8]  312 	movx	a,@dptr
      00010E 24 02            [ 8]  313 	add	a,#0x02
      000110 05 86            [ 8]  314 	inc	dps
      000112 F0               [ 8]  315 	movx	@dptr,a
      000113 15 86            [ 8]  316 	dec	dps
      000115 A3               [12]  317 	inc	dptr
      000116 E0               [ 8]  318 	movx	a,@dptr
      000117 34 00            [ 8]  319 	addc	a,#0x00
      000119 05 86            [ 8]  320 	inc	dps
      00011B A3               [12]  321 	inc	dptr
      00011C F0               [ 8]  322 	movx	@dptr,a
      00011D 15 86            [ 8]  323 	dec	dps
      00011F A3               [12]  324 	inc	dptr
      000120 E0               [ 8]  325 	movx	a,@dptr
      000121 34 00            [ 8]  326 	addc	a,#0x00
      000123 05 86            [ 8]  327 	inc	dps
      000125 A3               [12]  328 	inc	dptr
      000126 F0               [ 8]  329 	movx	@dptr,a
      000127 75 86 00         [12]  330 	mov	dps,#0
      00012A A3               [12]  331 	inc	dptr
      00012B E0               [ 8]  332 	movx	a,@dptr
      00012C 75 86 01         [12]  333 	mov	dps,#1
      00012F A3               [12]  334 	inc	dptr
      000130 F0               [ 8]  335 	movx	@dptr,a
      000131 75 86 00         [12]  336 	mov	dps,#0
      000134 90s00r00r19      [12]  337 	mov	dptr,#__rlulonglong_sloc0_1_0
      000138 E0               [ 8]  338 	movx	a,@dptr
      000139 C0 E0            [ 8]  339 	push	acc
      00013B A3               [12]  340 	inc	dptr
      00013C E0               [ 8]  341 	movx	a,@dptr
      00013D C0 E0            [ 8]  342 	push	acc
      00013F A3               [12]  343 	inc	dptr
      000140 E0               [ 8]  344 	movx	a,@dptr
      000141 C0 E0            [ 8]  345 	push	acc
      000143 A3               [12]  346 	inc	dptr
      000144 E0               [ 8]  347 	movx	a,@dptr
      000145 F5 F0            [ 8]  348 	mov	b,a
      000147 D0 93            [ 8]  349 	pop	dpx
      000149 D0 83            [ 8]  350 	pop	dph
      00014B D0 82            [ 8]  351 	pop	dpl
      00014D 12s00r00r00      [16]  352 	lcall	__gptrgetWord
      000151 FA               [ 4]  353 	mov	r2,a
      000152 AB 9C            [ 8]  354 	mov	r3,acc1
      000154 8E 82            [ 8]  355 	mov	dpl,r6
      000156 8F 83            [ 8]  356 	mov	dph,r7
      000158 88 93            [ 8]  357 	mov	dpx,r0
      00015A 89 F0            [ 8]  358 	mov	b,r1
      00015C 8A 9C            [ 8]  359 	mov	acc1, r2
      00015E EB               [ 4]  360 	mov	a,r3
      00015F 12s00r00r00      [16]  361 	lcall	__gptrputWord
                                    362 ;	_rlulonglong.c:78: b[1] = b[0];
      000163 90s00r00r15      [12]  363 	mov	dptr,#__rlulonglong_b_65536_9
      000167 E0               [ 8]  364 	movx	a,@dptr
      000168 C0 E0            [ 8]  365 	push	acc
      00016A A3               [12]  366 	inc	dptr
      00016B E0               [ 8]  367 	movx	a,@dptr
      00016C C0 E0            [ 8]  368 	push	acc
      00016E A3               [12]  369 	inc	dptr
      00016F E0               [ 8]  370 	movx	a,@dptr
      000170 C0 E0            [ 8]  371 	push	acc
      000172 A3               [12]  372 	inc	dptr
      000173 E0               [ 8]  373 	movx	a,@dptr
      000174 F5 F0            [ 8]  374 	mov	b,a
      000176 D0 93            [ 8]  375 	pop	dpx
      000178 D0 83            [ 8]  376 	pop	dph
      00017A D0 82            [ 8]  377 	pop	dpl
      00017C 12s00r00r00      [16]  378 	lcall	__gptrgetWord
      000180 FA               [ 4]  379 	mov	r2,a
      000181 AB 9C            [ 8]  380 	mov	r3,acc1
      000183 90s00r00r19      [12]  381 	mov	dptr,#__rlulonglong_sloc0_1_0
      000187 E0               [ 8]  382 	movx	a,@dptr
      000188 C0 E0            [ 8]  383 	push	acc
      00018A A3               [12]  384 	inc	dptr
      00018B E0               [ 8]  385 	movx	a,@dptr
      00018C C0 E0            [ 8]  386 	push	acc
      00018E A3               [12]  387 	inc	dptr
      00018F E0               [ 8]  388 	movx	a,@dptr
      000190 C0 E0            [ 8]  389 	push	acc
      000192 A3               [12]  390 	inc	dptr
      000193 E0               [ 8]  391 	movx	a,@dptr
      000194 F5 F0            [ 8]  392 	mov	b,a
      000196 D0 93            [ 8]  393 	pop	dpx
      000198 D0 83            [ 8]  394 	pop	dph
      00019A D0 82            [ 8]  395 	pop	dpl
      00019C 8A 9C            [ 8]  396 	mov	acc1, r2
      00019E EB               [ 4]  397 	mov	a,r3
      00019F 12s00r00r00      [16]  398 	lcall	__gptrputWord
                                    399 ;	_rlulonglong.c:79: b[0] = 0;
      0001A3 90s00r00r15      [12]  400 	mov	dptr,#__rlulonglong_b_65536_9
      0001A7 E0               [ 8]  401 	movx	a,@dptr
      0001A8 C0 E0            [ 8]  402 	push	acc
      0001AA A3               [12]  403 	inc	dptr
      0001AB E0               [ 8]  404 	movx	a,@dptr
      0001AC C0 E0            [ 8]  405 	push	acc
      0001AE A3               [12]  406 	inc	dptr
      0001AF E0               [ 8]  407 	movx	a,@dptr
      0001B0 C0 E0            [ 8]  408 	push	acc
      0001B2 A3               [12]  409 	inc	dptr
      0001B3 E0               [ 8]  410 	movx	a,@dptr
      0001B4 F5 F0            [ 8]  411 	mov	b,a
      0001B6 D0 93            [ 8]  412 	pop	dpx
      0001B8 D0 83            [ 8]  413 	pop	dph
      0001BA D0 82            [ 8]  414 	pop	dpl
      0001BC E4               [ 4]  415 	clr  a
      0001BD F5 9C            [ 8]  416 	mov  acc1,a
      0001BF 12s00r00r00      [16]  417 	lcall	__gptrputWord
                                    418 ;	_rlulonglong.c:74: for(;s >= 16; s-= 16)
      0001C3 90s00r00r00      [12]  419 	mov	dptr,#__rlulonglong_PARM_2
      0001C7 E0               [ 8]  420 	movx	a,@dptr
      0001C8 FA               [ 4]  421 	mov  r2,a
      0001C9 24 F0            [ 8]  422 	add	a,#0xf0
                                    423 ;	genAssign: resultIsFar = TRUE
      0001CB 90s00r00r00      [12]  424 	mov	dptr,#__rlulonglong_PARM_2
      0001CF F0               [ 8]  425 	movx	@dptr,a
      0001D0 02s00r00r7A      [16]  426 	ljmp	00103$
      0001D4                        427 00101$:
                                    428 ;	_rlulonglong.c:82: (*top) <<= s;
      0001D4 90s00r00r09      [12]  429 	mov	dptr,#__rlulonglong_top_65536_9
      0001D8 E0               [ 8]  430 	movx	a,@dptr
      0001D9 C0 E0            [ 8]  431 	push	acc
      0001DB A3               [12]  432 	inc	dptr
      0001DC E0               [ 8]  433 	movx	a,@dptr
      0001DD C0 E0            [ 8]  434 	push	acc
      0001DF A3               [12]  435 	inc	dptr
      0001E0 E0               [ 8]  436 	movx	a,@dptr
      0001E1 C0 E0            [ 8]  437 	push	acc
      0001E3 A3               [12]  438 	inc	dptr
      0001E4 E0               [ 8]  439 	movx	a,@dptr
      0001E5 F5 F0            [ 8]  440 	mov	b,a
      0001E7 D0 93            [ 8]  441 	pop	dpx
      0001E9 D0 83            [ 8]  442 	pop	dph
      0001EB D0 82            [ 8]  443 	pop	dpl
      0001ED 12s00r00r00      [16]  444 	lcall	__gptrgetWord
      0001F1 FE               [ 4]  445 	mov	r6,a
      0001F2 AF 9C            [ 8]  446 	mov	r7,acc1
      0001F4 A3               [12]  447 	inc	dptr
      0001F5 12s00r00r00      [16]  448 	lcall	__gptrgetWord
      0001F9 F8               [ 4]  449 	mov	r0,a
      0001FA A9 9C            [ 8]  450 	mov	r1,acc1
      0001FC 90s00r00r00      [12]  451 	mov	dptr,#__rlulonglong_PARM_2
                                    452 ;	genAssign: resultIsFar = FALSE
      000200 E0               [ 8]  453 	movx	a,@dptr
      000201 FA               [ 4]  454 	mov	r2,a
      000202 8A F0            [ 8]  455 	mov	b,r2
      000204 05 F0            [ 8]  456 	inc	b
      000206 90s00r00r19      [12]  457 	mov	dptr,#__rlulonglong_sloc0_1_0
      00020A EE               [ 4]  458 	mov  a,r6
      00020B F0               [ 8]  459 	movx	@dptr,a
      00020C A3               [12]  460 	inc	dptr
      00020D EF               [ 4]  461 	mov  a,r7
      00020E F0               [ 8]  462 	movx	@dptr,a
      00020F A3               [12]  463 	inc	dptr
      000210 E8               [ 4]  464 	mov  a,r0
      000211 F0               [ 8]  465 	movx	@dptr,a
      000212 A3               [12]  466 	inc	dptr
      000213 E9               [ 4]  467 	mov  a,r1
      000214 F0               [ 8]  468 	movx	@dptr,a
      000215 12s00r00r00      [16]  469 	lcall	__decdptr
      000219 12s00r00r00      [16]  470 	lcall	__decdptr
      00021D 12s00r00r00      [16]  471 	lcall	__decdptr
      000221 80 1C            [12]  472 	sjmp	00118$
      000223                        473 00117$:
      000223 E0               [ 8]  474 	movx	a,@dptr
      000224 25 E0            [ 8]  475 	add	a,acc
      000226 F0               [ 8]  476 	movx	@dptr,a
      000227 A3               [12]  477 	inc	dptr
      000228 E0               [ 8]  478 	movx	a,@dptr
      000229 33               [ 4]  479 	rlc	a
      00022A F0               [ 8]  480 	movx	@dptr,a
      00022B A3               [12]  481 	inc	dptr
      00022C E0               [ 8]  482 	movx	a,@dptr
      00022D 33               [ 4]  483 	rlc	a
      00022E F0               [ 8]  484 	movx	@dptr,a
      00022F A3               [12]  485 	inc	dptr
      000230 E0               [ 8]  486 	movx	a,@dptr
      000231 33               [ 4]  487 	rlc	a
      000232 F0               [ 8]  488 	movx	@dptr,a
      000233 12s00r00r00      [16]  489 	lcall	__decdptr
      000237 12s00r00r00      [16]  490 	lcall	__decdptr
      00023B 12s00r00r00      [16]  491 	lcall	__decdptr
      00023F                        492 00118$:
      00023F D5 F0 E1         [16]  493 	djnz	b,00117$
      000242 90s00r00r09      [12]  494 	mov	dptr,#__rlulonglong_top_65536_9
      000246 E0               [ 8]  495 	movx	a,@dptr
      000247 C0 E0            [ 8]  496 	push	acc
      000249 A3               [12]  497 	inc	dptr
      00024A E0               [ 8]  498 	movx	a,@dptr
      00024B C0 E0            [ 8]  499 	push	acc
      00024D A3               [12]  500 	inc	dptr
      00024E E0               [ 8]  501 	movx	a,@dptr
      00024F C0 E0            [ 8]  502 	push	acc
      000251 A3               [12]  503 	inc	dptr
      000252 E0               [ 8]  504 	movx	a,@dptr
      000253 F5 F0            [ 8]  505 	mov	b,a
      000255 D0 93            [ 8]  506 	pop	dpx
      000257 D0 83            [ 8]  507 	pop	dph
      000259 D0 82            [ 8]  508 	pop	dpl
      00025B 75 86 01         [12]  509 	mov     dps, #1
      00025E 90s00r00r19      [12]  510 	mov     dptr, #__rlulonglong_sloc0_1_0
      000262 E0               [ 8]  511 	movx	a,@dptr
      000263 F5 9C            [ 8]  512 	mov	acc1, a
      000265 A3               [12]  513 	inc	dptr
      000266 E0               [ 8]  514 	movx	a,@dptr
      000267 15 86            [ 8]  515 	dec	dps
      000269 12s00r00r00      [16]  516 	lcall	__gptrputWord
      00026D A3               [12]  517 	inc	dptr
      00026E 05 86            [ 8]  518 	inc	dps
      000270 A3               [12]  519 	inc	dptr
      000271 E0               [ 8]  520 	movx	a,@dptr
      000272 F5 9C            [ 8]  521 	mov	acc1, a
      000274 A3               [12]  522 	inc	dptr
      000275 E0               [ 8]  523 	movx	a,@dptr
      000276 15 86            [ 8]  524 	dec	dps
      000278 12s00r00r00      [16]  525 	lcall	__gptrputWord
                                    526 ;	_rlulonglong.c:83: (*top) |= (((uint32_t)((*middle) & 0xffffu) << s) >> 16);
      00027C 90s00r00r0D      [12]  527 	mov	dptr,#__rlulonglong_middle_65536_9
      000280 E0               [ 8]  528 	movx	a,@dptr
      000281 C0 E0            [ 8]  529 	push	acc
      000283 A3               [12]  530 	inc	dptr
      000284 E0               [ 8]  531 	movx	a,@dptr
      000285 C0 E0            [ 8]  532 	push	acc
      000287 A3               [12]  533 	inc	dptr
      000288 E0               [ 8]  534 	movx	a,@dptr
      000289 C0 E0            [ 8]  535 	push	acc
      00028B A3               [12]  536 	inc	dptr
      00028C E0               [ 8]  537 	movx	a,@dptr
      00028D F5 F0            [ 8]  538 	mov	b,a
      00028F D0 93            [ 8]  539 	pop	dpx
      000291 D0 83            [ 8]  540 	pop	dph
      000293 D0 82            [ 8]  541 	pop	dpl
      000295 12s00r00r00      [16]  542 	lcall	__gptrgetWord
      000299 FB               [ 4]  543 	mov	r3,a
      00029A AC 9C            [ 8]  544 	mov	r4,acc1
      00029C 7D 00            [ 8]  545 	mov	r5,#0x00
      00029E 7E 00            [ 8]  546 	mov	r6,#0x00
      0002A0 8A F0            [ 8]  547 	mov	b,r2
      0002A2 05 F0            [ 8]  548 	inc	b
      0002A4 80 0D            [12]  549 	sjmp	00120$
      0002A6                        550 00119$:
      0002A6 EB               [ 4]  551 	mov	a,r3
      0002A7 25 E0            [ 8]  552 	add	a,acc
      0002A9 FB               [ 4]  553 	mov	r3,a
      0002AA EC               [ 4]  554 	mov	a,r4
      0002AB 33               [ 4]  555 	rlc	a
      0002AC FC               [ 4]  556 	mov	r4,a
      0002AD ED               [ 4]  557 	mov	a,r5
      0002AE 33               [ 4]  558 	rlc	a
      0002AF FD               [ 4]  559 	mov	r5,a
      0002B0 EE               [ 4]  560 	mov	a,r6
      0002B1 33               [ 4]  561 	rlc	a
      0002B2 FE               [ 4]  562 	mov	r6,a
      0002B3                        563 00120$:
      0002B3 D5 F0 F0         [16]  564 	djnz	b,00119$
      0002B6 8D 03            [ 8]  565 	mov	ar3,r5
      0002B8 8E 04            [ 8]  566 	mov	ar4,r6
      0002BA 7D 00            [ 8]  567 	mov	r5,#0x00
      0002BC 7E 00            [ 8]  568 	mov	r6,#0x00
      0002BE 90s00r00r19      [12]  569 	mov	dptr,#__rlulonglong_sloc0_1_0
      0002C2 E0               [ 8]  570 	movx	a,@dptr
      0002C3 42 03            [ 8]  571 	orl	ar3,a
      0002C5 A3               [12]  572 	inc	dptr
      0002C6 E0               [ 8]  573 	movx	a,@dptr
      0002C7 42 04            [ 8]  574 	orl	ar4,a
      0002C9 A3               [12]  575 	inc	dptr
      0002CA E0               [ 8]  576 	movx	a,@dptr
      0002CB 42 05            [ 8]  577 	orl	ar5,a
      0002CD A3               [12]  578 	inc	dptr
      0002CE E0               [ 8]  579 	movx	a,@dptr
      0002CF 42 06            [ 8]  580 	orl	ar6,a
      0002D1 90s00r00r09      [12]  581 	mov	dptr,#__rlulonglong_top_65536_9
      0002D5 E0               [ 8]  582 	movx	a,@dptr
      0002D6 C0 E0            [ 8]  583 	push	acc
      0002D8 A3               [12]  584 	inc	dptr
      0002D9 E0               [ 8]  585 	movx	a,@dptr
      0002DA C0 E0            [ 8]  586 	push	acc
      0002DC A3               [12]  587 	inc	dptr
      0002DD E0               [ 8]  588 	movx	a,@dptr
      0002DE C0 E0            [ 8]  589 	push	acc
      0002E0 A3               [12]  590 	inc	dptr
      0002E1 E0               [ 8]  591 	movx	a,@dptr
      0002E2 F5 F0            [ 8]  592 	mov	b,a
      0002E4 D0 93            [ 8]  593 	pop	dpx
      0002E6 D0 83            [ 8]  594 	pop	dph
      0002E8 D0 82            [ 8]  595 	pop	dpl
      0002EA 8B 9C            [ 8]  596 	mov	acc1, r3
      0002EC EC               [ 4]  597 	mov	a,r4
      0002ED 12s00r00r00      [16]  598 	lcall	__gptrputWord
      0002F1 A3               [12]  599 	inc	dptr
      0002F2 8D 9C            [ 8]  600 	mov	acc1, r5
      0002F4 EE               [ 4]  601 	mov	a,r6
      0002F5 12s00r00r00      [16]  602 	lcall	__gptrputWord
                                    603 ;	_rlulonglong.c:84: (*bottom) <<= s;
      0002F9 90s00r00r11      [12]  604 	mov	dptr,#__rlulonglong_bottom_65536_9
      0002FD E0               [ 8]  605 	movx	a,@dptr
      0002FE C0 E0            [ 8]  606 	push	acc
      000300 A3               [12]  607 	inc	dptr
      000301 E0               [ 8]  608 	movx	a,@dptr
      000302 C0 E0            [ 8]  609 	push	acc
      000304 A3               [12]  610 	inc	dptr
      000305 E0               [ 8]  611 	movx	a,@dptr
      000306 C0 E0            [ 8]  612 	push	acc
      000308 A3               [12]  613 	inc	dptr
      000309 E0               [ 8]  614 	movx	a,@dptr
      00030A F5 F0            [ 8]  615 	mov	b,a
      00030C D0 93            [ 8]  616 	pop	dpx
      00030E D0 83            [ 8]  617 	pop	dph
      000310 D0 82            [ 8]  618 	pop	dpl
      000312 12s00r00r00      [16]  619 	lcall	__gptrgetWord
      000316 FB               [ 4]  620 	mov	r3,a
      000317 AC 9C            [ 8]  621 	mov	r4,acc1
      000319 A3               [12]  622 	inc	dptr
      00031A 12s00r00r00      [16]  623 	lcall	__gptrgetWord
      00031E FD               [ 4]  624 	mov	r5,a
      00031F AE 9C            [ 8]  625 	mov	r6,acc1
      000321 8A F0            [ 8]  626 	mov	b,r2
      000323 05 F0            [ 8]  627 	inc	b
      000325 80 0D            [12]  628 	sjmp	00122$
      000327                        629 00121$:
      000327 EB               [ 4]  630 	mov	a,r3
      000328 25 E0            [ 8]  631 	add	a,acc
      00032A FB               [ 4]  632 	mov	r3,a
      00032B EC               [ 4]  633 	mov	a,r4
      00032C 33               [ 4]  634 	rlc	a
      00032D FC               [ 4]  635 	mov	r4,a
      00032E ED               [ 4]  636 	mov	a,r5
      00032F 33               [ 4]  637 	rlc	a
      000330 FD               [ 4]  638 	mov	r5,a
      000331 EE               [ 4]  639 	mov	a,r6
      000332 33               [ 4]  640 	rlc	a
      000333 FE               [ 4]  641 	mov	r6,a
      000334                        642 00122$:
      000334 D5 F0 F0         [16]  643 	djnz	b,00121$
      000337 90s00r00r11      [12]  644 	mov	dptr,#__rlulonglong_bottom_65536_9
      00033B E0               [ 8]  645 	movx	a,@dptr
      00033C C0 E0            [ 8]  646 	push	acc
      00033E A3               [12]  647 	inc	dptr
      00033F E0               [ 8]  648 	movx	a,@dptr
      000340 C0 E0            [ 8]  649 	push	acc
      000342 A3               [12]  650 	inc	dptr
      000343 E0               [ 8]  651 	movx	a,@dptr
      000344 C0 E0            [ 8]  652 	push	acc
      000346 A3               [12]  653 	inc	dptr
      000347 E0               [ 8]  654 	movx	a,@dptr
      000348 F5 F0            [ 8]  655 	mov	b,a
      00034A D0 93            [ 8]  656 	pop	dpx
      00034C D0 83            [ 8]  657 	pop	dph
      00034E D0 82            [ 8]  658 	pop	dpl
      000350 8B 9C            [ 8]  659 	mov	acc1, r3
      000352 EC               [ 4]  660 	mov	a,r4
      000353 12s00r00r00      [16]  661 	lcall	__gptrputWord
      000357 A3               [12]  662 	inc	dptr
      000358 8D 9C            [ 8]  663 	mov	acc1, r5
      00035A EE               [ 4]  664 	mov	a,r6
      00035B 12s00r00r00      [16]  665 	lcall	__gptrputWord
                                    666 ;	_rlulonglong.c:86: return(l);
      00035F 75 86 01         [12]  667 	mov     dps, #1
      000362 90s00r00r01      [12]  668 	mov     dptr, #__rlulonglong_l_65536_8
      000366 E0               [ 8]  669 	movx	a,@dptr
      000367 F5 82            [ 8]  670 	mov	dpl,a
      000369 A3               [12]  671 	inc	dptr
      00036A E0               [ 8]  672 	movx	a,@dptr
      00036B F5 83            [ 8]  673 	mov	dph,a
      00036D A3               [12]  674 	inc	dptr
      00036E E0               [ 8]  675 	movx	a,@dptr
      00036F F5 93            [ 8]  676 	mov	dpx,a
      000371 A3               [12]  677 	inc	dptr
      000372 E0               [ 8]  678 	movx	a,@dptr
      000373 F5 F0            [ 8]  679 	mov	b,a
      000375 A3               [12]  680 	inc	dptr
      000376 E0               [ 8]  681 	movx	a,@dptr
      000377 C0 E0            [ 8]  682 	push	acc
      000379 A3               [12]  683 	inc	dptr
      00037A E0               [ 8]  684 	movx	a,@dptr
      00037B FC               [ 4]  685 	mov	r4,a
      00037C A3               [12]  686 	inc	dptr
      00037D E0               [ 8]  687 	movx	a,@dptr
      00037E FD               [ 4]  688 	mov	r5,a
      00037F A3               [12]  689 	inc	dptr
      000380 E0               [ 8]  690 	movx	a,@dptr
      000381 FE               [ 4]  691 	mov	r6,a
      000382 75 86 00         [12]  692 	mov	dps,#0
      000385 D0 E0            [ 8]  693 	pop	acc
      000387                        694 00105$:
                                    695 ;	_rlulonglong.c:87: }
      000387 22               [16]  696 	ret
                                    697 	.area CSEG    (CODE)
                                    698 	.area CONST   (CODE)
                                    699 	.area XINIT   (CODE)
                                    700 	.area CABS    (ABS,CODE)
