                                      1 ;--------------------------------------------------------
                                      2 ; File Created by SDCC : free open source ISO C Compiler 
                                      3 ; Version 4.2.14 #0 (Linux)
                                      4 ;--------------------------------------------------------
                                      5 	.module cosf
                                      6 	.optsdcc -mds400 --model-flat24
                                      7 	
                                      8 ;--------------------------------------------------------
                                      9 ; CPU specific extensions
                                     10 ;--------------------------------------------------------
                                     11 	.DS80C390
                                     12 	.amode	2	; 24 bit flat addressing
                           000082    13 dpl	=	0x82
                           000083    14 dph	=	0x83
                           000084    15 dpl1	=	0x84
                           000085    16 dph1	=	0x85
                           000086    17 dps	=	0x86
                           000093    18 dpx	=	0x93
                           000095    19 dpx1	=	0x95
                           00009B    20 esp	=	0x9B
                           00009C    21 ap	=	0x9C
                           00009C    22 acc1	=	0x9C
                           0000D1    23 mcnt0	=	0xD1
                           0000D2    24 mcnt1	=	0xD2
                           0000D3    25 ma	=	0xD3
                           0000D4    26 mb	=	0xD4
                           0000D5    27 mc	=	0xD5
                           00009D    28 acon	=	0x9D
                           0000C6    29 mcon	=	0xC6
                           0000D1    30 F1	=	0xD1	; user flag
                                     31 ;--------------------------------------------------------
                                     32 ; Public variables in this module
                                     33 ;--------------------------------------------------------
                                     34 	.globl _sincosf
                                     35 	.globl _cosf
                                     36 ;--------------------------------------------------------
                                     37 ; special function registers
                                     38 ;--------------------------------------------------------
                                     39 ;--------------------------------------------------------
                                     40 ; special function bits
                                     41 ;--------------------------------------------------------
                                     42 ;--------------------------------------------------------
                                     43 ; overlayable register banks
                                     44 ;--------------------------------------------------------
                                     45 	.area REG_BANK_0	(REL,OVR,DATA)
      000000                         46 	.ds 8
                                     47 	.area REG_BANK_3	(REL,OVR,DATA)
      000000                         48 	.ds 8
                                     49 ;--------------------------------------------------------
                                     50 ; internal ram data
                                     51 ;--------------------------------------------------------
                                     52 	.area DSEG    (DATA)
                                     53 ;--------------------------------------------------------
                                     54 ; overlayable items in internal ram
                                     55 ;--------------------------------------------------------
                                     56 ;--------------------------------------------------------
                                     57 ; indirectly addressable internal ram data
                                     58 ;--------------------------------------------------------
                                     59 	.area ISEG    (DATA)
                                     60 ;--------------------------------------------------------
                                     61 ; absolute internal ram data
                                     62 ;--------------------------------------------------------
                                     63 	.area IABS    (ABS,DATA)
                                     64 	.area IABS    (ABS,DATA)
                                     65 ;--------------------------------------------------------
                                     66 ; bit data
                                     67 ;--------------------------------------------------------
                                     68 	.area BSEG    (BIT)
                                     69 ;--------------------------------------------------------
                                     70 ; paged external ram data
                                     71 ;--------------------------------------------------------
                                     72 	.area PSEG    (PAG,XDATA)
                                     73 ;--------------------------------------------------------
                                     74 ; uninitialized external ram data
                                     75 ;--------------------------------------------------------
                                     76 	.area XSEG    (XDATA)
                                     77 ;--------------------------------------------------------
                                     78 ; absolute external ram data
                                     79 ;--------------------------------------------------------
                                     80 	.area XABS    (ABS,XDATA)
                                     81 ;--------------------------------------------------------
                                     82 ; initialized external ram data
                                     83 ;--------------------------------------------------------
                                     84 	.area XISEG   (XDATA)
                                     85 ;--------------------------------------------------------
                                     86 ; global & static initialisations
                                     87 ;--------------------------------------------------------
                                     88 	.area HOME    (CODE)
                                     89 	.area GSINIT  (CODE)
                                     90 	.area GSFINAL (CODE)
                                     91 	.area GSINIT  (CODE)
                                     92 ;--------------------------------------------------------
                                     93 ; Home
                                     94 ;--------------------------------------------------------
                                     95 	.area HOME    (CODE)
                                     96 	.area HOME    (CODE)
                                     97 ;--------------------------------------------------------
                                     98 ; code
                                     99 ;--------------------------------------------------------
                                    100 	.area CSEG    (CODE)
                                    101 ;------------------------------------------------------------
                                    102 ;Allocation info for local variables in function 'cosf'
                                    103 ;------------------------------------------------------------
                                    104 ;x                         Allocated to registers r2 r3 r4 r5 
                                    105 ;------------------------------------------------------------
                                    106 ;	cosf.c:36: float cosf(float x) _FLOAT_FUNC_REENTRANT
                                    107 ;	-----------------------------------------
                                    108 ;	 function cosf
                                    109 ;	-----------------------------------------
      000000                        110 _cosf:
                           000002   111 	ar2 = 0x02
                           000003   112 	ar3 = 0x03
                           000004   113 	ar4 = 0x04
                           000005   114 	ar5 = 0x05
                           000006   115 	ar6 = 0x06
                           000007   116 	ar7 = 0x07
                           000000   117 	ar0 = 0x00
                           000001   118 	ar1 = 0x01
      000000 AA 82            [ 8]  119 	mov	r2,dpl
      000002 AB 83            [ 8]  120 	mov	r3,dph
      000004 AC 93            [ 8]  121 	mov	r4,dpx
      000006 AD F0            [ 8]  122 	mov	r5,b
                                    123 ;	cosf.c:38: if (x==0.0) return 1.0;
      000008 8A F0            [ 8]  124 	mov	b,r2
      00000A EB               [ 4]  125 	mov	a,r3
      00000B 42 F0            [ 8]  126 	orl	b,a
      00000D EC               [ 4]  127 	mov	a,r4
      00000E 42 F0            [ 8]  128 	orl	b,a
      000010 ED               [ 4]  129 	mov	a,r5
      000011 54 7F            [ 8]  130 	anl	a,#0x7F
      000013 45 F0            [ 8]  131 	orl	a,b
      000015 70 0C            [12]  132 	jnz  00102$
      000017                        133 00109$:
      000017 90 00 00 00      [12]  134 	mov  dptr,#0x0000
      00001B 75 93 80         [12]  135 	mov	dpx,#0x80
      00001E 75 F0 3F         [12]  136 	mov	b,#0x3f
      000021 80 13            [12]  137 	sjmp 00103$
      000023                        138 00102$:
                                    139 ;	cosf.c:39: return sincosf(x, 1);
                                    140 ;	genAssign: resultIsFar = TRUE
      000023 90s00r00r00      [12]  141 	mov	dptr,#_sincosf_PARM_2
      000027 74 01            [ 8]  142 	mov	a,#0x01
      000029 F0               [ 8]  143 	movx	@dptr,a
      00002A 8A 82            [ 8]  144 	mov	dpl,r2
      00002C 8B 83            [ 8]  145 	mov	dph,r3
      00002E 8C 93            [ 8]  146 	mov	dpx,r4
      000030 8D F0            [ 8]  147 	mov	b,r5
      000032 12s00r00r00      [16]  148 	lcall	_sincosf
      000036                        149 00103$:
                                    150 ;	cosf.c:40: }
      000036 22               [16]  151 	ret
                                    152 	.area CSEG    (CODE)
                                    153 	.area CONST   (CODE)
                                    154 	.area XINIT   (CODE)
                                    155 	.area CABS    (ABS,CODE)
