                                      1 ;--------------------------------------------------------
                                      2 ; File Created by SDCC : free open source ISO C Compiler 
                                      3 ; Version 4.2.14 #0 (Linux)
                                      4 ;--------------------------------------------------------
                                      5 	.module isspace
                                      6 	.optsdcc -mds400 --model-flat24
                                      7 	
                                      8 ;--------------------------------------------------------
                                      9 ; CPU specific extensions
                                     10 ;--------------------------------------------------------
                                     11 	.DS80C390
                                     12 	.amode	2	; 24 bit flat addressing
                           000082    13 dpl	=	0x82
                           000083    14 dph	=	0x83
                           000084    15 dpl1	=	0x84
                           000085    16 dph1	=	0x85
                           000086    17 dps	=	0x86
                           000093    18 dpx	=	0x93
                           000095    19 dpx1	=	0x95
                           00009B    20 esp	=	0x9B
                           00009C    21 ap	=	0x9C
                           00009C    22 acc1	=	0x9C
                           0000D1    23 mcnt0	=	0xD1
                           0000D2    24 mcnt1	=	0xD2
                           0000D3    25 ma	=	0xD3
                           0000D4    26 mb	=	0xD4
                           0000D5    27 mc	=	0xD5
                           00009D    28 acon	=	0x9D
                           0000C6    29 mcon	=	0xC6
                           0000D1    30 F1	=	0xD1	; user flag
                                     31 ;--------------------------------------------------------
                                     32 ; Public variables in this module
                                     33 ;--------------------------------------------------------
                                     34 	.globl _isspace
                                     35 ;--------------------------------------------------------
                                     36 ; special function registers
                                     37 ;--------------------------------------------------------
                                     38 ;--------------------------------------------------------
                                     39 ; special function bits
                                     40 ;--------------------------------------------------------
                                     41 ;--------------------------------------------------------
                                     42 ; overlayable register banks
                                     43 ;--------------------------------------------------------
                                     44 	.area REG_BANK_0	(REL,OVR,DATA)
      000000                         45 	.ds 8
                                     46 	.area REG_BANK_3	(REL,OVR,DATA)
      000000                         47 	.ds 8
                                     48 ;--------------------------------------------------------
                                     49 ; internal ram data
                                     50 ;--------------------------------------------------------
                                     51 	.area DSEG    (DATA)
                                     52 ;--------------------------------------------------------
                                     53 ; overlayable items in internal ram
                                     54 ;--------------------------------------------------------
                                     55 ;--------------------------------------------------------
                                     56 ; indirectly addressable internal ram data
                                     57 ;--------------------------------------------------------
                                     58 	.area ISEG    (DATA)
                                     59 ;--------------------------------------------------------
                                     60 ; absolute internal ram data
                                     61 ;--------------------------------------------------------
                                     62 	.area IABS    (ABS,DATA)
                                     63 	.area IABS    (ABS,DATA)
                                     64 ;--------------------------------------------------------
                                     65 ; bit data
                                     66 ;--------------------------------------------------------
                                     67 	.area BSEG    (BIT)
      000000                         68 _isspace_sloc0_1_0:
      000000                         69 	.ds 1
                                     70 ;--------------------------------------------------------
                                     71 ; paged external ram data
                                     72 ;--------------------------------------------------------
                                     73 	.area PSEG    (PAG,XDATA)
                                     74 ;--------------------------------------------------------
                                     75 ; uninitialized external ram data
                                     76 ;--------------------------------------------------------
                                     77 	.area XSEG    (XDATA)
                                     78 ;--------------------------------------------------------
                                     79 ; absolute external ram data
                                     80 ;--------------------------------------------------------
                                     81 	.area XABS    (ABS,XDATA)
                                     82 ;--------------------------------------------------------
                                     83 ; initialized external ram data
                                     84 ;--------------------------------------------------------
                                     85 	.area XISEG   (XDATA)
                                     86 ;--------------------------------------------------------
                                     87 ; global & static initialisations
                                     88 ;--------------------------------------------------------
                                     89 	.area HOME    (CODE)
                                     90 	.area GSINIT  (CODE)
                                     91 	.area GSFINAL (CODE)
                                     92 	.area GSINIT  (CODE)
                                     93 ;--------------------------------------------------------
                                     94 ; Home
                                     95 ;--------------------------------------------------------
                                     96 	.area HOME    (CODE)
                                     97 	.area HOME    (CODE)
                                     98 ;--------------------------------------------------------
                                     99 ; code
                                    100 ;--------------------------------------------------------
                                    101 	.area CSEG    (CODE)
                                    102 ;------------------------------------------------------------
                                    103 ;Allocation info for local variables in function 'isspace'
                                    104 ;------------------------------------------------------------
                                    105 ;c                         Allocated to registers r2 r3 
                                    106 ;------------------------------------------------------------
                                    107 ;	isspace.c:39: int isspace (int c)
                                    108 ;	-----------------------------------------
                                    109 ;	 function isspace
                                    110 ;	-----------------------------------------
      000000                        111 _isspace:
                           000002   112 	ar2 = 0x02
                           000003   113 	ar3 = 0x03
                           000004   114 	ar4 = 0x04
                           000005   115 	ar5 = 0x05
                           000006   116 	ar6 = 0x06
                           000007   117 	ar7 = 0x07
                           000000   118 	ar0 = 0x00
                           000001   119 	ar1 = 0x01
      000000 85 82 84         [12]  120 	mov	dpl1,dpl
      000003 85 83 85         [12]  121 	mov	dph1,dph
                                    122 ;	isspace.c:46: return (c == ' ' || c == '\t' || c == '\n' || c == '\v' || c == '\f' || c == '\r');
      000006 E5 84            [ 8]  123 	mov	a,dpl1
      000008 B4 20 07         [16]  124 	cjne	a,#0x20,00142$
      00000B E5 85            [ 8]  125 	mov	a,dph1
      00000D B4 00 02         [16]  126 	cjne	a,#0x00,00142$
      000010 80 40            [12]  127 	sjmp 00104$
      000012                        128 00142$:
      000012 E5 84            [ 8]  129 	mov	a,dpl1
      000014 B4 09 07         [16]  130 	cjne	a,#0x09,00143$
      000017 E5 85            [ 8]  131 	mov	a,dph1
      000019 B4 00 02         [16]  132 	cjne	a,#0x00,00143$
      00001C 80 34            [12]  133 	sjmp 00104$
      00001E                        134 00143$:
      00001E E5 84            [ 8]  135 	mov	a,dpl1
      000020 B4 0A 07         [16]  136 	cjne	a,#0x0a,00144$
      000023 E5 85            [ 8]  137 	mov	a,dph1
      000025 B4 00 02         [16]  138 	cjne	a,#0x00,00144$
      000028 80 28            [12]  139 	sjmp 00104$
      00002A                        140 00144$:
      00002A E5 84            [ 8]  141 	mov	a,dpl1
      00002C B4 0B 07         [16]  142 	cjne	a,#0x0b,00145$
      00002F E5 85            [ 8]  143 	mov	a,dph1
      000031 B4 00 02         [16]  144 	cjne	a,#0x00,00145$
      000034 80 1C            [12]  145 	sjmp 00104$
      000036                        146 00145$:
      000036 E5 84            [ 8]  147 	mov	a,dpl1
      000038 B4 0C 07         [16]  148 	cjne	a,#0x0c,00146$
      00003B E5 85            [ 8]  149 	mov	a,dph1
      00003D B4 00 02         [16]  150 	cjne	a,#0x00,00146$
      000040 80 10            [12]  151 	sjmp 00104$
      000042                        152 00146$:
      000042 E5 84            [ 8]  153 	mov	a,dpl1
      000044 B4 0D 07         [16]  154 	cjne	a,#0x0d,00147$
      000047 E5 85            [ 8]  155 	mov	a,dph1
      000049 B4 00 02         [16]  156 	cjne	a,#0x00,00147$
      00004C 80 04            [12]  157 	sjmp 00104$
      00004E                        158 00147$:
                                    159 ;	genAssign: resultIsFar = FALSE
      00004E C2*00            [ 8]  160 	clr	_isspace_sloc0_1_0
      000050 80 02            [12]  161 	sjmp 00105$
      000052                        162 00104$:
                                    163 ;	genAssign: resultIsFar = FALSE
      000052 D2*00            [ 8]  164 	setb	_isspace_sloc0_1_0
      000054                        165 00105$:
      000054 A2*00            [ 8]  166 	mov	c,_isspace_sloc0_1_0
      000056 E4               [ 4]  167 	clr	a
      000057 33               [ 4]  168 	rlc	a
      000058 F5 84            [ 8]  169 	mov	dpl1,a
      00005A 75 85 00         [12]  170 	mov	dph1,#0x00
      00005D 85 84 82         [12]  171 	mov	dpl,dpl1
      000060 85 85 83         [12]  172 	mov	dph,dph1
      000063                        173 00101$:
                                    174 ;	isspace.c:48: }
      000063 22               [16]  175 	ret
                                    176 	.area CSEG    (CODE)
                                    177 	.area CONST   (CODE)
                                    178 	.area XINIT   (CODE)
                                    179 	.area CABS    (ABS,CODE)
