                                      1 ;--------------------------------------------------------
                                      2 ; File Created by SDCC : free open source ISO C Compiler 
                                      3 ; Version 4.2.14 #0 (Linux)
                                      4 ;--------------------------------------------------------
                                      5 	.module strxfrm
                                      6 	.optsdcc -mds400 --model-flat24
                                      7 	
                                      8 ;--------------------------------------------------------
                                      9 ; CPU specific extensions
                                     10 ;--------------------------------------------------------
                                     11 	.DS80C390
                                     12 	.amode	2	; 24 bit flat addressing
                           000082    13 dpl	=	0x82
                           000083    14 dph	=	0x83
                           000084    15 dpl1	=	0x84
                           000085    16 dph1	=	0x85
                           000086    17 dps	=	0x86
                           000093    18 dpx	=	0x93
                           000095    19 dpx1	=	0x95
                           00009B    20 esp	=	0x9B
                           00009C    21 ap	=	0x9C
                           00009C    22 acc1	=	0x9C
                           0000D1    23 mcnt0	=	0xD1
                           0000D2    24 mcnt1	=	0xD2
                           0000D3    25 ma	=	0xD3
                           0000D4    26 mb	=	0xD4
                           0000D5    27 mc	=	0xD5
                           00009D    28 acon	=	0x9D
                           0000C6    29 mcon	=	0xC6
                           0000D1    30 F1	=	0xD1	; user flag
                                     31 ;--------------------------------------------------------
                                     32 ; Public variables in this module
                                     33 ;--------------------------------------------------------
                                     34 	.globl _strlen
                                     35 	.globl _strncpy
                                     36 	.globl _strxfrm_PARM_3
                                     37 	.globl _strxfrm_PARM_2
                                     38 	.globl _strxfrm
                                     39 ;--------------------------------------------------------
                                     40 ; special function registers
                                     41 ;--------------------------------------------------------
                                     42 ;--------------------------------------------------------
                                     43 ; special function bits
                                     44 ;--------------------------------------------------------
                                     45 ;--------------------------------------------------------
                                     46 ; overlayable register banks
                                     47 ;--------------------------------------------------------
                                     48 	.area REG_BANK_0	(REL,OVR,DATA)
      000000                         49 	.ds 8
                                     50 	.area REG_BANK_3	(REL,OVR,DATA)
      000000                         51 	.ds 8
                                     52 ;--------------------------------------------------------
                                     53 ; internal ram data
                                     54 ;--------------------------------------------------------
                                     55 	.area DSEG    (DATA)
                                     56 ;--------------------------------------------------------
                                     57 ; overlayable items in internal ram
                                     58 ;--------------------------------------------------------
                                     59 ;--------------------------------------------------------
                                     60 ; indirectly addressable internal ram data
                                     61 ;--------------------------------------------------------
                                     62 	.area ISEG    (DATA)
                                     63 ;--------------------------------------------------------
                                     64 ; absolute internal ram data
                                     65 ;--------------------------------------------------------
                                     66 	.area IABS    (ABS,DATA)
                                     67 	.area IABS    (ABS,DATA)
                                     68 ;--------------------------------------------------------
                                     69 ; bit data
                                     70 ;--------------------------------------------------------
                                     71 	.area BSEG    (BIT)
                                     72 ;--------------------------------------------------------
                                     73 ; paged external ram data
                                     74 ;--------------------------------------------------------
                                     75 	.area PSEG    (PAG,XDATA)
                                     76 ;--------------------------------------------------------
                                     77 ; uninitialized external ram data
                                     78 ;--------------------------------------------------------
                                     79 	.area XSEG    (XDATA)
      000000                         80 _strxfrm_PARM_2:
      000000                         81 	.ds 4
      000004                         82 _strxfrm_PARM_3:
      000004                         83 	.ds 2
                                     84 ;--------------------------------------------------------
                                     85 ; absolute external ram data
                                     86 ;--------------------------------------------------------
                                     87 	.area XABS    (ABS,XDATA)
                                     88 ;--------------------------------------------------------
                                     89 ; initialized external ram data
                                     90 ;--------------------------------------------------------
                                     91 	.area XISEG   (XDATA)
                                     92 ;--------------------------------------------------------
                                     93 ; global & static initialisations
                                     94 ;--------------------------------------------------------
                                     95 	.area HOME    (CODE)
                                     96 	.area GSINIT  (CODE)
                                     97 	.area GSFINAL (CODE)
                                     98 	.area GSINIT  (CODE)
                                     99 ;--------------------------------------------------------
                                    100 ; Home
                                    101 ;--------------------------------------------------------
                                    102 	.area HOME    (CODE)
                                    103 	.area HOME    (CODE)
                                    104 ;--------------------------------------------------------
                                    105 ; code
                                    106 ;--------------------------------------------------------
                                    107 	.area CSEG    (CODE)
                                    108 ;------------------------------------------------------------
                                    109 ;Allocation info for local variables in function 'strxfrm'
                                    110 ;------------------------------------------------------------
                                    111 ;src                       Allocated with name '_strxfrm_PARM_2'
                                    112 ;n                         Allocated with name '_strxfrm_PARM_3'
                                    113 ;dest                      Allocated to registers r2 r3 r4 r5 
                                    114 ;------------------------------------------------------------
                                    115 ;	strxfrm.c:31: size_t strxfrm(char *dest, const char *src, size_t n)
                                    116 ;	-----------------------------------------
                                    117 ;	 function strxfrm
                                    118 ;	-----------------------------------------
      000000                        119 _strxfrm:
                           000002   120 	ar2 = 0x02
                           000003   121 	ar3 = 0x03
                           000004   122 	ar4 = 0x04
                           000005   123 	ar5 = 0x05
                           000006   124 	ar6 = 0x06
                           000007   125 	ar7 = 0x07
                           000000   126 	ar0 = 0x00
                           000001   127 	ar1 = 0x01
      000000 AA 82            [ 8]  128 	mov	r2,dpl
      000002 AB 83            [ 8]  129 	mov	r3,dph
      000004 AC 93            [ 8]  130 	mov	r4,dpx
      000006 AD F0            [ 8]  131 	mov	r5,b
                                    132 ;	strxfrm.c:33: strncpy(dest, src, n);
      000008 90s00r00r00      [12]  133 	mov	dptr,#_strxfrm_PARM_2
                                    134 ;	genAssign: resultIsFar = FALSE
      00000C E0               [ 8]  135 	movx	a,@dptr
      00000D FE               [ 4]  136 	mov	r6,a
      00000E A3               [12]  137 	inc	dptr
      00000F E0               [ 8]  138 	movx	a,@dptr
      000010 FF               [ 4]  139 	mov	r7,a
      000011 A3               [12]  140 	inc	dptr
      000012 E0               [ 8]  141 	movx	a,@dptr
      000013 F8               [ 4]  142 	mov	r0,a
      000014 A3               [12]  143 	inc	dptr
      000015 E0               [ 8]  144 	movx	a,@dptr
      000016 F9               [ 4]  145 	mov	r1,a
                                    146 ;	genAssign: resultIsFar = TRUE
      000017 90s00r00r00      [12]  147 	mov	dptr,#_strncpy_PARM_2
      00001B EE               [ 4]  148 	mov	a,r6
      00001C F0               [ 8]  149 	movx	@dptr,a
      00001D A3               [12]  150 	inc	dptr
      00001E EF               [ 4]  151 	mov	a,r7
      00001F F0               [ 8]  152 	movx	@dptr,a
      000020 A3               [12]  153 	inc	dptr
      000021 E8               [ 4]  154 	mov	a,r0
      000022 F0               [ 8]  155 	movx	@dptr,a
      000023 A3               [12]  156 	inc	dptr
      000024 E9               [ 4]  157 	mov	a,r1
      000025 F0               [ 8]  158 	movx	@dptr,a
      000026 90s00r00r04      [12]  159 	mov	dptr,#_strxfrm_PARM_3
                                    160 ;	genAssign: resultIsFar = TRUE
      00002A 75 86 21         [12]  161 	mov	dps,#0x21
      00002D 90s00r00r00      [12]  162 	mov	dptr,#_strncpy_PARM_3
      000031 E0               [ 8]  163 	movx	a,@dptr
      000032 F0               [ 8]  164 	movx	@dptr,a
      000033 A3               [12]  165 	inc	dptr
      000034 A3               [12]  166 	inc	dptr
      000035 E0               [ 8]  167 	movx	a,@dptr
      000036 F0               [ 8]  168 	movx	@dptr,a
      000037 75 86 00         [12]  169 	mov	dps,#0
      00003A 8A 82            [ 8]  170 	mov	dpl,r2
      00003C 8B 83            [ 8]  171 	mov	dph,r3
      00003E 8C 93            [ 8]  172 	mov	dpx,r4
      000040 8D F0            [ 8]  173 	mov	b,r5
      000042 12s00r00r00      [16]  174 	lcall	_strncpy
                                    175 ;	strxfrm.c:34: return(strlen(src) + 1);
      000046 05 86            [ 8]  176 	inc	dps
      000048 90s00r00r00      [12]  177 	mov	dptr,#_strxfrm_PARM_2
      00004C E0               [ 8]  178 	movx	a,@dptr
      00004D F5 82            [ 8]  179 	mov	dpl,a
      00004F A3               [12]  180 	inc	dptr
      000050 E0               [ 8]  181 	movx	a,@dptr
      000051 F5 83            [ 8]  182 	mov	dph,a
      000053 A3               [12]  183 	inc	dptr
      000054 E0               [ 8]  184 	movx	a,@dptr
      000055 F5 93            [ 8]  185 	mov	dpx,a
      000057 A3               [12]  186 	inc	dptr
      000058 E0               [ 8]  187 	movx	a,@dptr
      000059 F5 F0            [ 8]  188 	mov	b,a
      00005B 75 86 00         [12]  189 	mov	dps,#0
      00005E 12s00r00r00      [16]  190 	lcall	_strlen
      000062 AA 82            [ 8]  191 	mov	r2,dpl
      000064 AB 83            [ 8]  192 	mov	r3,dph
      000066 8B 83            [ 8]  193 	mov	dph,r3
      000068 8A 82            [ 8]  194 	mov	dpl,r2
      00006A A3               [12]  195 	inc	dptr
      00006B                        196 00101$:
                                    197 ;	strxfrm.c:35: }
      00006B 22               [16]  198 	ret
                                    199 	.area CSEG    (CODE)
                                    200 	.area CONST   (CODE)
                                    201 	.area XINIT   (CODE)
                                    202 	.area CABS    (ABS,CODE)
