                                      1 ;--------------------------------------------------------
                                      2 ; File Created by SDCC : free open source ISO C Compiler 
                                      3 ; Version 4.2.14 #0 (Linux)
                                      4 ;--------------------------------------------------------
                                      5 	.module wcslen
                                      6 	.optsdcc -mds400 --model-flat24
                                      7 	
                                      8 ;--------------------------------------------------------
                                      9 ; CPU specific extensions
                                     10 ;--------------------------------------------------------
                                     11 	.DS80C390
                                     12 	.amode	2	; 24 bit flat addressing
                           000082    13 dpl	=	0x82
                           000083    14 dph	=	0x83
                           000084    15 dpl1	=	0x84
                           000085    16 dph1	=	0x85
                           000086    17 dps	=	0x86
                           000093    18 dpx	=	0x93
                           000095    19 dpx1	=	0x95
                           00009B    20 esp	=	0x9B
                           00009C    21 ap	=	0x9C
                           00009C    22 acc1	=	0x9C
                           0000D1    23 mcnt0	=	0xD1
                           0000D2    24 mcnt1	=	0xD2
                           0000D3    25 ma	=	0xD3
                           0000D4    26 mb	=	0xD4
                           0000D5    27 mc	=	0xD5
                           00009D    28 acon	=	0x9D
                           0000C6    29 mcon	=	0xC6
                           0000D1    30 F1	=	0xD1	; user flag
                                     31 ;--------------------------------------------------------
                                     32 ; Public variables in this module
                                     33 ;--------------------------------------------------------
                                     34 	.globl _wcslen
                                     35 ;--------------------------------------------------------
                                     36 ; special function registers
                                     37 ;--------------------------------------------------------
                                     38 ;--------------------------------------------------------
                                     39 ; special function bits
                                     40 ;--------------------------------------------------------
                                     41 ;--------------------------------------------------------
                                     42 ; overlayable register banks
                                     43 ;--------------------------------------------------------
                                     44 	.area REG_BANK_0	(REL,OVR,DATA)
      000000                         45 	.ds 8
                                     46 	.area REG_BANK_3	(REL,OVR,DATA)
      000000                         47 	.ds 8
                                     48 ;--------------------------------------------------------
                                     49 ; internal ram data
                                     50 ;--------------------------------------------------------
                                     51 	.area DSEG    (DATA)
                                     52 ;--------------------------------------------------------
                                     53 ; overlayable items in internal ram
                                     54 ;--------------------------------------------------------
                                     55 	.area	OSEG    (OVR,DATA)
                                     56 ;--------------------------------------------------------
                                     57 ; indirectly addressable internal ram data
                                     58 ;--------------------------------------------------------
                                     59 	.area ISEG    (DATA)
                                     60 ;--------------------------------------------------------
                                     61 ; absolute internal ram data
                                     62 ;--------------------------------------------------------
                                     63 	.area IABS    (ABS,DATA)
                                     64 	.area IABS    (ABS,DATA)
                                     65 ;--------------------------------------------------------
                                     66 ; bit data
                                     67 ;--------------------------------------------------------
                                     68 	.area BSEG    (BIT)
                                     69 ;--------------------------------------------------------
                                     70 ; paged external ram data
                                     71 ;--------------------------------------------------------
                                     72 	.area PSEG    (PAG,XDATA)
                                     73 ;--------------------------------------------------------
                                     74 ; uninitialized external ram data
                                     75 ;--------------------------------------------------------
                                     76 	.area XSEG    (XDATA)
                                     77 ;--------------------------------------------------------
                                     78 ; absolute external ram data
                                     79 ;--------------------------------------------------------
                                     80 	.area XABS    (ABS,XDATA)
                                     81 ;--------------------------------------------------------
                                     82 ; initialized external ram data
                                     83 ;--------------------------------------------------------
                                     84 	.area XISEG   (XDATA)
                                     85 ;--------------------------------------------------------
                                     86 ; global & static initialisations
                                     87 ;--------------------------------------------------------
                                     88 	.area HOME    (CODE)
                                     89 	.area GSINIT  (CODE)
                                     90 	.area GSFINAL (CODE)
                                     91 	.area GSINIT  (CODE)
                                     92 ;--------------------------------------------------------
                                     93 ; Home
                                     94 ;--------------------------------------------------------
                                     95 	.area HOME    (CODE)
                                     96 	.area HOME    (CODE)
                                     97 ;--------------------------------------------------------
                                     98 ; code
                                     99 ;--------------------------------------------------------
                                    100 	.area CSEG    (CODE)
                                    101 ;------------------------------------------------------------
                                    102 ;Allocation info for local variables in function 'wcslen'
                                    103 ;------------------------------------------------------------
                                    104 ;s                         Allocated to registers 
                                    105 ;n                         Allocated to registers r6 r7 
                                    106 ;------------------------------------------------------------
                                    107 ;	wcslen.c:31: size_t wcslen(const wchar_t *s)
                                    108 ;	-----------------------------------------
                                    109 ;	 function wcslen
                                    110 ;	-----------------------------------------
      000000                        111 _wcslen:
                           000002   112 	ar2 = 0x02
                           000003   113 	ar3 = 0x03
                           000004   114 	ar4 = 0x04
                           000005   115 	ar5 = 0x05
                           000006   116 	ar6 = 0x06
                           000007   117 	ar7 = 0x07
                           000000   118 	ar0 = 0x00
                           000001   119 	ar1 = 0x01
      000000 AA 82            [ 8]  120 	mov	r2,dpl
      000002 AB 83            [ 8]  121 	mov	r3,dph
      000004 AC 93            [ 8]  122 	mov	r4,dpx
      000006 AD F0            [ 8]  123 	mov	r5,b
                                    124 ;	wcslen.c:34: while (*s)
                                    125 ;	genAssign: resultIsFar = FALSE
      000008 E4               [ 4]  126 	clr	a
      000009 F5 84            [ 8]  127 	mov	dpl1,a
      00000B F5 85            [ 8]  128 	mov	dph1,a
      00000D                        129 00101$:
      00000D 8A 82            [ 8]  130 	mov	dpl,r2
      00000F 8B 83            [ 8]  131 	mov	dph,r3
      000011 8C 93            [ 8]  132 	mov	dpx,r4
      000013 8D F0            [ 8]  133 	mov	b,r5
      000015 12s00r00r00      [16]  134 	lcall	__gptrgetWord
      000019 F8               [ 4]  135 	mov	r0,a
      00001A A9 9C            [ 8]  136 	mov	r1,acc1
      00001C A3               [12]  137 	inc	dptr
      00001D 12s00r00r00      [16]  138 	lcall	__gptrgetWord
      000021 FE               [ 4]  139 	mov	r6,a
      000022 AF 9C            [ 8]  140 	mov	r7,acc1
      000024 E8               [ 4]  141 	mov	a,r0
      000025 49               [ 4]  142 	orl	a,r1
      000026 4E               [ 4]  143 	orl	a,r6
      000027 4F               [ 4]  144 	orl	a,r7
      000028 60 13            [12]  145 	jz  00103$
      00002A                        146 00115$:
                                    147 ;	wcslen.c:36: n++;
      00002A 75 86 01         [12]  148 	mov	dps,#0x01
      00002D A3               [12]  149 	inc	dptr
      00002E 75 86 00         [12]  150 	mov	dps,#0
                                    151 ;	wcslen.c:37: s++;
      000031 74 04            [ 8]  152 	mov	a,#0x04
      000033 2A               [ 4]  153 	add	a,r2
      000034 FA               [ 4]  154 	mov	r2,a
      000035 E4               [ 4]  155 	clr	a
      000036 3B               [ 4]  156 	addc	a,r3
      000037 FB               [ 4]  157 	mov	r3,a
      000038 E4               [ 4]  158 	clr	a
      000039 3C               [ 4]  159 	addc	a,r4
      00003A FC               [ 4]  160 	mov	r4,a
      00003B 80 D0            [12]  161 	sjmp 00101$
      00003D                        162 00103$:
                                    163 ;	wcslen.c:40: return n;
      00003D 85 84 82         [12]  164 	mov	dpl,dpl1
      000040 85 85 83         [12]  165 	mov	dph,dph1
      000043                        166 00104$:
                                    167 ;	wcslen.c:41: }
      000043 22               [16]  168 	ret
                                    169 	.area CSEG    (CODE)
                                    170 	.area CONST   (CODE)
                                    171 	.area XINIT   (CODE)
                                    172 	.area CABS    (ABS,CODE)
