                              1 ;--------------------------------------------------------
                              2 ; File Created by SDCC : free open source ISO C Compiler 
                              3 ; Version 4.2.14 #0 (Linux)
                              4 ;--------------------------------------------------------
                              5 	.module _divslonglong
                              6 	.optsdcc -mhc08
                              7 	
                              8 	.area HOME    (CODE)
                              9 	.area GSINIT0 (CODE)
                             10 	.area GSINIT  (CODE)
                             11 	.area GSFINAL (CODE)
                             12 	.area CSEG    (CODE)
                             13 	.area XINIT   (CODE)
                             14 	.area CONST   (CODE)
                             15 	.area DSEG    (PAG)
                             16 	.area OSEG    (PAG, OVR)
                             17 	.area XSEG
                             18 	.area XISEG
                             19 ;--------------------------------------------------------
                             20 ; Public variables in this module
                             21 ;--------------------------------------------------------
                             22 	.globl __divslonglong_PARM_2
                             23 	.globl __divslonglong_PARM_1
                             24 	.globl __divslonglong
                             25 ;--------------------------------------------------------
                             26 ; ram data
                             27 ;--------------------------------------------------------
                             28 	.area DSEG    (PAG)
   0000                      29 __divslonglong_sloc0_1_0:
   0000                      30 	.ds 8
   0008                      31 __divslonglong_sloc1_1_0:
   0008                      32 	.ds 1
   0009                      33 __divslonglong_sloc2_1_0:
   0009                      34 	.ds 8
                             35 ;--------------------------------------------------------
                             36 ; overlayable items in ram
                             37 ;--------------------------------------------------------
                             38 ;--------------------------------------------------------
                             39 ; absolute ram data
                             40 ;--------------------------------------------------------
                             41 	.area IABS    (ABS)
                             42 	.area IABS    (ABS)
                             43 ;--------------------------------------------------------
                             44 ; absolute external ram data
                             45 ;--------------------------------------------------------
                             46 	.area XABS    (ABS)
                             47 ;--------------------------------------------------------
                             48 ; initialized external ram data
                             49 ;--------------------------------------------------------
                             50 	.area XISEG
                             51 ;--------------------------------------------------------
                             52 ; extended address mode data
                             53 ;--------------------------------------------------------
                             54 	.area XSEG
   0000                      55 __divslonglong_PARM_1:
   0000                      56 	.ds 8
   0008                      57 __divslonglong_PARM_2:
   0008                      58 	.ds 8
   0010                      59 __divslonglong_denominatorneg_65536_2:
   0010                      60 	.ds 1
                             61 ;--------------------------------------------------------
                             62 ; global & static initialisations
                             63 ;--------------------------------------------------------
                             64 	.area HOME    (CODE)
                             65 	.area GSINIT  (CODE)
                             66 	.area GSFINAL (CODE)
                             67 	.area GSINIT  (CODE)
                             68 ;--------------------------------------------------------
                             69 ; Home
                             70 ;--------------------------------------------------------
                             71 	.area HOME    (CODE)
                             72 	.area HOME    (CODE)
                             73 ;--------------------------------------------------------
                             74 ; code
                             75 ;--------------------------------------------------------
                             76 	.area CSEG    (CODE)
                             77 ;------------------------------------------------------------
                             78 ;Allocation info for local variables in function '_divslonglong'
                             79 ;------------------------------------------------------------
                             80 ;sloc0                     Allocated with name '__divslonglong_sloc0_1_0'
                             81 ;sloc1                     Allocated with name '__divslonglong_sloc1_1_0'
                             82 ;sloc2                     Allocated with name '__divslonglong_sloc2_1_0'
                             83 ;numerator                 Allocated with name '__divslonglong_PARM_1'
                             84 ;denominator               Allocated with name '__divslonglong_PARM_2'
                             85 ;numeratorneg              Allocated to registers x 
                             86 ;denominatorneg            Allocated with name '__divslonglong_denominatorneg_65536_2'
                             87 ;d                         Allocated with name '__divslonglong_d_65536_2'
                             88 ;------------------------------------------------------------
                             89 ;../_divslonglong.c:40: _divslonglong (long long numerator, long long denominator) __SDCC_NONBANKED
                             90 ;	-----------------------------------------
                             91 ;	 function _divslonglong
                             92 ;	-----------------------------------------
                             93 ;	Register assignment is optimal.
                             94 ;	Stack space usage: 0 bytes.
   0000                      95 __divslonglong:
                             96 ;../_divslonglong.c:42: bool numeratorneg = (numerator < 0);
   0000 C6r00r00      [ 4]   97 	lda	__divslonglong_PARM_1
   0003 A0 00         [ 2]   98 	sub	#0x00
   0005 91 03         [ 3]   99 	blt	00124$
   0007 4F            [ 1]  100 	clra
   0008 20 02         [ 3]  101 	bra	00125$
   000A                     102 00124$:
   000A A6 01         [ 2]  103 	lda	#0x01
   000C                     104 00125$:
   000C 97            [ 1]  105 	tax
                            106 ;../_divslonglong.c:43: bool denominatorneg = (denominator < 0);
   000D C6r00r08      [ 4]  107 	lda	__divslonglong_PARM_2
   0010 A0 00         [ 2]  108 	sub	#0x00
   0012 91 03         [ 3]  109 	blt	00126$
   0014 4F            [ 1]  110 	clra
   0015 20 02         [ 3]  111 	bra	00127$
   0017                     112 00126$:
   0017 A6 01         [ 2]  113 	lda	#0x01
   0019                     114 00127$:
   0019 C7r00r10      [ 4]  115 	sta	__divslonglong_denominatorneg_65536_2
                            116 ;../_divslonglong.c:46: if (numeratorneg)
   001C 5D            [ 1]  117 	tstx
   001D 27 38         [ 3]  118 	beq	00102$
                            119 ;../_divslonglong.c:47: numerator = -numerator;
   001F 4F            [ 1]  120 	clra
   0020 C0r00r07      [ 4]  121 	sub	(__divslonglong_PARM_1 + 7)
   0023 C7r00r07      [ 4]  122 	sta	(__divslonglong_PARM_1 + 7)
   0026 4F            [ 1]  123 	clra
   0027 C2r00r06      [ 4]  124 	sbc	(__divslonglong_PARM_1 + 6)
   002A C7r00r06      [ 4]  125 	sta	(__divslonglong_PARM_1 + 6)
   002D 4F            [ 1]  126 	clra
   002E C2r00r05      [ 4]  127 	sbc	(__divslonglong_PARM_1 + 5)
   0031 C7r00r05      [ 4]  128 	sta	(__divslonglong_PARM_1 + 5)
   0034 4F            [ 1]  129 	clra
   0035 C2r00r04      [ 4]  130 	sbc	(__divslonglong_PARM_1 + 4)
   0038 C7r00r04      [ 4]  131 	sta	(__divslonglong_PARM_1 + 4)
   003B 4F            [ 1]  132 	clra
   003C C2r00r03      [ 4]  133 	sbc	(__divslonglong_PARM_1 + 3)
   003F C7r00r03      [ 4]  134 	sta	(__divslonglong_PARM_1 + 3)
   0042 4F            [ 1]  135 	clra
   0043 C2r00r02      [ 4]  136 	sbc	(__divslonglong_PARM_1 + 2)
   0046 C7r00r02      [ 4]  137 	sta	(__divslonglong_PARM_1 + 2)
   0049 4F            [ 1]  138 	clra
   004A C2r00r01      [ 4]  139 	sbc	(__divslonglong_PARM_1 + 1)
   004D C7r00r01      [ 4]  140 	sta	(__divslonglong_PARM_1 + 1)
   0050 4F            [ 1]  141 	clra
   0051 C2r00r00      [ 4]  142 	sbc	__divslonglong_PARM_1
   0054 C7r00r00      [ 4]  143 	sta	__divslonglong_PARM_1
   0057                     144 00102$:
                            145 ;../_divslonglong.c:48: if (denominatorneg)
   0057 C6r00r10      [ 4]  146 	lda	__divslonglong_denominatorneg_65536_2
   005A 27 38         [ 3]  147 	beq	00104$
                            148 ;../_divslonglong.c:49: denominator = -denominator;
   005C 4F            [ 1]  149 	clra
   005D C0r00r0F      [ 4]  150 	sub	(__divslonglong_PARM_2 + 7)
   0060 C7r00r0F      [ 4]  151 	sta	(__divslonglong_PARM_2 + 7)
   0063 4F            [ 1]  152 	clra
   0064 C2r00r0E      [ 4]  153 	sbc	(__divslonglong_PARM_2 + 6)
   0067 C7r00r0E      [ 4]  154 	sta	(__divslonglong_PARM_2 + 6)
   006A 4F            [ 1]  155 	clra
   006B C2r00r0D      [ 4]  156 	sbc	(__divslonglong_PARM_2 + 5)
   006E C7r00r0D      [ 4]  157 	sta	(__divslonglong_PARM_2 + 5)
   0071 4F            [ 1]  158 	clra
   0072 C2r00r0C      [ 4]  159 	sbc	(__divslonglong_PARM_2 + 4)
   0075 C7r00r0C      [ 4]  160 	sta	(__divslonglong_PARM_2 + 4)
   0078 4F            [ 1]  161 	clra
   0079 C2r00r0B      [ 4]  162 	sbc	(__divslonglong_PARM_2 + 3)
   007C C7r00r0B      [ 4]  163 	sta	(__divslonglong_PARM_2 + 3)
   007F 4F            [ 1]  164 	clra
   0080 C2r00r0A      [ 4]  165 	sbc	(__divslonglong_PARM_2 + 2)
   0083 C7r00r0A      [ 4]  166 	sta	(__divslonglong_PARM_2 + 2)
   0086 4F            [ 1]  167 	clra
   0087 C2r00r09      [ 4]  168 	sbc	(__divslonglong_PARM_2 + 1)
   008A C7r00r09      [ 4]  169 	sta	(__divslonglong_PARM_2 + 1)
   008D 4F            [ 1]  170 	clra
   008E C2r00r08      [ 4]  171 	sbc	__divslonglong_PARM_2
   0091 C7r00r08      [ 4]  172 	sta	__divslonglong_PARM_2
   0094                     173 00104$:
                            174 ;../_divslonglong.c:51: d = (unsigned long long)numerator / (unsigned long long)denominator;
   0094 C6r00r07      [ 4]  175 	lda	(__divslonglong_PARM_1 + 7)
   0097 C7r00r07      [ 4]  176 	sta	(__divulonglong_PARM_1 + 7)
   009A C6r00r06      [ 4]  177 	lda	(__divslonglong_PARM_1 + 6)
   009D C7r00r06      [ 4]  178 	sta	(__divulonglong_PARM_1 + 6)
   00A0 C6r00r05      [ 4]  179 	lda	(__divslonglong_PARM_1 + 5)
   00A3 C7r00r05      [ 4]  180 	sta	(__divulonglong_PARM_1 + 5)
   00A6 C6r00r04      [ 4]  181 	lda	(__divslonglong_PARM_1 + 4)
   00A9 C7r00r04      [ 4]  182 	sta	(__divulonglong_PARM_1 + 4)
   00AC C6r00r03      [ 4]  183 	lda	(__divslonglong_PARM_1 + 3)
   00AF C7r00r03      [ 4]  184 	sta	(__divulonglong_PARM_1 + 3)
   00B2 C6r00r02      [ 4]  185 	lda	(__divslonglong_PARM_1 + 2)
   00B5 C7r00r02      [ 4]  186 	sta	(__divulonglong_PARM_1 + 2)
   00B8 C6r00r01      [ 4]  187 	lda	(__divslonglong_PARM_1 + 1)
   00BB C7r00r01      [ 4]  188 	sta	(__divulonglong_PARM_1 + 1)
   00BE C6r00r00      [ 4]  189 	lda	__divslonglong_PARM_1
   00C1 C7r00r00      [ 4]  190 	sta	__divulonglong_PARM_1
   00C4 C6r00r0F      [ 4]  191 	lda	(__divslonglong_PARM_2 + 7)
   00C7 C7r00r07      [ 4]  192 	sta	(__divulonglong_PARM_2 + 7)
   00CA C6r00r0E      [ 4]  193 	lda	(__divslonglong_PARM_2 + 6)
   00CD C7r00r06      [ 4]  194 	sta	(__divulonglong_PARM_2 + 6)
   00D0 C6r00r0D      [ 4]  195 	lda	(__divslonglong_PARM_2 + 5)
   00D3 C7r00r05      [ 4]  196 	sta	(__divulonglong_PARM_2 + 5)
   00D6 C6r00r0C      [ 4]  197 	lda	(__divslonglong_PARM_2 + 4)
   00D9 C7r00r04      [ 4]  198 	sta	(__divulonglong_PARM_2 + 4)
   00DC C6r00r0B      [ 4]  199 	lda	(__divslonglong_PARM_2 + 3)
   00DF C7r00r03      [ 4]  200 	sta	(__divulonglong_PARM_2 + 3)
   00E2 C6r00r0A      [ 4]  201 	lda	(__divslonglong_PARM_2 + 2)
   00E5 C7r00r02      [ 4]  202 	sta	(__divulonglong_PARM_2 + 2)
   00E8 C6r00r09      [ 4]  203 	lda	(__divslonglong_PARM_2 + 1)
   00EB C7r00r01      [ 4]  204 	sta	(__divulonglong_PARM_2 + 1)
   00EE C6r00r08      [ 4]  205 	lda	__divslonglong_PARM_2
   00F1 C7r00r00      [ 4]  206 	sta	__divulonglong_PARM_2
                            207 ;../_divslonglong.c:53: return ((numeratorneg ^ denominatorneg) ? -d : d);
   00F4 89            [ 2]  208 	pshx
   00F5 CDr00r00      [ 5]  209 	jsr	__divulonglong
   00F8 B7*07         [ 3]  210 	sta	*(__divslonglong_sloc0_1_0 + 7)
   00FA BF*06         [ 3]  211 	stx	*(__divslonglong_sloc0_1_0 + 6)
   00FC 4E*00*05      [ 5]  212 	mov	*___SDCC_hc08_ret2,*(__divslonglong_sloc0_1_0 + 5)
   00FF 4E*00*04      [ 5]  213 	mov	*___SDCC_hc08_ret3,*(__divslonglong_sloc0_1_0 + 4)
   0102 4E*00*03      [ 5]  214 	mov	*___SDCC_hc08_ret4,*(__divslonglong_sloc0_1_0 + 3)
   0105 4E*00*02      [ 5]  215 	mov	*___SDCC_hc08_ret5,*(__divslonglong_sloc0_1_0 + 2)
   0108 4E*00*01      [ 5]  216 	mov	*___SDCC_hc08_ret6,*(__divslonglong_sloc0_1_0 + 1)
   010B 4E*00*00      [ 5]  217 	mov	*___SDCC_hc08_ret7,*__divslonglong_sloc0_1_0
   010E 88            [ 2]  218 	pulx
   010F 9F            [ 1]  219 	txa
   0110 C8r00r10      [ 4]  220 	eor	__divslonglong_denominatorneg_65536_2
   0113 27 2A         [ 3]  221 	beq	00107$
   0115 4F            [ 1]  222 	clra
   0116 B0*07         [ 3]  223 	sub	*(__divslonglong_sloc0_1_0 + 7)
   0118 B7*10         [ 3]  224 	sta	*(__divslonglong_sloc2_1_0 + 7)
   011A 4F            [ 1]  225 	clra
   011B B2*06         [ 3]  226 	sbc	*(__divslonglong_sloc0_1_0 + 6)
   011D B7*0F         [ 3]  227 	sta	*(__divslonglong_sloc2_1_0 + 6)
   011F 4F            [ 1]  228 	clra
   0120 B2*05         [ 3]  229 	sbc	*(__divslonglong_sloc0_1_0 + 5)
   0122 B7*0E         [ 3]  230 	sta	*(__divslonglong_sloc2_1_0 + 5)
   0124 4F            [ 1]  231 	clra
   0125 B2*04         [ 3]  232 	sbc	*(__divslonglong_sloc0_1_0 + 4)
   0127 B7*0D         [ 3]  233 	sta	*(__divslonglong_sloc2_1_0 + 4)
   0129 4F            [ 1]  234 	clra
   012A B2*03         [ 3]  235 	sbc	*(__divslonglong_sloc0_1_0 + 3)
   012C B7*0C         [ 3]  236 	sta	*(__divslonglong_sloc2_1_0 + 3)
   012E 4F            [ 1]  237 	clra
   012F B2*02         [ 3]  238 	sbc	*(__divslonglong_sloc0_1_0 + 2)
   0131 B7*0B         [ 3]  239 	sta	*(__divslonglong_sloc2_1_0 + 2)
   0133 4F            [ 1]  240 	clra
   0134 B2*01         [ 3]  241 	sbc	*(__divslonglong_sloc0_1_0 + 1)
   0136 B7*0A         [ 3]  242 	sta	*(__divslonglong_sloc2_1_0 + 1)
   0138 4F            [ 1]  243 	clra
   0139 B2*00         [ 3]  244 	sbc	*__divslonglong_sloc0_1_0
   013B B7*09         [ 3]  245 	sta	*__divslonglong_sloc2_1_0
   013D 20 18         [ 3]  246 	bra	00108$
   013F                     247 00107$:
   013F 4E*00*09      [ 5]  248 	mov	*__divslonglong_sloc0_1_0,*__divslonglong_sloc2_1_0
   0142 4E*01*0A      [ 5]  249 	mov	*(__divslonglong_sloc0_1_0 + 1),*(__divslonglong_sloc2_1_0 + 1)
   0145 4E*02*0B      [ 5]  250 	mov	*(__divslonglong_sloc0_1_0 + 2),*(__divslonglong_sloc2_1_0 + 2)
   0148 4E*03*0C      [ 5]  251 	mov	*(__divslonglong_sloc0_1_0 + 3),*(__divslonglong_sloc2_1_0 + 3)
   014B 4E*04*0D      [ 5]  252 	mov	*(__divslonglong_sloc0_1_0 + 4),*(__divslonglong_sloc2_1_0 + 4)
   014E 4E*05*0E      [ 5]  253 	mov	*(__divslonglong_sloc0_1_0 + 5),*(__divslonglong_sloc2_1_0 + 5)
   0151 4E*06*0F      [ 5]  254 	mov	*(__divslonglong_sloc0_1_0 + 6),*(__divslonglong_sloc2_1_0 + 6)
   0154 4E*07*10      [ 5]  255 	mov	*(__divslonglong_sloc0_1_0 + 7),*(__divslonglong_sloc2_1_0 + 7)
   0157                     256 00108$:
   0157 4E*09*00      [ 5]  257 	mov	*__divslonglong_sloc2_1_0,*___SDCC_hc08_ret7
   015A 4E*0A*00      [ 5]  258 	mov	*(__divslonglong_sloc2_1_0 + 1),*___SDCC_hc08_ret6
   015D 4E*0B*00      [ 5]  259 	mov	*(__divslonglong_sloc2_1_0 + 2),*___SDCC_hc08_ret5
   0160 4E*0C*00      [ 5]  260 	mov	*(__divslonglong_sloc2_1_0 + 3),*___SDCC_hc08_ret4
   0163 4E*0D*00      [ 5]  261 	mov	*(__divslonglong_sloc2_1_0 + 4),*___SDCC_hc08_ret3
   0166 4E*0E*00      [ 5]  262 	mov	*(__divslonglong_sloc2_1_0 + 5),*___SDCC_hc08_ret2
   0169 BE*0F         [ 3]  263 	ldx	*(__divslonglong_sloc2_1_0 + 6)
   016B B6*10         [ 3]  264 	lda	*(__divslonglong_sloc2_1_0 + 7)
                            265 ;../_divslonglong.c:54: }
   016D 81            [ 4]  266 	rts
                            267 	.area CSEG    (CODE)
                            268 	.area CONST   (CODE)
                            269 	.area XINIT   (CODE)
                            270 	.area CABS    (ABS,CODE)
