                              1 ;--------------------------------------------------------
                              2 ; File Created by SDCC : free open source ISO C Compiler 
                              3 ; Version 4.2.14 #0 (Linux)
                              4 ;--------------------------------------------------------
                              5 	.module _fslt
                              6 	.optsdcc -mhc08
                              7 	
                              8 	.area HOME    (CODE)
                              9 	.area GSINIT0 (CODE)
                             10 	.area GSINIT  (CODE)
                             11 	.area GSFINAL (CODE)
                             12 	.area CSEG    (CODE)
                             13 	.area XINIT   (CODE)
                             14 	.area CONST   (CODE)
                             15 	.area DSEG    (PAG)
                             16 	.area OSEG    (PAG, OVR)
                             17 	.area XSEG
                             18 	.area XISEG
                             19 ;--------------------------------------------------------
                             20 ; Public variables in this module
                             21 ;--------------------------------------------------------
                             22 	.globl ___fslt_PARM_2
                             23 	.globl ___fslt_PARM_1
                             24 	.globl ___fslt
                             25 ;--------------------------------------------------------
                             26 ; ram data
                             27 ;--------------------------------------------------------
                             28 	.area DSEG    (PAG)
                             29 ;--------------------------------------------------------
                             30 ; overlayable items in ram
                             31 ;--------------------------------------------------------
                             32 	.area	OSEG    (PAG, OVR)
   0000                      33 ___fslt_sloc0_1_0:
   0000                      34 	.ds 4
   0004                      35 ___fslt_sloc1_1_0:
   0004                      36 	.ds 4
                             37 ;--------------------------------------------------------
                             38 ; absolute ram data
                             39 ;--------------------------------------------------------
                             40 	.area IABS    (ABS)
                             41 	.area IABS    (ABS)
                             42 ;--------------------------------------------------------
                             43 ; absolute external ram data
                             44 ;--------------------------------------------------------
                             45 	.area XABS    (ABS)
                             46 ;--------------------------------------------------------
                             47 ; initialized external ram data
                             48 ;--------------------------------------------------------
                             49 	.area XISEG
                             50 ;--------------------------------------------------------
                             51 ; extended address mode data
                             52 ;--------------------------------------------------------
                             53 	.area XSEG
   0000                      54 ___fslt_PARM_1:
   0000                      55 	.ds 4
   0004                      56 ___fslt_PARM_2:
   0004                      57 	.ds 4
   0008                      58 ___fslt_fl1_65536_21:
   0008                      59 	.ds 4
   000C                      60 ___fslt_fl2_65536_21:
   000C                      61 	.ds 4
                             62 ;--------------------------------------------------------
                             63 ; global & static initialisations
                             64 ;--------------------------------------------------------
                             65 	.area HOME    (CODE)
                             66 	.area GSINIT  (CODE)
                             67 	.area GSFINAL (CODE)
                             68 	.area GSINIT  (CODE)
                             69 ;--------------------------------------------------------
                             70 ; Home
                             71 ;--------------------------------------------------------
                             72 	.area HOME    (CODE)
                             73 	.area HOME    (CODE)
                             74 ;--------------------------------------------------------
                             75 ; code
                             76 ;--------------------------------------------------------
                             77 	.area CSEG    (CODE)
                             78 ;------------------------------------------------------------
                             79 ;Allocation info for local variables in function '__fslt'
                             80 ;------------------------------------------------------------
                             81 ;a1                        Allocated with name '___fslt_PARM_1'
                             82 ;a2                        Allocated with name '___fslt_PARM_2'
                             83 ;fl1                       Allocated with name '___fslt_fl1_65536_21'
                             84 ;fl2                       Allocated with name '___fslt_fl2_65536_21'
                             85 ;sloc0                     Allocated with name '___fslt_sloc0_1_0'
                             86 ;sloc1                     Allocated with name '___fslt_sloc1_1_0'
                             87 ;------------------------------------------------------------
                             88 ;../_fslt.c:108: _Bool __fslt (float a1, float a2)
                             89 ;	-----------------------------------------
                             90 ;	 function __fslt
                             91 ;	-----------------------------------------
                             92 ;	Register assignment is optimal.
                             93 ;	Stack space usage: 0 bytes.
   0000                      94 ___fslt:
                             95 ;../_fslt.c:112: fl1.f = a1;
   0000 C6r00r00      [ 4]   96 	lda	___fslt_PARM_1
   0003 C7r00r08      [ 4]   97 	sta	___fslt_fl1_65536_21
   0006 C6r00r01      [ 4]   98 	lda	(___fslt_PARM_1 + 1)
   0009 C7r00r09      [ 4]   99 	sta	(___fslt_fl1_65536_21 + 1)
   000C C6r00r02      [ 4]  100 	lda	(___fslt_PARM_1 + 2)
   000F C7r00r0A      [ 4]  101 	sta	(___fslt_fl1_65536_21 + 2)
   0012 C6r00r03      [ 4]  102 	lda	(___fslt_PARM_1 + 3)
   0015 C7r00r0B      [ 4]  103 	sta	(___fslt_fl1_65536_21 + 3)
                            104 ;../_fslt.c:113: fl2.f = a2;
   0018 C6r00r04      [ 4]  105 	lda	___fslt_PARM_2
   001B C7r00r0C      [ 4]  106 	sta	___fslt_fl2_65536_21
   001E C6r00r05      [ 4]  107 	lda	(___fslt_PARM_2 + 1)
   0021 C7r00r0D      [ 4]  108 	sta	(___fslt_fl2_65536_21 + 1)
   0024 C6r00r06      [ 4]  109 	lda	(___fslt_PARM_2 + 2)
   0027 C7r00r0E      [ 4]  110 	sta	(___fslt_fl2_65536_21 + 2)
   002A C6r00r07      [ 4]  111 	lda	(___fslt_PARM_2 + 3)
   002D C7r00r0F      [ 4]  112 	sta	(___fslt_fl2_65536_21 + 3)
                            113 ;../_fslt.c:115: if (((fl1.l | fl2.l) & 0x7FFFFFFF) == 0)
   0030 C6r00r08      [ 4]  114 	lda	___fslt_fl1_65536_21
   0033 B7*00         [ 3]  115 	sta	*___fslt_sloc0_1_0
   0035 C6r00r09      [ 4]  116 	lda	(___fslt_fl1_65536_21 + 1)
   0038 B7*01         [ 3]  117 	sta	*(___fslt_sloc0_1_0 + 1)
   003A C6r00r0A      [ 4]  118 	lda	(___fslt_fl1_65536_21 + 2)
   003D B7*02         [ 3]  119 	sta	*(___fslt_sloc0_1_0 + 2)
   003F C6r00r0B      [ 4]  120 	lda	(___fslt_fl1_65536_21 + 3)
   0042 B7*03         [ 3]  121 	sta	*(___fslt_sloc0_1_0 + 3)
   0044 C6r00r0C      [ 4]  122 	lda	___fslt_fl2_65536_21
   0047 B7*04         [ 3]  123 	sta	*___fslt_sloc1_1_0
   0049 C6r00r0D      [ 4]  124 	lda	(___fslt_fl2_65536_21 + 1)
   004C B7*05         [ 3]  125 	sta	*(___fslt_sloc1_1_0 + 1)
   004E C6r00r0E      [ 4]  126 	lda	(___fslt_fl2_65536_21 + 2)
   0051 B7*06         [ 3]  127 	sta	*(___fslt_sloc1_1_0 + 2)
   0053 C6r00r0F      [ 4]  128 	lda	(___fslt_fl2_65536_21 + 3)
   0056 B7*07         [ 3]  129 	sta	*(___fslt_sloc1_1_0 + 3)
   0058 B6*03         [ 3]  130 	lda	*(___fslt_sloc0_1_0 + 3)
   005A BA*07         [ 3]  131 	ora	*(___fslt_sloc1_1_0 + 3)
   005C B7*07         [ 3]  132 	sta	*(___fslt_sloc1_1_0 + 3)
   005E B6*02         [ 3]  133 	lda	*(___fslt_sloc0_1_0 + 2)
   0060 BA*06         [ 3]  134 	ora	*(___fslt_sloc1_1_0 + 2)
   0062 B7*06         [ 3]  135 	sta	*(___fslt_sloc1_1_0 + 2)
   0064 B6*01         [ 3]  136 	lda	*(___fslt_sloc0_1_0 + 1)
   0066 BA*05         [ 3]  137 	ora	*(___fslt_sloc1_1_0 + 1)
   0068 B7*05         [ 3]  138 	sta	*(___fslt_sloc1_1_0 + 1)
   006A B6*00         [ 3]  139 	lda	*___fslt_sloc0_1_0
   006C BA*04         [ 3]  140 	ora	*___fslt_sloc1_1_0
   006E B7*04         [ 3]  141 	sta	*___fslt_sloc1_1_0
   0070 3D*07         [ 3]  142 	tst	*(___fslt_sloc1_1_0 + 3)
   0072 26 0C         [ 3]  143 	bne	00137$
   0074 3D*06         [ 3]  144 	tst	*(___fslt_sloc1_1_0 + 2)
   0076 26 08         [ 3]  145 	bne	00137$
   0078 3D*05         [ 3]  146 	tst	*(___fslt_sloc1_1_0 + 1)
   007A 26 04         [ 3]  147 	bne	00137$
   007C B6*04         [ 3]  148 	lda	*___fslt_sloc1_1_0
   007E A5 7F         [ 2]  149 	bit	#0x7f
   0080                     150 00137$:
   0080 26 02         [ 3]  151 	bne	00102$
                            152 ;../_fslt.c:116: return (0);
   0082 4F            [ 1]  153 	clra
   0083 81            [ 4]  154 	rts
   0084                     155 00102$:
                            156 ;../_fslt.c:118: if (fl1.l<0 && fl2.l<0) {
   0084 C6r00r08      [ 4]  157 	lda	___fslt_fl1_65536_21
   0087 B7*04         [ 3]  158 	sta	*___fslt_sloc1_1_0
   0089 C6r00r09      [ 4]  159 	lda	(___fslt_fl1_65536_21 + 1)
   008C B7*05         [ 3]  160 	sta	*(___fslt_sloc1_1_0 + 1)
   008E C6r00r0A      [ 4]  161 	lda	(___fslt_fl1_65536_21 + 2)
   0091 B7*06         [ 3]  162 	sta	*(___fslt_sloc1_1_0 + 2)
   0093 C6r00r0B      [ 4]  163 	lda	(___fslt_fl1_65536_21 + 3)
   0096 B7*07         [ 3]  164 	sta	*(___fslt_sloc1_1_0 + 3)
   0098 B6*04         [ 3]  165 	lda	*___fslt_sloc1_1_0
   009A A0 00         [ 2]  166 	sub	#0x00
   009C 90 59         [ 3]  167 	bge	00106$
   009E C6r00r0C      [ 4]  168 	lda	___fslt_fl2_65536_21
   00A1 B7*04         [ 3]  169 	sta	*___fslt_sloc1_1_0
   00A3 C6r00r0D      [ 4]  170 	lda	(___fslt_fl2_65536_21 + 1)
   00A6 B7*05         [ 3]  171 	sta	*(___fslt_sloc1_1_0 + 1)
   00A8 C6r00r0E      [ 4]  172 	lda	(___fslt_fl2_65536_21 + 2)
   00AB B7*06         [ 3]  173 	sta	*(___fslt_sloc1_1_0 + 2)
   00AD C6r00r0F      [ 4]  174 	lda	(___fslt_fl2_65536_21 + 3)
   00B0 B7*07         [ 3]  175 	sta	*(___fslt_sloc1_1_0 + 3)
   00B2 B6*04         [ 3]  176 	lda	*___fslt_sloc1_1_0
   00B4 A0 00         [ 2]  177 	sub	#0x00
   00B6 90 3F         [ 3]  178 	bge	00106$
                            179 ;../_fslt.c:119: if (fl2.l < fl1.l)
   00B8 C6r00r0C      [ 4]  180 	lda	___fslt_fl2_65536_21
   00BB B7*04         [ 3]  181 	sta	*___fslt_sloc1_1_0
   00BD C6r00r0D      [ 4]  182 	lda	(___fslt_fl2_65536_21 + 1)
   00C0 B7*05         [ 3]  183 	sta	*(___fslt_sloc1_1_0 + 1)
   00C2 C6r00r0E      [ 4]  184 	lda	(___fslt_fl2_65536_21 + 2)
   00C5 B7*06         [ 3]  185 	sta	*(___fslt_sloc1_1_0 + 2)
   00C7 C6r00r0F      [ 4]  186 	lda	(___fslt_fl2_65536_21 + 3)
   00CA B7*07         [ 3]  187 	sta	*(___fslt_sloc1_1_0 + 3)
   00CC C6r00r08      [ 4]  188 	lda	___fslt_fl1_65536_21
   00CF B7*00         [ 3]  189 	sta	*___fslt_sloc0_1_0
   00D1 C6r00r09      [ 4]  190 	lda	(___fslt_fl1_65536_21 + 1)
   00D4 B7*01         [ 3]  191 	sta	*(___fslt_sloc0_1_0 + 1)
   00D6 C6r00r0A      [ 4]  192 	lda	(___fslt_fl1_65536_21 + 2)
   00D9 B7*02         [ 3]  193 	sta	*(___fslt_sloc0_1_0 + 2)
   00DB C6r00r0B      [ 4]  194 	lda	(___fslt_fl1_65536_21 + 3)
   00DE B7*03         [ 3]  195 	sta	*(___fslt_sloc0_1_0 + 3)
   00E0 B6*07         [ 3]  196 	lda	*(___fslt_sloc1_1_0 + 3)
   00E2 B0*03         [ 3]  197 	sub	*(___fslt_sloc0_1_0 + 3)
   00E4 B6*06         [ 3]  198 	lda	*(___fslt_sloc1_1_0 + 2)
   00E6 B2*02         [ 3]  199 	sbc	*(___fslt_sloc0_1_0 + 2)
   00E8 B6*05         [ 3]  200 	lda	*(___fslt_sloc1_1_0 + 1)
   00EA B2*01         [ 3]  201 	sbc	*(___fslt_sloc0_1_0 + 1)
   00EC B6*04         [ 3]  202 	lda	*___fslt_sloc1_1_0
   00EE B2*00         [ 3]  203 	sbc	*___fslt_sloc0_1_0
   00F0 90 03         [ 3]  204 	bge	00104$
                            205 ;../_fslt.c:120: return (1);
   00F2 A6 01         [ 2]  206 	lda	#0x01
   00F4 81            [ 4]  207 	rts
   00F5                     208 00104$:
                            209 ;../_fslt.c:121: return (0);
   00F5 4F            [ 1]  210 	clra
   00F6 81            [ 4]  211 	rts
   00F7                     212 00106$:
                            213 ;../_fslt.c:124: if (fl1.l < fl2.l)
   00F7 C6r00r08      [ 4]  214 	lda	___fslt_fl1_65536_21
   00FA B7*04         [ 3]  215 	sta	*___fslt_sloc1_1_0
   00FC C6r00r09      [ 4]  216 	lda	(___fslt_fl1_65536_21 + 1)
   00FF B7*05         [ 3]  217 	sta	*(___fslt_sloc1_1_0 + 1)
   0101 C6r00r0A      [ 4]  218 	lda	(___fslt_fl1_65536_21 + 2)
   0104 B7*06         [ 3]  219 	sta	*(___fslt_sloc1_1_0 + 2)
   0106 C6r00r0B      [ 4]  220 	lda	(___fslt_fl1_65536_21 + 3)
   0109 B7*07         [ 3]  221 	sta	*(___fslt_sloc1_1_0 + 3)
   010B C6r00r0C      [ 4]  222 	lda	___fslt_fl2_65536_21
   010E B7*00         [ 3]  223 	sta	*___fslt_sloc0_1_0
   0110 C6r00r0D      [ 4]  224 	lda	(___fslt_fl2_65536_21 + 1)
   0113 B7*01         [ 3]  225 	sta	*(___fslt_sloc0_1_0 + 1)
   0115 C6r00r0E      [ 4]  226 	lda	(___fslt_fl2_65536_21 + 2)
   0118 B7*02         [ 3]  227 	sta	*(___fslt_sloc0_1_0 + 2)
   011A C6r00r0F      [ 4]  228 	lda	(___fslt_fl2_65536_21 + 3)
   011D B7*03         [ 3]  229 	sta	*(___fslt_sloc0_1_0 + 3)
   011F B6*07         [ 3]  230 	lda	*(___fslt_sloc1_1_0 + 3)
   0121 B0*03         [ 3]  231 	sub	*(___fslt_sloc0_1_0 + 3)
   0123 B6*06         [ 3]  232 	lda	*(___fslt_sloc1_1_0 + 2)
   0125 B2*02         [ 3]  233 	sbc	*(___fslt_sloc0_1_0 + 2)
   0127 B6*05         [ 3]  234 	lda	*(___fslt_sloc1_1_0 + 1)
   0129 B2*01         [ 3]  235 	sbc	*(___fslt_sloc0_1_0 + 1)
   012B B6*04         [ 3]  236 	lda	*___fslt_sloc1_1_0
   012D B2*00         [ 3]  237 	sbc	*___fslt_sloc0_1_0
   012F 90 03         [ 3]  238 	bge	00109$
                            239 ;../_fslt.c:125: return (1);
   0131 A6 01         [ 2]  240 	lda	#0x01
   0133 81            [ 4]  241 	rts
   0134                     242 00109$:
                            243 ;../_fslt.c:126: return (0);
   0134 4F            [ 1]  244 	clra
                            245 ;../_fslt.c:127: }
   0135 81            [ 4]  246 	rts
                            247 	.area CSEG    (CODE)
                            248 	.area CONST   (CODE)
                            249 	.area XINIT   (CODE)
                            250 	.area CABS    (ABS,CODE)
