                              1 ;--------------------------------------------------------
                              2 ; File Created by SDCC : free open source ISO C Compiler 
                              3 ; Version 4.2.14 #0 (Linux)
                              4 ;--------------------------------------------------------
                              5 	.module _schar2fs
                              6 	.optsdcc -mhc08
                              7 	
                              8 	.area HOME    (CODE)
                              9 	.area GSINIT0 (CODE)
                             10 	.area GSINIT  (CODE)
                             11 	.area GSFINAL (CODE)
                             12 	.area CSEG    (CODE)
                             13 	.area XINIT   (CODE)
                             14 	.area CONST   (CODE)
                             15 	.area DSEG    (PAG)
                             16 	.area OSEG    (PAG, OVR)
                             17 	.area XSEG
                             18 	.area XISEG
                             19 ;--------------------------------------------------------
                             20 ; Public variables in this module
                             21 ;--------------------------------------------------------
                             22 	.globl ___slong2fs
                             23 	.globl ___schar2fs
                             24 ;--------------------------------------------------------
                             25 ; ram data
                             26 ;--------------------------------------------------------
                             27 	.area DSEG    (PAG)
   0000                      28 ___schar2fs_sloc0_1_0:
   0000                      29 	.ds 4
                             30 ;--------------------------------------------------------
                             31 ; overlayable items in ram
                             32 ;--------------------------------------------------------
                             33 ;--------------------------------------------------------
                             34 ; absolute ram data
                             35 ;--------------------------------------------------------
                             36 	.area IABS    (ABS)
                             37 	.area IABS    (ABS)
                             38 ;--------------------------------------------------------
                             39 ; absolute external ram data
                             40 ;--------------------------------------------------------
                             41 	.area XABS    (ABS)
                             42 ;--------------------------------------------------------
                             43 ; initialized external ram data
                             44 ;--------------------------------------------------------
                             45 	.area XISEG
                             46 ;--------------------------------------------------------
                             47 ; extended address mode data
                             48 ;--------------------------------------------------------
                             49 	.area XSEG
                             50 ;--------------------------------------------------------
                             51 ; global & static initialisations
                             52 ;--------------------------------------------------------
                             53 	.area HOME    (CODE)
                             54 	.area GSINIT  (CODE)
                             55 	.area GSFINAL (CODE)
                             56 	.area GSINIT  (CODE)
                             57 ;--------------------------------------------------------
                             58 ; Home
                             59 ;--------------------------------------------------------
                             60 	.area HOME    (CODE)
                             61 	.area HOME    (CODE)
                             62 ;--------------------------------------------------------
                             63 ; code
                             64 ;--------------------------------------------------------
                             65 	.area CSEG    (CODE)
                             66 ;------------------------------------------------------------
                             67 ;Allocation info for local variables in function '__schar2fs'
                             68 ;------------------------------------------------------------
                             69 ;sloc0                     Allocated with name '___schar2fs_sloc0_1_0'
                             70 ;sc                        Allocated to registers a 
                             71 ;------------------------------------------------------------
                             72 ;../_schar2fs.c:55: float __schar2fs (signed char sc) {
                             73 ;	-----------------------------------------
                             74 ;	 function __schar2fs
                             75 ;	-----------------------------------------
                             76 ;	Register assignment is optimal.
                             77 ;	Stack space usage: 0 bytes.
   0000                      78 ___schar2fs:
                             79 ;../_schar2fs.c:56: return __slong2fs(sc);
   0000 C7r00r03      [ 4]   80 	sta	(___slong2fs_PARM_1 + 3)
   0003 49            [ 1]   81 	rola	
   0004 4F            [ 1]   82 	clra	
   0005 A2 00         [ 2]   83 	sbc	#0x00
   0007 C7r00r02      [ 4]   84 	sta	(___slong2fs_PARM_1 + 2)
   000A C7r00r01      [ 4]   85 	sta	(___slong2fs_PARM_1 + 1)
   000D C7r00r00      [ 4]   86 	sta	___slong2fs_PARM_1
   0010 CDr00r00      [ 5]   87 	jsr	___slong2fs
   0013 B7*03         [ 3]   88 	sta	*(___schar2fs_sloc0_1_0 + 3)
   0015 BF*02         [ 3]   89 	stx	*(___schar2fs_sloc0_1_0 + 2)
   0017 4E*00*01      [ 5]   90 	mov	*___SDCC_hc08_ret2,*(___schar2fs_sloc0_1_0 + 1)
   001A 4E*00*00      [ 5]   91 	mov	*___SDCC_hc08_ret3,*___schar2fs_sloc0_1_0
   001D 4E*00*00      [ 5]   92 	mov	*___schar2fs_sloc0_1_0,*___SDCC_hc08_ret3
   0020 4E*01*00      [ 5]   93 	mov	*(___schar2fs_sloc0_1_0 + 1),*___SDCC_hc08_ret2
   0023 BE*02         [ 3]   94 	ldx	*(___schar2fs_sloc0_1_0 + 2)
   0025 B6*03         [ 3]   95 	lda	*(___schar2fs_sloc0_1_0 + 3)
                             96 ;../_schar2fs.c:57: }
   0027 81            [ 4]   97 	rts
                             98 	.area CSEG    (CODE)
                             99 	.area CONST   (CODE)
                            100 	.area XINIT   (CODE)
                            101 	.area CABS    (ABS,CODE)
