                              1 ;--------------------------------------------------------
                              2 ; File Created by SDCC : free open source ISO C Compiler 
                              3 ; Version 4.2.14 #0 (Linux)
                              4 ;--------------------------------------------------------
                              5 	.module _slong2fs
                              6 	.optsdcc -mhc08
                              7 	
                              8 	.area HOME    (CODE)
                              9 	.area GSINIT0 (CODE)
                             10 	.area GSINIT  (CODE)
                             11 	.area GSFINAL (CODE)
                             12 	.area CSEG    (CODE)
                             13 	.area XINIT   (CODE)
                             14 	.area CONST   (CODE)
                             15 	.area DSEG    (PAG)
                             16 	.area OSEG    (PAG, OVR)
                             17 	.area XSEG
                             18 	.area XISEG
                             19 ;--------------------------------------------------------
                             20 ; Public variables in this module
                             21 ;--------------------------------------------------------
                             22 	.globl ___ulong2fs
                             23 	.globl ___slong2fs_PARM_1
                             24 	.globl ___slong2fs
                             25 ;--------------------------------------------------------
                             26 ; ram data
                             27 ;--------------------------------------------------------
                             28 	.area DSEG    (PAG)
   0000                      29 ___slong2fs_sloc0_1_0:
   0000                      30 	.ds 4
                             31 ;--------------------------------------------------------
                             32 ; overlayable items in ram
                             33 ;--------------------------------------------------------
                             34 ;--------------------------------------------------------
                             35 ; absolute ram data
                             36 ;--------------------------------------------------------
                             37 	.area IABS    (ABS)
                             38 	.area IABS    (ABS)
                             39 ;--------------------------------------------------------
                             40 ; absolute external ram data
                             41 ;--------------------------------------------------------
                             42 	.area XABS    (ABS)
                             43 ;--------------------------------------------------------
                             44 ; initialized external ram data
                             45 ;--------------------------------------------------------
                             46 	.area XISEG
                             47 ;--------------------------------------------------------
                             48 ; extended address mode data
                             49 ;--------------------------------------------------------
                             50 	.area XSEG
   0000                      51 ___slong2fs_PARM_1:
   0000                      52 	.ds 4
                             53 ;--------------------------------------------------------
                             54 ; global & static initialisations
                             55 ;--------------------------------------------------------
                             56 	.area HOME    (CODE)
                             57 	.area GSINIT  (CODE)
                             58 	.area GSFINAL (CODE)
                             59 	.area GSINIT  (CODE)
                             60 ;--------------------------------------------------------
                             61 ; Home
                             62 ;--------------------------------------------------------
                             63 	.area HOME    (CODE)
                             64 	.area HOME    (CODE)
                             65 ;--------------------------------------------------------
                             66 ; code
                             67 ;--------------------------------------------------------
                             68 	.area CSEG    (CODE)
                             69 ;------------------------------------------------------------
                             70 ;Allocation info for local variables in function '__slong2fs'
                             71 ;------------------------------------------------------------
                             72 ;sloc0                     Allocated with name '___slong2fs_sloc0_1_0'
                             73 ;sl                        Allocated with name '___slong2fs_PARM_1'
                             74 ;------------------------------------------------------------
                             75 ;../_slong2fs.c:79: float __slong2fs (signed long sl) {
                             76 ;	-----------------------------------------
                             77 ;	 function __slong2fs
                             78 ;	-----------------------------------------
                             79 ;	Register assignment is optimal.
                             80 ;	Stack space usage: 0 bytes.
   0000                      81 ___slong2fs:
                             82 ;../_slong2fs.c:80: if (sl<0) 
   0000 C6r00r00      [ 4]   83 	lda	___slong2fs_PARM_1
   0003 A0 00         [ 2]   84 	sub	#0x00
   0005 90 3A         [ 3]   85 	bge	00102$
                             86 ;../_slong2fs.c:81: return -__ulong2fs(-sl);
   0007 4F            [ 1]   87 	clra
   0008 C0r00r03      [ 4]   88 	sub	(___slong2fs_PARM_1 + 3)
   000B C7r00r03      [ 4]   89 	sta	(___ulong2fs_PARM_1 + 3)
   000E 4F            [ 1]   90 	clra
   000F C2r00r02      [ 4]   91 	sbc	(___slong2fs_PARM_1 + 2)
   0012 C7r00r02      [ 4]   92 	sta	(___ulong2fs_PARM_1 + 2)
   0015 4F            [ 1]   93 	clra
   0016 C2r00r01      [ 4]   94 	sbc	(___slong2fs_PARM_1 + 1)
   0019 C7r00r01      [ 4]   95 	sta	(___ulong2fs_PARM_1 + 1)
   001C 4F            [ 1]   96 	clra
   001D C2r00r00      [ 4]   97 	sbc	___slong2fs_PARM_1
   0020 C7r00r00      [ 4]   98 	sta	___ulong2fs_PARM_1
   0023 CDr00r00      [ 5]   99 	jsr	___ulong2fs
   0026 B7*03         [ 3]  100 	sta	*(___slong2fs_sloc0_1_0 + 3)
   0028 BF*02         [ 3]  101 	stx	*(___slong2fs_sloc0_1_0 + 2)
   002A 4E*00*01      [ 5]  102 	mov	*___SDCC_hc08_ret2,*(___slong2fs_sloc0_1_0 + 1)
   002D 4E*00*00      [ 5]  103 	mov	*___SDCC_hc08_ret3,*___slong2fs_sloc0_1_0
   0030 B6*00         [ 3]  104 	lda	*___slong2fs_sloc0_1_0
   0032 A8 80         [ 2]  105 	eor	#0x80
   0034 B7*00         [ 3]  106 	sta	*___slong2fs_sloc0_1_0
   0036 4E*00*00      [ 5]  107 	mov	*___slong2fs_sloc0_1_0,*___SDCC_hc08_ret3
   0039 4E*01*00      [ 5]  108 	mov	*(___slong2fs_sloc0_1_0 + 1),*___SDCC_hc08_ret2
   003C BE*02         [ 3]  109 	ldx	*(___slong2fs_sloc0_1_0 + 2)
   003E B6*03         [ 3]  110 	lda	*(___slong2fs_sloc0_1_0 + 3)
   0040 81            [ 4]  111 	rts
   0041                     112 00102$:
                            113 ;../_slong2fs.c:83: return __ulong2fs(sl);
   0041 45r00r00      [ 3]  114 	ldhx	#___ulong2fs_PARM_1
   0044 C6r00r00      [ 4]  115 	lda	___slong2fs_PARM_1
   0047 F7            [ 2]  116 	sta	,x
   0048 C6r00r01      [ 4]  117 	lda	(___slong2fs_PARM_1 + 1)
   004B E7 01         [ 3]  118 	sta	1,x
   004D C6r00r02      [ 4]  119 	lda	(___slong2fs_PARM_1 + 2)
   0050 E7 02         [ 3]  120 	sta	2,x
   0052 C6r00r03      [ 4]  121 	lda	(___slong2fs_PARM_1 + 3)
   0055 E7 03         [ 3]  122 	sta	3,x
   0057 CDr00r00      [ 5]  123 	jsr	___ulong2fs
   005A B7*03         [ 3]  124 	sta	*(___slong2fs_sloc0_1_0 + 3)
   005C BF*02         [ 3]  125 	stx	*(___slong2fs_sloc0_1_0 + 2)
   005E 4E*00*01      [ 5]  126 	mov	*___SDCC_hc08_ret2,*(___slong2fs_sloc0_1_0 + 1)
   0061 4E*00*00      [ 5]  127 	mov	*___SDCC_hc08_ret3,*___slong2fs_sloc0_1_0
   0064 4E*00*00      [ 5]  128 	mov	*___slong2fs_sloc0_1_0,*___SDCC_hc08_ret3
   0067 4E*01*00      [ 5]  129 	mov	*(___slong2fs_sloc0_1_0 + 1),*___SDCC_hc08_ret2
   006A BE*02         [ 3]  130 	ldx	*(___slong2fs_sloc0_1_0 + 2)
   006C B6*03         [ 3]  131 	lda	*(___slong2fs_sloc0_1_0 + 3)
                            132 ;../_slong2fs.c:84: }
   006E 81            [ 4]  133 	rts
                            134 	.area CSEG    (CODE)
                            135 	.area CONST   (CODE)
                            136 	.area XINIT   (CODE)
                            137 	.area CABS    (ABS,CODE)
