                              1 ;--------------------------------------------------------
                              2 ; File Created by SDCC : free open source ISO C Compiler 
                              3 ; Version 4.2.14 #0 (Linux)
                              4 ;--------------------------------------------------------
                              5 	.module _strcspn
                              6 	.optsdcc -mhc08
                              7 	
                              8 	.area HOME    (CODE)
                              9 	.area GSINIT0 (CODE)
                             10 	.area GSINIT  (CODE)
                             11 	.area GSFINAL (CODE)
                             12 	.area CSEG    (CODE)
                             13 	.area XINIT   (CODE)
                             14 	.area CONST   (CODE)
                             15 	.area DSEG    (PAG)
                             16 	.area OSEG    (PAG, OVR)
                             17 	.area XSEG
                             18 	.area XISEG
                             19 ;--------------------------------------------------------
                             20 ; Public variables in this module
                             21 ;--------------------------------------------------------
                             22 	.globl _strchr
                             23 	.globl _strcspn_PARM_2
                             24 	.globl _strcspn
                             25 ;--------------------------------------------------------
                             26 ; ram data
                             27 ;--------------------------------------------------------
                             28 	.area DSEG    (PAG)
   0000                      29 _strcspn_count_65536_27:
   0000                      30 	.ds 2
   0002                      31 _strcspn_sloc0_1_0:
   0002                      32 	.ds 2
                             33 ;--------------------------------------------------------
                             34 ; overlayable items in ram
                             35 ;--------------------------------------------------------
                             36 ;--------------------------------------------------------
                             37 ; absolute ram data
                             38 ;--------------------------------------------------------
                             39 	.area IABS    (ABS)
                             40 	.area IABS    (ABS)
                             41 ;--------------------------------------------------------
                             42 ; absolute external ram data
                             43 ;--------------------------------------------------------
                             44 	.area XABS    (ABS)
                             45 ;--------------------------------------------------------
                             46 ; initialized external ram data
                             47 ;--------------------------------------------------------
                             48 	.area XISEG
                             49 ;--------------------------------------------------------
                             50 ; extended address mode data
                             51 ;--------------------------------------------------------
                             52 	.area XSEG
   0000                      53 _strcspn_PARM_2:
   0000                      54 	.ds 2
                             55 ;--------------------------------------------------------
                             56 ; global & static initialisations
                             57 ;--------------------------------------------------------
                             58 	.area HOME    (CODE)
                             59 	.area GSINIT  (CODE)
                             60 	.area GSFINAL (CODE)
                             61 	.area GSINIT  (CODE)
                             62 ;--------------------------------------------------------
                             63 ; Home
                             64 ;--------------------------------------------------------
                             65 	.area HOME    (CODE)
                             66 	.area HOME    (CODE)
                             67 ;--------------------------------------------------------
                             68 ; code
                             69 ;--------------------------------------------------------
                             70 	.area CSEG    (CODE)
                             71 ;------------------------------------------------------------
                             72 ;Allocation info for local variables in function 'strcspn'
                             73 ;------------------------------------------------------------
                             74 ;count                     Allocated with name '_strcspn_count_65536_27'
                             75 ;ch                        Allocated to registers a 
                             76 ;sloc0                     Allocated with name '_strcspn_sloc0_1_0'
                             77 ;control                   Allocated with name '_strcspn_PARM_2'
                             78 ;string                    Allocated to registers 
                             79 ;------------------------------------------------------------
                             80 ;../_strcspn.c:31: size_t strcspn ( const char * string, const char * control )
                             81 ;	-----------------------------------------
                             82 ;	 function strcspn
                             83 ;	-----------------------------------------
                             84 ;	Register assignment is optimal.
                             85 ;	Stack space usage: 0 bytes.
   0000                      86 _strcspn:
   0000 B7*03         [ 3]   87 	sta	*(_strcspn_sloc0_1_0 + 1)
   0002 BF*02         [ 3]   88 	stx	*_strcspn_sloc0_1_0
                             89 ;../_strcspn.c:36: while (ch = *string) {
   0004 8C            [ 1]   90 	clrh
   0005 5F            [ 1]   91 	clrx
   0006 35*00         [ 4]   92 	sthx	*_strcspn_count_65536_27
   0008                      93 00104$:
   0008 55*02         [ 4]   94 	ldhx	*_strcspn_sloc0_1_0
   000A FE            [ 2]   95 	ldx	,x
   000B 9F            [ 1]   96 	txa
   000C 5D            [ 1]   97 	tstx
   000D 27 20         [ 3]   98 	beq	00106$
                             99 ;../_strcspn.c:37: if (strchr(control,ch))
   000F C7r00r00      [ 4]  100 	sta	_strchr_PARM_2
   0012 C6r00r01      [ 4]  101 	lda	(_strcspn_PARM_2 + 1)
   0015 CEr00r00      [ 4]  102 	ldx	_strcspn_PARM_2
   0018 CDr00r00      [ 5]  103 	jsr	_strchr
   001B 4D            [ 1]  104 	tsta
   001C 26 01         [ 3]  105 	bne	00126$
   001E 5D            [ 1]  106 	tstx
   001F                     107 00126$:
   001F 26 0E         [ 3]  108 	bne	00106$
                            109 ;../_strcspn.c:40: count++;
   0021 55*00         [ 4]  110 	ldhx	*_strcspn_count_65536_27
   0023 AF 01         [ 2]  111 	aix	#1
   0025 35*00         [ 4]  112 	sthx	*_strcspn_count_65536_27
                            113 ;../_strcspn.c:41: string++;
   0027 55*02         [ 4]  114 	ldhx	*_strcspn_sloc0_1_0
   0029 AF 01         [ 2]  115 	aix	#1
   002B 35*02         [ 4]  116 	sthx	*_strcspn_sloc0_1_0
   002D 20 D9         [ 3]  117 	bra	00104$
   002F                     118 00106$:
                            119 ;../_strcspn.c:44: return count;
   002F BE*00         [ 3]  120 	ldx	*_strcspn_count_65536_27
   0031 B6*01         [ 3]  121 	lda	*(_strcspn_count_65536_27 + 1)
                            122 ;../_strcspn.c:45: }  
   0033 81            [ 4]  123 	rts
                            124 	.area CSEG    (CODE)
                            125 	.area CONST   (CODE)
                            126 	.area XINIT   (CODE)
                            127 	.area CABS    (ABS,CODE)
