                              1 ;--------------------------------------------------------
                              2 ; File Created by SDCC : free open source ISO C Compiler 
                              3 ; Version 4.2.14 #0 (Linux)
                              4 ;--------------------------------------------------------
                              5 	.module _strchr
                              6 	.optsdcc -mhc08
                              7 	
                              8 	.area HOME    (CODE)
                              9 	.area GSINIT0 (CODE)
                             10 	.area GSINIT  (CODE)
                             11 	.area GSFINAL (CODE)
                             12 	.area CSEG    (CODE)
                             13 	.area XINIT   (CODE)
                             14 	.area CONST   (CODE)
                             15 	.area DSEG    (PAG)
                             16 	.area OSEG    (PAG, OVR)
                             17 	.area XSEG
                             18 	.area XISEG
                             19 ;--------------------------------------------------------
                             20 ; Public variables in this module
                             21 ;--------------------------------------------------------
                             22 	.globl _strchr_PARM_2
                             23 	.globl _strchr
                             24 ;--------------------------------------------------------
                             25 ; ram data
                             26 ;--------------------------------------------------------
                             27 	.area DSEG    (PAG)
                             28 ;--------------------------------------------------------
                             29 ; overlayable items in ram
                             30 ;--------------------------------------------------------
                             31 	.area	OSEG    (PAG, OVR)
   0000                      32 _strchr_sloc0_1_0:
   0000                      33 	.ds 1
                             34 ;--------------------------------------------------------
                             35 ; absolute ram data
                             36 ;--------------------------------------------------------
                             37 	.area IABS    (ABS)
                             38 	.area IABS    (ABS)
                             39 ;--------------------------------------------------------
                             40 ; absolute external ram data
                             41 ;--------------------------------------------------------
                             42 	.area XABS    (ABS)
                             43 ;--------------------------------------------------------
                             44 ; initialized external ram data
                             45 ;--------------------------------------------------------
                             46 	.area XISEG
                             47 ;--------------------------------------------------------
                             48 ; extended address mode data
                             49 ;--------------------------------------------------------
                             50 	.area XSEG
   0000                      51 _strchr_PARM_2:
   0000                      52 	.ds 1
                             53 ;--------------------------------------------------------
                             54 ; global & static initialisations
                             55 ;--------------------------------------------------------
                             56 	.area HOME    (CODE)
                             57 	.area GSINIT  (CODE)
                             58 	.area GSFINAL (CODE)
                             59 	.area GSINIT  (CODE)
                             60 ;--------------------------------------------------------
                             61 ; Home
                             62 ;--------------------------------------------------------
                             63 	.area HOME    (CODE)
                             64 	.area HOME    (CODE)
                             65 ;--------------------------------------------------------
                             66 ; code
                             67 ;--------------------------------------------------------
                             68 	.area CSEG    (CODE)
                             69 ;------------------------------------------------------------
                             70 ;Allocation info for local variables in function 'strchr'
                             71 ;------------------------------------------------------------
                             72 ;ch                        Allocated with name '_strchr_PARM_2'
                             73 ;string                    Allocated to registers 
                             74 ;sloc0                     Allocated with name '_strchr_sloc0_1_0'
                             75 ;------------------------------------------------------------
                             76 ;../_strchr.c:34: char * strchr ( const char * string, char ch )
                             77 ;	-----------------------------------------
                             78 ;	 function strchr
                             79 ;	-----------------------------------------
                             80 ;	Register assignment is optimal.
                             81 ;	Stack space usage: 0 bytes.
   0000                      82 _strchr:
   0000 89            [ 2]   83 	pshx
   0001 97            [ 1]   84 	tax
   0002 8A            [ 2]   85 	pulh
                             86 ;../_strchr.c:39: while (*string && *string != (char)ch)
   0003                      87 00102$:
   0003 F6            [ 2]   88 	lda	,x
   0004 B7*00         [ 3]   89 	sta	*_strchr_sloc0_1_0
   0006 B6*00         [ 3]   90 	lda	*_strchr_sloc0_1_0
   0008 C1r00r00      [ 4]   91 	cmp	_strchr_PARM_2
   000B 27 03         [ 3]   92 	beq	00131$
   000D 4F            [ 1]   93 	clra
   000E 20 02         [ 3]   94 	bra	00130$
   0010                      95 00131$:
   0010 A6 01         [ 2]   96 	lda	#0x01
   0012                      97 00130$:
   0012 3D*00         [ 3]   98 	tst	*_strchr_sloc0_1_0
   0014 27 07         [ 3]   99 	beq	00104$
   0016 4D            [ 1]  100 	tsta
   0017 26 04         [ 3]  101 	bne	00104$
                            102 ;../_strchr.c:40: string++;
   0019 AF 01         [ 2]  103 	aix	#1
   001B 20 E6         [ 3]  104 	bra	00102$
   001D                     105 00104$:
                            106 ;../_strchr.c:42: if (*string == (char)ch)
   001D 4D            [ 1]  107 	tsta
   001E 27 05         [ 3]  108 	beq	00106$
                            109 ;../_strchr.c:43: return((char *)string);
   0020 89            [ 2]  110 	pshx
   0021 8B            [ 2]  111 	pshh
   0022 88            [ 2]  112 	pulx
   0023 86            [ 2]  113 	pula
   0024 81            [ 4]  114 	rts
   0025                     115 00106$:
                            116 ;../_strchr.c:44: return ( NULL );
   0025 4F            [ 1]  117 	clra
   0026 97            [ 1]  118 	tax
                            119 ;../_strchr.c:45: }
   0027 81            [ 4]  120 	rts
                            121 	.area CSEG    (CODE)
                            122 	.area CONST   (CODE)
                            123 	.area XINIT   (CODE)
                            124 	.area CABS    (ABS,CODE)
