                              1 ;--------------------------------------------------------
                              2 ; File Created by SDCC : free open source ISO C Compiler 
                              3 ; Version 4.2.14 #0 (Linux)
                              4 ;--------------------------------------------------------
                              5 	.module _uchar2fs
                              6 	.optsdcc -mhc08
                              7 	
                              8 	.area HOME    (CODE)
                              9 	.area GSINIT0 (CODE)
                             10 	.area GSINIT  (CODE)
                             11 	.area GSFINAL (CODE)
                             12 	.area CSEG    (CODE)
                             13 	.area XINIT   (CODE)
                             14 	.area CONST   (CODE)
                             15 	.area DSEG    (PAG)
                             16 	.area OSEG    (PAG, OVR)
                             17 	.area XSEG
                             18 	.area XISEG
                             19 ;--------------------------------------------------------
                             20 ; Public variables in this module
                             21 ;--------------------------------------------------------
                             22 	.globl ___ulong2fs
                             23 	.globl ___uchar2fs
                             24 ;--------------------------------------------------------
                             25 ; ram data
                             26 ;--------------------------------------------------------
                             27 	.area DSEG    (PAG)
   0000                      28 ___uchar2fs_sloc0_1_0:
   0000                      29 	.ds 4
                             30 ;--------------------------------------------------------
                             31 ; overlayable items in ram
                             32 ;--------------------------------------------------------
                             33 ;--------------------------------------------------------
                             34 ; absolute ram data
                             35 ;--------------------------------------------------------
                             36 	.area IABS    (ABS)
                             37 	.area IABS    (ABS)
                             38 ;--------------------------------------------------------
                             39 ; absolute external ram data
                             40 ;--------------------------------------------------------
                             41 	.area XABS    (ABS)
                             42 ;--------------------------------------------------------
                             43 ; initialized external ram data
                             44 ;--------------------------------------------------------
                             45 	.area XISEG
                             46 ;--------------------------------------------------------
                             47 ; extended address mode data
                             48 ;--------------------------------------------------------
                             49 	.area XSEG
                             50 ;--------------------------------------------------------
                             51 ; global & static initialisations
                             52 ;--------------------------------------------------------
                             53 	.area HOME    (CODE)
                             54 	.area GSINIT  (CODE)
                             55 	.area GSFINAL (CODE)
                             56 	.area GSINIT  (CODE)
                             57 ;--------------------------------------------------------
                             58 ; Home
                             59 ;--------------------------------------------------------
                             60 	.area HOME    (CODE)
                             61 	.area HOME    (CODE)
                             62 ;--------------------------------------------------------
                             63 ; code
                             64 ;--------------------------------------------------------
                             65 	.area CSEG    (CODE)
                             66 ;------------------------------------------------------------
                             67 ;Allocation info for local variables in function '__uchar2fs'
                             68 ;------------------------------------------------------------
                             69 ;sloc0                     Allocated with name '___uchar2fs_sloc0_1_0'
                             70 ;uc                        Allocated to registers a 
                             71 ;------------------------------------------------------------
                             72 ;../_uchar2fs.c:55: float __uchar2fs (unsigned char uc) {
                             73 ;	-----------------------------------------
                             74 ;	 function __uchar2fs
                             75 ;	-----------------------------------------
                             76 ;	Register assignment is optimal.
                             77 ;	Stack space usage: 0 bytes.
   0000                      78 ___uchar2fs:
                             79 ;../_uchar2fs.c:56: return __ulong2fs(uc);
   0000 C7r00r03      [ 4]   80 	sta	(___ulong2fs_PARM_1 + 3)
   0003 5F            [ 1]   81 	clrx
   0004 CFr00r02      [ 4]   82 	stx	(___ulong2fs_PARM_1 + 2)
   0007 CFr00r01      [ 4]   83 	stx	(___ulong2fs_PARM_1 + 1)
   000A CFr00r00      [ 4]   84 	stx	___ulong2fs_PARM_1
   000D CDr00r00      [ 5]   85 	jsr	___ulong2fs
   0010 B7*03         [ 3]   86 	sta	*(___uchar2fs_sloc0_1_0 + 3)
   0012 BF*02         [ 3]   87 	stx	*(___uchar2fs_sloc0_1_0 + 2)
   0014 4E*00*01      [ 5]   88 	mov	*___SDCC_hc08_ret2,*(___uchar2fs_sloc0_1_0 + 1)
   0017 4E*00*00      [ 5]   89 	mov	*___SDCC_hc08_ret3,*___uchar2fs_sloc0_1_0
   001A 4E*00*00      [ 5]   90 	mov	*___uchar2fs_sloc0_1_0,*___SDCC_hc08_ret3
   001D 4E*01*00      [ 5]   91 	mov	*(___uchar2fs_sloc0_1_0 + 1),*___SDCC_hc08_ret2
   0020 BE*02         [ 3]   92 	ldx	*(___uchar2fs_sloc0_1_0 + 2)
   0022 B6*03         [ 3]   93 	lda	*(___uchar2fs_sloc0_1_0 + 3)
                             94 ;../_uchar2fs.c:57: }
   0024 81            [ 4]   95 	rts
                             96 	.area CSEG    (CODE)
                             97 	.area CONST   (CODE)
                             98 	.area XINIT   (CODE)
                             99 	.area CABS    (ABS,CODE)
