                              1 ;--------------------------------------------------------
                              2 ; File Created by SDCC : free open source ISO C Compiler 
                              3 ; Version 4.2.14 #0 (Linux)
                              4 ;--------------------------------------------------------
                              5 	.module atanf
                              6 	.optsdcc -mhc08
                              7 	
                              8 	.area HOME    (CODE)
                              9 	.area GSINIT0 (CODE)
                             10 	.area GSINIT  (CODE)
                             11 	.area GSFINAL (CODE)
                             12 	.area CSEG    (CODE)
                             13 	.area XINIT   (CODE)
                             14 	.area CONST   (CODE)
                             15 	.area DSEG    (PAG)
                             16 	.area OSEG    (PAG, OVR)
                             17 	.area XSEG
                             18 	.area XISEG
                             19 ;--------------------------------------------------------
                             20 ; Public variables in this module
                             21 ;--------------------------------------------------------
                             22 	.globl _fabsf
                             23 	.globl _atanf
                             24 ;--------------------------------------------------------
                             25 ; ram data
                             26 ;--------------------------------------------------------
                             27 	.area DSEG    (PAG)
                             28 ;--------------------------------------------------------
                             29 ; overlayable items in ram
                             30 ;--------------------------------------------------------
                             31 ;--------------------------------------------------------
                             32 ; absolute ram data
                             33 ;--------------------------------------------------------
                             34 	.area IABS    (ABS)
                             35 	.area IABS    (ABS)
                             36 ;--------------------------------------------------------
                             37 ; absolute external ram data
                             38 ;--------------------------------------------------------
                             39 	.area XABS    (ABS)
                             40 ;--------------------------------------------------------
                             41 ; initialized external ram data
                             42 ;--------------------------------------------------------
                             43 	.area XISEG
                             44 ;--------------------------------------------------------
                             45 ; extended address mode data
                             46 ;--------------------------------------------------------
                             47 	.area XSEG
                             48 ;--------------------------------------------------------
                             49 ; global & static initialisations
                             50 ;--------------------------------------------------------
                             51 	.area HOME    (CODE)
                             52 	.area GSINIT  (CODE)
                             53 	.area GSFINAL (CODE)
                             54 	.area GSINIT  (CODE)
                             55 ;--------------------------------------------------------
                             56 ; Home
                             57 ;--------------------------------------------------------
                             58 	.area HOME    (CODE)
                             59 	.area HOME    (CODE)
                             60 ;--------------------------------------------------------
                             61 ; code
                             62 ;--------------------------------------------------------
                             63 	.area CSEG    (CODE)
                             64 ;------------------------------------------------------------
                             65 ;Allocation info for local variables in function 'atanf'
                             66 ;------------------------------------------------------------
                             67 ;x                         Allocated to stack - sp +19
                             68 ;f                         Allocated to stack - sp +5
                             69 ;r                         Allocated to stack - sp +1
                             70 ;g                         Allocated to stack - sp +5
                             71 ;n                         Allocated to registers x h 
                             72 ;sloc0                     Allocated to stack - sp +13
                             73 ;sloc1                     Allocated to stack - sp +9
                             74 ;------------------------------------------------------------
                             75 ;../atanf.c:55: float atanf(float x) _FLOAT_FUNC_REENTRANT
                             76 ;	-----------------------------------------
                             77 ;	 function atanf
                             78 ;	-----------------------------------------
                             79 ;	Register assignment is optimal.
                             80 ;	Stack space usage: 16 bytes.
   0000                      81 _atanf:
   0000 A7 F0         [ 2]   82 	ais	#-16
                             83 ;../atanf.c:58: int n=0;
   0002 8C            [ 1]   84 	clrh
   0003 5F            [ 1]   85 	clrx
                             86 ;../atanf.c:61: f=fabsf(x);
   0004 89            [ 2]   87 	pshx
   0005 8B            [ 2]   88 	pshh
   0006 9E E6 18      [ 4]   89 	lda	24,s
   0009 87            [ 2]   90 	psha
   000A 9E E6 18      [ 4]   91 	lda	24,s
   000D 87            [ 2]   92 	psha
   000E 9E E6 18      [ 4]   93 	lda	24,s
   0011 87            [ 2]   94 	psha
   0012 9E E6 18      [ 4]   95 	lda	24,s
   0015 87            [ 2]   96 	psha
   0016 CDr00r00      [ 5]   97 	jsr	_fabsf
   0019 9E E7 16      [ 4]   98 	sta	22,s
   001C 9E EF 15      [ 4]   99 	stx	21,s
   001F B6*00         [ 3]  100 	lda	*___SDCC_hc08_ret2
   0021 9E E7 14      [ 4]  101 	sta	20,s
   0024 B6*00         [ 3]  102 	lda	*___SDCC_hc08_ret3
   0026 9E E7 13      [ 4]  103 	sta	19,s
   0029 A7 04         [ 2]  104 	ais	#4
   002B 8A            [ 2]  105 	pulh
   002C 88            [ 2]  106 	pulx
   002D 9E E6 0D      [ 4]  107 	lda	13,s
   0030 9E E7 05      [ 4]  108 	sta	5,s
   0033 9E E6 0E      [ 4]  109 	lda	14,s
   0036 9E E7 06      [ 4]  110 	sta	6,s
   0039 9E E6 0F      [ 4]  111 	lda	15,s
   003C 9E E7 07      [ 4]  112 	sta	7,s
   003F 9E E6 10      [ 4]  113 	lda	16,s
   0042 9E E7 08      [ 4]  114 	sta	8,s
                            115 ;../atanf.c:62: if(f>1.0)
   0045 A6 3F         [ 2]  116 	lda	#0x3f
   0047 C7r00r00      [ 4]  117 	sta	___fslt_PARM_1
   004A A6 80         [ 2]  118 	lda	#0x80
   004C C7r00r01      [ 4]  119 	sta	(___fslt_PARM_1 + 1)
   004F 4F            [ 1]  120 	clra
   0050 C7r00r02      [ 4]  121 	sta	(___fslt_PARM_1 + 2)
   0053 C7r00r03      [ 4]  122 	sta	(___fslt_PARM_1 + 3)
   0056 9E E6 0D      [ 4]  123 	lda	13,s
   0059 C7r00r00      [ 4]  124 	sta	___fslt_PARM_2
   005C 9E E6 0E      [ 4]  125 	lda	14,s
   005F C7r00r01      [ 4]  126 	sta	(___fslt_PARM_2 + 1)
   0062 9E E6 0F      [ 4]  127 	lda	15,s
   0065 C7r00r02      [ 4]  128 	sta	(___fslt_PARM_2 + 2)
   0068 9E E6 10      [ 4]  129 	lda	16,s
   006B C7r00r03      [ 4]  130 	sta	(___fslt_PARM_2 + 3)
   006E 89            [ 2]  131 	pshx
   006F 8B            [ 2]  132 	pshh
   0070 CDr00r00      [ 5]  133 	jsr	___fslt
   0073 8A            [ 2]  134 	pulh
   0074 88            [ 2]  135 	pulx
   0075 4D            [ 1]  136 	tsta
   0076 27 3C         [ 3]  137 	beq	00102$
                            138 ;../atanf.c:64: f=1.0/f;
   0078 45r00r00      [ 3]  139 	ldhx	#___fsdiv_PARM_1
   007B A6 3F         [ 2]  140 	lda	#0x3f
   007D F7            [ 2]  141 	sta	,x
   007E A6 80         [ 2]  142 	lda	#0x80
   0080 E7 01         [ 3]  143 	sta	1,x
   0082 4F            [ 1]  144 	clra
   0083 E7 02         [ 3]  145 	sta	2,x
   0085 E7 03         [ 3]  146 	sta	3,x
   0087 95            [ 2]  147 	tsx
   0088 45r00r00      [ 3]  148 	ldhx	#___fsdiv_PARM_2
   008B 9E E6 0D      [ 4]  149 	lda	13,s
   008E F7            [ 2]  150 	sta	,x
   008F 9E E6 0E      [ 4]  151 	lda	14,s
   0092 E7 01         [ 3]  152 	sta	1,x
   0094 9E E6 0F      [ 4]  153 	lda	15,s
   0097 E7 02         [ 3]  154 	sta	2,x
   0099 9E E6 10      [ 4]  155 	lda	16,s
   009C E7 03         [ 3]  156 	sta	3,x
   009E CDr00r00      [ 5]  157 	jsr	___fsdiv
   00A1 9E E7 08      [ 4]  158 	sta	8,s
   00A4 9E EF 07      [ 4]  159 	stx	7,s
   00A7 B6*00         [ 3]  160 	lda	*___SDCC_hc08_ret2
   00A9 9E E7 06      [ 4]  161 	sta	6,s
   00AC B6*00         [ 3]  162 	lda	*___SDCC_hc08_ret3
   00AE 9E E7 05      [ 4]  163 	sta	5,s
                            164 ;../atanf.c:65: n=2;
   00B1 45 00 02      [ 3]  165 	ldhx	#0x0002
   00B4                     166 00102$:
                            167 ;../atanf.c:67: if(f>K1)
   00B4 A6 3E         [ 2]  168 	lda	#0x3e
   00B6 C7r00r00      [ 4]  169 	sta	___fslt_PARM_1
   00B9 A6 89         [ 2]  170 	lda	#0x89
   00BB C7r00r01      [ 4]  171 	sta	(___fslt_PARM_1 + 1)
   00BE A6 30         [ 2]  172 	lda	#0x30
   00C0 C7r00r02      [ 4]  173 	sta	(___fslt_PARM_1 + 2)
   00C3 A6 A3         [ 2]  174 	lda	#0xa3
   00C5 C7r00r03      [ 4]  175 	sta	(___fslt_PARM_1 + 3)
   00C8 9E E6 05      [ 4]  176 	lda	5,s
   00CB C7r00r00      [ 4]  177 	sta	___fslt_PARM_2
   00CE 9E E6 06      [ 4]  178 	lda	6,s
   00D1 C7r00r01      [ 4]  179 	sta	(___fslt_PARM_2 + 1)
   00D4 9E E6 07      [ 4]  180 	lda	7,s
   00D7 C7r00r02      [ 4]  181 	sta	(___fslt_PARM_2 + 2)
   00DA 9E E6 08      [ 4]  182 	lda	8,s
   00DD C7r00r03      [ 4]  183 	sta	(___fslt_PARM_2 + 3)
   00E0 89            [ 2]  184 	pshx
   00E1 8B            [ 2]  185 	pshh
   00E2 CDr00r00      [ 5]  186 	jsr	___fslt
   00E5 8A            [ 2]  187 	pulh
   00E6 88            [ 2]  188 	pulx
   00E7 4D            [ 1]  189 	tsta
   00E8 26 03         [ 3]  190 	bne	00140$
   00EA CCr01rFB      [ 3]  191 	jmp	00104$
   00ED                     192 00140$:
                            193 ;../atanf.c:69: f=((K2*f-1.0)+f)/(K3+f);
   00ED A6 3F         [ 2]  194 	lda	#0x3f
   00EF C7r00r00      [ 4]  195 	sta	___fsmul_PARM_1
   00F2 A6 3B         [ 2]  196 	lda	#0x3b
   00F4 C7r00r01      [ 4]  197 	sta	(___fsmul_PARM_1 + 1)
   00F7 A6 67         [ 2]  198 	lda	#0x67
   00F9 C7r00r02      [ 4]  199 	sta	(___fsmul_PARM_1 + 2)
   00FC A6 AF         [ 2]  200 	lda	#0xaf
   00FE C7r00r03      [ 4]  201 	sta	(___fsmul_PARM_1 + 3)
   0101 9E E6 05      [ 4]  202 	lda	5,s
   0104 C7r00r00      [ 4]  203 	sta	___fsmul_PARM_2
   0107 9E E6 06      [ 4]  204 	lda	6,s
   010A C7r00r01      [ 4]  205 	sta	(___fsmul_PARM_2 + 1)
   010D 9E E6 07      [ 4]  206 	lda	7,s
   0110 C7r00r02      [ 4]  207 	sta	(___fsmul_PARM_2 + 2)
   0113 9E E6 08      [ 4]  208 	lda	8,s
   0116 C7r00r03      [ 4]  209 	sta	(___fsmul_PARM_2 + 3)
   0119 89            [ 2]  210 	pshx
   011A 8B            [ 2]  211 	pshh
   011B CDr00r00      [ 5]  212 	jsr	___fsmul
   011E C7r00r03      [ 4]  213 	sta	(___fssub_PARM_1 + 3)
   0121 CFr00r02      [ 4]  214 	stx	(___fssub_PARM_1 + 2)
   0124 B6*00         [ 3]  215 	lda	*___SDCC_hc08_ret2
   0126 C7r00r01      [ 4]  216 	sta	(___fssub_PARM_1 + 1)
   0129 B6*00         [ 3]  217 	lda	*___SDCC_hc08_ret3
   012B C7r00r00      [ 4]  218 	sta	___fssub_PARM_1
   012E 8A            [ 2]  219 	pulh
   012F 88            [ 2]  220 	pulx
   0130 A6 3F         [ 2]  221 	lda	#0x3f
   0132 C7r00r00      [ 4]  222 	sta	___fssub_PARM_2
   0135 A6 80         [ 2]  223 	lda	#0x80
   0137 C7r00r01      [ 4]  224 	sta	(___fssub_PARM_2 + 1)
   013A 4F            [ 1]  225 	clra
   013B C7r00r02      [ 4]  226 	sta	(___fssub_PARM_2 + 2)
   013E C7r00r03      [ 4]  227 	sta	(___fssub_PARM_2 + 3)
   0141 89            [ 2]  228 	pshx
   0142 8B            [ 2]  229 	pshh
   0143 CDr00r00      [ 5]  230 	jsr	___fssub
   0146 C7r00r03      [ 4]  231 	sta	(___fsadd_PARM_1 + 3)
   0149 CFr00r02      [ 4]  232 	stx	(___fsadd_PARM_1 + 2)
   014C B6*00         [ 3]  233 	lda	*___SDCC_hc08_ret2
   014E C7r00r01      [ 4]  234 	sta	(___fsadd_PARM_1 + 1)
   0151 B6*00         [ 3]  235 	lda	*___SDCC_hc08_ret3
   0153 C7r00r00      [ 4]  236 	sta	___fsadd_PARM_1
   0156 8A            [ 2]  237 	pulh
   0157 88            [ 2]  238 	pulx
   0158 9E E6 05      [ 4]  239 	lda	5,s
   015B C7r00r00      [ 4]  240 	sta	___fsadd_PARM_2
   015E 9E E6 06      [ 4]  241 	lda	6,s
   0161 C7r00r01      [ 4]  242 	sta	(___fsadd_PARM_2 + 1)
   0164 9E E6 07      [ 4]  243 	lda	7,s
   0167 C7r00r02      [ 4]  244 	sta	(___fsadd_PARM_2 + 2)
   016A 9E E6 08      [ 4]  245 	lda	8,s
   016D C7r00r03      [ 4]  246 	sta	(___fsadd_PARM_2 + 3)
   0170 89            [ 2]  247 	pshx
   0171 8B            [ 2]  248 	pshh
   0172 CDr00r00      [ 5]  249 	jsr	___fsadd
   0175 9E E7 12      [ 4]  250 	sta	18,s
   0178 9E EF 11      [ 4]  251 	stx	17,s
   017B B6*00         [ 3]  252 	lda	*___SDCC_hc08_ret2
   017D 9E E7 10      [ 4]  253 	sta	16,s
   0180 B6*00         [ 3]  254 	lda	*___SDCC_hc08_ret3
   0182 9E E7 0F      [ 4]  255 	sta	15,s
   0185 8A            [ 2]  256 	pulh
   0186 88            [ 2]  257 	pulx
   0187 9E E6 05      [ 4]  258 	lda	5,s
   018A C7r00r00      [ 4]  259 	sta	___fsadd_PARM_1
   018D 9E E6 06      [ 4]  260 	lda	6,s
   0190 C7r00r01      [ 4]  261 	sta	(___fsadd_PARM_1 + 1)
   0193 9E E6 07      [ 4]  262 	lda	7,s
   0196 C7r00r02      [ 4]  263 	sta	(___fsadd_PARM_1 + 2)
   0199 9E E6 08      [ 4]  264 	lda	8,s
   019C C7r00r03      [ 4]  265 	sta	(___fsadd_PARM_1 + 3)
   019F A6 3F         [ 2]  266 	lda	#0x3f
   01A1 C7r00r00      [ 4]  267 	sta	___fsadd_PARM_2
   01A4 A6 DD         [ 2]  268 	lda	#0xdd
   01A6 C7r00r01      [ 4]  269 	sta	(___fsadd_PARM_2 + 1)
   01A9 A6 B3         [ 2]  270 	lda	#0xb3
   01AB C7r00r02      [ 4]  271 	sta	(___fsadd_PARM_2 + 2)
   01AE A6 D7         [ 2]  272 	lda	#0xd7
   01B0 C7r00r03      [ 4]  273 	sta	(___fsadd_PARM_2 + 3)
   01B3 89            [ 2]  274 	pshx
   01B4 8B            [ 2]  275 	pshh
   01B5 CDr00r00      [ 5]  276 	jsr	___fsadd
   01B8 C7r00r03      [ 4]  277 	sta	(___fsdiv_PARM_2 + 3)
   01BB CFr00r02      [ 4]  278 	stx	(___fsdiv_PARM_2 + 2)
   01BE B6*00         [ 3]  279 	lda	*___SDCC_hc08_ret2
   01C0 C7r00r01      [ 4]  280 	sta	(___fsdiv_PARM_2 + 1)
   01C3 B6*00         [ 3]  281 	lda	*___SDCC_hc08_ret3
   01C5 C7r00r00      [ 4]  282 	sta	___fsdiv_PARM_2
   01C8 8A            [ 2]  283 	pulh
   01C9 88            [ 2]  284 	pulx
   01CA 9E E6 0D      [ 4]  285 	lda	13,s
   01CD C7r00r00      [ 4]  286 	sta	___fsdiv_PARM_1
   01D0 9E E6 0E      [ 4]  287 	lda	14,s
   01D3 C7r00r01      [ 4]  288 	sta	(___fsdiv_PARM_1 + 1)
   01D6 9E E6 0F      [ 4]  289 	lda	15,s
   01D9 C7r00r02      [ 4]  290 	sta	(___fsdiv_PARM_1 + 2)
   01DC 9E E6 10      [ 4]  291 	lda	16,s
   01DF C7r00r03      [ 4]  292 	sta	(___fsdiv_PARM_1 + 3)
   01E2 89            [ 2]  293 	pshx
   01E3 8B            [ 2]  294 	pshh
   01E4 CDr00r00      [ 5]  295 	jsr	___fsdiv
   01E7 9E E7 0A      [ 4]  296 	sta	10,s
   01EA 9E EF 09      [ 4]  297 	stx	9,s
   01ED B6*00         [ 3]  298 	lda	*___SDCC_hc08_ret2
   01EF 9E E7 08      [ 4]  299 	sta	8,s
   01F2 B6*00         [ 3]  300 	lda	*___SDCC_hc08_ret3
   01F4 9E E7 07      [ 4]  301 	sta	7,s
   01F7 8A            [ 2]  302 	pulh
   01F8 88            [ 2]  303 	pulx
                            304 ;../atanf.c:73: n++;
   01F9 AF 01         [ 2]  305 	aix	#1
   01FB                     306 00104$:
                            307 ;../atanf.c:75: if(fabsf(f)<EPS) r=f;
   01FB 89            [ 2]  308 	pshx
   01FC 8B            [ 2]  309 	pshh
   01FD 9E E6 0A      [ 4]  310 	lda	10,s
   0200 87            [ 2]  311 	psha
   0201 9E E6 0A      [ 4]  312 	lda	10,s
   0204 87            [ 2]  313 	psha
   0205 9E E6 0A      [ 4]  314 	lda	10,s
   0208 87            [ 2]  315 	psha
   0209 9E E6 0A      [ 4]  316 	lda	10,s
   020C 87            [ 2]  317 	psha
   020D CDr00r00      [ 5]  318 	jsr	_fabsf
   0210 C7r00r03      [ 4]  319 	sta	(___fslt_PARM_1 + 3)
   0213 CFr00r02      [ 4]  320 	stx	(___fslt_PARM_1 + 2)
   0216 B6*00         [ 3]  321 	lda	*___SDCC_hc08_ret2
   0218 C7r00r01      [ 4]  322 	sta	(___fslt_PARM_1 + 1)
   021B B6*00         [ 3]  323 	lda	*___SDCC_hc08_ret3
   021D C7r00r00      [ 4]  324 	sta	___fslt_PARM_1
   0220 A7 04         [ 2]  325 	ais	#4
   0222 8A            [ 2]  326 	pulh
   0223 88            [ 2]  327 	pulx
   0224 A6 39         [ 2]  328 	lda	#0x39
   0226 C7r00r00      [ 4]  329 	sta	___fslt_PARM_2
   0229 A6 80         [ 2]  330 	lda	#0x80
   022B C7r00r01      [ 4]  331 	sta	(___fslt_PARM_2 + 1)
   022E 4F            [ 1]  332 	clra
   022F C7r00r02      [ 4]  333 	sta	(___fslt_PARM_2 + 2)
   0232 C7r00r03      [ 4]  334 	sta	(___fslt_PARM_2 + 3)
   0235 89            [ 2]  335 	pshx
   0236 8B            [ 2]  336 	pshh
   0237 CDr00r00      [ 5]  337 	jsr	___fslt
   023A 8A            [ 2]  338 	pulh
   023B 88            [ 2]  339 	pulx
   023C 4D            [ 1]  340 	tsta
   023D 27 1B         [ 3]  341 	beq	00106$
   023F 9E E6 05      [ 4]  342 	lda	5,s
   0242 9E E7 01      [ 4]  343 	sta	1,s
   0245 9E E6 06      [ 4]  344 	lda	6,s
   0248 9E E7 02      [ 4]  345 	sta	2,s
   024B 9E E6 07      [ 4]  346 	lda	7,s
   024E 9E E7 03      [ 4]  347 	sta	3,s
   0251 9E E6 08      [ 4]  348 	lda	8,s
   0254 9E E7 04      [ 4]  349 	sta	4,s
   0257 CCr04r0E      [ 3]  350 	jmp	00107$
   025A                     351 00106$:
                            352 ;../atanf.c:78: g=f*f;
   025A 9E E6 05      [ 4]  353 	lda	5,s
   025D C7r00r00      [ 4]  354 	sta	___fsmul_PARM_1
   0260 9E E6 06      [ 4]  355 	lda	6,s
   0263 C7r00r01      [ 4]  356 	sta	(___fsmul_PARM_1 + 1)
   0266 9E E6 07      [ 4]  357 	lda	7,s
   0269 C7r00r02      [ 4]  358 	sta	(___fsmul_PARM_1 + 2)
   026C 9E E6 08      [ 4]  359 	lda	8,s
   026F C7r00r03      [ 4]  360 	sta	(___fsmul_PARM_1 + 3)
   0272 9E E6 05      [ 4]  361 	lda	5,s
   0275 C7r00r00      [ 4]  362 	sta	___fsmul_PARM_2
   0278 9E E6 06      [ 4]  363 	lda	6,s
   027B C7r00r01      [ 4]  364 	sta	(___fsmul_PARM_2 + 1)
   027E 9E E6 07      [ 4]  365 	lda	7,s
   0281 C7r00r02      [ 4]  366 	sta	(___fsmul_PARM_2 + 2)
   0284 9E E6 08      [ 4]  367 	lda	8,s
   0287 C7r00r03      [ 4]  368 	sta	(___fsmul_PARM_2 + 3)
                            369 ;../atanf.c:79: r=f+P(g,f)/Q(g);
   028A 89            [ 2]  370 	pshx
   028B 8B            [ 2]  371 	pshh
   028C CDr00r00      [ 5]  372 	jsr	___fsmul
   028F 9E E7 12      [ 4]  373 	sta	18,s
   0292 9E EF 11      [ 4]  374 	stx	17,s
   0295 B6*00         [ 3]  375 	lda	*___SDCC_hc08_ret2
   0297 9E E7 10      [ 4]  376 	sta	16,s
   029A B6*00         [ 3]  377 	lda	*___SDCC_hc08_ret3
   029C 9E E7 0F      [ 4]  378 	sta	15,s
   029F 8A            [ 2]  379 	pulh
   02A0 88            [ 2]  380 	pulx
   02A1 A6 BD         [ 2]  381 	lda	#0xbd
   02A3 C7r00r00      [ 4]  382 	sta	___fsmul_PARM_1
   02A6 A6 50         [ 2]  383 	lda	#0x50
   02A8 C7r00r01      [ 4]  384 	sta	(___fsmul_PARM_1 + 1)
   02AB A6 86         [ 2]  385 	lda	#0x86
   02AD C7r00r02      [ 4]  386 	sta	(___fsmul_PARM_1 + 2)
   02B0 A6 91         [ 2]  387 	lda	#0x91
   02B2 C7r00r03      [ 4]  388 	sta	(___fsmul_PARM_1 + 3)
   02B5 9E E6 0D      [ 4]  389 	lda	13,s
   02B8 C7r00r00      [ 4]  390 	sta	___fsmul_PARM_2
   02BB 9E E6 0E      [ 4]  391 	lda	14,s
   02BE C7r00r01      [ 4]  392 	sta	(___fsmul_PARM_2 + 1)
   02C1 9E E6 0F      [ 4]  393 	lda	15,s
   02C4 C7r00r02      [ 4]  394 	sta	(___fsmul_PARM_2 + 2)
   02C7 9E E6 10      [ 4]  395 	lda	16,s
   02CA C7r00r03      [ 4]  396 	sta	(___fsmul_PARM_2 + 3)
   02CD 89            [ 2]  397 	pshx
   02CE 8B            [ 2]  398 	pshh
   02CF CDr00r00      [ 5]  399 	jsr	___fsmul
   02D2 C7r00r03      [ 4]  400 	sta	(___fsadd_PARM_1 + 3)
   02D5 CFr00r02      [ 4]  401 	stx	(___fsadd_PARM_1 + 2)
   02D8 B6*00         [ 3]  402 	lda	*___SDCC_hc08_ret2
   02DA C7r00r01      [ 4]  403 	sta	(___fsadd_PARM_1 + 1)
   02DD B6*00         [ 3]  404 	lda	*___SDCC_hc08_ret3
   02DF C7r00r00      [ 4]  405 	sta	___fsadd_PARM_1
   02E2 8A            [ 2]  406 	pulh
   02E3 88            [ 2]  407 	pulx
   02E4 A6 BE         [ 2]  408 	lda	#0xbe
   02E6 C7r00r00      [ 4]  409 	sta	___fsadd_PARM_2
   02E9 A6 F1         [ 2]  410 	lda	#0xf1
   02EB C7r00r01      [ 4]  411 	sta	(___fsadd_PARM_2 + 1)
   02EE A6 10         [ 2]  412 	lda	#0x10
   02F0 C7r00r02      [ 4]  413 	sta	(___fsadd_PARM_2 + 2)
   02F3 A6 F6         [ 2]  414 	lda	#0xf6
   02F5 C7r00r03      [ 4]  415 	sta	(___fsadd_PARM_2 + 3)
   02F8 89            [ 2]  416 	pshx
   02F9 8B            [ 2]  417 	pshh
   02FA CDr00r00      [ 5]  418 	jsr	___fsadd
   02FD C7r00r03      [ 4]  419 	sta	(___fsmul_PARM_1 + 3)
   0300 CFr00r02      [ 4]  420 	stx	(___fsmul_PARM_1 + 2)
   0303 B6*00         [ 3]  421 	lda	*___SDCC_hc08_ret2
   0305 C7r00r01      [ 4]  422 	sta	(___fsmul_PARM_1 + 1)
   0308 B6*00         [ 3]  423 	lda	*___SDCC_hc08_ret3
   030A C7r00r00      [ 4]  424 	sta	___fsmul_PARM_1
   030D 8A            [ 2]  425 	pulh
   030E 88            [ 2]  426 	pulx
   030F 9E E6 0D      [ 4]  427 	lda	13,s
   0312 C7r00r00      [ 4]  428 	sta	___fsmul_PARM_2
   0315 9E E6 0E      [ 4]  429 	lda	14,s
   0318 C7r00r01      [ 4]  430 	sta	(___fsmul_PARM_2 + 1)
   031B 9E E6 0F      [ 4]  431 	lda	15,s
   031E C7r00r02      [ 4]  432 	sta	(___fsmul_PARM_2 + 2)
   0321 9E E6 10      [ 4]  433 	lda	16,s
   0324 C7r00r03      [ 4]  434 	sta	(___fsmul_PARM_2 + 3)
   0327 89            [ 2]  435 	pshx
   0328 8B            [ 2]  436 	pshh
   0329 CDr00r00      [ 5]  437 	jsr	___fsmul
   032C C7r00r03      [ 4]  438 	sta	(___fsmul_PARM_1 + 3)
   032F CFr00r02      [ 4]  439 	stx	(___fsmul_PARM_1 + 2)
   0332 B6*00         [ 3]  440 	lda	*___SDCC_hc08_ret2
   0334 C7r00r01      [ 4]  441 	sta	(___fsmul_PARM_1 + 1)
   0337 B6*00         [ 3]  442 	lda	*___SDCC_hc08_ret3
   0339 C7r00r00      [ 4]  443 	sta	___fsmul_PARM_1
   033C 8A            [ 2]  444 	pulh
   033D 88            [ 2]  445 	pulx
   033E 9E E6 05      [ 4]  446 	lda	5,s
   0341 C7r00r00      [ 4]  447 	sta	___fsmul_PARM_2
   0344 9E E6 06      [ 4]  448 	lda	6,s
   0347 C7r00r01      [ 4]  449 	sta	(___fsmul_PARM_2 + 1)
   034A 9E E6 07      [ 4]  450 	lda	7,s
   034D C7r00r02      [ 4]  451 	sta	(___fsmul_PARM_2 + 2)
   0350 9E E6 08      [ 4]  452 	lda	8,s
   0353 C7r00r03      [ 4]  453 	sta	(___fsmul_PARM_2 + 3)
   0356 89            [ 2]  454 	pshx
   0357 8B            [ 2]  455 	pshh
   0358 CDr00r00      [ 5]  456 	jsr	___fsmul
   035B 9E E7 0E      [ 4]  457 	sta	14,s
   035E 9E EF 0D      [ 4]  458 	stx	13,s
   0361 B6*00         [ 3]  459 	lda	*___SDCC_hc08_ret2
   0363 9E E7 0C      [ 4]  460 	sta	12,s
   0366 B6*00         [ 3]  461 	lda	*___SDCC_hc08_ret3
   0368 9E E7 0B      [ 4]  462 	sta	11,s
   036B 8A            [ 2]  463 	pulh
   036C 88            [ 2]  464 	pulx
   036D 9E E6 0D      [ 4]  465 	lda	13,s
   0370 C7r00r00      [ 4]  466 	sta	___fsadd_PARM_1
   0373 9E E6 0E      [ 4]  467 	lda	14,s
   0376 C7r00r01      [ 4]  468 	sta	(___fsadd_PARM_1 + 1)
   0379 9E E6 0F      [ 4]  469 	lda	15,s
   037C C7r00r02      [ 4]  470 	sta	(___fsadd_PARM_1 + 2)
   037F 9E E6 10      [ 4]  471 	lda	16,s
   0382 C7r00r03      [ 4]  472 	sta	(___fsadd_PARM_1 + 3)
   0385 A6 3F         [ 2]  473 	lda	#0x3f
   0387 C7r00r00      [ 4]  474 	sta	___fsadd_PARM_2
   038A A6 B4         [ 2]  475 	lda	#0xb4
   038C C7r00r01      [ 4]  476 	sta	(___fsadd_PARM_2 + 1)
   038F A6 CC         [ 2]  477 	lda	#0xcc
   0391 C7r00r02      [ 4]  478 	sta	(___fsadd_PARM_2 + 2)
   0394 A6 D3         [ 2]  479 	lda	#0xd3
   0396 C7r00r03      [ 4]  480 	sta	(___fsadd_PARM_2 + 3)
   0399 89            [ 2]  481 	pshx
   039A 8B            [ 2]  482 	pshh
   039B CDr00r00      [ 5]  483 	jsr	___fsadd
   039E C7r00r03      [ 4]  484 	sta	(___fsdiv_PARM_2 + 3)
   03A1 CFr00r02      [ 4]  485 	stx	(___fsdiv_PARM_2 + 2)
   03A4 B6*00         [ 3]  486 	lda	*___SDCC_hc08_ret2
   03A6 C7r00r01      [ 4]  487 	sta	(___fsdiv_PARM_2 + 1)
   03A9 B6*00         [ 3]  488 	lda	*___SDCC_hc08_ret3
   03AB C7r00r00      [ 4]  489 	sta	___fsdiv_PARM_2
   03AE 8A            [ 2]  490 	pulh
   03AF 88            [ 2]  491 	pulx
   03B0 9E E6 09      [ 4]  492 	lda	9,s
   03B3 C7r00r00      [ 4]  493 	sta	___fsdiv_PARM_1
   03B6 9E E6 0A      [ 4]  494 	lda	10,s
   03B9 C7r00r01      [ 4]  495 	sta	(___fsdiv_PARM_1 + 1)
   03BC 9E E6 0B      [ 4]  496 	lda	11,s
   03BF C7r00r02      [ 4]  497 	sta	(___fsdiv_PARM_1 + 2)
   03C2 9E E6 0C      [ 4]  498 	lda	12,s
   03C5 C7r00r03      [ 4]  499 	sta	(___fsdiv_PARM_1 + 3)
   03C8 89            [ 2]  500 	pshx
   03C9 8B            [ 2]  501 	pshh
   03CA CDr00r00      [ 5]  502 	jsr	___fsdiv
   03CD C7r00r03      [ 4]  503 	sta	(___fsadd_PARM_2 + 3)
   03D0 CFr00r02      [ 4]  504 	stx	(___fsadd_PARM_2 + 2)
   03D3 B6*00         [ 3]  505 	lda	*___SDCC_hc08_ret2
   03D5 C7r00r01      [ 4]  506 	sta	(___fsadd_PARM_2 + 1)
   03D8 B6*00         [ 3]  507 	lda	*___SDCC_hc08_ret3
   03DA C7r00r00      [ 4]  508 	sta	___fsadd_PARM_2
   03DD 8A            [ 2]  509 	pulh
   03DE 88            [ 2]  510 	pulx
   03DF 9E E6 05      [ 4]  511 	lda	5,s
   03E2 C7r00r00      [ 4]  512 	sta	___fsadd_PARM_1
   03E5 9E E6 06      [ 4]  513 	lda	6,s
   03E8 C7r00r01      [ 4]  514 	sta	(___fsadd_PARM_1 + 1)
   03EB 9E E6 07      [ 4]  515 	lda	7,s
   03EE C7r00r02      [ 4]  516 	sta	(___fsadd_PARM_1 + 2)
   03F1 9E E6 08      [ 4]  517 	lda	8,s
   03F4 C7r00r03      [ 4]  518 	sta	(___fsadd_PARM_1 + 3)
   03F7 89            [ 2]  519 	pshx
   03F8 8B            [ 2]  520 	pshh
   03F9 CDr00r00      [ 5]  521 	jsr	___fsadd
   03FC 9E E7 06      [ 4]  522 	sta	6,s
   03FF 9E EF 05      [ 4]  523 	stx	5,s
   0402 B6*00         [ 3]  524 	lda	*___SDCC_hc08_ret2
   0404 9E E7 04      [ 4]  525 	sta	4,s
   0407 B6*00         [ 3]  526 	lda	*___SDCC_hc08_ret3
   0409 9E E7 03      [ 4]  527 	sta	3,s
   040C 8A            [ 2]  528 	pulh
   040D 88            [ 2]  529 	pulx
   040E                     530 00107$:
                            531 ;../atanf.c:81: if(n>1) r=-r;
   040E 65 00 01      [ 3]  532 	cphx	#0x0001
   0411 93 08         [ 3]  533 	ble	00109$
   0413 9E E6 01      [ 4]  534 	lda	1,s
   0416 A8 80         [ 2]  535 	eor	#0x80
   0418 9E E7 01      [ 4]  536 	sta	1,s
   041B                     537 00109$:
                            538 ;../atanf.c:82: r+=a[n];
   041B 9F            [ 1]  539 	txa
   041C 8B            [ 2]  540 	pshh
   041D 88            [ 2]  541 	pulx
   041E 48            [ 1]  542 	lsla
   041F 59            [ 1]  543 	rolx
   0420 48            [ 1]  544 	lsla
   0421 59            [ 1]  545 	rolx
   0422 89            [ 2]  546 	pshx
   0423 8A            [ 2]  547 	pulh
   0424 97            [ 1]  548 	tax
   0425 D6r00r00      [ 4]  549 	lda	(_atanf_a_65536_26),x
   0428 C7r00r00      [ 4]  550 	sta	___fsadd_PARM_2
   042B D6r00r01      [ 4]  551 	lda	(_atanf_a_65536_26+1),x
   042E C7r00r01      [ 4]  552 	sta	(___fsadd_PARM_2 + 1)
   0431 D6r00r02      [ 4]  553 	lda	(_atanf_a_65536_26+2),x
   0434 C7r00r02      [ 4]  554 	sta	(___fsadd_PARM_2 + 2)
   0437 D6r00r03      [ 4]  555 	lda	(_atanf_a_65536_26+3),x
   043A C7r00r03      [ 4]  556 	sta	(___fsadd_PARM_2 + 3)
   043D 95            [ 2]  557 	tsx
   043E 45r00r00      [ 3]  558 	ldhx	#___fsadd_PARM_1
   0441 9E E6 01      [ 4]  559 	lda	1,s
   0444 F7            [ 2]  560 	sta	,x
   0445 9E E6 02      [ 4]  561 	lda	2,s
   0448 E7 01         [ 3]  562 	sta	1,x
   044A 9E E6 03      [ 4]  563 	lda	3,s
   044D E7 02         [ 3]  564 	sta	2,x
   044F 9E E6 04      [ 4]  565 	lda	4,s
   0452 E7 03         [ 3]  566 	sta	3,x
   0454 CDr00r00      [ 5]  567 	jsr	___fsadd
   0457 9E E7 04      [ 4]  568 	sta	4,s
   045A 9E EF 03      [ 4]  569 	stx	3,s
   045D B6*00         [ 3]  570 	lda	*___SDCC_hc08_ret2
   045F 9E E7 02      [ 4]  571 	sta	2,s
   0462 B6*00         [ 3]  572 	lda	*___SDCC_hc08_ret3
   0464 9E E7 01      [ 4]  573 	sta	1,s
                            574 ;../atanf.c:83: if(x<0.0) r=-r;
   0467 95            [ 2]  575 	tsx
   0468 45r00r00      [ 3]  576 	ldhx	#___fslt_PARM_1
   046B 9E E6 13      [ 4]  577 	lda	19,s
   046E F7            [ 2]  578 	sta	,x
   046F 9E E6 14      [ 4]  579 	lda	20,s
   0472 E7 01         [ 3]  580 	sta	1,x
   0474 9E E6 15      [ 4]  581 	lda	21,s
   0477 E7 02         [ 3]  582 	sta	2,x
   0479 9E E6 16      [ 4]  583 	lda	22,s
   047C E7 03         [ 3]  584 	sta	3,x
   047E 45r00r00      [ 3]  585 	ldhx	#___fslt_PARM_2
   0481 4F            [ 1]  586 	clra
   0482 F7            [ 2]  587 	sta	,x
   0483 E7 01         [ 3]  588 	sta	1,x
   0485 E7 02         [ 3]  589 	sta	2,x
   0487 E7 03         [ 3]  590 	sta	3,x
   0489 CDr00r00      [ 5]  591 	jsr	___fslt
   048C 4D            [ 1]  592 	tsta
   048D 27 05         [ 3]  593 	beq	00111$
   048F 95            [ 2]  594 	tsx
   0490 F6            [ 2]  595 	lda	,x
   0491 A8 80         [ 2]  596 	eor	#0x80
   0493 F7            [ 2]  597 	sta	,x
   0494                     598 00111$:
                            599 ;../atanf.c:84: return r;
   0494 95            [ 2]  600 	tsx
   0495 F6            [ 2]  601 	lda	,x
   0496 B7*00         [ 3]  602 	sta	*___SDCC_hc08_ret3
   0498 E6 01         [ 3]  603 	lda	1,x
   049A B7*00         [ 3]  604 	sta	*___SDCC_hc08_ret2
   049C EE 02         [ 3]  605 	ldx	2,x
   049E 9E E6 04      [ 4]  606 	lda	4,s
                            607 ;../atanf.c:85: }
   04A1 A7 10         [ 2]  608 	ais	#16
   04A3 81            [ 4]  609 	rts
                            610 	.area CSEG    (CODE)
                            611 	.area CONST   (CODE)
   0000                     612 _atanf_a_65536_26:
   0000 00 00 00 00         613 	.byte #0x00, #0x00, #0x00, #0x00	;  0.000000e+00
   0004 3F 06 0A 92         614 	.byte #0x3f, #0x06, #0x0a, #0x92	;  5.235988e-01
   0008 3F C9 0F DB         615 	.byte #0x3f, #0xc9, #0x0f, #0xdb	;  1.570796e+00
   000C 3F 86 0A 92         616 	.byte #0x3f, #0x86, #0x0a, #0x92	;  1.047198e+00
                            617 	.area XINIT   (CODE)
                            618 	.area CABS    (ABS,CODE)
