                              1 ;--------------------------------------------------------
                              2 ; File Created by SDCC : free open source ISO C Compiler 
                              3 ; Version 4.2.14 #0 (Linux)
                              4 ;--------------------------------------------------------
                              5 	.module errno
                              6 	.optsdcc -mhc08
                              7 	
                              8 	.area HOME    (CODE)
                              9 	.area GSINIT0 (CODE)
                             10 	.area GSINIT  (CODE)
                             11 	.area GSFINAL (CODE)
                             12 	.area CSEG    (CODE)
                             13 	.area XINIT   (CODE)
                             14 	.area CONST   (CODE)
                             15 	.area DSEG    (PAG)
                             16 	.area OSEG    (PAG, OVR)
                             17 	.area XSEG
                             18 	.area XISEG
                             19 ;--------------------------------------------------------
                             20 ; Public variables in this module
                             21 ;--------------------------------------------------------
                             22 	.globl _errno
                             23 ;--------------------------------------------------------
                             24 ; ram data
                             25 ;--------------------------------------------------------
                             26 	.area DSEG    (PAG)
                             27 ;--------------------------------------------------------
                             28 ; overlayable items in ram
                             29 ;--------------------------------------------------------
                             30 ;--------------------------------------------------------
                             31 ; absolute ram data
                             32 ;--------------------------------------------------------
                             33 	.area IABS    (ABS)
                             34 	.area IABS    (ABS)
                             35 ;--------------------------------------------------------
                             36 ; absolute external ram data
                             37 ;--------------------------------------------------------
                             38 	.area XABS    (ABS)
                             39 ;--------------------------------------------------------
                             40 ; initialized external ram data
                             41 ;--------------------------------------------------------
                             42 	.area XISEG
                             43 ;--------------------------------------------------------
                             44 ; extended address mode data
                             45 ;--------------------------------------------------------
                             46 	.area XSEG
   0000                      47 _errno::
   0000                      48 	.ds 2
                             49 ;--------------------------------------------------------
                             50 ; global & static initialisations
                             51 ;--------------------------------------------------------
                             52 	.area HOME    (CODE)
                             53 	.area GSINIT  (CODE)
                             54 	.area GSFINAL (CODE)
                             55 	.area GSINIT  (CODE)
                             56 ;--------------------------------------------------------
                             57 ; Home
                             58 ;--------------------------------------------------------
                             59 	.area HOME    (CODE)
                             60 	.area HOME    (CODE)
                             61 ;--------------------------------------------------------
                             62 ; code
                             63 ;--------------------------------------------------------
                             64 	.area CSEG    (CODE)
                             65 	.area CSEG    (CODE)
                             66 	.area CONST   (CODE)
                             67 	.area XINIT   (CODE)
                             68 	.area CABS    (ABS,CODE)
