                              1 ;--------------------------------------------------------
                              2 ; File Created by SDCC : free open source ISO C Compiler 
                              3 ; Version 4.2.14 #0 (Linux)
                              4 ;--------------------------------------------------------
                              5 	.module fabsf
                              6 	.optsdcc -mhc08
                              7 	
                              8 	.area HOME    (CODE)
                              9 	.area GSINIT0 (CODE)
                             10 	.area GSINIT  (CODE)
                             11 	.area GSFINAL (CODE)
                             12 	.area CSEG    (CODE)
                             13 	.area XINIT   (CODE)
                             14 	.area CONST   (CODE)
                             15 	.area DSEG    (PAG)
                             16 	.area OSEG    (PAG, OVR)
                             17 	.area XSEG
                             18 	.area XISEG
                             19 ;--------------------------------------------------------
                             20 ; Public variables in this module
                             21 ;--------------------------------------------------------
                             22 	.globl _fabsf
                             23 ;--------------------------------------------------------
                             24 ; ram data
                             25 ;--------------------------------------------------------
                             26 	.area DSEG    (PAG)
                             27 ;--------------------------------------------------------
                             28 ; overlayable items in ram
                             29 ;--------------------------------------------------------
                             30 ;--------------------------------------------------------
                             31 ; absolute ram data
                             32 ;--------------------------------------------------------
                             33 	.area IABS    (ABS)
                             34 	.area IABS    (ABS)
                             35 ;--------------------------------------------------------
                             36 ; absolute external ram data
                             37 ;--------------------------------------------------------
                             38 	.area XABS    (ABS)
                             39 ;--------------------------------------------------------
                             40 ; initialized external ram data
                             41 ;--------------------------------------------------------
                             42 	.area XISEG
                             43 ;--------------------------------------------------------
                             44 ; extended address mode data
                             45 ;--------------------------------------------------------
                             46 	.area XSEG
                             47 ;--------------------------------------------------------
                             48 ; global & static initialisations
                             49 ;--------------------------------------------------------
                             50 	.area HOME    (CODE)
                             51 	.area GSINIT  (CODE)
                             52 	.area GSFINAL (CODE)
                             53 	.area GSINIT  (CODE)
                             54 ;--------------------------------------------------------
                             55 ; Home
                             56 ;--------------------------------------------------------
                             57 	.area HOME    (CODE)
                             58 	.area HOME    (CODE)
                             59 ;--------------------------------------------------------
                             60 ; code
                             61 ;--------------------------------------------------------
                             62 	.area CSEG    (CODE)
                             63 ;------------------------------------------------------------
                             64 ;Allocation info for local variables in function 'fabsf'
                             65 ;------------------------------------------------------------
                             66 ;x                         Allocated to stack - sp +11
                             67 ;fl                        Allocated to stack - sp +1
                             68 ;sloc0                     Allocated to stack - sp +5
                             69 ;------------------------------------------------------------
                             70 ;../fabsf.c:34: float fabsf(float x) _FLOAT_FUNC_REENTRANT
                             71 ;	-----------------------------------------
                             72 ;	 function fabsf
                             73 ;	-----------------------------------------
                             74 ;	Register assignment is optimal.
                             75 ;	Stack space usage: 8 bytes.
   0000                      76 _fabsf:
   0000 A7 F8         [ 2]   77 	ais	#-8
                             78 ;../fabsf.c:38: fl.f = x;
   0002 95            [ 2]   79 	tsx
   0003 9E E6 0B      [ 4]   80 	lda	11,s
   0006 F7            [ 2]   81 	sta	,x
   0007 9E E6 0C      [ 4]   82 	lda	12,s
   000A E7 01         [ 3]   83 	sta	1,x
   000C 9E E6 0D      [ 4]   84 	lda	13,s
   000F E7 02         [ 3]   85 	sta	2,x
   0011 9E E6 0E      [ 4]   86 	lda	14,s
   0014 E7 03         [ 3]   87 	sta	3,x
                             88 ;../fabsf.c:39: fl.l &= 0x7fffffff;
   0016 95            [ 2]   89 	tsx
   0017 F6            [ 2]   90 	lda	,x
   0018 9E E7 05      [ 4]   91 	sta	5,s
   001B E6 01         [ 3]   92 	lda	1,x
   001D 9E E7 06      [ 4]   93 	sta	6,s
   0020 E6 02         [ 3]   94 	lda	2,x
   0022 9E E7 07      [ 4]   95 	sta	7,s
   0025 E6 03         [ 3]   96 	lda	3,x
   0027 9E E7 08      [ 4]   97 	sta	8,s
   002A 9E E6 05      [ 4]   98 	lda	5,s
   002D A4 7F         [ 2]   99 	and	#0x7f
   002F 9E E7 05      [ 4]  100 	sta	5,s
   0032 9E E6 05      [ 4]  101 	lda	5,s
   0035 F7            [ 2]  102 	sta	,x
   0036 9E E6 06      [ 4]  103 	lda	6,s
   0039 E7 01         [ 3]  104 	sta	1,x
   003B 9E E6 07      [ 4]  105 	lda	7,s
   003E E7 02         [ 3]  106 	sta	2,x
   0040 9E E6 08      [ 4]  107 	lda	8,s
   0043 E7 03         [ 3]  108 	sta	3,x
                            109 ;../fabsf.c:40: return fl.f;
   0045 95            [ 2]  110 	tsx
   0046 F6            [ 2]  111 	lda	,x
   0047 9E E7 05      [ 4]  112 	sta	5,s
   004A E6 01         [ 3]  113 	lda	1,x
   004C 9E E7 06      [ 4]  114 	sta	6,s
   004F E6 02         [ 3]  115 	lda	2,x
   0051 9E E7 07      [ 4]  116 	sta	7,s
   0054 E6 03         [ 3]  117 	lda	3,x
   0056 9E E7 08      [ 4]  118 	sta	8,s
   0059 95            [ 2]  119 	tsx
   005A E6 04         [ 3]  120 	lda	4,x
   005C B7*00         [ 3]  121 	sta	*___SDCC_hc08_ret3
   005E E6 05         [ 3]  122 	lda	5,x
   0060 B7*00         [ 3]  123 	sta	*___SDCC_hc08_ret2
   0062 EE 06         [ 3]  124 	ldx	6,x
   0064 9E E6 08      [ 4]  125 	lda	8,s
                            126 ;../fabsf.c:41: }
   0067 A7 08         [ 2]  127 	ais	#8
   0069 81            [ 4]  128 	rts
                            129 	.area CSEG    (CODE)
                            130 	.area CONST   (CODE)
                            131 	.area XINIT   (CODE)
                            132 	.area CABS    (ABS,CODE)
