                              1 ;--------------------------------------------------------
                              2 ; File Created by SDCC : free open source ISO C Compiler 
                              3 ; Version 4.2.14 #0 (Linux)
                              4 ;--------------------------------------------------------
                              5 	.module isinf
                              6 	.optsdcc -mhc08
                              7 	
                              8 	.area HOME    (CODE)
                              9 	.area GSINIT0 (CODE)
                             10 	.area GSINIT  (CODE)
                             11 	.area GSFINAL (CODE)
                             12 	.area CSEG    (CODE)
                             13 	.area XINIT   (CODE)
                             14 	.area CONST   (CODE)
                             15 	.area DSEG    (PAG)
                             16 	.area OSEG    (PAG, OVR)
                             17 	.area XSEG
                             18 	.area XISEG
                             19 ;--------------------------------------------------------
                             20 ; Public variables in this module
                             21 ;--------------------------------------------------------
                             22 	.globl _isinf_PARM_1
                             23 	.globl _isinf
                             24 ;--------------------------------------------------------
                             25 ; ram data
                             26 ;--------------------------------------------------------
                             27 	.area DSEG    (PAG)
                             28 ;--------------------------------------------------------
                             29 ; overlayable items in ram
                             30 ;--------------------------------------------------------
                             31 	.area	OSEG    (PAG, OVR)
   0000                      32 _isinf_sloc0_1_0:
   0000                      33 	.ds 4
                             34 ;--------------------------------------------------------
                             35 ; absolute ram data
                             36 ;--------------------------------------------------------
                             37 	.area IABS    (ABS)
                             38 	.area IABS    (ABS)
                             39 ;--------------------------------------------------------
                             40 ; absolute external ram data
                             41 ;--------------------------------------------------------
                             42 	.area XABS    (ABS)
                             43 ;--------------------------------------------------------
                             44 ; initialized external ram data
                             45 ;--------------------------------------------------------
                             46 	.area XISEG
                             47 ;--------------------------------------------------------
                             48 ; extended address mode data
                             49 ;--------------------------------------------------------
                             50 	.area XSEG
   0000                      51 _isinf_PARM_1:
   0000                      52 	.ds 4
                             53 ;--------------------------------------------------------
                             54 ; global & static initialisations
                             55 ;--------------------------------------------------------
                             56 	.area HOME    (CODE)
                             57 	.area GSINIT  (CODE)
                             58 	.area GSFINAL (CODE)
                             59 	.area GSINIT  (CODE)
                             60 ;--------------------------------------------------------
                             61 ; Home
                             62 ;--------------------------------------------------------
                             63 	.area HOME    (CODE)
                             64 	.area HOME    (CODE)
                             65 ;--------------------------------------------------------
                             66 ; code
                             67 ;--------------------------------------------------------
                             68 	.area CSEG    (CODE)
                             69 ;------------------------------------------------------------
                             70 ;Allocation info for local variables in function 'isinf'
                             71 ;------------------------------------------------------------
                             72 ;f                         Allocated with name '_isinf_PARM_1'
                             73 ;pl                        Allocated to registers 
                             74 ;sloc0                     Allocated with name '_isinf_sloc0_1_0'
                             75 ;------------------------------------------------------------
                             76 ;../isinf.c:33: int isinf (float f)
                             77 ;	-----------------------------------------
                             78 ;	 function isinf
                             79 ;	-----------------------------------------
                             80 ;	Register assignment is optimal.
                             81 ;	Stack space usage: 0 bytes.
   0000                      82 _isinf:
                             83 ;../isinf.c:35: unsigned long *pl = (unsigned long *) &f;
                             84 ;../isinf.c:36: return *pl == 0x7f800000 || *pl == 0xff800000;
   0000 C6r00r00      [ 4]   85 	lda	_isinf_PARM_1
   0003 B7*00         [ 3]   86 	sta	*_isinf_sloc0_1_0
   0005 C6r00r01      [ 4]   87 	lda	(_isinf_PARM_1 + 1)
   0008 B7*01         [ 3]   88 	sta	*(_isinf_sloc0_1_0 + 1)
   000A C6r00r02      [ 4]   89 	lda	(_isinf_PARM_1 + 2)
   000D B7*02         [ 3]   90 	sta	*(_isinf_sloc0_1_0 + 2)
   000F C6r00r03      [ 4]   91 	lda	(_isinf_PARM_1 + 3)
   0012 B7*03         [ 3]   92 	sta	*(_isinf_sloc0_1_0 + 3)
   0014 B6*03         [ 3]   93 	lda	*(_isinf_sloc0_1_0 + 3)
   0016 A1 00         [ 2]   94 	cmp	#0x00
   0018 26 11         [ 3]   95 	bne	00116$
   001A B6*02         [ 3]   96 	lda	*(_isinf_sloc0_1_0 + 2)
   001C A1 00         [ 2]   97 	cmp	#0x00
   001E 26 0B         [ 3]   98 	bne	00116$
   0020 B6*01         [ 3]   99 	lda	*(_isinf_sloc0_1_0 + 1)
   0022 A1 80         [ 2]  100 	cmp	#0x80
   0024 26 05         [ 3]  101 	bne	00116$
   0026 B6*00         [ 3]  102 	lda	*_isinf_sloc0_1_0
   0028 41 7F 1A      [ 4]  103 	cbeqa	#0x7f,00104$
   002B                     104 00116$:
   002B B6*03         [ 3]  105 	lda	*(_isinf_sloc0_1_0 + 3)
   002D A1 00         [ 2]  106 	cmp	#0x00
   002F 26 11         [ 3]  107 	bne	00117$
   0031 B6*02         [ 3]  108 	lda	*(_isinf_sloc0_1_0 + 2)
   0033 A1 00         [ 2]  109 	cmp	#0x00
   0035 26 0B         [ 3]  110 	bne	00117$
   0037 B6*01         [ 3]  111 	lda	*(_isinf_sloc0_1_0 + 1)
   0039 A1 80         [ 2]  112 	cmp	#0x80
   003B 26 05         [ 3]  113 	bne	00117$
   003D B6*00         [ 3]  114 	lda	*_isinf_sloc0_1_0
   003F 41 FF 03      [ 4]  115 	cbeqa	#0xff,00104$
   0042                     116 00117$:
   0042 4F            [ 1]  117 	clra
   0043 20 02         [ 3]  118 	bra	00105$
   0045                     119 00104$:
   0045 A6 01         [ 2]  120 	lda	#0x01
   0047                     121 00105$:
   0047 5F            [ 1]  122 	clrx
                            123 ;../isinf.c:37: }
   0048 81            [ 4]  124 	rts
                            125 	.area CSEG    (CODE)
                            126 	.area CONST   (CODE)
                            127 	.area XINIT   (CODE)
                            128 	.area CABS    (ABS,CODE)
