                              1 ;--------------------------------------------------------
                              2 ; File Created by SDCC : free open source ISO C Compiler 
                              3 ; Version 4.2.14 #0 (Linux)
                              4 ;--------------------------------------------------------
                              5 	.module __ltoa
                              6 	.optsdcc -mmos6502
                              7 	
                              8 ;--------------------------------------------------------
                              9 ; Public variables in this module
                             10 ;--------------------------------------------------------
                             11 	.globl ___ltoa_PARM_3
                             12 	.globl ___ltoa_PARM_2
                             13 	.globl ___ltoa_PARM_1
                             14 	.globl ___ultoa_PARM_3
                             15 	.globl ___ultoa_PARM_2
                             16 	.globl ___ultoa_PARM_1
                             17 	.globl ___ultoa
                             18 	.globl ___ltoa
                             19 ;--------------------------------------------------------
                             20 ; ZP ram data
                             21 ;--------------------------------------------------------
                             22 	.area ZP      (PAG)
   0000                      23 ___ultoa_sloc0_1_0:
   0000                      24 	.ds 1
   0001                      25 ___ultoa_sloc1_1_0:
   0001                      26 	.ds 4
   0005                      27 ___ultoa_sloc2_1_0:
   0005                      28 	.ds 4
   0009                      29 ___ltoa_sloc0_1_0:
   0009                      30 	.ds 2
                             31 ;--------------------------------------------------------
                             32 ; overlayable items in ram
                             33 ;--------------------------------------------------------
                             34 ;--------------------------------------------------------
                             35 ; uninitialized external ram data
                             36 ;--------------------------------------------------------
                             37 	.area BSS
   0000                      38 ___ultoa_PARM_1:
   0000                      39 	.ds 4
   0004                      40 ___ultoa_PARM_2:
   0004                      41 	.ds 2
   0006                      42 ___ultoa_PARM_3:
   0006                      43 	.ds 1
   0007                      44 ___ultoa_buffer_65536_37:
   0007                      45 	.ds 32
   0027                      46 ___ltoa_PARM_1:
   0027                      47 	.ds 4
   002B                      48 ___ltoa_PARM_2:
   002B                      49 	.ds 2
   002D                      50 ___ltoa_PARM_3:
   002D                      51 	.ds 1
                             52 ;--------------------------------------------------------
                             53 ; absolute external ram data
                             54 ;--------------------------------------------------------
                             55 	.area DABS    (ABS)
                             56 ;--------------------------------------------------------
                             57 ; initialized external ram data
                             58 ;--------------------------------------------------------
                             59 	.area DATA
                             60 ;--------------------------------------------------------
                             61 ; global & static initialisations
                             62 ;--------------------------------------------------------
                             63 	.area _CODE
                             64 	.area GSINIT
                             65 	.area GSFINAL
                             66 	.area GSINIT
                             67 ;--------------------------------------------------------
                             68 ; Home
                             69 ;--------------------------------------------------------
                             70 	.area _CODE
                             71 	.area _CODE
                             72 ;--------------------------------------------------------
                             73 ; code
                             74 ;--------------------------------------------------------
                             75 	.area CODE
                             76 ;------------------------------------------------------------
                             77 ;Allocation info for local variables in function '__ultoa'
                             78 ;------------------------------------------------------------
                             79 ;sloc0                     Allocated with name '___ultoa_sloc0_1_0'
                             80 ;sloc1                     Allocated with name '___ultoa_sloc1_1_0'
                             81 ;sloc2                     Allocated with name '___ultoa_sloc2_1_0'
                             82 ;value                     Allocated with name '___ultoa_PARM_1'
                             83 ;string                    Allocated with name '___ultoa_PARM_2'
                             84 ;radix                     Allocated with name '___ultoa_PARM_3'
                             85 ;buffer                    Allocated with name '___ultoa_buffer_65536_37'
                             86 ;index                     Allocated to registers 
                             87 ;c                         Allocated to registers y 
                             88 ;------------------------------------------------------------
                             89 ;	../__ltoa.c: 58: void __ultoa(unsigned long value, char* string, unsigned char radix)
                             90 ;	-----------------------------------------
                             91 ;	 function __ultoa
                             92 ;	-----------------------------------------
                             93 ;	Register assignment is optimal.
                             94 ;	Stack space usage: 0 bytes.
   0000                      95 ___ultoa:
                             96 ;	../__ltoa.c: 63: do {
   0000 A2 20         [ 2]   97 	ldx	#0x20
   0002 86*00         [ 3]   98 	stx	*___ultoa_sloc0_1_0
   0004                      99 00103$:
                            100 ;	../__ltoa.c: 64: unsigned char c = '0' + (value % radix);
   0004 ADr06r00      [ 4]  101 	lda	___ultoa_PARM_3
   0007 85*01         [ 3]  102 	sta	*___ultoa_sloc1_1_0
   0009 A2 00         [ 2]  103 	ldx	#0x00
   000B 86*02         [ 3]  104 	stx	*(___ultoa_sloc1_1_0 + 1)
   000D 86*03         [ 3]  105 	stx	*(___ultoa_sloc1_1_0 + 2)
   000F 86*04         [ 3]  106 	stx	*(___ultoa_sloc1_1_0 + 3)
   0011 ADr00r00      [ 4]  107 	lda	___ultoa_PARM_1
   0014 8Dr00r00      [ 4]  108 	sta	__modulong_PARM_1
   0017 ADr01r00      [ 4]  109 	lda	(___ultoa_PARM_1 + 1)
   001A 8Dr01r00      [ 4]  110 	sta	(__modulong_PARM_1 + 1)
   001D ADr02r00      [ 4]  111 	lda	(___ultoa_PARM_1 + 2)
   0020 8Dr02r00      [ 4]  112 	sta	(__modulong_PARM_1 + 2)
   0023 ADr03r00      [ 4]  113 	lda	(___ultoa_PARM_1 + 3)
   0026 8Dr03r00      [ 4]  114 	sta	(__modulong_PARM_1 + 3)
   0029 A5*01         [ 3]  115 	lda	*___ultoa_sloc1_1_0
   002B 8Dr00r00      [ 4]  116 	sta	__modulong_PARM_2
   002E A5*02         [ 3]  117 	lda	*(___ultoa_sloc1_1_0 + 1)
   0030 8Dr01r00      [ 4]  118 	sta	(__modulong_PARM_2 + 1)
   0033 A5*03         [ 3]  119 	lda	*(___ultoa_sloc1_1_0 + 2)
   0035 8Dr02r00      [ 4]  120 	sta	(__modulong_PARM_2 + 2)
   0038 A5*04         [ 3]  121 	lda	*(___ultoa_sloc1_1_0 + 3)
   003A 8Dr03r00      [ 4]  122 	sta	(__modulong_PARM_2 + 3)
   003D 20r00r00      [ 6]  123 	jsr	__modulong
   0040 85*05         [ 3]  124 	sta	*___ultoa_sloc2_1_0
   0042 86*06         [ 3]  125 	stx	*(___ultoa_sloc2_1_0 + 1)
   0044 A5*00         [ 3]  126 	lda	*___SDCC_m6502_ret2
   0046 85*07         [ 3]  127 	sta	*(___ultoa_sloc2_1_0 + 2)
   0048 A5*00         [ 3]  128 	lda	*___SDCC_m6502_ret3
   004A 85*08         [ 3]  129 	sta	*(___ultoa_sloc2_1_0 + 3)
   004C A5*05         [ 3]  130 	lda	*___ultoa_sloc2_1_0
   004E 18            [ 2]  131 	clc
   004F 69 30         [ 2]  132 	adc	#0x30
   0051 A8            [ 2]  133 	tay
                            134 ;	../__ltoa.c: 65: if (c > (unsigned char)'9')
   0052 C0 39         [ 2]  135 	cpy	#0x39
   0054 F0 07         [ 4]  136 	beq	00102$
   0056 90 05         [ 4]  137 	bcc	00102$
                            138 ;	../__ltoa.c: 66: c += 'A' - '9' - 1;
   0058 98            [ 2]  139 	tya
   0059 18            [ 2]  140 	clc
   005A 69 07         [ 2]  141 	adc	#0x07
   005C A8            [ 2]  142 	tay
   005D                     143 00102$:
                            144 ;	../__ltoa.c: 67: buffer[--index] = c;
   005D C6*00         [ 5]  145 	dec	*___ultoa_sloc0_1_0
   005F A5*00         [ 3]  146 	lda	*___ultoa_sloc0_1_0
   0061 AA            [ 2]  147 	tax
   0062 98            [ 2]  148 	tya
   0063 9Dr07r00      [ 5]  149 	sta	(___ultoa_buffer_65536_37+0+0x0000),x
                            150 ;	../__ltoa.c: 68: value /= radix;
   0066 ADr00r00      [ 4]  151 	lda	___ultoa_PARM_1
   0069 8Dr00r00      [ 4]  152 	sta	__divulong_PARM_1
   006C ADr01r00      [ 4]  153 	lda	(___ultoa_PARM_1 + 1)
   006F 8Dr01r00      [ 4]  154 	sta	(__divulong_PARM_1 + 1)
   0072 ADr02r00      [ 4]  155 	lda	(___ultoa_PARM_1 + 2)
   0075 8Dr02r00      [ 4]  156 	sta	(__divulong_PARM_1 + 2)
   0078 ADr03r00      [ 4]  157 	lda	(___ultoa_PARM_1 + 3)
   007B 8Dr03r00      [ 4]  158 	sta	(__divulong_PARM_1 + 3)
   007E A5*01         [ 3]  159 	lda	*___ultoa_sloc1_1_0
   0080 8Dr00r00      [ 4]  160 	sta	__divulong_PARM_2
   0083 A5*02         [ 3]  161 	lda	*(___ultoa_sloc1_1_0 + 1)
   0085 8Dr01r00      [ 4]  162 	sta	(__divulong_PARM_2 + 1)
   0088 A5*03         [ 3]  163 	lda	*(___ultoa_sloc1_1_0 + 2)
   008A 8Dr02r00      [ 4]  164 	sta	(__divulong_PARM_2 + 2)
   008D A5*04         [ 3]  165 	lda	*(___ultoa_sloc1_1_0 + 3)
   008F 8Dr03r00      [ 4]  166 	sta	(__divulong_PARM_2 + 3)
   0092 20r00r00      [ 6]  167 	jsr	__divulong
   0095 8Dr00r00      [ 4]  168 	sta	___ultoa_PARM_1
   0098 8Er01r00      [ 4]  169 	stx	(___ultoa_PARM_1 + 1)
   009B A5*00         [ 3]  170 	lda	*___SDCC_m6502_ret2
   009D 8Dr02r00      [ 4]  171 	sta	(___ultoa_PARM_1 + 2)
   00A0 A5*00         [ 3]  172 	lda	*___SDCC_m6502_ret3
                            173 ;	../__ltoa.c: 69: } while (value);
   00A2 8Dr03r00      [ 4]  174 	sta	(___ultoa_PARM_1 + 3)
   00A5 0Dr02r00      [ 4]  175 	ora	(___ultoa_PARM_1 + 2)
   00A8 0Dr01r00      [ 4]  176 	ora	(___ultoa_PARM_1 + 1)
   00AB 0Dr00r00      [ 4]  177 	ora	___ultoa_PARM_1
   00AE F0 03         [ 4]  178 	beq	00134$
   00B0 4Cr04r00      [ 3]  179 	jmp	00103$
   00B3                     180 00134$:
                            181 ;	../__ltoa.c: 71: do {
   00B3 ADr04r00      [ 4]  182 	lda	___ultoa_PARM_2
   00B6 85*05         [ 3]  183 	sta	*___ultoa_sloc2_1_0
   00B8 ADr05r00      [ 4]  184 	lda	(___ultoa_PARM_2 + 1)
   00BB 85*06         [ 3]  185 	sta	*(___ultoa_sloc2_1_0 + 1)
   00BD A5*00         [ 3]  186 	lda	*___ultoa_sloc0_1_0
   00BF 85*01         [ 3]  187 	sta	*___ultoa_sloc1_1_0
   00C1                     188 00106$:
                            189 ;	../__ltoa.c: 72: *string++ = buffer[index];
   00C1 A5*01         [ 3]  190 	lda	*___ultoa_sloc1_1_0
   00C3 A2 00         [ 2]  191 	ldx	#0x00
   00C5 A8            [ 2]  192 	tay
   00C6 B9r07r00      [ 5]  193 	lda	(___ultoa_buffer_65536_37+0+0x0000),y
   00C9 A0 00         [ 2]  194 	ldy	#0x00
   00CB 91*05         [ 6]  195 	sta	[*___ultoa_sloc2_1_0],y
   00CD E6*05         [ 5]  196 	inc	*___ultoa_sloc2_1_0
   00CF D0 02         [ 4]  197 	bne	00135$
   00D1 E6*06         [ 5]  198 	inc	*(___ultoa_sloc2_1_0 + 1)
   00D3                     199 00135$:
                            200 ;	../__ltoa.c: 73: } while ( ++index != NUMBER_OF_DIGITS );
   00D3 E6*01         [ 5]  201 	inc	*___ultoa_sloc1_1_0
   00D5 A5*01         [ 3]  202 	lda	*___ultoa_sloc1_1_0
   00D7 C9 20         [ 2]  203 	cmp	#0x20
   00D9 D0 E6         [ 4]  204 	bne	00106$
                            205 ;	../__ltoa.c: 75: *string = 0;  /* string terminator */
   00DB 98            [ 2]  206 	tya
   00DC 91*05         [ 6]  207 	sta	[*___ultoa_sloc2_1_0],y
                            208 ;	../__ltoa.c: 76: }
   00DE 60            [ 6]  209 	rts
                            210 ;------------------------------------------------------------
                            211 ;Allocation info for local variables in function '__ltoa'
                            212 ;------------------------------------------------------------
                            213 ;sloc0                     Allocated with name '___ltoa_sloc0_1_0'
                            214 ;value                     Allocated with name '___ltoa_PARM_1'
                            215 ;string                    Allocated with name '___ltoa_PARM_2'
                            216 ;radix                     Allocated with name '___ltoa_PARM_3'
                            217 ;------------------------------------------------------------
                            218 ;	../__ltoa.c: 78: void __ltoa(long value, char* string, unsigned char radix)
                            219 ;	-----------------------------------------
                            220 ;	 function __ltoa
                            221 ;	-----------------------------------------
                            222 ;	Register assignment is optimal.
                            223 ;	Stack space usage: 0 bytes.
   00DF                     224 ___ltoa:
                            225 ;	../__ltoa.c: 80: if (value < 0 && radix == 10) {
   00DF ADr2Ar00      [ 4]  226 	lda	(___ltoa_PARM_1 + 3)
   00E2 38            [ 2]  227 	sec
   00E3 E9 00         [ 2]  228 	sbc	#0x00
   00E5 50 04         [ 4]  229 	bvc	00115$
   00E7 10 04         [ 4]  230 	bpl	00114$
   00E9 30 45         [ 4]  231 	bmi	00102$
   00EB                     232 00115$:
   00EB 10 43         [ 4]  233 	bpl	00102$
   00ED                     234 00114$:
   00ED ADr2Dr00      [ 4]  235 	lda	___ltoa_PARM_3
   00F0 C9 0A         [ 2]  236 	cmp	#0x0a
   00F2 D0 3C         [ 4]  237 	bne	00102$
                            238 ;	../__ltoa.c: 81: *string++ = '-';
   00F4 ADr2Br00      [ 4]  239 	lda	___ltoa_PARM_2
   00F7 85*09         [ 3]  240 	sta	*___ltoa_sloc0_1_0
   00F9 ADr2Cr00      [ 4]  241 	lda	(___ltoa_PARM_2 + 1)
   00FC 85*0A         [ 3]  242 	sta	*(___ltoa_sloc0_1_0 + 1)
   00FE A9 2D         [ 2]  243 	lda	#0x2d
   0100 A0 00         [ 2]  244 	ldy	#0x00
   0102 91*09         [ 6]  245 	sta	[*___ltoa_sloc0_1_0],y
   0104 A5*09         [ 3]  246 	lda	*___ltoa_sloc0_1_0
   0106 18            [ 2]  247 	clc
   0107 69 01         [ 2]  248 	adc	#0x01
   0109 8Dr2Br00      [ 4]  249 	sta	___ltoa_PARM_2
   010C A5*0A         [ 3]  250 	lda	*(___ltoa_sloc0_1_0 + 1)
   010E 69 00         [ 2]  251 	adc	#0x00
   0110 8Dr2Cr00      [ 4]  252 	sta	(___ltoa_PARM_2 + 1)
                            253 ;	../__ltoa.c: 82: value = -value;
   0113 98            [ 2]  254 	tya
   0114 38            [ 2]  255 	sec
   0115 EDr27r00      [ 4]  256 	sbc	___ltoa_PARM_1
   0118 8Dr27r00      [ 4]  257 	sta	___ltoa_PARM_1
   011B 98            [ 2]  258 	tya
   011C EDr28r00      [ 4]  259 	sbc	(___ltoa_PARM_1 + 1)
   011F 8Dr28r00      [ 4]  260 	sta	(___ltoa_PARM_1 + 1)
   0122 98            [ 2]  261 	tya
   0123 EDr29r00      [ 4]  262 	sbc	(___ltoa_PARM_1 + 2)
   0126 8Dr29r00      [ 4]  263 	sta	(___ltoa_PARM_1 + 2)
   0129 98            [ 2]  264 	tya
   012A EDr2Ar00      [ 4]  265 	sbc	(___ltoa_PARM_1 + 3)
   012D 8Dr2Ar00      [ 4]  266 	sta	(___ltoa_PARM_1 + 3)
   0130                     267 00102$:
                            268 ;	../__ltoa.c: 84: __ultoa(value, string, radix);
   0130 ADr27r00      [ 4]  269 	lda	___ltoa_PARM_1
   0133 8Dr00r00      [ 4]  270 	sta	___ultoa_PARM_1
   0136 ADr28r00      [ 4]  271 	lda	(___ltoa_PARM_1 + 1)
   0139 8Dr01r00      [ 4]  272 	sta	(___ultoa_PARM_1 + 1)
   013C ADr29r00      [ 4]  273 	lda	(___ltoa_PARM_1 + 2)
   013F 8Dr02r00      [ 4]  274 	sta	(___ultoa_PARM_1 + 2)
   0142 ADr2Ar00      [ 4]  275 	lda	(___ltoa_PARM_1 + 3)
   0145 8Dr03r00      [ 4]  276 	sta	(___ultoa_PARM_1 + 3)
   0148 ADr2Br00      [ 4]  277 	lda	___ltoa_PARM_2
   014B 8Dr04r00      [ 4]  278 	sta	___ultoa_PARM_2
   014E ADr2Cr00      [ 4]  279 	lda	(___ltoa_PARM_2 + 1)
   0151 8Dr05r00      [ 4]  280 	sta	(___ultoa_PARM_2 + 1)
   0154 ADr2Dr00      [ 4]  281 	lda	___ltoa_PARM_3
   0157 8Dr06r00      [ 4]  282 	sta	___ultoa_PARM_3
                            283 ;	../__ltoa.c: 85: }
   015A 4Cr00r00      [ 3]  284 	jmp	___ultoa
                            285 	.area CODE
                            286 	.area RODATA
                            287 	.area XINIT
                            288 	.area CABS    (ABS)
