                              1 ;--------------------------------------------------------
                              2 ; File Created by SDCC : free open source ISO C Compiler 
                              3 ; Version 4.2.14 #0 (Linux)
                              4 ;--------------------------------------------------------
                              5 	.module _fs2slong
                              6 	.optsdcc -mmos6502
                              7 	
                              8 ;--------------------------------------------------------
                              9 ; Public variables in this module
                             10 ;--------------------------------------------------------
                             11 	.globl ___fs2ulong
                             12 	.globl ___fs2slong_PARM_1
                             13 	.globl ___fs2slong
                             14 ;--------------------------------------------------------
                             15 ; ZP ram data
                             16 ;--------------------------------------------------------
                             17 	.area ZP      (PAG)
   0000                      18 ___fs2slong_sloc0_1_0:
   0000                      19 	.ds 4
                             20 ;--------------------------------------------------------
                             21 ; overlayable items in ram
                             22 ;--------------------------------------------------------
                             23 ;--------------------------------------------------------
                             24 ; uninitialized external ram data
                             25 ;--------------------------------------------------------
                             26 	.area BSS
   0000                      27 ___fs2slong_PARM_1:
   0000                      28 	.ds 4
                             29 ;--------------------------------------------------------
                             30 ; absolute external ram data
                             31 ;--------------------------------------------------------
                             32 	.area DABS    (ABS)
                             33 ;--------------------------------------------------------
                             34 ; initialized external ram data
                             35 ;--------------------------------------------------------
                             36 	.area DATA
                             37 ;--------------------------------------------------------
                             38 ; global & static initialisations
                             39 ;--------------------------------------------------------
                             40 	.area _CODE
                             41 	.area GSINIT
                             42 	.area GSFINAL
                             43 	.area GSINIT
                             44 ;--------------------------------------------------------
                             45 ; Home
                             46 ;--------------------------------------------------------
                             47 	.area _CODE
                             48 	.area _CODE
                             49 ;--------------------------------------------------------
                             50 ; code
                             51 ;--------------------------------------------------------
                             52 	.area CODE
                             53 ;------------------------------------------------------------
                             54 ;Allocation info for local variables in function '__fs2slong'
                             55 ;------------------------------------------------------------
                             56 ;sloc0                     Allocated with name '___fs2slong_sloc0_1_0'
                             57 ;f                         Allocated with name '___fs2slong_PARM_1'
                             58 ;------------------------------------------------------------
                             59 ;	../_fs2slong.c: 108: signed long __fs2slong (float f)
                             60 ;	-----------------------------------------
                             61 ;	 function __fs2slong
                             62 ;	-----------------------------------------
                             63 ;	Register assignment is optimal.
                             64 ;	Stack space usage: 0 bytes.
   0000                      65 ___fs2slong:
                             66 ;	../_fs2slong.c: 111: if (!f)
   0000 ADr03r00      [ 4]   67 	lda	(___fs2slong_PARM_1 + 3)
   0003 29 7F         [ 2]   68 	and	#0x7F
   0005 0Dr02r00      [ 4]   69 	ora	(___fs2slong_PARM_1 + 2)
   0008 0Dr01r00      [ 4]   70 	ora	(___fs2slong_PARM_1 + 1)
   000B 0Dr00r00      [ 4]   71 	ora	___fs2slong_PARM_1
   000E D0 08         [ 4]   72 	bne	00102$
                             73 ;	../_fs2slong.c: 112: return 0;
   0010 A9 00         [ 2]   74 	lda	#0x00
   0012 AA            [ 2]   75 	tax
   0013 85*00         [ 3]   76 	sta	*___SDCC_m6502_ret2
   0015 85*00         [ 3]   77 	sta	*___SDCC_m6502_ret3
   0017 60            [ 6]   78 	rts
   0018                      79 00102$:
                             80 ;	../_fs2slong.c: 114: if (f<0) {
   0018 ADr00r00      [ 4]   81 	lda	___fs2slong_PARM_1
   001B 8Dr00r00      [ 4]   82 	sta	___fslt_PARM_1
   001E ADr01r00      [ 4]   83 	lda	(___fs2slong_PARM_1 + 1)
   0021 8Dr01r00      [ 4]   84 	sta	(___fslt_PARM_1 + 1)
   0024 ADr02r00      [ 4]   85 	lda	(___fs2slong_PARM_1 + 2)
   0027 8Dr02r00      [ 4]   86 	sta	(___fslt_PARM_1 + 2)
   002A ADr03r00      [ 4]   87 	lda	(___fs2slong_PARM_1 + 3)
   002D 8Dr03r00      [ 4]   88 	sta	(___fslt_PARM_1 + 3)
   0030 A2 00         [ 2]   89 	ldx	#0x00
   0032 8Er00r00      [ 4]   90 	stx	___fslt_PARM_2
   0035 8Er01r00      [ 4]   91 	stx	(___fslt_PARM_2 + 1)
   0038 8Er02r00      [ 4]   92 	stx	(___fslt_PARM_2 + 2)
   003B 8Er03r00      [ 4]   93 	stx	(___fslt_PARM_2 + 3)
   003E 20r00r00      [ 6]   94 	jsr	___fslt
   0041 C9 00         [ 2]   95 	cmp	#0x00
   0043 F0 4D         [ 4]   96 	beq	00104$
                             97 ;	../_fs2slong.c: 115: return -__fs2ulong(-f);
   0045 ADr00r00      [ 4]   98 	lda	___fs2slong_PARM_1
   0048 8Dr00r00      [ 4]   99 	sta	___fs2ulong_PARM_1
   004B ADr01r00      [ 4]  100 	lda	(___fs2slong_PARM_1 + 1)
   004E 8Dr01r00      [ 4]  101 	sta	(___fs2ulong_PARM_1 + 1)
   0051 ADr02r00      [ 4]  102 	lda	(___fs2slong_PARM_1 + 2)
   0054 8Dr02r00      [ 4]  103 	sta	(___fs2ulong_PARM_1 + 2)
   0057 ADr03r00      [ 4]  104 	lda	(___fs2slong_PARM_1 + 3)
   005A 49 80         [ 2]  105 	eor	#0x80
   005C 8Dr03r00      [ 4]  106 	sta	(___fs2ulong_PARM_1 + 3)
   005F 20r00r00      [ 6]  107 	jsr	___fs2ulong
   0062 85*00         [ 3]  108 	sta	*___fs2slong_sloc0_1_0
   0064 86*01         [ 3]  109 	stx	*(___fs2slong_sloc0_1_0 + 1)
   0066 A5*00         [ 3]  110 	lda	*___SDCC_m6502_ret2
   0068 85*02         [ 3]  111 	sta	*(___fs2slong_sloc0_1_0 + 2)
   006A A5*00         [ 3]  112 	lda	*___SDCC_m6502_ret3
   006C 85*03         [ 3]  113 	sta	*(___fs2slong_sloc0_1_0 + 3)
   006E A9 00         [ 2]  114 	lda	#0x00
   0070 38            [ 2]  115 	sec
   0071 E5*00         [ 3]  116 	sbc	*___fs2slong_sloc0_1_0
   0073 85*00         [ 3]  117 	sta	*___fs2slong_sloc0_1_0
   0075 A9 00         [ 2]  118 	lda	#0x00
   0077 E5*01         [ 3]  119 	sbc	*(___fs2slong_sloc0_1_0 + 1)
   0079 85*01         [ 3]  120 	sta	*(___fs2slong_sloc0_1_0 + 1)
   007B A9 00         [ 2]  121 	lda	#0x00
   007D E5*02         [ 3]  122 	sbc	*(___fs2slong_sloc0_1_0 + 2)
   007F 85*02         [ 3]  123 	sta	*(___fs2slong_sloc0_1_0 + 2)
   0081 A9 00         [ 2]  124 	lda	#0x00
   0083 E5*03         [ 3]  125 	sbc	*(___fs2slong_sloc0_1_0 + 3)
   0085 85*03         [ 3]  126 	sta	*(___fs2slong_sloc0_1_0 + 3)
   0087 85*00         [ 3]  127 	sta	*___SDCC_m6502_ret3
   0089 A5*02         [ 3]  128 	lda	*(___fs2slong_sloc0_1_0 + 2)
   008B 85*00         [ 3]  129 	sta	*___SDCC_m6502_ret2
   008D A6*01         [ 3]  130 	ldx	*(___fs2slong_sloc0_1_0 + 1)
   008F A5*00         [ 3]  131 	lda	*___fs2slong_sloc0_1_0
   0091 60            [ 6]  132 	rts
   0092                     133 00104$:
                            134 ;	../_fs2slong.c: 117: return __fs2ulong(f);
   0092 ADr00r00      [ 4]  135 	lda	___fs2slong_PARM_1
   0095 8Dr00r00      [ 4]  136 	sta	___fs2ulong_PARM_1
   0098 ADr01r00      [ 4]  137 	lda	(___fs2slong_PARM_1 + 1)
   009B 8Dr01r00      [ 4]  138 	sta	(___fs2ulong_PARM_1 + 1)
   009E ADr02r00      [ 4]  139 	lda	(___fs2slong_PARM_1 + 2)
   00A1 8Dr02r00      [ 4]  140 	sta	(___fs2ulong_PARM_1 + 2)
   00A4 ADr03r00      [ 4]  141 	lda	(___fs2slong_PARM_1 + 3)
   00A7 8Dr03r00      [ 4]  142 	sta	(___fs2ulong_PARM_1 + 3)
   00AA 20r00r00      [ 6]  143 	jsr	___fs2ulong
   00AD 85*00         [ 3]  144 	sta	*___fs2slong_sloc0_1_0
   00AF 86*01         [ 3]  145 	stx	*(___fs2slong_sloc0_1_0 + 1)
   00B1 A5*00         [ 3]  146 	lda	*___SDCC_m6502_ret2
   00B3 85*02         [ 3]  147 	sta	*(___fs2slong_sloc0_1_0 + 2)
   00B5 A5*00         [ 3]  148 	lda	*___SDCC_m6502_ret3
   00B7 85*03         [ 3]  149 	sta	*(___fs2slong_sloc0_1_0 + 3)
   00B9 85*00         [ 3]  150 	sta	*___SDCC_m6502_ret3
   00BB A5*02         [ 3]  151 	lda	*(___fs2slong_sloc0_1_0 + 2)
   00BD 85*00         [ 3]  152 	sta	*___SDCC_m6502_ret2
   00BF A6*01         [ 3]  153 	ldx	*(___fs2slong_sloc0_1_0 + 1)
   00C1 A5*00         [ 3]  154 	lda	*___fs2slong_sloc0_1_0
                            155 ;	../_fs2slong.c: 119: }
   00C3 60            [ 6]  156 	rts
                            157 	.area CODE
                            158 	.area RODATA
                            159 	.area XINIT
                            160 	.area CABS    (ABS)
