                              1 ;--------------------------------------------------------
                              2 ; File Created by SDCC : free open source ISO C Compiler 
                              3 ; Version 4.2.14 #0 (Linux)
                              4 ;--------------------------------------------------------
                              5 	.module _fseq
                              6 	.optsdcc -mmos6502
                              7 	
                              8 ;--------------------------------------------------------
                              9 ; Public variables in this module
                             10 ;--------------------------------------------------------
                             11 	.globl ___fseq_PARM_2
                             12 	.globl ___fseq_PARM_1
                             13 	.globl ___fseq
                             14 ;--------------------------------------------------------
                             15 ; ZP ram data
                             16 ;--------------------------------------------------------
                             17 	.area ZP      (PAG)
                             18 ;--------------------------------------------------------
                             19 ; overlayable items in ram
                             20 ;--------------------------------------------------------
                             21 	.area	OSEG    (PAG, OVR)
   0000                      22 ___fseq_sloc0_1_0:
   0000                      23 	.ds 4
   0004                      24 ___fseq_sloc1_1_0:
   0004                      25 	.ds 4
                             26 ;--------------------------------------------------------
                             27 ; uninitialized external ram data
                             28 ;--------------------------------------------------------
                             29 	.area BSS
   0000                      30 ___fseq_PARM_1:
   0000                      31 	.ds 4
   0004                      32 ___fseq_PARM_2:
   0004                      33 	.ds 4
   0008                      34 ___fseq_fl1_65536_21:
   0008                      35 	.ds 4
   000C                      36 ___fseq_fl2_65536_21:
   000C                      37 	.ds 4
                             38 ;--------------------------------------------------------
                             39 ; absolute external ram data
                             40 ;--------------------------------------------------------
                             41 	.area DABS    (ABS)
                             42 ;--------------------------------------------------------
                             43 ; initialized external ram data
                             44 ;--------------------------------------------------------
                             45 	.area DATA
                             46 ;--------------------------------------------------------
                             47 ; global & static initialisations
                             48 ;--------------------------------------------------------
                             49 	.area _CODE
                             50 	.area GSINIT
                             51 	.area GSFINAL
                             52 	.area GSINIT
                             53 ;--------------------------------------------------------
                             54 ; Home
                             55 ;--------------------------------------------------------
                             56 	.area _CODE
                             57 	.area _CODE
                             58 ;--------------------------------------------------------
                             59 ; code
                             60 ;--------------------------------------------------------
                             61 	.area CODE
                             62 ;------------------------------------------------------------
                             63 ;Allocation info for local variables in function '__fseq'
                             64 ;------------------------------------------------------------
                             65 ;a1                        Allocated with name '___fseq_PARM_1'
                             66 ;a2                        Allocated with name '___fseq_PARM_2'
                             67 ;fl1                       Allocated with name '___fseq_fl1_65536_21'
                             68 ;fl2                       Allocated with name '___fseq_fl2_65536_21'
                             69 ;sloc0                     Allocated with name '___fseq_sloc0_1_0'
                             70 ;sloc1                     Allocated with name '___fseq_sloc1_1_0'
                             71 ;------------------------------------------------------------
                             72 ;	../_fseq.c: 83: __fseq (float a1, float a2)
                             73 ;	-----------------------------------------
                             74 ;	 function __fseq
                             75 ;	-----------------------------------------
                             76 ;	Register assignment is optimal.
                             77 ;	Stack space usage: 0 bytes.
   0000                      78 ___fseq:
                             79 ;	../_fseq.c: 87: fl1.f = a1;
   0000 ADr03r00      [ 4]   80 	lda	(___fseq_PARM_1 + 3)
   0003 8Dr0Br00      [ 4]   81 	sta	(___fseq_fl1_65536_21 + 3)
   0006 ADr02r00      [ 4]   82 	lda	(___fseq_PARM_1 + 2)
   0009 8Dr0Ar00      [ 4]   83 	sta	(___fseq_fl1_65536_21 + 2)
   000C ADr01r00      [ 4]   84 	lda	(___fseq_PARM_1 + 1)
   000F 8Dr09r00      [ 4]   85 	sta	(___fseq_fl1_65536_21 + 1)
   0012 ADr00r00      [ 4]   86 	lda	___fseq_PARM_1
   0015 8Dr08r00      [ 4]   87 	sta	___fseq_fl1_65536_21
                             88 ;	../_fseq.c: 88: fl2.f = a2;
   0018 ADr07r00      [ 4]   89 	lda	(___fseq_PARM_2 + 3)
   001B 8Dr0Fr00      [ 4]   90 	sta	(___fseq_fl2_65536_21 + 3)
   001E ADr06r00      [ 4]   91 	lda	(___fseq_PARM_2 + 2)
   0021 8Dr0Er00      [ 4]   92 	sta	(___fseq_fl2_65536_21 + 2)
   0024 ADr05r00      [ 4]   93 	lda	(___fseq_PARM_2 + 1)
   0027 8Dr0Dr00      [ 4]   94 	sta	(___fseq_fl2_65536_21 + 1)
   002A ADr04r00      [ 4]   95 	lda	___fseq_PARM_2
   002D 8Dr0Cr00      [ 4]   96 	sta	___fseq_fl2_65536_21
                             97 ;	../_fseq.c: 90: if (fl1.l == fl2.l)
   0030 ADr0Br00      [ 4]   98 	lda	(___fseq_fl1_65536_21 + 3)
   0033 85*03         [ 3]   99 	sta	*(___fseq_sloc0_1_0 + 3)
   0035 ADr0Ar00      [ 4]  100 	lda	(___fseq_fl1_65536_21 + 2)
   0038 85*02         [ 3]  101 	sta	*(___fseq_sloc0_1_0 + 2)
   003A ADr09r00      [ 4]  102 	lda	(___fseq_fl1_65536_21 + 1)
   003D 85*01         [ 3]  103 	sta	*(___fseq_sloc0_1_0 + 1)
   003F ADr08r00      [ 4]  104 	lda	___fseq_fl1_65536_21
   0042 85*00         [ 3]  105 	sta	*___fseq_sloc0_1_0
   0044 ADr0Fr00      [ 4]  106 	lda	(___fseq_fl2_65536_21 + 3)
   0047 85*07         [ 3]  107 	sta	*(___fseq_sloc1_1_0 + 3)
   0049 ADr0Er00      [ 4]  108 	lda	(___fseq_fl2_65536_21 + 2)
   004C 85*06         [ 3]  109 	sta	*(___fseq_sloc1_1_0 + 2)
   004E ADr0Dr00      [ 4]  110 	lda	(___fseq_fl2_65536_21 + 1)
   0051 85*05         [ 3]  111 	sta	*(___fseq_sloc1_1_0 + 1)
   0053 ADr0Cr00      [ 4]  112 	lda	___fseq_fl2_65536_21
   0056 85*04         [ 3]  113 	sta	*___fseq_sloc1_1_0
   0058 A5*00         [ 3]  114 	lda	*___fseq_sloc0_1_0
   005A C5*04         [ 3]  115 	cmp	*___fseq_sloc1_1_0
   005C D0 15         [ 4]  116 	bne	00102$
   005E A5*01         [ 3]  117 	lda	*(___fseq_sloc0_1_0 + 1)
   0060 C5*05         [ 3]  118 	cmp	*(___fseq_sloc1_1_0 + 1)
   0062 D0 0F         [ 4]  119 	bne	00102$
   0064 A5*02         [ 3]  120 	lda	*(___fseq_sloc0_1_0 + 2)
   0066 C5*06         [ 3]  121 	cmp	*(___fseq_sloc1_1_0 + 2)
   0068 D0 09         [ 4]  122 	bne	00102$
   006A A5*03         [ 3]  123 	lda	*(___fseq_sloc0_1_0 + 3)
   006C C5*07         [ 3]  124 	cmp	*(___fseq_sloc1_1_0 + 3)
   006E D0 03         [ 4]  125 	bne	00102$
                            126 ;	../_fseq.c: 91: return (1);
   0070 A9 01         [ 2]  127 	lda	#0x01
   0072 60            [ 6]  128 	rts
   0073                     129 00102$:
                            130 ;	../_fseq.c: 93: if ((fl1.l & 0x7fffffff) == 0 && (fl2.l & 0x7fffffff) == 0)
   0073 ADr0Br00      [ 4]  131 	lda	(___fseq_fl1_65536_21 + 3)
   0076 85*07         [ 3]  132 	sta	*(___fseq_sloc1_1_0 + 3)
   0078 ADr0Ar00      [ 4]  133 	lda	(___fseq_fl1_65536_21 + 2)
   007B 85*06         [ 3]  134 	sta	*(___fseq_sloc1_1_0 + 2)
   007D ADr09r00      [ 4]  135 	lda	(___fseq_fl1_65536_21 + 1)
   0080 85*05         [ 3]  136 	sta	*(___fseq_sloc1_1_0 + 1)
   0082 ADr08r00      [ 4]  137 	lda	___fseq_fl1_65536_21
   0085 85*04         [ 3]  138 	sta	*___fseq_sloc1_1_0
   0087 D0 0C         [ 4]  139 	bne	00125$
   0089 A5*05         [ 3]  140 	lda	*(___fseq_sloc1_1_0 + 1)
   008B D0 08         [ 4]  141 	bne	00125$
   008D A5*06         [ 3]  142 	lda	*(___fseq_sloc1_1_0 + 2)
   008F D0 04         [ 4]  143 	bne	00125$
   0091 A9 7F         [ 2]  144 	lda	#0x7f
   0093 25*07         [ 3]  145 	and	*(___fseq_sloc1_1_0 + 3)
   0095                     146 00125$:
   0095 D0 27         [ 4]  147 	bne	00104$
   0097 ADr0Fr00      [ 4]  148 	lda	(___fseq_fl2_65536_21 + 3)
   009A 85*07         [ 3]  149 	sta	*(___fseq_sloc1_1_0 + 3)
   009C ADr0Er00      [ 4]  150 	lda	(___fseq_fl2_65536_21 + 2)
   009F 85*06         [ 3]  151 	sta	*(___fseq_sloc1_1_0 + 2)
   00A1 ADr0Dr00      [ 4]  152 	lda	(___fseq_fl2_65536_21 + 1)
   00A4 85*05         [ 3]  153 	sta	*(___fseq_sloc1_1_0 + 1)
   00A6 ADr0Cr00      [ 4]  154 	lda	___fseq_fl2_65536_21
   00A9 85*04         [ 3]  155 	sta	*___fseq_sloc1_1_0
   00AB D0 0C         [ 4]  156 	bne	00127$
   00AD A5*05         [ 3]  157 	lda	*(___fseq_sloc1_1_0 + 1)
   00AF D0 08         [ 4]  158 	bne	00127$
   00B1 A5*06         [ 3]  159 	lda	*(___fseq_sloc1_1_0 + 2)
   00B3 D0 04         [ 4]  160 	bne	00127$
   00B5 A9 7F         [ 2]  161 	lda	#0x7f
   00B7 25*07         [ 3]  162 	and	*(___fseq_sloc1_1_0 + 3)
   00B9                     163 00127$:
   00B9 D0 03         [ 4]  164 	bne	00104$
                            165 ;	../_fseq.c: 94: return (1);
   00BB A9 01         [ 2]  166 	lda	#0x01
   00BD 60            [ 6]  167 	rts
   00BE                     168 00104$:
                            169 ;	../_fseq.c: 95: return (0);
   00BE A9 00         [ 2]  170 	lda	#0x00
                            171 ;	../_fseq.c: 96: }
   00C0 60            [ 6]  172 	rts
                            173 	.area CODE
                            174 	.area RODATA
                            175 	.area XINIT
                            176 	.area CABS    (ABS)
