                              1 ;--------------------------------------------------------
                              2 ; File Created by SDCC : free open source ISO C Compiler 
                              3 ; Version 4.2.14 #0 (Linux)
                              4 ;--------------------------------------------------------
                              5 	.module _heap
                              6 	.optsdcc -mmos6502
                              7 	
                              8 ;--------------------------------------------------------
                              9 ; Public variables in this module
                             10 ;--------------------------------------------------------
                             11 	.globl ___sdcc_heap_size
                             12 	.globl ___sdcc_heap
                             13 ;--------------------------------------------------------
                             14 ; ZP ram data
                             15 ;--------------------------------------------------------
                             16 	.area ZP      (PAG)
                             17 ;--------------------------------------------------------
                             18 ; overlayable items in ram
                             19 ;--------------------------------------------------------
                             20 ;--------------------------------------------------------
                             21 ; uninitialized external ram data
                             22 ;--------------------------------------------------------
                             23 	.area BSS
   0000                      24 ___sdcc_heap::
   0000                      25 	.ds 1024
                             26 ;--------------------------------------------------------
                             27 ; absolute external ram data
                             28 ;--------------------------------------------------------
                             29 	.area DABS    (ABS)
                             30 ;--------------------------------------------------------
                             31 ; initialized external ram data
                             32 ;--------------------------------------------------------
                             33 	.area DATA
                             34 ;--------------------------------------------------------
                             35 ; global & static initialisations
                             36 ;--------------------------------------------------------
                             37 	.area _CODE
                             38 	.area GSINIT
                             39 	.area GSFINAL
                             40 	.area GSINIT
                             41 ;--------------------------------------------------------
                             42 ; Home
                             43 ;--------------------------------------------------------
                             44 	.area _CODE
                             45 	.area _CODE
                             46 ;--------------------------------------------------------
                             47 ; code
                             48 ;--------------------------------------------------------
                             49 	.area CODE
                             50 	.area CODE
                             51 	.area RODATA
   0000                      52 ___sdcc_heap_size:
   0000 00 04                53 	.dw #0x0400
                             54 	.area XINIT
                             55 	.area CABS    (ABS)
