                              1 ;--------------------------------------------------------
                              2 ; File Created by SDCC : free open source ISO C Compiler 
                              3 ; Version 4.2.14 #0 (Linux)
                              4 ;--------------------------------------------------------
                              5 	.module _memchr
                              6 	.optsdcc -mmos6502
                              7 	
                              8 ;--------------------------------------------------------
                              9 ; Public variables in this module
                             10 ;--------------------------------------------------------
                             11 	.globl _memchr_PARM_3
                             12 	.globl _memchr_PARM_2
                             13 	.globl _memchr
                             14 ;--------------------------------------------------------
                             15 ; ZP ram data
                             16 ;--------------------------------------------------------
                             17 	.area ZP      (PAG)
                             18 ;--------------------------------------------------------
                             19 ; overlayable items in ram
                             20 ;--------------------------------------------------------
                             21 	.area	OSEG    (PAG, OVR)
   0000                      22 _memchr_sloc0_1_0:
   0000                      23 	.ds 1
                             24 ;--------------------------------------------------------
                             25 ; uninitialized external ram data
                             26 ;--------------------------------------------------------
                             27 	.area BSS
   0000                      28 _memchr_PARM_2:
   0000                      29 	.ds 2
   0002                      30 _memchr_PARM_3:
   0002                      31 	.ds 2
   0004                      32 _memchr_p_65536_27:
   0004                      33 	.ds 2
   0006                      34 _memchr_end_65536_27:
   0006                      35 	.ds 2
                             36 ;--------------------------------------------------------
                             37 ; absolute external ram data
                             38 ;--------------------------------------------------------
                             39 	.area DABS    (ABS)
                             40 ;--------------------------------------------------------
                             41 ; initialized external ram data
                             42 ;--------------------------------------------------------
                             43 	.area DATA
                             44 ;--------------------------------------------------------
                             45 ; global & static initialisations
                             46 ;--------------------------------------------------------
                             47 	.area _CODE
                             48 	.area GSINIT
                             49 	.area GSFINAL
                             50 	.area GSINIT
                             51 ;--------------------------------------------------------
                             52 ; Home
                             53 ;--------------------------------------------------------
                             54 	.area _CODE
                             55 	.area _CODE
                             56 ;--------------------------------------------------------
                             57 ; code
                             58 ;--------------------------------------------------------
                             59 	.area CODE
                             60 ;------------------------------------------------------------
                             61 ;Allocation info for local variables in function 'memchr'
                             62 ;------------------------------------------------------------
                             63 ;c                         Allocated with name '_memchr_PARM_2'
                             64 ;n                         Allocated with name '_memchr_PARM_3'
                             65 ;s                         Allocated to registers a x 
                             66 ;p                         Allocated with name '_memchr_p_65536_27'
                             67 ;end                       Allocated with name '_memchr_end_65536_27'
                             68 ;sloc0                     Allocated with name '_memchr_sloc0_1_0'
                             69 ;------------------------------------------------------------
                             70 ;	../_memchr.c: 31: void *memchr(const void *s, int c, size_t n)
                             71 ;	-----------------------------------------
                             72 ;	 function memchr
                             73 ;	-----------------------------------------
                             74 ;	Register assignment is optimal.
                             75 ;	Stack space usage: 0 bytes.
   0000                      76 _memchr:
                             77 ;	../_memchr.c: 33: unsigned char *p = (unsigned char *)s;
   0000 8Dr04r00      [ 4]   78 	sta	_memchr_p_65536_27
   0003 8Er05r00      [ 4]   79 	stx	(_memchr_p_65536_27 + 1)
                             80 ;	../_memchr.c: 34: unsigned char *end = p + n;
   0006 ADr04r00      [ 4]   81 	lda	_memchr_p_65536_27
   0009 18            [ 2]   82 	clc
   000A 6Dr02r00      [ 4]   83 	adc	_memchr_PARM_3
   000D 8Dr06r00      [ 4]   84 	sta	_memchr_end_65536_27
   0010 ADr05r00      [ 4]   85 	lda	(_memchr_p_65536_27 + 1)
   0013 6Dr03r00      [ 4]   86 	adc	(_memchr_PARM_3 + 1)
   0016 8Dr07r00      [ 4]   87 	sta	(_memchr_end_65536_27 + 1)
                             88 ;	../_memchr.c: 38: return(0);
   0019 ADr04r00      [ 4]   89 	lda	_memchr_p_65536_27
   001C AEr05r00      [ 4]   90 	ldx	(_memchr_p_65536_27 + 1)
   001F                      91 00105$:
                             92 ;	../_memchr.c: 35: for(; p != end; p++)
   001F CDr06r00      [ 4]   93 	cmp	_memchr_end_65536_27
   0022 D0 05         [ 4]   94 	bne	00122$
   0024 ECr07r00      [ 4]   95 	cpx	(_memchr_end_65536_27 + 1)
   0027 F0 2F         [ 4]   96 	beq	00103$
   0029                      97 00122$:
                             98 ;	../_memchr.c: 36: if(*p == (unsigned char)c)
   0029 85*00         [ 3]   99 	sta	*(__TEMP+0)
   002B 86*01         [ 3]  100 	stx	*(__TEMP+1)
   002D 85*00         [ 3]  101 	sta	*(__DPTR+0)
   002F 86*01         [ 3]  102 	stx	*(__DPTR+1)
   0031 A0 00         [ 2]  103 	ldy	#0x00
   0033 B1*00         [ 6]  104 	lda	[__DPTR],y
   0035 85*00         [ 3]  105 	sta	*_memchr_sloc0_1_0
   0037 A6*01         [ 3]  106 	ldx	*(__TEMP+1)
   0039 A5*00         [ 3]  107 	lda	*(__TEMP+0)
   003B ACr00r00      [ 4]  108 	ldy	_memchr_PARM_2
   003E C4*00         [ 3]  109 	cpy	*_memchr_sloc0_1_0
   0040 D0 07         [ 4]  110 	bne	00106$
                            111 ;	../_memchr.c: 37: return((void *)p);
   0042 ADr04r00      [ 4]  112 	lda	_memchr_p_65536_27
   0045 AEr05r00      [ 4]  113 	ldx	(_memchr_p_65536_27 + 1)
   0048 60            [ 6]  114 	rts
   0049                     115 00106$:
                            116 ;	../_memchr.c: 35: for(; p != end; p++)
   0049 18            [ 2]  117 	clc
   004A 69 01         [ 2]  118 	adc	#0x01
   004C 90 01         [ 4]  119 	bcc	00124$
   004E E8            [ 2]  120 	inx
   004F                     121 00124$:
   004F 8Dr04r00      [ 4]  122 	sta	_memchr_p_65536_27
   0052 8Er05r00      [ 4]  123 	stx	(_memchr_p_65536_27 + 1)
   0055 4Cr1Fr00      [ 3]  124 	jmp	00105$
   0058                     125 00103$:
                            126 ;	../_memchr.c: 38: return(0);
   0058 A9 00         [ 2]  127 	lda	#0x00
   005A AA            [ 2]  128 	tax
                            129 ;	../_memchr.c: 39: }
   005B 60            [ 6]  130 	rts
                            131 	.area CODE
                            132 	.area RODATA
                            133 	.area XINIT
                            134 	.area CABS    (ABS)
