                              1 ;--------------------------------------------------------
                              2 ; File Created by SDCC : free open source ISO C Compiler 
                              3 ; Version 4.2.14 #0 (Linux)
                              4 ;--------------------------------------------------------
                              5 	.module _rlslonglong
                              6 	.optsdcc -mmos6502
                              7 	
                              8 ;--------------------------------------------------------
                              9 ; Public variables in this module
                             10 ;--------------------------------------------------------
                             11 	.globl __rlslonglong_PARM_2
                             12 	.globl __rlslonglong_PARM_1
                             13 	.globl __rlslonglong
                             14 ;--------------------------------------------------------
                             15 ; ZP ram data
                             16 ;--------------------------------------------------------
                             17 	.area ZP      (PAG)
   0000                      18 __rlslonglong_sloc0_1_0:
   0000                      19 	.ds 8
                             20 ;--------------------------------------------------------
                             21 ; overlayable items in ram
                             22 ;--------------------------------------------------------
                             23 ;--------------------------------------------------------
                             24 ; uninitialized external ram data
                             25 ;--------------------------------------------------------
                             26 	.area BSS
   0000                      27 __rlslonglong_PARM_1:
   0000                      28 	.ds 8
   0008                      29 __rlslonglong_PARM_2:
   0008                      30 	.ds 1
                             31 ;--------------------------------------------------------
                             32 ; absolute external ram data
                             33 ;--------------------------------------------------------
                             34 	.area DABS    (ABS)
                             35 ;--------------------------------------------------------
                             36 ; initialized external ram data
                             37 ;--------------------------------------------------------
                             38 	.area DATA
                             39 ;--------------------------------------------------------
                             40 ; global & static initialisations
                             41 ;--------------------------------------------------------
                             42 	.area _CODE
                             43 	.area GSINIT
                             44 	.area GSFINAL
                             45 	.area GSINIT
                             46 ;--------------------------------------------------------
                             47 ; Home
                             48 ;--------------------------------------------------------
                             49 	.area _CODE
                             50 	.area _CODE
                             51 ;--------------------------------------------------------
                             52 ; code
                             53 ;--------------------------------------------------------
                             54 	.area CODE
                             55 ;------------------------------------------------------------
                             56 ;Allocation info for local variables in function '_rlslonglong'
                             57 ;------------------------------------------------------------
                             58 ;sloc0                     Allocated with name '__rlslonglong_sloc0_1_0'
                             59 ;l                         Allocated with name '__rlslonglong_PARM_1'
                             60 ;s                         Allocated with name '__rlslonglong_PARM_2'
                             61 ;------------------------------------------------------------
                             62 ;	../_rlslonglong.c: 39: long long _rlslonglong(long long l, char s) __SDCC_NONBANKED
                             63 ;	-----------------------------------------
                             64 ;	 function _rlslonglong
                             65 ;	-----------------------------------------
                             66 ;	Register assignment is optimal.
                             67 ;	Stack space usage: 0 bytes.
   0000                      68 __rlslonglong:
                             69 ;	../_rlslonglong.c: 41: return((unsigned long long)(l) << s);
   0000 ADr00r00      [ 4]   70 	lda	__rlslonglong_PARM_1
   0003 8Dr00r00      [ 4]   71 	sta	__rlulonglong_PARM_1
   0006 ADr01r00      [ 4]   72 	lda	(__rlslonglong_PARM_1 + 1)
   0009 8Dr01r00      [ 4]   73 	sta	(__rlulonglong_PARM_1 + 1)
   000C ADr02r00      [ 4]   74 	lda	(__rlslonglong_PARM_1 + 2)
   000F 8Dr02r00      [ 4]   75 	sta	(__rlulonglong_PARM_1 + 2)
   0012 ADr03r00      [ 4]   76 	lda	(__rlslonglong_PARM_1 + 3)
   0015 8Dr03r00      [ 4]   77 	sta	(__rlulonglong_PARM_1 + 3)
   0018 ADr04r00      [ 4]   78 	lda	(__rlslonglong_PARM_1 + 4)
   001B 8Dr04r00      [ 4]   79 	sta	(__rlulonglong_PARM_1 + 4)
   001E ADr05r00      [ 4]   80 	lda	(__rlslonglong_PARM_1 + 5)
   0021 8Dr05r00      [ 4]   81 	sta	(__rlulonglong_PARM_1 + 5)
   0024 ADr06r00      [ 4]   82 	lda	(__rlslonglong_PARM_1 + 6)
   0027 8Dr06r00      [ 4]   83 	sta	(__rlulonglong_PARM_1 + 6)
   002A ADr07r00      [ 4]   84 	lda	(__rlslonglong_PARM_1 + 7)
   002D 8Dr07r00      [ 4]   85 	sta	(__rlulonglong_PARM_1 + 7)
   0030 ADr08r00      [ 4]   86 	lda	__rlslonglong_PARM_2
   0033 8Dr00r00      [ 4]   87 	sta	__rlulonglong_PARM_2
   0036 20r00r00      [ 6]   88 	jsr	__rlulonglong
   0039 85*00         [ 3]   89 	sta	*__rlslonglong_sloc0_1_0
   003B 86*01         [ 3]   90 	stx	*(__rlslonglong_sloc0_1_0 + 1)
   003D A5*00         [ 3]   91 	lda	*___SDCC_m6502_ret2
   003F 85*02         [ 3]   92 	sta	*(__rlslonglong_sloc0_1_0 + 2)
   0041 A5*00         [ 3]   93 	lda	*___SDCC_m6502_ret3
   0043 85*03         [ 3]   94 	sta	*(__rlslonglong_sloc0_1_0 + 3)
   0045 A5*00         [ 3]   95 	lda	*___SDCC_m6502_ret4
   0047 85*04         [ 3]   96 	sta	*(__rlslonglong_sloc0_1_0 + 4)
   0049 A5*00         [ 3]   97 	lda	*___SDCC_m6502_ret5
   004B 85*05         [ 3]   98 	sta	*(__rlslonglong_sloc0_1_0 + 5)
   004D A5*00         [ 3]   99 	lda	*___SDCC_m6502_ret6
   004F 85*06         [ 3]  100 	sta	*(__rlslonglong_sloc0_1_0 + 6)
   0051 A5*00         [ 3]  101 	lda	*___SDCC_m6502_ret7
   0053 85*07         [ 3]  102 	sta	*(__rlslonglong_sloc0_1_0 + 7)
   0055 85*00         [ 3]  103 	sta	*___SDCC_m6502_ret7
   0057 A5*06         [ 3]  104 	lda	*(__rlslonglong_sloc0_1_0 + 6)
   0059 85*00         [ 3]  105 	sta	*___SDCC_m6502_ret6
   005B A5*05         [ 3]  106 	lda	*(__rlslonglong_sloc0_1_0 + 5)
   005D 85*00         [ 3]  107 	sta	*___SDCC_m6502_ret5
   005F A5*04         [ 3]  108 	lda	*(__rlslonglong_sloc0_1_0 + 4)
   0061 85*00         [ 3]  109 	sta	*___SDCC_m6502_ret4
   0063 A5*03         [ 3]  110 	lda	*(__rlslonglong_sloc0_1_0 + 3)
   0065 85*00         [ 3]  111 	sta	*___SDCC_m6502_ret3
   0067 A5*02         [ 3]  112 	lda	*(__rlslonglong_sloc0_1_0 + 2)
   0069 85*00         [ 3]  113 	sta	*___SDCC_m6502_ret2
   006B A6*01         [ 3]  114 	ldx	*(__rlslonglong_sloc0_1_0 + 1)
   006D A5*00         [ 3]  115 	lda	*__rlslonglong_sloc0_1_0
                            116 ;	../_rlslonglong.c: 42: }
   006F 60            [ 6]  117 	rts
                            118 	.area CODE
                            119 	.area RODATA
                            120 	.area XINIT
                            121 	.area CABS    (ABS)
