                              1 ;--------------------------------------------------------
                              2 ; File Created by SDCC : free open source ISO C Compiler 
                              3 ; Version 4.2.14 #0 (Linux)
                              4 ;--------------------------------------------------------
                              5 	.module _uchar2fs
                              6 	.optsdcc -mmos6502
                              7 	
                              8 ;--------------------------------------------------------
                              9 ; Public variables in this module
                             10 ;--------------------------------------------------------
                             11 	.globl ___ulong2fs
                             12 	.globl ___uchar2fs
                             13 ;--------------------------------------------------------
                             14 ; ZP ram data
                             15 ;--------------------------------------------------------
                             16 	.area ZP      (PAG)
   0000                      17 ___uchar2fs_sloc0_1_0:
   0000                      18 	.ds 4
                             19 ;--------------------------------------------------------
                             20 ; overlayable items in ram
                             21 ;--------------------------------------------------------
                             22 ;--------------------------------------------------------
                             23 ; uninitialized external ram data
                             24 ;--------------------------------------------------------
                             25 	.area BSS
                             26 ;--------------------------------------------------------
                             27 ; absolute external ram data
                             28 ;--------------------------------------------------------
                             29 	.area DABS    (ABS)
                             30 ;--------------------------------------------------------
                             31 ; initialized external ram data
                             32 ;--------------------------------------------------------
                             33 	.area DATA
                             34 ;--------------------------------------------------------
                             35 ; global & static initialisations
                             36 ;--------------------------------------------------------
                             37 	.area _CODE
                             38 	.area GSINIT
                             39 	.area GSFINAL
                             40 	.area GSINIT
                             41 ;--------------------------------------------------------
                             42 ; Home
                             43 ;--------------------------------------------------------
                             44 	.area _CODE
                             45 	.area _CODE
                             46 ;--------------------------------------------------------
                             47 ; code
                             48 ;--------------------------------------------------------
                             49 	.area CODE
                             50 ;------------------------------------------------------------
                             51 ;Allocation info for local variables in function '__uchar2fs'
                             52 ;------------------------------------------------------------
                             53 ;sloc0                     Allocated with name '___uchar2fs_sloc0_1_0'
                             54 ;uc                        Allocated to registers a 
                             55 ;------------------------------------------------------------
                             56 ;	../_uchar2fs.c: 55: float __uchar2fs (unsigned char uc) {
                             57 ;	-----------------------------------------
                             58 ;	 function __uchar2fs
                             59 ;	-----------------------------------------
                             60 ;	Register assignment is optimal.
                             61 ;	Stack space usage: 0 bytes.
   0000                      62 ___uchar2fs:
                             63 ;	../_uchar2fs.c: 56: return __ulong2fs(uc);
   0000 8Dr00r00      [ 4]   64 	sta	___ulong2fs_PARM_1
   0003 A2 00         [ 2]   65 	ldx	#0x00
   0005 8Er01r00      [ 4]   66 	stx	(___ulong2fs_PARM_1 + 1)
   0008 8Er02r00      [ 4]   67 	stx	(___ulong2fs_PARM_1 + 2)
   000B 8Er03r00      [ 4]   68 	stx	(___ulong2fs_PARM_1 + 3)
   000E 20r00r00      [ 6]   69 	jsr	___ulong2fs
   0011 85*00         [ 3]   70 	sta	*___uchar2fs_sloc0_1_0
   0013 86*01         [ 3]   71 	stx	*(___uchar2fs_sloc0_1_0 + 1)
   0015 A5*00         [ 3]   72 	lda	*___SDCC_m6502_ret2
   0017 85*02         [ 3]   73 	sta	*(___uchar2fs_sloc0_1_0 + 2)
   0019 A5*00         [ 3]   74 	lda	*___SDCC_m6502_ret3
   001B 85*03         [ 3]   75 	sta	*(___uchar2fs_sloc0_1_0 + 3)
   001D 85*00         [ 3]   76 	sta	*___SDCC_m6502_ret3
   001F A5*02         [ 3]   77 	lda	*(___uchar2fs_sloc0_1_0 + 2)
   0021 85*00         [ 3]   78 	sta	*___SDCC_m6502_ret2
   0023 A6*01         [ 3]   79 	ldx	*(___uchar2fs_sloc0_1_0 + 1)
   0025 A5*00         [ 3]   80 	lda	*___uchar2fs_sloc0_1_0
                             81 ;	../_uchar2fs.c: 57: }
   0027 60            [ 6]   82 	rts
                             83 	.area CODE
                             84 	.area RODATA
                             85 	.area XINIT
                             86 	.area CABS    (ABS)
