                              1 ;--------------------------------------------------------
                              2 ; File Created by SDCC : free open source ISO C Compiler 
                              3 ; Version 4.2.14 #0 (Linux)
                              4 ;--------------------------------------------------------
                              5 	.module _ulong2fs
                              6 	.optsdcc -mmos6502
                              7 	
                              8 ;--------------------------------------------------------
                              9 ; Public variables in this module
                             10 ;--------------------------------------------------------
                             11 	.globl ___ulong2fs_PARM_1
                             12 	.globl ___ulong2fs
                             13 ;--------------------------------------------------------
                             14 ; ZP ram data
                             15 ;--------------------------------------------------------
                             16 	.area ZP      (PAG)
                             17 ;--------------------------------------------------------
                             18 ; overlayable items in ram
                             19 ;--------------------------------------------------------
                             20 	.area	OSEG    (PAG, OVR)
   0000                      21 ___ulong2fs_sloc0_1_0:
   0000                      22 	.ds 4
                             23 ;--------------------------------------------------------
                             24 ; uninitialized external ram data
                             25 ;--------------------------------------------------------
                             26 	.area BSS
   0000                      27 ___ulong2fs_PARM_1:
   0000                      28 	.ds 4
   0004                      29 ___ulong2fs_fl_65536_21:
   0004                      30 	.ds 4
                             31 ;--------------------------------------------------------
                             32 ; absolute external ram data
                             33 ;--------------------------------------------------------
                             34 	.area DABS    (ABS)
                             35 ;--------------------------------------------------------
                             36 ; initialized external ram data
                             37 ;--------------------------------------------------------
                             38 	.area DATA
                             39 ;--------------------------------------------------------
                             40 ; global & static initialisations
                             41 ;--------------------------------------------------------
                             42 	.area _CODE
                             43 	.area GSINIT
                             44 	.area GSFINAL
                             45 	.area GSINIT
                             46 ;--------------------------------------------------------
                             47 ; Home
                             48 ;--------------------------------------------------------
                             49 	.area _CODE
                             50 	.area _CODE
                             51 ;--------------------------------------------------------
                             52 ; code
                             53 ;--------------------------------------------------------
                             54 	.area CODE
                             55 ;------------------------------------------------------------
                             56 ;Allocation info for local variables in function '__ulong2fs'
                             57 ;------------------------------------------------------------
                             58 ;a                         Allocated with name '___ulong2fs_PARM_1'
                             59 ;exp                       Allocated to registers 
                             60 ;fl                        Allocated with name '___ulong2fs_fl_65536_21'
                             61 ;sloc0                     Allocated with name '___ulong2fs_sloc0_1_0'
                             62 ;------------------------------------------------------------
                             63 ;	../_ulong2fs.c: 84: float __ulong2fs (unsigned long a )
                             64 ;	-----------------------------------------
                             65 ;	 function __ulong2fs
                             66 ;	-----------------------------------------
                             67 ;	Register assignment is optimal.
                             68 ;	Stack space usage: 0 bytes.
   0000                      69 ___ulong2fs:
                             70 ;	../_ulong2fs.c: 89: if (!a)
   0000 ADr03r00      [ 4]   71 	lda	(___ulong2fs_PARM_1 + 3)
   0003 0Dr02r00      [ 4]   72 	ora	(___ulong2fs_PARM_1 + 2)
   0006 0Dr01r00      [ 4]   73 	ora	(___ulong2fs_PARM_1 + 1)
   0009 0Dr00r00      [ 4]   74 	ora	___ulong2fs_PARM_1
   000C D0 08         [ 4]   75 	bne	00102$
                             76 ;	../_ulong2fs.c: 91: return 0.0;
   000E A9 00         [ 2]   77 	lda	#0x00
   0010 AA            [ 2]   78 	tax
   0011 85*00         [ 3]   79 	sta	*___SDCC_m6502_ret2
   0013 85*00         [ 3]   80 	sta	*___SDCC_m6502_ret3
   0015 60            [ 6]   81 	rts
   0016                      82 00102$:
                             83 ;	../_ulong2fs.c: 94: if (a == 0xfffffffful)
   0016 ADr00r00      [ 4]   84 	lda	___ulong2fs_PARM_1
   0019 C9 FF         [ 2]   85 	cmp	#0xff
   001B D0 21         [ 4]   86 	bne	00118$
   001D ADr01r00      [ 4]   87 	lda	(___ulong2fs_PARM_1 + 1)
   0020 C9 FF         [ 2]   88 	cmp	#0xff
   0022 D0 1A         [ 4]   89 	bne	00118$
   0024 ADr02r00      [ 4]   90 	lda	(___ulong2fs_PARM_1 + 2)
   0027 C9 FF         [ 2]   91 	cmp	#0xff
   0029 D0 13         [ 4]   92 	bne	00118$
   002B ADr03r00      [ 4]   93 	lda	(___ulong2fs_PARM_1 + 3)
   002E C9 FF         [ 2]   94 	cmp	#0xff
   0030 D0 0C         [ 4]   95 	bne	00118$
                             96 ;	../_ulong2fs.c: 96: return 4294967296.0f;
   0032 A9 00         [ 2]   97 	lda	#0x00
   0034 AA            [ 2]   98 	tax
   0035 A0 80         [ 2]   99 	ldy	#0x80
   0037 84*00         [ 3]  100 	sty	*___SDCC_m6502_ret2
   0039 A0 4F         [ 2]  101 	ldy	#0x4f
   003B 84*00         [ 3]  102 	sty	*___SDCC_m6502_ret3
   003D 60            [ 6]  103 	rts
                            104 ;	../_ulong2fs.c: 99: while (a < HIDDEN)
   003E                     105 00118$:
   003E A2 96         [ 2]  106 	ldx	#0x96
   0040                     107 00105$:
   0040 ADr02r00      [ 4]  108 	lda	(___ulong2fs_PARM_1 + 2)
   0043 38            [ 2]  109 	sec
   0044 E9 80         [ 2]  110 	sbc	#0x80
   0046 ADr03r00      [ 4]  111 	lda	(___ulong2fs_PARM_1 + 3)
   0049 E9 00         [ 2]  112 	sbc	#0x00
   004B B0 13         [ 4]  113 	bcs	00121$
                            114 ;	../_ulong2fs.c: 101: a <<= 1;
   004D 0Er00r00      [ 6]  115 	asl	___ulong2fs_PARM_1
   0050 2Er01r00      [ 6]  116 	rol	(___ulong2fs_PARM_1 + 1)
   0053 2Er02r00      [ 6]  117 	rol	(___ulong2fs_PARM_1 + 2)
   0056 2Er03r00      [ 6]  118 	rol	(___ulong2fs_PARM_1 + 3)
   0059 ADr03r00      [ 4]  119 	lda	(___ulong2fs_PARM_1 + 3)
                            120 ;	../_ulong2fs.c: 102: exp--;
   005C CA            [ 2]  121 	dex
   005D 4Cr40r00      [ 3]  122 	jmp	00105$
                            123 ;	../_ulong2fs.c: 105: while (a & NORM)
   0060                     124 00121$:
   0060                     125 00110$:
   0060 ADr03r00      [ 4]  126 	lda	(___ulong2fs_PARM_1 + 3)
   0063 F0 36         [ 4]  127 	beq	00112$
                            128 ;	../_ulong2fs.c: 108: if (a & 1)
   0065 A9 01         [ 2]  129 	lda	#0x01
   0067 2Dr00r00      [ 4]  130 	and	___ulong2fs_PARM_1
   006A F0 18         [ 4]  131 	beq	00109$
                            132 ;	../_ulong2fs.c: 109: a += 2;
   006C ADr00r00      [ 4]  133 	lda	___ulong2fs_PARM_1
   006F 18            [ 2]  134 	clc
   0070 69 02         [ 2]  135 	adc	#0x02
   0072 8Dr00r00      [ 4]  136 	sta	___ulong2fs_PARM_1
   0075 90 0D         [ 4]  137 	bcc	00155$
   0077 EEr01r00      [ 6]  138 	inc	(___ulong2fs_PARM_1 + 1)
   007A D0 08         [ 4]  139 	bne	00155$
   007C EEr02r00      [ 6]  140 	inc	(___ulong2fs_PARM_1 + 2)
   007F D0 03         [ 4]  141 	bne	00155$
   0081 EEr03r00      [ 6]  142 	inc	(___ulong2fs_PARM_1 + 3)
   0084                     143 00155$:
   0084                     144 00109$:
                            145 ;	../_ulong2fs.c: 110: a >>= 1;
   0084 ADr03r00      [ 4]  146 	lda	(___ulong2fs_PARM_1 + 3)
   0087 4A            [ 2]  147 	lsr	a
   0088 8Dr03r00      [ 4]  148 	sta	(___ulong2fs_PARM_1 + 3)
   008B 6Er02r00      [ 6]  149 	ror	(___ulong2fs_PARM_1 + 2)
   008E 6Er01r00      [ 6]  150 	ror	(___ulong2fs_PARM_1 + 1)
   0091 6Er00r00      [ 6]  151 	ror	___ulong2fs_PARM_1
   0094 ADr00r00      [ 4]  152 	lda	___ulong2fs_PARM_1
                            153 ;	../_ulong2fs.c: 111: exp++;
   0097 E8            [ 2]  154 	inx
   0098 4Cr60r00      [ 3]  155 	jmp	00110$
   009B                     156 00112$:
                            157 ;	../_ulong2fs.c: 114: a &= ~HIDDEN ;
   009B ADr02r00      [ 4]  158 	lda	(___ulong2fs_PARM_1 + 2)
   009E 29 7F         [ 2]  159 	and	#0x7f
   00A0 8Dr02r00      [ 4]  160 	sta	(___ulong2fs_PARM_1 + 2)
                            161 ;	../_ulong2fs.c: 116: fl.l = PACK(0,(unsigned long)exp, a);
   00A3 86*00         [ 3]  162 	stx	*___ulong2fs_sloc0_1_0
   00A5 A0 00         [ 2]  163 	ldy	#0x00
   00A7 84*01         [ 3]  164 	sty	*(___ulong2fs_sloc0_1_0 + 1)
   00A9 84*02         [ 3]  165 	sty	*(___ulong2fs_sloc0_1_0 + 2)
   00AB 84*03         [ 3]  166 	sty	*(___ulong2fs_sloc0_1_0 + 3)
   00AD A5*00         [ 3]  167 	lda	*___ulong2fs_sloc0_1_0
   00AF A6*01         [ 3]  168 	ldx	*(___ulong2fs_sloc0_1_0 + 1)
   00B1 48            [ 3]  169 	pha
   00B2 8A            [ 2]  170 	txa
   00B3 4A            [ 2]  171 	lsr	a
   00B4 AA            [ 2]  172 	tax
   00B5 68            [ 4]  173 	pla
   00B6 6A            [ 2]  174 	ror	a
   00B7 AA            [ 2]  175 	tax
   00B8 98            [ 2]  176 	tya
   00B9 6A            [ 2]  177 	ror	a
   00BA 85*02         [ 3]  178 	sta	*(___ulong2fs_sloc0_1_0 + 2)
   00BC 86*03         [ 3]  179 	stx	*(___ulong2fs_sloc0_1_0 + 3)
   00BE 84*00         [ 3]  180 	sty	*___ulong2fs_sloc0_1_0
   00C0 84*01         [ 3]  181 	sty	*(___ulong2fs_sloc0_1_0 + 1)
   00C2 A5*00         [ 3]  182 	lda	*___ulong2fs_sloc0_1_0
   00C4 0Dr00r00      [ 4]  183 	ora	___ulong2fs_PARM_1
   00C7 85*00         [ 3]  184 	sta	*___ulong2fs_sloc0_1_0
   00C9 A5*01         [ 3]  185 	lda	*(___ulong2fs_sloc0_1_0 + 1)
   00CB 0Dr01r00      [ 4]  186 	ora	(___ulong2fs_PARM_1 + 1)
   00CE 85*01         [ 3]  187 	sta	*(___ulong2fs_sloc0_1_0 + 1)
   00D0 A5*02         [ 3]  188 	lda	*(___ulong2fs_sloc0_1_0 + 2)
   00D2 0Dr02r00      [ 4]  189 	ora	(___ulong2fs_PARM_1 + 2)
   00D5 85*02         [ 3]  190 	sta	*(___ulong2fs_sloc0_1_0 + 2)
   00D7 A5*03         [ 3]  191 	lda	*(___ulong2fs_sloc0_1_0 + 3)
   00D9 0Dr03r00      [ 4]  192 	ora	(___ulong2fs_PARM_1 + 3)
   00DC 85*03         [ 3]  193 	sta	*(___ulong2fs_sloc0_1_0 + 3)
   00DE 8Dr07r00      [ 4]  194 	sta	(___ulong2fs_fl_65536_21 + 3)
   00E1 A5*02         [ 3]  195 	lda	*(___ulong2fs_sloc0_1_0 + 2)
   00E3 8Dr06r00      [ 4]  196 	sta	(___ulong2fs_fl_65536_21 + 2)
   00E6 A5*01         [ 3]  197 	lda	*(___ulong2fs_sloc0_1_0 + 1)
   00E8 8Dr05r00      [ 4]  198 	sta	(___ulong2fs_fl_65536_21 + 1)
   00EB A5*00         [ 3]  199 	lda	*___ulong2fs_sloc0_1_0
   00ED 8Dr04r00      [ 4]  200 	sta	___ulong2fs_fl_65536_21
                            201 ;	../_ulong2fs.c: 118: return (fl.f);
   00F0 ADr07r00      [ 4]  202 	lda	(___ulong2fs_fl_65536_21 + 3)
   00F3 85*03         [ 3]  203 	sta	*(___ulong2fs_sloc0_1_0 + 3)
   00F5 ADr06r00      [ 4]  204 	lda	(___ulong2fs_fl_65536_21 + 2)
   00F8 85*02         [ 3]  205 	sta	*(___ulong2fs_sloc0_1_0 + 2)
   00FA ADr05r00      [ 4]  206 	lda	(___ulong2fs_fl_65536_21 + 1)
   00FD 85*01         [ 3]  207 	sta	*(___ulong2fs_sloc0_1_0 + 1)
   00FF ADr04r00      [ 4]  208 	lda	___ulong2fs_fl_65536_21
   0102 85*00         [ 3]  209 	sta	*___ulong2fs_sloc0_1_0
   0104 A5*03         [ 3]  210 	lda	*(___ulong2fs_sloc0_1_0 + 3)
   0106 85*00         [ 3]  211 	sta	*___SDCC_m6502_ret3
   0108 A5*02         [ 3]  212 	lda	*(___ulong2fs_sloc0_1_0 + 2)
   010A 85*00         [ 3]  213 	sta	*___SDCC_m6502_ret2
   010C A6*01         [ 3]  214 	ldx	*(___ulong2fs_sloc0_1_0 + 1)
   010E A5*00         [ 3]  215 	lda	*___ulong2fs_sloc0_1_0
                            216 ;	../_ulong2fs.c: 119: }
   0110 60            [ 6]  217 	rts
                            218 	.area CODE
                            219 	.area RODATA
                            220 	.area XINIT
                            221 	.area CABS    (ABS)
