                              1 ;--------------------------------------------------------
                              2 ; File Created by SDCC : free open source ISO C Compiler 
                              3 ; Version 4.2.14 #0 (Linux)
                              4 ;--------------------------------------------------------
                              5 	.module c32rtomb
                              6 	.optsdcc -mmos6502
                              7 	
                              8 ;--------------------------------------------------------
                              9 ; Public variables in this module
                             10 ;--------------------------------------------------------
                             11 	.globl _wctomb
                             12 	.globl _c32rtomb_PARM_3
                             13 	.globl _c32rtomb_PARM_2
                             14 	.globl _c32rtomb
                             15 ;--------------------------------------------------------
                             16 ; ZP ram data
                             17 ;--------------------------------------------------------
                             18 	.area ZP      (PAG)
                             19 ;--------------------------------------------------------
                             20 ; overlayable items in ram
                             21 ;--------------------------------------------------------
                             22 ;--------------------------------------------------------
                             23 ; uninitialized external ram data
                             24 ;--------------------------------------------------------
                             25 	.area BSS
   0000                      26 _c32rtomb_PARM_2:
   0000                      27 	.ds 4
   0004                      28 _c32rtomb_PARM_3:
   0004                      29 	.ds 2
                             30 ;--------------------------------------------------------
                             31 ; absolute external ram data
                             32 ;--------------------------------------------------------
                             33 	.area DABS    (ABS)
                             34 ;--------------------------------------------------------
                             35 ; initialized external ram data
                             36 ;--------------------------------------------------------
                             37 	.area DATA
                             38 ;--------------------------------------------------------
                             39 ; global & static initialisations
                             40 ;--------------------------------------------------------
                             41 	.area _CODE
                             42 	.area GSINIT
                             43 	.area GSFINAL
                             44 	.area GSINIT
                             45 ;--------------------------------------------------------
                             46 ; Home
                             47 ;--------------------------------------------------------
                             48 	.area _CODE
                             49 	.area _CODE
                             50 ;--------------------------------------------------------
                             51 ; code
                             52 ;--------------------------------------------------------
                             53 	.area CODE
                             54 ;------------------------------------------------------------
                             55 ;Allocation info for local variables in function 'c32rtomb'
                             56 ;------------------------------------------------------------
                             57 ;c32                       Allocated with name '_c32rtomb_PARM_2'
                             58 ;ps                        Allocated with name '_c32rtomb_PARM_3'
                             59 ;s                         Allocated to registers a x 
                             60 ;------------------------------------------------------------
                             61 ;	../c32rtomb.c: 33: size_t c32rtomb(char *restrict s, char32_t c32, mbstate_t *restrict ps)
                             62 ;	-----------------------------------------
                             63 ;	 function c32rtomb
                             64 ;	-----------------------------------------
                             65 ;	Register assignment is optimal.
                             66 ;	Stack space usage: 0 bytes.
   0000                      67 _c32rtomb:
                             68 ;	../c32rtomb.c: 36: return(wctomb(s, c32));
   0000 ACr00r00      [ 4]   69 	ldy	_c32rtomb_PARM_2
   0003 8Cr00r00      [ 4]   70 	sty	_wctomb_PARM_2
   0006 ACr01r00      [ 4]   71 	ldy	(_c32rtomb_PARM_2 + 1)
   0009 8Cr01r00      [ 4]   72 	sty	(_wctomb_PARM_2 + 1)
   000C ACr02r00      [ 4]   73 	ldy	(_c32rtomb_PARM_2 + 2)
   000F 8Cr02r00      [ 4]   74 	sty	(_wctomb_PARM_2 + 2)
   0012 ACr03r00      [ 4]   75 	ldy	(_c32rtomb_PARM_2 + 3)
   0015 8Cr03r00      [ 4]   76 	sty	(_wctomb_PARM_2 + 3)
                             77 ;	../c32rtomb.c: 37: }
   0018 4Cr00r00      [ 3]   78 	jmp	_wctomb
                             79 	.area CODE
                             80 	.area RODATA
                             81 	.area XINIT
                             82 	.area CABS    (ABS)
