                              1 ;--------------------------------------------------------
                              2 ; File Created by SDCC : free open source ISO C Compiler 
                              3 ; Version 4.2.14 #0 (Linux)
                              4 ;--------------------------------------------------------
                              5 	.module isgraph
                              6 	.optsdcc -mmos6502
                              7 	
                              8 ;--------------------------------------------------------
                              9 ; Public variables in this module
                             10 ;--------------------------------------------------------
                             11 	.globl _isgraph
                             12 ;--------------------------------------------------------
                             13 ; ZP ram data
                             14 ;--------------------------------------------------------
                             15 	.area ZP      (PAG)
                             16 ;--------------------------------------------------------
                             17 ; overlayable items in ram
                             18 ;--------------------------------------------------------
                             19 	.area	OSEG    (PAG, OVR)
   0000                      20 _isgraph_sloc0_1_0:
   0000                      21 	.ds 1
                             22 ;--------------------------------------------------------
                             23 ; uninitialized external ram data
                             24 ;--------------------------------------------------------
                             25 	.area BSS
   0000                      26 _isgraph_c_65536_21:
   0000                      27 	.ds 2
                             28 ;--------------------------------------------------------
                             29 ; absolute external ram data
                             30 ;--------------------------------------------------------
                             31 	.area DABS    (ABS)
                             32 ;--------------------------------------------------------
                             33 ; initialized external ram data
                             34 ;--------------------------------------------------------
                             35 	.area DATA
                             36 ;--------------------------------------------------------
                             37 ; global & static initialisations
                             38 ;--------------------------------------------------------
                             39 	.area _CODE
                             40 	.area GSINIT
                             41 	.area GSFINAL
                             42 	.area GSINIT
                             43 ;--------------------------------------------------------
                             44 ; Home
                             45 ;--------------------------------------------------------
                             46 	.area _CODE
                             47 	.area _CODE
                             48 ;--------------------------------------------------------
                             49 ; code
                             50 ;--------------------------------------------------------
                             51 	.area CODE
                             52 ;------------------------------------------------------------
                             53 ;Allocation info for local variables in function 'isgraph'
                             54 ;------------------------------------------------------------
                             55 ;c                         Allocated with name '_isgraph_c_65536_21'
                             56 ;sloc0                     Allocated with name '_isgraph_sloc0_1_0'
                             57 ;------------------------------------------------------------
                             58 ;	../isgraph.c: 33: int isgraph (int c)
                             59 ;	-----------------------------------------
                             60 ;	 function isgraph
                             61 ;	-----------------------------------------
                             62 ;	Register assignment is optimal.
                             63 ;	Stack space usage: 0 bytes.
   0000                      64 _isgraph:
   0000 8Dr00r00      [ 4]   65 	sta	_isgraph_c_65536_21
   0003 8Er01r00      [ 4]   66 	stx	(_isgraph_c_65536_21 + 1)
                             67 ;	../isgraph.c: 35: return (c > ' ' && c <= '~');
   0006 A9 20         [ 2]   68 	lda	#0x20
   0008 38            [ 2]   69 	sec
   0009 EDr00r00      [ 4]   70 	sbc	_isgraph_c_65536_21
   000C A9 00         [ 2]   71 	lda	#0x00
   000E EDr01r00      [ 4]   72 	sbc	(_isgraph_c_65536_21 + 1)
   0011 50 04         [ 4]   73 	bvc	00111$
   0013 10 04         [ 4]   74 	bpl	00110$
   0015 30 15         [ 4]   75 	bmi	00103$
   0017                      76 00111$:
   0017 10 13         [ 4]   77 	bpl	00103$
   0019                      78 00110$:
   0019 A9 7E         [ 2]   79 	lda	#0x7e
   001B 38            [ 2]   80 	sec
   001C EDr00r00      [ 4]   81 	sbc	_isgraph_c_65536_21
   001F A9 00         [ 2]   82 	lda	#0x00
   0021 EDr01r00      [ 4]   83 	sbc	(_isgraph_c_65536_21 + 1)
   0024 50 04         [ 4]   84 	bvc	00114$
   0026 10 04         [ 4]   85 	bpl	00113$
   0028 30 07         [ 4]   86 	bmi	00104$
   002A                      87 00114$:
   002A 10 05         [ 4]   88 	bpl	00104$
   002C                      89 00113$:
   002C                      90 00103$:
   002C A9 00         [ 2]   91 	lda	#0x00
   002E 4Cr33r00      [ 3]   92 	jmp	00105$
   0031                      93 00104$:
   0031 A9 01         [ 2]   94 	lda	#0x01
   0033                      95 00105$:
   0033 A2 00         [ 2]   96 	ldx	#0x00
                             97 ;	../isgraph.c: 36: }
   0035 60            [ 6]   98 	rts
                             99 	.area CODE
                            100 	.area RODATA
                            101 	.area XINIT
                            102 	.area CABS    (ABS)
