                              1 ;--------------------------------------------------------
                              2 ; File Created by SDCC : free open source ISO C Compiler 
                              3 ; Version 4.2.14 #0 (Linux)
                              4 ;--------------------------------------------------------
                              5 	.module labs
                              6 	.optsdcc -mmos6502
                              7 	
                              8 ;--------------------------------------------------------
                              9 ; Public variables in this module
                             10 ;--------------------------------------------------------
                             11 	.globl _labs_PARM_1
                             12 	.globl _labs
                             13 ;--------------------------------------------------------
                             14 ; ZP ram data
                             15 ;--------------------------------------------------------
                             16 	.area ZP      (PAG)
                             17 ;--------------------------------------------------------
                             18 ; overlayable items in ram
                             19 ;--------------------------------------------------------
                             20 	.area	OSEG    (PAG, OVR)
   0000                      21 _labs_sloc0_1_0:
   0000                      22 	.ds 4
                             23 ;--------------------------------------------------------
                             24 ; uninitialized external ram data
                             25 ;--------------------------------------------------------
                             26 	.area BSS
   0000                      27 _labs_PARM_1:
   0000                      28 	.ds 4
                             29 ;--------------------------------------------------------
                             30 ; absolute external ram data
                             31 ;--------------------------------------------------------
                             32 	.area DABS    (ABS)
                             33 ;--------------------------------------------------------
                             34 ; initialized external ram data
                             35 ;--------------------------------------------------------
                             36 	.area DATA
                             37 ;--------------------------------------------------------
                             38 ; global & static initialisations
                             39 ;--------------------------------------------------------
                             40 	.area _CODE
                             41 	.area GSINIT
                             42 	.area GSFINAL
                             43 	.area GSINIT
                             44 ;--------------------------------------------------------
                             45 ; Home
                             46 ;--------------------------------------------------------
                             47 	.area _CODE
                             48 	.area _CODE
                             49 ;--------------------------------------------------------
                             50 ; code
                             51 ;--------------------------------------------------------
                             52 	.area CODE
                             53 ;------------------------------------------------------------
                             54 ;Allocation info for local variables in function 'labs'
                             55 ;------------------------------------------------------------
                             56 ;j                         Allocated with name '_labs_PARM_1'
                             57 ;sloc0                     Allocated with name '_labs_sloc0_1_0'
                             58 ;------------------------------------------------------------
                             59 ;	../labs.c: 63: long int labs(long int j)
                             60 ;	-----------------------------------------
                             61 ;	 function labs
                             62 ;	-----------------------------------------
                             63 ;	Register assignment is optimal.
                             64 ;	Stack space usage: 0 bytes.
   0000                      65 _labs:
                             66 ;	../labs.c: 65: return (j < 0) ? -j : j;
   0000 ADr03r00      [ 4]   67 	lda	(_labs_PARM_1 + 3)
   0003 38            [ 2]   68 	sec
   0004 E9 00         [ 2]   69 	sbc	#0x00
   0006 50 04         [ 4]   70 	bvc	00110$
   0008 10 04         [ 4]   71 	bpl	00109$
   000A 30 22         [ 4]   72 	bmi	00103$
   000C                      73 00110$:
   000C 10 20         [ 4]   74 	bpl	00103$
   000E                      75 00109$:
   000E A9 00         [ 2]   76 	lda	#0x00
   0010 38            [ 2]   77 	sec
   0011 EDr00r00      [ 4]   78 	sbc	_labs_PARM_1
   0014 85*00         [ 3]   79 	sta	*_labs_sloc0_1_0
   0016 A9 00         [ 2]   80 	lda	#0x00
   0018 EDr01r00      [ 4]   81 	sbc	(_labs_PARM_1 + 1)
   001B 85*01         [ 3]   82 	sta	*(_labs_sloc0_1_0 + 1)
   001D A9 00         [ 2]   83 	lda	#0x00
   001F EDr02r00      [ 4]   84 	sbc	(_labs_PARM_1 + 2)
   0022 85*02         [ 3]   85 	sta	*(_labs_sloc0_1_0 + 2)
   0024 A9 00         [ 2]   86 	lda	#0x00
   0026 EDr03r00      [ 4]   87 	sbc	(_labs_PARM_1 + 3)
   0029 85*03         [ 3]   88 	sta	*(_labs_sloc0_1_0 + 3)
   002B 4Cr42r00      [ 3]   89 	jmp	00104$
   002E                      90 00103$:
   002E ADr00r00      [ 4]   91 	lda	_labs_PARM_1
   0031 85*00         [ 3]   92 	sta	*_labs_sloc0_1_0
   0033 ADr01r00      [ 4]   93 	lda	(_labs_PARM_1 + 1)
   0036 85*01         [ 3]   94 	sta	*(_labs_sloc0_1_0 + 1)
   0038 ADr02r00      [ 4]   95 	lda	(_labs_PARM_1 + 2)
   003B 85*02         [ 3]   96 	sta	*(_labs_sloc0_1_0 + 2)
   003D ADr03r00      [ 4]   97 	lda	(_labs_PARM_1 + 3)
   0040 85*03         [ 3]   98 	sta	*(_labs_sloc0_1_0 + 3)
   0042                      99 00104$:
   0042 A5*03         [ 3]  100 	lda	*(_labs_sloc0_1_0 + 3)
   0044 85*00         [ 3]  101 	sta	*___SDCC_m6502_ret3
   0046 A5*02         [ 3]  102 	lda	*(_labs_sloc0_1_0 + 2)
   0048 85*00         [ 3]  103 	sta	*___SDCC_m6502_ret2
   004A A6*01         [ 3]  104 	ldx	*(_labs_sloc0_1_0 + 1)
   004C A5*00         [ 3]  105 	lda	*_labs_sloc0_1_0
                            106 ;	../labs.c: 66: }
   004E 60            [ 6]  107 	rts
                            108 	.area CODE
                            109 	.area RODATA
                            110 	.area XINIT
                            111 	.area CABS    (ABS)
