                              1 ;--------------------------------------------------------
                              2 ; File Created by SDCC : free open source ISO C Compiler 
                              3 ; Version 4.2.14 #0 (Linux)
                              4 ;--------------------------------------------------------
                              5 	.module strxfrm
                              6 	.optsdcc -mmos6502
                              7 	
                              8 ;--------------------------------------------------------
                              9 ; Public variables in this module
                             10 ;--------------------------------------------------------
                             11 	.globl _strlen
                             12 	.globl _strncpy
                             13 	.globl _strxfrm_PARM_3
                             14 	.globl _strxfrm_PARM_2
                             15 	.globl _strxfrm
                             16 ;--------------------------------------------------------
                             17 ; ZP ram data
                             18 ;--------------------------------------------------------
                             19 	.area ZP      (PAG)
                             20 ;--------------------------------------------------------
                             21 ; overlayable items in ram
                             22 ;--------------------------------------------------------
                             23 ;--------------------------------------------------------
                             24 ; uninitialized external ram data
                             25 ;--------------------------------------------------------
                             26 	.area BSS
   0000                      27 _strxfrm_PARM_2:
   0000                      28 	.ds 2
   0002                      29 _strxfrm_PARM_3:
   0002                      30 	.ds 2
                             31 ;--------------------------------------------------------
                             32 ; absolute external ram data
                             33 ;--------------------------------------------------------
                             34 	.area DABS    (ABS)
                             35 ;--------------------------------------------------------
                             36 ; initialized external ram data
                             37 ;--------------------------------------------------------
                             38 	.area DATA
                             39 ;--------------------------------------------------------
                             40 ; global & static initialisations
                             41 ;--------------------------------------------------------
                             42 	.area _CODE
                             43 	.area GSINIT
                             44 	.area GSFINAL
                             45 	.area GSINIT
                             46 ;--------------------------------------------------------
                             47 ; Home
                             48 ;--------------------------------------------------------
                             49 	.area _CODE
                             50 	.area _CODE
                             51 ;--------------------------------------------------------
                             52 ; code
                             53 ;--------------------------------------------------------
                             54 	.area CODE
                             55 ;------------------------------------------------------------
                             56 ;Allocation info for local variables in function 'strxfrm'
                             57 ;------------------------------------------------------------
                             58 ;src                       Allocated with name '_strxfrm_PARM_2'
                             59 ;n                         Allocated with name '_strxfrm_PARM_3'
                             60 ;dest                      Allocated to registers a x 
                             61 ;------------------------------------------------------------
                             62 ;	../strxfrm.c: 31: size_t strxfrm(char *dest, const char *src, size_t n)
                             63 ;	-----------------------------------------
                             64 ;	 function strxfrm
                             65 ;	-----------------------------------------
                             66 ;	Register assignment is optimal.
                             67 ;	Stack space usage: 0 bytes.
   0000                      68 _strxfrm:
                             69 ;	../strxfrm.c: 33: strncpy(dest, src, n);
   0000 ACr00r00      [ 4]   70 	ldy	_strxfrm_PARM_2
   0003 8Cr00r00      [ 4]   71 	sty	_strncpy_PARM_2
   0006 ACr01r00      [ 4]   72 	ldy	(_strxfrm_PARM_2 + 1)
   0009 8Cr01r00      [ 4]   73 	sty	(_strncpy_PARM_2 + 1)
   000C ACr02r00      [ 4]   74 	ldy	_strxfrm_PARM_3
   000F 8Cr00r00      [ 4]   75 	sty	_strncpy_PARM_3
   0012 ACr03r00      [ 4]   76 	ldy	(_strxfrm_PARM_3 + 1)
   0015 8Cr01r00      [ 4]   77 	sty	(_strncpy_PARM_3 + 1)
   0018 20r00r00      [ 6]   78 	jsr	_strncpy
                             79 ;	../strxfrm.c: 34: return(strlen(src) + 1);
   001B AEr01r00      [ 4]   80 	ldx	(_strxfrm_PARM_2 + 1)
   001E ADr00r00      [ 4]   81 	lda	_strxfrm_PARM_2
   0021 20r00r00      [ 6]   82 	jsr	_strlen
   0024 18            [ 2]   83 	clc
   0025 69 01         [ 2]   84 	adc	#0x01
   0027 90 01         [ 4]   85 	bcc	00103$
   0029 E8            [ 2]   86 	inx
   002A                      87 00103$:
                             88 ;	../strxfrm.c: 35: }
   002A 60            [ 6]   89 	rts
                             90 	.area CODE
                             91 	.area RODATA
                             92 	.area XINIT
                             93 	.area CABS    (ABS)
