                                      1 ;--------------------------------------------------------
                                      2 ; File Created by SDCC : free open source ISO C Compiler 
                                      3 ; Version 4.2.14 #0 (Linux)
                                      4 ;--------------------------------------------------------
                                      5 	.module _fsmul
                                      6 	.optsdcc -mmcs51 --model-small
                                      7 	
                                      8 ;--------------------------------------------------------
                                      9 ; Public variables in this module
                                     10 ;--------------------------------------------------------
                                     11 ;--------------------------------------------------------
                                     12 ; special function registers
                                     13 ;--------------------------------------------------------
                                     14 	.area RSEG    (ABS,DATA)
      000000                         15 	.org 0x0000
                                     16 ;--------------------------------------------------------
                                     17 ; special function bits
                                     18 ;--------------------------------------------------------
                                     19 	.area RSEG    (ABS,DATA)
      000000                         20 	.org 0x0000
                                     21 ;--------------------------------------------------------
                                     22 ; overlayable register banks
                                     23 ;--------------------------------------------------------
                                     24 	.area REG_BANK_0	(REL,OVR,DATA)
      000000                         25 	.ds 8
                                     26 ;--------------------------------------------------------
                                     27 ; internal ram data
                                     28 ;--------------------------------------------------------
                                     29 	.area DSEG    (DATA)
                                     30 ;--------------------------------------------------------
                                     31 ; overlayable items in internal ram
                                     32 ;--------------------------------------------------------
                                     33 ;--------------------------------------------------------
                                     34 ; indirectly addressable internal ram data
                                     35 ;--------------------------------------------------------
                                     36 	.area ISEG    (DATA)
                                     37 ;--------------------------------------------------------
                                     38 ; absolute internal ram data
                                     39 ;--------------------------------------------------------
                                     40 	.area IABS    (ABS,DATA)
                                     41 	.area IABS    (ABS,DATA)
                                     42 ;--------------------------------------------------------
                                     43 ; bit data
                                     44 ;--------------------------------------------------------
                                     45 	.area BSEG    (BIT)
                                     46 ;--------------------------------------------------------
                                     47 ; paged external ram data
                                     48 ;--------------------------------------------------------
                                     49 	.area PSEG    (PAG,XDATA)
                                     50 ;--------------------------------------------------------
                                     51 ; uninitialized external ram data
                                     52 ;--------------------------------------------------------
                                     53 	.area XSEG    (XDATA)
                                     54 ;--------------------------------------------------------
                                     55 ; absolute external ram data
                                     56 ;--------------------------------------------------------
                                     57 	.area XABS    (ABS,XDATA)
                                     58 ;--------------------------------------------------------
                                     59 ; initialized external ram data
                                     60 ;--------------------------------------------------------
                                     61 	.area XISEG   (XDATA)
                                     62 	.area HOME    (CODE)
                                     63 	.area GSINIT0 (CODE)
                                     64 	.area GSINIT1 (CODE)
                                     65 	.area GSINIT2 (CODE)
                                     66 	.area GSINIT3 (CODE)
                                     67 	.area GSINIT4 (CODE)
                                     68 	.area GSINIT5 (CODE)
                                     69 	.area GSINIT  (CODE)
                                     70 	.area GSFINAL (CODE)
                                     71 	.area CSEG    (CODE)
                                     72 ;--------------------------------------------------------
                                     73 ; global & static initialisations
                                     74 ;--------------------------------------------------------
                                     75 	.area HOME    (CODE)
                                     76 	.area GSINIT  (CODE)
                                     77 	.area GSFINAL (CODE)
                                     78 	.area GSINIT  (CODE)
                                     79 ;--------------------------------------------------------
                                     80 ; Home
                                     81 ;--------------------------------------------------------
                                     82 	.area HOME    (CODE)
                                     83 	.area HOME    (CODE)
                                     84 ;--------------------------------------------------------
                                     85 ; code
                                     86 ;--------------------------------------------------------
                                     87 	.area CSEG    (CODE)
                                     88 ;------------------------------------------------------------
                                     89 ;Allocation info for local variables in function 'dummy'
                                     90 ;------------------------------------------------------------
                                     91 ;	_fsmul.c:37: static void dummy(void) __naked
                                     92 ;	-----------------------------------------
                                     93 ;	 function dummy
                                     94 ;	-----------------------------------------
      000000                         95 _dummy:
                                     96 ;	naked function: no prologue.
                                     97 ;	_fsmul.c:211: __endasm;
                                     98 	.globl	___fsmul
      000000                         99 ___fsmul:
      000000 12r00r00         [24]  100 	lcall	fsgetargs
      000003 BC 00 03         [24]  101 	cjne	r4, #0, 00002$
      000006                        102 00001$:
      000006 02r00r00         [24]  103 	ljmp	fs_return_zero
      000009                        104 00002$:
      000009 EF               [12]  105 	mov	a, r7
      00000A 60 FA            [24]  106 	jz	00001$
      00000C 30 D5 02         [24]  107 	jnb	psw.5, 00003$
      00000F B2 D1            [12]  108 	cpl	psw.1
      000011                        109 00003$:
      000011 E5 83            [12]  110 	mov	a, dph
      000013 B4 FF 03         [24]  111 	cjne	a, #0xFF, 00004$
      000016 02r00r00         [24]  112 	ljmp	fs_return_inf
      000019                        113 00004$:
      000019 E5 82            [12]  114 	mov	a, dpl
      00001B B4 FF 03         [24]  115 	cjne	a, #0xFF, 00005$
      00001E 02r00r00         [24]  116 	ljmp	fs_return_inf
      000021                        117 00005$:
      000021 25 83            [12]  118 	add	a, dph
      000023 40 07            [24]  119 	jc	00006$
      000025 24 82            [12]  120 	add	a, #130
      000027 40 0B            [24]  121 	jc	00007$
      000029 02r00r00         [24]  122 	ljmp	fs_return_zero
      00002C                        123 00006$:
      00002C 24 83            [12]  124 	add	a, #131
      00002E 14               [12]  125 	dec	a
      00002F 50 03            [24]  126 	jnc	00007$
      000031 02r00r00         [24]  127 	ljmp	fs_return_inf
      000034                        128 00007$:
      000034 F5 82            [12]  129 	mov	dpl, a
      000036 EA               [12]  130 	mov	a, r2
      000037 8D F0            [24]  131 	mov	b, r5
      000039 A4               [48]  132 	mul	ab
      00003A A8 F0            [24]  133 	mov	r0, b
      00003C EA               [12]  134 	mov	a, r2
      00003D 8E F0            [24]  135 	mov	b, r6
      00003F A4               [48]  136 	mul	ab
      000040 28               [12]  137 	add	a, r0
      000041 F8               [12]  138 	mov	r0, a
      000042 E4               [12]  139 	clr	a
      000043 35 F0            [12]  140 	addc	a, b
      000045 F9               [12]  141 	mov	r1, a
      000046 EB               [12]  142 	mov	a, r3
      000047 8D F0            [24]  143 	mov	b, r5
      000049 A4               [48]  144 	mul	ab
      00004A 28               [12]  145 	add	a, r0
      00004B E9               [12]  146 	mov	a, r1
      00004C 35 F0            [12]  147 	addc	a, b
      00004E F9               [12]  148 	mov	r1, a
      00004F E4               [12]  149 	clr	a
      000050 33               [12]  150 	rlc	a
      000051 CA               [12]  151 	xch	a, r2
      000052 8F F0            [24]  152 	mov	b, r7
      000054 A4               [48]  153 	mul	ab
      000055 29               [12]  154 	add	a, r1
      000056 F9               [12]  155 	mov	r1, a
      000057 EA               [12]  156 	mov	a, r2
      000058 35 F0            [12]  157 	addc	a, b
      00005A FA               [12]  158 	mov	r2, a
      00005B EB               [12]  159 	mov	a, r3
      00005C F8               [12]  160 	mov	r0, a
      00005D 8E F0            [24]  161 	mov	b, r6
      00005F A4               [48]  162 	mul	ab
      000060 29               [12]  163 	add	a, r1
      000061 F9               [12]  164 	mov	r1, a
      000062 EA               [12]  165 	mov	a, r2
      000063 35 F0            [12]  166 	addc	a, b
      000065 FA               [12]  167 	mov	r2, a
      000066 E4               [12]  168 	clr	a
      000067 33               [12]  169 	rlc	a
      000068 FB               [12]  170 	mov	r3, a
      000069 EC               [12]  171 	mov	a, r4
      00006A 8D F0            [24]  172 	mov	b, r5
      00006C A4               [48]  173 	mul	ab
      00006D 29               [12]  174 	add	a, r1
      00006E F9               [12]  175 	mov	r1, a
      00006F EA               [12]  176 	mov	a, r2
      000070 35 F0            [12]  177 	addc	a, b
      000072 FA               [12]  178 	mov	r2, a
      000073 E4               [12]  179 	clr	a
      000074 3B               [12]  180 	addc	a, r3
      000075 FB               [12]  181 	mov	r3, a
      000076 E8               [12]  182 	mov	a, r0
      000077 8F F0            [24]  183 	mov	b, r7
      000079 A4               [48]  184 	mul	ab
      00007A 2A               [12]  185 	add	a, r2
      00007B FA               [12]  186 	mov	r2, a
      00007C EB               [12]  187 	mov	a, r3
      00007D 35 F0            [12]  188 	addc	a, b
      00007F FB               [12]  189 	mov	r3, a
      000080 E4               [12]  190 	clr	a
      000081 33               [12]  191 	rlc	a
      000082 CC               [12]  192 	xch	a, r4
      000083 FD               [12]  193 	mov	r5, a
      000084 8E F0            [24]  194 	mov	b, r6
      000086 A4               [48]  195 	mul	ab
      000087 2A               [12]  196 	add	a, r2
      000088 FA               [12]  197 	mov	r2, a
      000089 EB               [12]  198 	mov	a, r3
      00008A 35 F0            [12]  199 	addc	a, b
      00008C FB               [12]  200 	mov	r3, a
      00008D E4               [12]  201 	clr	a
      00008E 3C               [12]  202 	addc	a, r4
      00008F FC               [12]  203 	mov	r4, a
      000090 ED               [12]  204 	mov	a, r5
      000091 8F F0            [24]  205 	mov	b, r7
      000093 A4               [48]  206 	mul	ab
      000094 2B               [12]  207 	add	a, r3
      000095 FB               [12]  208 	mov	r3, a
      000096 EC               [12]  209 	mov	a, r4
      000097 35 F0            [12]  210 	addc	a, b
      000099 FC               [12]  211 	mov	r4, a
      00009A 20 E7 03         [24]  212 	jb	acc.7, 00010$
      00009D 12r00r00         [24]  213 	lcall	fs_normalize_a
      0000A0                        214 00010$:
      0000A0 02r00r00         [24]  215 	ljmp	fs_round_and_return
                                    216 ;	_fsmul.c:212: }
                                    217 ;	naked function: no epilogue.
                                    218 	.area CSEG    (CODE)
                                    219 	.area CONST   (CODE)
                                    220 	.area XINIT   (CODE)
                                    221 	.area CABS    (ABS,CODE)
