                                      1 ;--------------------------------------------------------
                                      2 ; File Created by SDCC : free open source ISO C Compiler 
                                      3 ; Version 4.2.14 #0 (Linux)
                                      4 ;--------------------------------------------------------
                                      5 	.module _modslong
                                      6 	.optsdcc -mmcs51 --model-small
                                      7 	
                                      8 ;--------------------------------------------------------
                                      9 ; Public variables in this module
                                     10 ;--------------------------------------------------------
                                     11 ;--------------------------------------------------------
                                     12 ; special function registers
                                     13 ;--------------------------------------------------------
                                     14 	.area RSEG    (ABS,DATA)
      000000                         15 	.org 0x0000
                                     16 ;--------------------------------------------------------
                                     17 ; special function bits
                                     18 ;--------------------------------------------------------
                                     19 	.area RSEG    (ABS,DATA)
      000000                         20 	.org 0x0000
                                     21 ;--------------------------------------------------------
                                     22 ; overlayable register banks
                                     23 ;--------------------------------------------------------
                                     24 	.area REG_BANK_0	(REL,OVR,DATA)
      000000                         25 	.ds 8
                                     26 ;--------------------------------------------------------
                                     27 ; internal ram data
                                     28 ;--------------------------------------------------------
                                     29 	.area DSEG    (DATA)
                                     30 ;--------------------------------------------------------
                                     31 ; overlayable items in internal ram
                                     32 ;--------------------------------------------------------
                                     33 ;--------------------------------------------------------
                                     34 ; indirectly addressable internal ram data
                                     35 ;--------------------------------------------------------
                                     36 	.area ISEG    (DATA)
                                     37 ;--------------------------------------------------------
                                     38 ; absolute internal ram data
                                     39 ;--------------------------------------------------------
                                     40 	.area IABS    (ABS,DATA)
                                     41 	.area IABS    (ABS,DATA)
                                     42 ;--------------------------------------------------------
                                     43 ; bit data
                                     44 ;--------------------------------------------------------
                                     45 	.area BSEG    (BIT)
                                     46 ;--------------------------------------------------------
                                     47 ; paged external ram data
                                     48 ;--------------------------------------------------------
                                     49 	.area PSEG    (PAG,XDATA)
                                     50 ;--------------------------------------------------------
                                     51 ; uninitialized external ram data
                                     52 ;--------------------------------------------------------
                                     53 	.area XSEG    (XDATA)
                                     54 ;--------------------------------------------------------
                                     55 ; absolute external ram data
                                     56 ;--------------------------------------------------------
                                     57 	.area XABS    (ABS,XDATA)
                                     58 ;--------------------------------------------------------
                                     59 ; initialized external ram data
                                     60 ;--------------------------------------------------------
                                     61 	.area XISEG   (XDATA)
                                     62 	.area HOME    (CODE)
                                     63 	.area GSINIT0 (CODE)
                                     64 	.area GSINIT1 (CODE)
                                     65 	.area GSINIT2 (CODE)
                                     66 	.area GSINIT3 (CODE)
                                     67 	.area GSINIT4 (CODE)
                                     68 	.area GSINIT5 (CODE)
                                     69 	.area GSINIT  (CODE)
                                     70 	.area GSFINAL (CODE)
                                     71 	.area CSEG    (CODE)
                                     72 ;--------------------------------------------------------
                                     73 ; global & static initialisations
                                     74 ;--------------------------------------------------------
                                     75 	.area HOME    (CODE)
                                     76 	.area GSINIT  (CODE)
                                     77 	.area GSFINAL (CODE)
                                     78 	.area GSINIT  (CODE)
                                     79 ;--------------------------------------------------------
                                     80 ; Home
                                     81 ;--------------------------------------------------------
                                     82 	.area HOME    (CODE)
                                     83 	.area HOME    (CODE)
                                     84 ;--------------------------------------------------------
                                     85 ; code
                                     86 ;--------------------------------------------------------
                                     87 	.area CSEG    (CODE)
                                     88 ;------------------------------------------------------------
                                     89 ;Allocation info for local variables in function '_modslong_dummy'
                                     90 ;------------------------------------------------------------
                                     91 ;	_modslong.c:61: _modslong_dummy (void) __naked
                                     92 ;	-----------------------------------------
                                     93 ;	 function _modslong_dummy
                                     94 ;	-----------------------------------------
      000000                         95 __modslong_dummy:
                                     96 ;	naked function: no prologue.
                                     97 ;	_modslong.c:153: __endasm;
                                     98 	.globl	__modslong
      000000                         99 __modslong:
                                    100 ;	r1 in acc
                                    101 ;	(__modslong_PARM_2 + 3) in (__modslong_PARM_2 + 3)
      000000 F9               [12]  102 	mov	r1,a ; save r1
      000001 C2 D5            [12]  103 	clr	F0 ; Flag 0 in PSW
                                    104 ;	available to user for general purpose
      000003 30 E7 15         [24]  105 	jnb	acc.7,a_not_negative
      000006 D2 D5            [12]  106 	setb	F0
      000008 E4               [12]  107 	clr	a ; a = -a;
      000009 C3               [12]  108 	clr	c
      00000A 95 82            [12]  109 	subb	a,dpl
      00000C F5 82            [12]  110 	mov	dpl,a
      00000E E4               [12]  111 	clr	a
      00000F 95 83            [12]  112 	subb	a,dph
      000011 F5 83            [12]  113 	mov	dph,a
      000013 E4               [12]  114 	clr	a
      000014 95 F0            [12]  115 	subb	a,b
      000016 F5 F0            [12]  116 	mov	b,a
      000018 E4               [12]  117 	clr	a
      000019 99               [12]  118 	subb	a,r1
      00001A F9               [12]  119 	mov	r1,a
      00001B                        120 a_not_negative:
      00001B E5*03            [12]  121 	mov	a,(__modslong_PARM_2 + 3)
      00001D 30 E7 15         [24]  122 	jnb	acc.7,b_not_negative
      000020 E4               [12]  123 	clr	a ; b = -b;
      000021 C3               [12]  124 	clr	c
      000022 95*00            [12]  125 	subb	a,(__modslong_PARM_2)
      000024 F5*00            [12]  126 	mov	(__modslong_PARM_2),a
      000026 E4               [12]  127 	clr	a
      000027 95*01            [12]  128 	subb	a,(__modslong_PARM_2 + 1)
      000029 F5*01            [12]  129 	mov	(__modslong_PARM_2 + 1),a
      00002B E4               [12]  130 	clr	a
      00002C 95*02            [12]  131 	subb	a,(__modslong_PARM_2 + 2)
      00002E F5*02            [12]  132 	mov	(__modslong_PARM_2 + 2),a
      000030 E4               [12]  133 	clr	a
      000031 95*03            [12]  134 	subb	a,(__modslong_PARM_2 + 3)
      000033 F5*03            [12]  135 	mov	(__modslong_PARM_2 + 3),a
      000035                        136 b_not_negative:
      000035 E9               [12]  137 	mov	a,r1 ; restore r1 in acc
      000036 12r00r00         [24]  138 	lcall	__modulong
      000039 30 D5 12         [24]  139 	jnb	F0,not_negative
                                    140 ;	result in (a == r1), b, dph, dpl
      00003C E4               [12]  141 	clr	a
      00003D C3               [12]  142 	clr	c
      00003E 95 82            [12]  143 	subb	a,dpl
      000040 F5 82            [12]  144 	mov	dpl,a
      000042 E4               [12]  145 	clr	a
      000043 95 83            [12]  146 	subb	a,dph
      000045 F5 83            [12]  147 	mov	dph,a
      000047 E4               [12]  148 	clr	a
      000048 95 F0            [12]  149 	subb	a,b
      00004A F5 F0            [12]  150 	mov	b,a
      00004C E4               [12]  151 	clr	a
      00004D 99               [12]  152 	subb	a,r1
                                    153 ;	result in a, b, dph, dpl
      00004E                        154 not_negative:
      00004E 22               [24]  155 	ret
                                    156 ;	_modslong.c:154: }
                                    157 ;	naked function: no epilogue.
                                    158 	.area CSEG    (CODE)
                                    159 	.area CONST   (CODE)
                                    160 	.area XINIT   (CODE)
                                    161 	.area CABS    (ABS,CODE)
