                                      1 ;--------------------------------------------------------
                                      2 ; File Created by SDCC : free open source ISO C Compiler 
                                      3 ; Version 4.2.14 #0 (Linux)
                                      4 ;--------------------------------------------------------
                                      5 	.module frexpf
                                      6 	.optsdcc -mmcs51 --model-small
                                      7 	
                                      8 ;--------------------------------------------------------
                                      9 ; Public variables in this module
                                     10 ;--------------------------------------------------------
                                     11 	.globl _frexpf_PARM_2
                                     12 	.globl _frexpf
                                     13 ;--------------------------------------------------------
                                     14 ; special function registers
                                     15 ;--------------------------------------------------------
                                     16 	.area RSEG    (ABS,DATA)
      000000                         17 	.org 0x0000
                                     18 ;--------------------------------------------------------
                                     19 ; special function bits
                                     20 ;--------------------------------------------------------
                                     21 	.area RSEG    (ABS,DATA)
      000000                         22 	.org 0x0000
                                     23 ;--------------------------------------------------------
                                     24 ; overlayable register banks
                                     25 ;--------------------------------------------------------
                                     26 	.area REG_BANK_0	(REL,OVR,DATA)
      000000                         27 	.ds 8
                                     28 ;--------------------------------------------------------
                                     29 ; internal ram data
                                     30 ;--------------------------------------------------------
                                     31 	.area DSEG    (DATA)
                                     32 ;--------------------------------------------------------
                                     33 ; overlayable items in internal ram
                                     34 ;--------------------------------------------------------
                                     35 	.area	OSEG    (OVR,DATA)
      000000                         36 _frexpf_PARM_2:
      000000                         37 	.ds 3
      000003                         38 _frexpf_fl_65536_26:
      000003                         39 	.ds 4
      000007                         40 _frexpf_i_65536_26:
      000007                         41 	.ds 4
                                     42 ;--------------------------------------------------------
                                     43 ; indirectly addressable internal ram data
                                     44 ;--------------------------------------------------------
                                     45 	.area ISEG    (DATA)
                                     46 ;--------------------------------------------------------
                                     47 ; absolute internal ram data
                                     48 ;--------------------------------------------------------
                                     49 	.area IABS    (ABS,DATA)
                                     50 	.area IABS    (ABS,DATA)
                                     51 ;--------------------------------------------------------
                                     52 ; bit data
                                     53 ;--------------------------------------------------------
                                     54 	.area BSEG    (BIT)
                                     55 ;--------------------------------------------------------
                                     56 ; paged external ram data
                                     57 ;--------------------------------------------------------
                                     58 	.area PSEG    (PAG,XDATA)
                                     59 ;--------------------------------------------------------
                                     60 ; uninitialized external ram data
                                     61 ;--------------------------------------------------------
                                     62 	.area XSEG    (XDATA)
                                     63 ;--------------------------------------------------------
                                     64 ; absolute external ram data
                                     65 ;--------------------------------------------------------
                                     66 	.area XABS    (ABS,XDATA)
                                     67 ;--------------------------------------------------------
                                     68 ; initialized external ram data
                                     69 ;--------------------------------------------------------
                                     70 	.area XISEG   (XDATA)
                                     71 	.area HOME    (CODE)
                                     72 	.area GSINIT0 (CODE)
                                     73 	.area GSINIT1 (CODE)
                                     74 	.area GSINIT2 (CODE)
                                     75 	.area GSINIT3 (CODE)
                                     76 	.area GSINIT4 (CODE)
                                     77 	.area GSINIT5 (CODE)
                                     78 	.area GSINIT  (CODE)
                                     79 	.area GSFINAL (CODE)
                                     80 	.area CSEG    (CODE)
                                     81 ;--------------------------------------------------------
                                     82 ; global & static initialisations
                                     83 ;--------------------------------------------------------
                                     84 	.area HOME    (CODE)
                                     85 	.area GSINIT  (CODE)
                                     86 	.area GSFINAL (CODE)
                                     87 	.area GSINIT  (CODE)
                                     88 ;--------------------------------------------------------
                                     89 ; Home
                                     90 ;--------------------------------------------------------
                                     91 	.area HOME    (CODE)
                                     92 	.area HOME    (CODE)
                                     93 ;--------------------------------------------------------
                                     94 ; code
                                     95 ;--------------------------------------------------------
                                     96 	.area CSEG    (CODE)
                                     97 ;------------------------------------------------------------
                                     98 ;Allocation info for local variables in function 'frexpf'
                                     99 ;------------------------------------------------------------
                                    100 ;pw2                       Allocated with name '_frexpf_PARM_2'
                                    101 ;x                         Allocated to registers r4 r5 r6 r7 
                                    102 ;fl                        Allocated with name '_frexpf_fl_65536_26'
                                    103 ;i                         Allocated with name '_frexpf_i_65536_26'
                                    104 ;------------------------------------------------------------
                                    105 ;	frexpf.c:34: float frexpf(float x, int *pw2)
                                    106 ;	-----------------------------------------
                                    107 ;	 function frexpf
                                    108 ;	-----------------------------------------
      000000                        109 _frexpf:
                           000007   110 	ar7 = 0x07
                           000006   111 	ar6 = 0x06
                           000005   112 	ar5 = 0x05
                           000004   113 	ar4 = 0x04
                           000003   114 	ar3 = 0x03
                           000002   115 	ar2 = 0x02
                           000001   116 	ar1 = 0x01
                           000000   117 	ar0 = 0x00
      000000 AC 82            [24]  118 	mov	r4,dpl
      000002 AD 83            [24]  119 	mov	r5,dph
      000004 AE F0            [24]  120 	mov	r6,b
      000006 FF               [12]  121 	mov	r7,a
                                    122 ;	frexpf.c:39: fl.f=x;
      000007 8C*03            [24]  123 	mov	(_frexpf_fl_65536_26 + 0),r4
      000009 8D*04            [24]  124 	mov	(_frexpf_fl_65536_26 + 1),r5
      00000B 8E*05            [24]  125 	mov	(_frexpf_fl_65536_26 + 2),r6
      00000D 8F*06            [24]  126 	mov	(_frexpf_fl_65536_26 + 3),r7
                                    127 ;	frexpf.c:41: i  = ( fl.l >> 23) & 0x000000ff;
      00000F AC*05            [24]  128 	mov	r4,(_frexpf_fl_65536_26 + 2)
      000011 E5*06            [12]  129 	mov	a,(_frexpf_fl_65536_26 + 3)
      000013 A2 E7            [12]  130 	mov	c,acc.7
      000015 CC               [12]  131 	xch	a,r4
      000016 33               [12]  132 	rlc	a
      000017 CC               [12]  133 	xch	a,r4
      000018 33               [12]  134 	rlc	a
      000019 CC               [12]  135 	xch	a,r4
      00001A 54 01            [12]  136 	anl	a,#0x01
      00001C 30 E0 02         [24]  137 	jnb	acc.0,00103$
      00001F 44 FE            [12]  138 	orl	a,#0xfffffffe
      000021                        139 00103$:
      000021 33               [12]  140 	rlc	a
      000022 95 E0            [12]  141 	subb	a,acc
                                    142 ;	frexpf.c:42: i -= 0x7e;
      000024 E4               [12]  143 	clr	a
      000025 FD               [12]  144 	mov	r5,a
      000026 FE               [12]  145 	mov	r6,a
      000027 FF               [12]  146 	mov	r7,a
      000028 EC               [12]  147 	mov	a,r4
      000029 24 82            [12]  148 	add	a,#0x82
      00002B F5*07            [12]  149 	mov	_frexpf_i_65536_26,a
      00002D ED               [12]  150 	mov	a,r5
      00002E 34 FF            [12]  151 	addc	a,#0xff
      000030 F5*08            [12]  152 	mov	(_frexpf_i_65536_26 + 1),a
      000032 EE               [12]  153 	mov	a,r6
      000033 34 FF            [12]  154 	addc	a,#0xff
      000035 F5*09            [12]  155 	mov	(_frexpf_i_65536_26 + 2),a
      000037 EF               [12]  156 	mov	a,r7
      000038 34 FF            [12]  157 	addc	a,#0xff
      00003A F5*0A            [12]  158 	mov	(_frexpf_i_65536_26 + 3),a
                                    159 ;	frexpf.c:43: *pw2 = i;
      00003C AA*00            [24]  160 	mov	r2,_frexpf_PARM_2
      00003E AB*01            [24]  161 	mov	r3,(_frexpf_PARM_2 + 1)
      000040 AF*02            [24]  162 	mov	r7,(_frexpf_PARM_2 + 2)
      000042 AC*07            [24]  163 	mov	r4,_frexpf_i_65536_26
      000044 AD*08            [24]  164 	mov	r5,(_frexpf_i_65536_26 + 1)
      000046 8A 82            [24]  165 	mov	dpl,r2
      000048 8B 83            [24]  166 	mov	dph,r3
      00004A 8F F0            [24]  167 	mov	b,r7
      00004C EC               [12]  168 	mov	a,r4
      00004D 12r00r00         [24]  169 	lcall	__gptrput
      000050 A3               [24]  170 	inc	dptr
      000051 ED               [12]  171 	mov	a,r5
      000052 12r00r00         [24]  172 	lcall	__gptrput
                                    173 ;	frexpf.c:44: fl.l &= 0x807fffff; /* strip all exponent bits */
      000055 AC*03            [24]  174 	mov	r4,_frexpf_fl_65536_26
      000057 AD*04            [24]  175 	mov	r5,(_frexpf_fl_65536_26 + 1)
      000059 74 7F            [12]  176 	mov	a,#0x7f
      00005B 55*05            [12]  177 	anl	a,(_frexpf_fl_65536_26 + 2)
      00005D FE               [12]  178 	mov	r6,a
      00005E 74 80            [12]  179 	mov	a,#0x80
      000060 55*06            [12]  180 	anl	a,(_frexpf_fl_65536_26 + 3)
      000062 FF               [12]  181 	mov	r7,a
      000063 8C*03            [24]  182 	mov	(_frexpf_fl_65536_26 + 0),r4
      000065 8D*04            [24]  183 	mov	(_frexpf_fl_65536_26 + 1),r5
      000067 8E*05            [24]  184 	mov	(_frexpf_fl_65536_26 + 2),r6
      000069 8F*06            [24]  185 	mov	(_frexpf_fl_65536_26 + 3),r7
                                    186 ;	frexpf.c:45: fl.l |= 0x3f000000; /* mantissa between 0.5 and 1 */
      00006B 43 07 3F         [24]  187 	orl	ar7,#0x3f
      00006E 8C*03            [24]  188 	mov	(_frexpf_fl_65536_26 + 0),r4
      000070 8D*04            [24]  189 	mov	(_frexpf_fl_65536_26 + 1),r5
      000072 8E*05            [24]  190 	mov	(_frexpf_fl_65536_26 + 2),r6
      000074 8F*06            [24]  191 	mov	(_frexpf_fl_65536_26 + 3),r7
                                    192 ;	frexpf.c:46: return(fl.f);
      000076 85*03 82         [24]  193 	mov	dpl,_frexpf_fl_65536_26
      000079 85*04 83         [24]  194 	mov	dph,(_frexpf_fl_65536_26 + 1)
      00007C 85*05 F0         [24]  195 	mov	b,(_frexpf_fl_65536_26 + 2)
      00007F E5*06            [12]  196 	mov	a,(_frexpf_fl_65536_26 + 3)
                                    197 ;	frexpf.c:47: }
      000081 22               [24]  198 	ret
                                    199 	.area CSEG    (CODE)
                                    200 	.area CONST   (CODE)
                                    201 	.area XINIT   (CODE)
                                    202 	.area CABS    (ABS,CODE)
