                                      1 ;--------------------------------------------------------
                                      2 ; File Created by SDCC : free open source ISO C Compiler 
                                      3 ; Version 4.2.14 #0 (Linux)
                                      4 ;--------------------------------------------------------
                                      5 	.module isxdigit
                                      6 	.optsdcc -mmcs51 --model-small
                                      7 	
                                      8 ;--------------------------------------------------------
                                      9 ; Public variables in this module
                                     10 ;--------------------------------------------------------
                                     11 	.globl _isxdigit
                                     12 ;--------------------------------------------------------
                                     13 ; special function registers
                                     14 ;--------------------------------------------------------
                                     15 	.area RSEG    (ABS,DATA)
      000000                         16 	.org 0x0000
                                     17 ;--------------------------------------------------------
                                     18 ; special function bits
                                     19 ;--------------------------------------------------------
                                     20 	.area RSEG    (ABS,DATA)
      000000                         21 	.org 0x0000
                                     22 ;--------------------------------------------------------
                                     23 ; overlayable register banks
                                     24 ;--------------------------------------------------------
                                     25 	.area REG_BANK_0	(REL,OVR,DATA)
      000000                         26 	.ds 8
                                     27 ;--------------------------------------------------------
                                     28 ; internal ram data
                                     29 ;--------------------------------------------------------
                                     30 	.area DSEG    (DATA)
                                     31 ;--------------------------------------------------------
                                     32 ; overlayable items in internal ram
                                     33 ;--------------------------------------------------------
                                     34 	.area	OSEG    (OVR,DATA)
                                     35 ;--------------------------------------------------------
                                     36 ; indirectly addressable internal ram data
                                     37 ;--------------------------------------------------------
                                     38 	.area ISEG    (DATA)
                                     39 ;--------------------------------------------------------
                                     40 ; absolute internal ram data
                                     41 ;--------------------------------------------------------
                                     42 	.area IABS    (ABS,DATA)
                                     43 	.area IABS    (ABS,DATA)
                                     44 ;--------------------------------------------------------
                                     45 ; bit data
                                     46 ;--------------------------------------------------------
                                     47 	.area BSEG    (BIT)
      000000                         48 _isxdigit_sloc0_1_0:
      000000                         49 	.ds 1
                                     50 ;--------------------------------------------------------
                                     51 ; paged external ram data
                                     52 ;--------------------------------------------------------
                                     53 	.area PSEG    (PAG,XDATA)
                                     54 ;--------------------------------------------------------
                                     55 ; uninitialized external ram data
                                     56 ;--------------------------------------------------------
                                     57 	.area XSEG    (XDATA)
                                     58 ;--------------------------------------------------------
                                     59 ; absolute external ram data
                                     60 ;--------------------------------------------------------
                                     61 	.area XABS    (ABS,XDATA)
                                     62 ;--------------------------------------------------------
                                     63 ; initialized external ram data
                                     64 ;--------------------------------------------------------
                                     65 	.area XISEG   (XDATA)
                                     66 	.area HOME    (CODE)
                                     67 	.area GSINIT0 (CODE)
                                     68 	.area GSINIT1 (CODE)
                                     69 	.area GSINIT2 (CODE)
                                     70 	.area GSINIT3 (CODE)
                                     71 	.area GSINIT4 (CODE)
                                     72 	.area GSINIT5 (CODE)
                                     73 	.area GSINIT  (CODE)
                                     74 	.area GSFINAL (CODE)
                                     75 	.area CSEG    (CODE)
                                     76 ;--------------------------------------------------------
                                     77 ; global & static initialisations
                                     78 ;--------------------------------------------------------
                                     79 	.area HOME    (CODE)
                                     80 	.area GSINIT  (CODE)
                                     81 	.area GSFINAL (CODE)
                                     82 	.area GSINIT  (CODE)
                                     83 ;--------------------------------------------------------
                                     84 ; Home
                                     85 ;--------------------------------------------------------
                                     86 	.area HOME    (CODE)
                                     87 	.area HOME    (CODE)
                                     88 ;--------------------------------------------------------
                                     89 ; code
                                     90 ;--------------------------------------------------------
                                     91 	.area CSEG    (CODE)
                                     92 ;------------------------------------------------------------
                                     93 ;Allocation info for local variables in function 'isxdigit'
                                     94 ;------------------------------------------------------------
                                     95 ;c                         Allocated to registers r6 r7 
                                     96 ;------------------------------------------------------------
                                     97 ;	isxdigit.c:34: int isxdigit (int c)
                                     98 ;	-----------------------------------------
                                     99 ;	 function isxdigit
                                    100 ;	-----------------------------------------
      000000                        101 _isxdigit:
                           000007   102 	ar7 = 0x07
                           000006   103 	ar6 = 0x06
                           000005   104 	ar5 = 0x05
                           000004   105 	ar4 = 0x04
                           000003   106 	ar3 = 0x03
                           000002   107 	ar2 = 0x02
                           000001   108 	ar1 = 0x01
                           000000   109 	ar0 = 0x00
      000000 AE 82            [24]  110 	mov	r6,dpl
      000002 AF 83            [24]  111 	mov	r7,dph
                                    112 ;	isxdigit.c:41: return (c >= '0' && c <= '9' || c >= 'a' && c <= 'f' || c >= 'A' && c <= 'F');
      000004 C3               [12]  113 	clr	c
      000005 EE               [12]  114 	mov	a,r6
      000006 94 30            [12]  115 	subb	a,#0x30
      000008 EF               [12]  116 	mov	a,r7
      000009 64 80            [12]  117 	xrl	a,#0x80
      00000B 94 80            [12]  118 	subb	a,#0x80
      00000D 92*00            [24]  119 	mov	_isxdigit_sloc0_1_0,c
      00000F 40 11            [24]  120 	jc	00111$
      000011 C3               [12]  121 	clr	c
      000012 74 39            [12]  122 	mov	a,#0x39
      000014 9E               [12]  123 	subb	a,r6
      000015 74 80            [12]  124 	mov	a,#(0x00 ^ 0x80)
      000017 8F F0            [24]  125 	mov	b,r7
      000019 63 F0 80         [24]  126 	xrl	b,#0x80
      00001C 95 F0            [12]  127 	subb	a,b
      00001E 92*00            [24]  128 	mov	_isxdigit_sloc0_1_0,c
      000020 50 40            [24]  129 	jnc	00104$
      000022                        130 00111$:
      000022 C3               [12]  131 	clr	c
      000023 EE               [12]  132 	mov	a,r6
      000024 94 61            [12]  133 	subb	a,#0x61
      000026 EF               [12]  134 	mov	a,r7
      000027 64 80            [12]  135 	xrl	a,#0x80
      000029 94 80            [12]  136 	subb	a,#0x80
      00002B 92*00            [24]  137 	mov	_isxdigit_sloc0_1_0,c
      00002D 40 11            [24]  138 	jc	00108$
      00002F C3               [12]  139 	clr	c
      000030 74 66            [12]  140 	mov	a,#0x66
      000032 9E               [12]  141 	subb	a,r6
      000033 74 80            [12]  142 	mov	a,#(0x00 ^ 0x80)
      000035 8F F0            [24]  143 	mov	b,r7
      000037 63 F0 80         [24]  144 	xrl	b,#0x80
      00003A 95 F0            [12]  145 	subb	a,b
      00003C 92*00            [24]  146 	mov	_isxdigit_sloc0_1_0,c
      00003E 50 22            [24]  147 	jnc	00104$
      000040                        148 00108$:
      000040 C3               [12]  149 	clr	c
      000041 EE               [12]  150 	mov	a,r6
      000042 94 41            [12]  151 	subb	a,#0x41
      000044 EF               [12]  152 	mov	a,r7
      000045 64 80            [12]  153 	xrl	a,#0x80
      000047 94 80            [12]  154 	subb	a,#0x80
      000049 92*00            [24]  155 	mov	_isxdigit_sloc0_1_0,c
      00004B 40 11            [24]  156 	jc	00103$
      00004D C3               [12]  157 	clr	c
      00004E 74 46            [12]  158 	mov	a,#0x46
      000050 9E               [12]  159 	subb	a,r6
      000051 74 80            [12]  160 	mov	a,#(0x00 ^ 0x80)
      000053 8F F0            [24]  161 	mov	b,r7
      000055 63 F0 80         [24]  162 	xrl	b,#0x80
      000058 95 F0            [12]  163 	subb	a,b
      00005A 92*00            [24]  164 	mov	_isxdigit_sloc0_1_0,c
      00005C 50 04            [24]  165 	jnc	00104$
      00005E                        166 00103$:
                                    167 ;	assignBit
      00005E C2*00            [12]  168 	clr	_isxdigit_sloc0_1_0
      000060 80 02            [24]  169 	sjmp	00105$
      000062                        170 00104$:
                                    171 ;	assignBit
      000062 D2*00            [12]  172 	setb	_isxdigit_sloc0_1_0
      000064                        173 00105$:
      000064 A2*00            [12]  174 	mov	c,_isxdigit_sloc0_1_0
      000066 E4               [12]  175 	clr	a
      000067 33               [12]  176 	rlc	a
      000068 FE               [12]  177 	mov	r6,a
      000069 7F 00            [12]  178 	mov	r7,#0x00
      00006B 8E 82            [24]  179 	mov	dpl,r6
      00006D 8F 83            [24]  180 	mov	dph,r7
                                    181 ;	isxdigit.c:43: }
      00006F 22               [24]  182 	ret
                                    183 	.area CSEG    (CODE)
                                    184 	.area CONST   (CODE)
                                    185 	.area XINIT   (CODE)
                                    186 	.area CABS    (ABS,CODE)
