                                      1 ;--------------------------------------------------------
                                      2 ; File Created by SDCC : free open source ISO C Compiler 
                                      3 ; Version 4.2.14 #0 (Linux)
                                      4 ;--------------------------------------------------------
                                      5 	.module puts
                                      6 	.optsdcc -mmcs51 --model-small
                                      7 	
                                      8 ;--------------------------------------------------------
                                      9 ; Public variables in this module
                                     10 ;--------------------------------------------------------
                                     11 	.globl _putchar
                                     12 	.globl _puts
                                     13 ;--------------------------------------------------------
                                     14 ; special function registers
                                     15 ;--------------------------------------------------------
                                     16 	.area RSEG    (ABS,DATA)
      000000                         17 	.org 0x0000
                                     18 ;--------------------------------------------------------
                                     19 ; special function bits
                                     20 ;--------------------------------------------------------
                                     21 	.area RSEG    (ABS,DATA)
      000000                         22 	.org 0x0000
                                     23 ;--------------------------------------------------------
                                     24 ; overlayable register banks
                                     25 ;--------------------------------------------------------
                                     26 	.area REG_BANK_0	(REL,OVR,DATA)
      000000                         27 	.ds 8
                                     28 ;--------------------------------------------------------
                                     29 ; internal ram data
                                     30 ;--------------------------------------------------------
                                     31 	.area DSEG    (DATA)
                                     32 ;--------------------------------------------------------
                                     33 ; overlayable items in internal ram
                                     34 ;--------------------------------------------------------
                                     35 ;--------------------------------------------------------
                                     36 ; indirectly addressable internal ram data
                                     37 ;--------------------------------------------------------
                                     38 	.area ISEG    (DATA)
                                     39 ;--------------------------------------------------------
                                     40 ; absolute internal ram data
                                     41 ;--------------------------------------------------------
                                     42 	.area IABS    (ABS,DATA)
                                     43 	.area IABS    (ABS,DATA)
                                     44 ;--------------------------------------------------------
                                     45 ; bit data
                                     46 ;--------------------------------------------------------
                                     47 	.area BSEG    (BIT)
                                     48 ;--------------------------------------------------------
                                     49 ; paged external ram data
                                     50 ;--------------------------------------------------------
                                     51 	.area PSEG    (PAG,XDATA)
                                     52 ;--------------------------------------------------------
                                     53 ; uninitialized external ram data
                                     54 ;--------------------------------------------------------
                                     55 	.area XSEG    (XDATA)
                                     56 ;--------------------------------------------------------
                                     57 ; absolute external ram data
                                     58 ;--------------------------------------------------------
                                     59 	.area XABS    (ABS,XDATA)
                                     60 ;--------------------------------------------------------
                                     61 ; initialized external ram data
                                     62 ;--------------------------------------------------------
                                     63 	.area XISEG   (XDATA)
                                     64 	.area HOME    (CODE)
                                     65 	.area GSINIT0 (CODE)
                                     66 	.area GSINIT1 (CODE)
                                     67 	.area GSINIT2 (CODE)
                                     68 	.area GSINIT3 (CODE)
                                     69 	.area GSINIT4 (CODE)
                                     70 	.area GSINIT5 (CODE)
                                     71 	.area GSINIT  (CODE)
                                     72 	.area GSFINAL (CODE)
                                     73 	.area CSEG    (CODE)
                                     74 ;--------------------------------------------------------
                                     75 ; global & static initialisations
                                     76 ;--------------------------------------------------------
                                     77 	.area HOME    (CODE)
                                     78 	.area GSINIT  (CODE)
                                     79 	.area GSFINAL (CODE)
                                     80 	.area GSINIT  (CODE)
                                     81 ;--------------------------------------------------------
                                     82 ; Home
                                     83 ;--------------------------------------------------------
                                     84 	.area HOME    (CODE)
                                     85 	.area HOME    (CODE)
                                     86 ;--------------------------------------------------------
                                     87 ; code
                                     88 ;--------------------------------------------------------
                                     89 	.area CSEG    (CODE)
                                     90 ;------------------------------------------------------------
                                     91 ;Allocation info for local variables in function 'puts'
                                     92 ;------------------------------------------------------------
                                     93 ;s                         Allocated to registers 
                                     94 ;------------------------------------------------------------
                                     95 ;	puts.c:31: int puts (const char *s)
                                     96 ;	-----------------------------------------
                                     97 ;	 function puts
                                     98 ;	-----------------------------------------
      000000                         99 _puts:
                           000007   100 	ar7 = 0x07
                           000006   101 	ar6 = 0x06
                           000005   102 	ar5 = 0x05
                           000004   103 	ar4 = 0x04
                           000003   104 	ar3 = 0x03
                           000002   105 	ar2 = 0x02
                           000001   106 	ar1 = 0x01
                           000000   107 	ar0 = 0x00
      000000 AD 82            [24]  108 	mov	r5,dpl
      000002 AE 83            [24]  109 	mov	r6,dph
      000004 AF F0            [24]  110 	mov	r7,b
                                    111 ;	puts.c:33: while (*s)
      000006                        112 00103$:
      000006 8D 82            [24]  113 	mov	dpl,r5
      000008 8E 83            [24]  114 	mov	dph,r6
      00000A 8F F0            [24]  115 	mov	b,r7
      00000C 12r00r00         [24]  116 	lcall	__gptrget
      00000F FC               [12]  117 	mov	r4,a
      000010 60 28            [24]  118 	jz	00105$
                                    119 ;	puts.c:34: if (putchar(*s++) == EOF)
      000012 0D               [12]  120 	inc	r5
      000013 BD 00 01         [24]  121 	cjne	r5,#0x00,00121$
      000016 0E               [12]  122 	inc	r6
      000017                        123 00121$:
      000017 7B 00            [12]  124 	mov	r3,#0x00
      000019 8C 82            [24]  125 	mov	dpl,r4
      00001B 8B 83            [24]  126 	mov	dph,r3
      00001D C0 07            [24]  127 	push	ar7
      00001F C0 06            [24]  128 	push	ar6
      000021 C0 05            [24]  129 	push	ar5
      000023 12r00r00         [24]  130 	lcall	_putchar
      000026 AB 82            [24]  131 	mov	r3,dpl
      000028 AC 83            [24]  132 	mov	r4,dph
      00002A D0 05            [24]  133 	pop	ar5
      00002C D0 06            [24]  134 	pop	ar6
      00002E D0 07            [24]  135 	pop	ar7
      000030 BB FF D3         [24]  136 	cjne	r3,#0xff,00103$
      000033 BC FF D0         [24]  137 	cjne	r4,#0xff,00103$
                                    138 ;	puts.c:35: return EOF;
      000036 90 FF FF         [24]  139 	mov	dptr,#0xffff
      000039 22               [24]  140 	ret
      00003A                        141 00105$:
                                    142 ;	puts.c:36: return putchar('\n');
      00003A 90 00 0A         [24]  143 	mov	dptr,#0x000a
                                    144 ;	puts.c:37: }
      00003D 02r00r00         [24]  145 	ljmp	_putchar
                                    146 	.area CSEG    (CODE)
                                    147 	.area CONST   (CODE)
                                    148 	.area XINIT   (CODE)
                                    149 	.area CABS    (ABS,CODE)
