                                      1 ;--------------------------------------------------------
                                      2 ; File Created by SDCC : free open source ISO C Compiler 
                                      3 ; Version 4.2.14 #0 (Linux)
                                      4 ;--------------------------------------------------------
                                      5 	.module _divulonglong
                                      6 	.optsdcc -mmcs51 --model-medium
                                      7 	
                                      8 ;--------------------------------------------------------
                                      9 ; Public variables in this module
                                     10 ;--------------------------------------------------------
                                     11 	.globl __divulonglong_PARM_2
                                     12 	.globl __divulonglong
                                     13 ;--------------------------------------------------------
                                     14 ; special function registers
                                     15 ;--------------------------------------------------------
                                     16 	.area RSEG    (ABS,DATA)
      000000                         17 	.org 0x0000
                                     18 ;--------------------------------------------------------
                                     19 ; special function bits
                                     20 ;--------------------------------------------------------
                                     21 	.area RSEG    (ABS,DATA)
      000000                         22 	.org 0x0000
                                     23 ;--------------------------------------------------------
                                     24 ; overlayable register banks
                                     25 ;--------------------------------------------------------
                                     26 	.area REG_BANK_0	(REL,OVR,DATA)
      000000                         27 	.ds 8
                                     28 ;--------------------------------------------------------
                                     29 ; internal ram data
                                     30 ;--------------------------------------------------------
                                     31 	.area DSEG    (DATA)
                                     32 ;--------------------------------------------------------
                                     33 ; overlayable items in internal ram
                                     34 ;--------------------------------------------------------
                                     35 ;--------------------------------------------------------
                                     36 ; indirectly addressable internal ram data
                                     37 ;--------------------------------------------------------
                                     38 	.area ISEG    (DATA)
                                     39 ;--------------------------------------------------------
                                     40 ; absolute internal ram data
                                     41 ;--------------------------------------------------------
                                     42 	.area IABS    (ABS,DATA)
                                     43 	.area IABS    (ABS,DATA)
                                     44 ;--------------------------------------------------------
                                     45 ; bit data
                                     46 ;--------------------------------------------------------
                                     47 	.area BSEG    (BIT)
                                     48 ;--------------------------------------------------------
                                     49 ; paged external ram data
                                     50 ;--------------------------------------------------------
                                     51 	.area PSEG    (PAG,XDATA)
      000000                         52 __divulonglong_PARM_2:
      000000                         53 	.ds 8
      000008                         54 __divulonglong_x_65536_1:
      000008                         55 	.ds 8
      000010                         56 __divulonglong_reste_65536_2:
      000010                         57 	.ds 8
                                     58 ;--------------------------------------------------------
                                     59 ; uninitialized external ram data
                                     60 ;--------------------------------------------------------
                                     61 	.area XSEG    (XDATA)
                                     62 ;--------------------------------------------------------
                                     63 ; absolute external ram data
                                     64 ;--------------------------------------------------------
                                     65 	.area XABS    (ABS,XDATA)
                                     66 ;--------------------------------------------------------
                                     67 ; initialized external ram data
                                     68 ;--------------------------------------------------------
                                     69 	.area XISEG   (XDATA)
                                     70 	.area HOME    (CODE)
                                     71 	.area GSINIT0 (CODE)
                                     72 	.area GSINIT1 (CODE)
                                     73 	.area GSINIT2 (CODE)
                                     74 	.area GSINIT3 (CODE)
                                     75 	.area GSINIT4 (CODE)
                                     76 	.area GSINIT5 (CODE)
                                     77 	.area GSINIT  (CODE)
                                     78 	.area GSFINAL (CODE)
                                     79 	.area CSEG    (CODE)
                                     80 ;--------------------------------------------------------
                                     81 ; global & static initialisations
                                     82 ;--------------------------------------------------------
                                     83 	.area HOME    (CODE)
                                     84 	.area GSINIT  (CODE)
                                     85 	.area GSFINAL (CODE)
                                     86 	.area GSINIT  (CODE)
                                     87 ;--------------------------------------------------------
                                     88 ; Home
                                     89 ;--------------------------------------------------------
                                     90 	.area HOME    (CODE)
                                     91 	.area HOME    (CODE)
                                     92 ;--------------------------------------------------------
                                     93 ; code
                                     94 ;--------------------------------------------------------
                                     95 	.area CSEG    (CODE)
                                     96 ;------------------------------------------------------------
                                     97 ;Allocation info for local variables in function '_divulonglong'
                                     98 ;------------------------------------------------------------
                                     99 ;	_divulonglong.c:43: _divulonglong (unsigned long long x, unsigned long long y) __SDCC_NONBANKED
                                    100 ;	-----------------------------------------
                                    101 ;	 function _divulonglong
                                    102 ;	-----------------------------------------
      000000                        103 __divulonglong:
                           000007   104 	ar7 = 0x07
                           000006   105 	ar6 = 0x06
                           000005   106 	ar5 = 0x05
                           000004   107 	ar4 = 0x04
                           000003   108 	ar3 = 0x03
                           000002   109 	ar2 = 0x02
                           000001   110 	ar1 = 0x01
                           000000   111 	ar0 = 0x00
      000000 C0 07            [24]  112 	push	ar7
      000002 C0 06            [24]  113 	push	ar6
      000004 C0 05            [24]  114 	push	ar5
      000006 C0 04            [24]  115 	push	ar4
      000008 C0 E0            [24]  116 	push	acc
      00000A C0 F0            [24]  117 	push	b
      00000C C0 83            [24]  118 	push	dph
      00000E C0 82            [24]  119 	push	dpl
      000010 78r08            [12]  120 	mov	r0,#__divulonglong_x_65536_1
      000012 D0 E0            [24]  121 	pop	acc
      000014 F2               [24]  122 	movx	@r0,a
      000015 D0 E0            [24]  123 	pop	acc
      000017 08               [12]  124 	inc	r0
      000018 F2               [24]  125 	movx	@r0,a
      000019 D0 E0            [24]  126 	pop	acc
      00001B 08               [12]  127 	inc	r0
      00001C F2               [24]  128 	movx	@r0,a
      00001D D0 E0            [24]  129 	pop	acc
      00001F 08               [12]  130 	inc	r0
      000020 F2               [24]  131 	movx	@r0,a
      000021 D0 E0            [24]  132 	pop	acc
      000023 08               [12]  133 	inc	r0
      000024 F2               [24]  134 	movx	@r0,a
      000025 D0 E0            [24]  135 	pop	acc
      000027 08               [12]  136 	inc	r0
      000028 F2               [24]  137 	movx	@r0,a
      000029 D0 E0            [24]  138 	pop	acc
      00002B 08               [12]  139 	inc	r0
      00002C F2               [24]  140 	movx	@r0,a
      00002D D0 E0            [24]  141 	pop	acc
      00002F 08               [12]  142 	inc	r0
      000030 F2               [24]  143 	movx	@r0,a
                                    144 ;	_divulonglong.c:45: unsigned long long reste = 0L;
      000031 78r10            [12]  145 	mov	r0,#__divulonglong_reste_65536_2
      000033 E4               [12]  146 	clr	a
      000034 F2               [24]  147 	movx	@r0,a
      000035 08               [12]  148 	inc	r0
      000036 F2               [24]  149 	movx	@r0,a
      000037 08               [12]  150 	inc	r0
      000038 F2               [24]  151 	movx	@r0,a
      000039 08               [12]  152 	inc	r0
      00003A F2               [24]  153 	movx	@r0,a
      00003B 08               [12]  154 	inc	r0
      00003C F2               [24]  155 	movx	@r0,a
      00003D 08               [12]  156 	inc	r0
      00003E F2               [24]  157 	movx	@r0,a
      00003F 08               [12]  158 	inc	r0
      000040 F2               [24]  159 	movx	@r0,a
      000041 08               [12]  160 	inc	r0
      000042 F2               [24]  161 	movx	@r0,a
                                    162 ;	_divulonglong.c:49: do
      000043 7F 40            [12]  163 	mov	r7,#0x40
      000045                        164 00105$:
                                    165 ;	_divulonglong.c:52: c = MSB_SET(x);
      000045 78r0F            [12]  166 	mov	r0,#(((__divulonglong_x_65536_1 + 3) + 3) + 1)
      000047 E2               [24]  167 	movx	a,@r0
      000048 23               [12]  168 	rl	a
      000049 54 01            [12]  169 	anl	a,#0x01
      00004B FE               [12]  170 	mov	r6,a
                                    171 ;	_divulonglong.c:53: x <<= 1;
      00004C 78r08            [12]  172 	mov	r0,#__divulonglong_x_65536_1
      00004E E2               [24]  173 	movx	a,@r0
      00004F 25 E0            [12]  174 	add	a,acc
      000051 F2               [24]  175 	movx	@r0,a
      000052 08               [12]  176 	inc	r0
      000053 E2               [24]  177 	movx	a,@r0
      000054 33               [12]  178 	rlc	a
      000055 F2               [24]  179 	movx	@r0,a
      000056 08               [12]  180 	inc	r0
      000057 E2               [24]  181 	movx	a,@r0
      000058 33               [12]  182 	rlc	a
      000059 F2               [24]  183 	movx	@r0,a
      00005A 08               [12]  184 	inc	r0
      00005B E2               [24]  185 	movx	a,@r0
      00005C 33               [12]  186 	rlc	a
      00005D F2               [24]  187 	movx	@r0,a
      00005E 08               [12]  188 	inc	r0
      00005F E2               [24]  189 	movx	a,@r0
      000060 33               [12]  190 	rlc	a
      000061 F2               [24]  191 	movx	@r0,a
      000062 08               [12]  192 	inc	r0
      000063 E2               [24]  193 	movx	a,@r0
      000064 33               [12]  194 	rlc	a
      000065 F2               [24]  195 	movx	@r0,a
      000066 08               [12]  196 	inc	r0
      000067 E2               [24]  197 	movx	a,@r0
      000068 33               [12]  198 	rlc	a
      000069 F2               [24]  199 	movx	@r0,a
      00006A 08               [12]  200 	inc	r0
      00006B E2               [24]  201 	movx	a,@r0
      00006C 33               [12]  202 	rlc	a
      00006D F2               [24]  203 	movx	@r0,a
                                    204 ;	_divulonglong.c:54: reste <<= 1;
      00006E 78r10            [12]  205 	mov	r0,#__divulonglong_reste_65536_2
      000070 E2               [24]  206 	movx	a,@r0
      000071 25 E0            [12]  207 	add	a,acc
      000073 F2               [24]  208 	movx	@r0,a
      000074 08               [12]  209 	inc	r0
      000075 E2               [24]  210 	movx	a,@r0
      000076 33               [12]  211 	rlc	a
      000077 F2               [24]  212 	movx	@r0,a
      000078 08               [12]  213 	inc	r0
      000079 E2               [24]  214 	movx	a,@r0
      00007A 33               [12]  215 	rlc	a
      00007B F2               [24]  216 	movx	@r0,a
      00007C 08               [12]  217 	inc	r0
      00007D E2               [24]  218 	movx	a,@r0
      00007E 33               [12]  219 	rlc	a
      00007F F2               [24]  220 	movx	@r0,a
      000080 08               [12]  221 	inc	r0
      000081 E2               [24]  222 	movx	a,@r0
      000082 33               [12]  223 	rlc	a
      000083 F2               [24]  224 	movx	@r0,a
      000084 08               [12]  225 	inc	r0
      000085 E2               [24]  226 	movx	a,@r0
      000086 33               [12]  227 	rlc	a
      000087 F2               [24]  228 	movx	@r0,a
      000088 08               [12]  229 	inc	r0
      000089 E2               [24]  230 	movx	a,@r0
      00008A 33               [12]  231 	rlc	a
      00008B F2               [24]  232 	movx	@r0,a
      00008C 08               [12]  233 	inc	r0
      00008D E2               [24]  234 	movx	a,@r0
      00008E 33               [12]  235 	rlc	a
      00008F F2               [24]  236 	movx	@r0,a
                                    237 ;	_divulonglong.c:55: if (c)
      000090 EE               [12]  238 	mov	a,r6
      000091 60 06            [24]  239 	jz	00102$
                                    240 ;	_divulonglong.c:56: reste |= 1L;
      000093 78r10            [12]  241 	mov	r0,#__divulonglong_reste_65536_2
      000095 E2               [24]  242 	movx	a,@r0
      000096 44 01            [12]  243 	orl	a,#0x01
      000098 F2               [24]  244 	movx	@r0,a
      000099                        245 00102$:
                                    246 ;	_divulonglong.c:58: if (reste >= y)
      000099 78r10            [12]  247 	mov	r0,#__divulonglong_reste_65536_2
      00009B 79r00            [12]  248 	mov	r1,#__divulonglong_PARM_2
      00009D C3               [12]  249 	clr	c
      00009E E3               [24]  250 	movx	a,@r1
      00009F F5 F0            [12]  251 	mov	b,a
      0000A1 E2               [24]  252 	movx	a,@r0
      0000A2 95 F0            [12]  253 	subb	a,b
      0000A4 09               [12]  254 	inc	r1
      0000A5 E3               [24]  255 	movx	a,@r1
      0000A6 F5 F0            [12]  256 	mov	b,a
      0000A8 08               [12]  257 	inc	r0
      0000A9 E2               [24]  258 	movx	a,@r0
      0000AA 95 F0            [12]  259 	subb	a,b
      0000AC 09               [12]  260 	inc	r1
      0000AD E3               [24]  261 	movx	a,@r1
      0000AE F5 F0            [12]  262 	mov	b,a
      0000B0 08               [12]  263 	inc	r0
      0000B1 E2               [24]  264 	movx	a,@r0
      0000B2 95 F0            [12]  265 	subb	a,b
      0000B4 09               [12]  266 	inc	r1
      0000B5 E3               [24]  267 	movx	a,@r1
      0000B6 F5 F0            [12]  268 	mov	b,a
      0000B8 08               [12]  269 	inc	r0
      0000B9 E2               [24]  270 	movx	a,@r0
      0000BA 95 F0            [12]  271 	subb	a,b
      0000BC 09               [12]  272 	inc	r1
      0000BD E3               [24]  273 	movx	a,@r1
      0000BE F5 F0            [12]  274 	mov	b,a
      0000C0 08               [12]  275 	inc	r0
      0000C1 E2               [24]  276 	movx	a,@r0
      0000C2 95 F0            [12]  277 	subb	a,b
      0000C4 09               [12]  278 	inc	r1
      0000C5 E3               [24]  279 	movx	a,@r1
      0000C6 F5 F0            [12]  280 	mov	b,a
      0000C8 08               [12]  281 	inc	r0
      0000C9 E2               [24]  282 	movx	a,@r0
      0000CA 95 F0            [12]  283 	subb	a,b
      0000CC 09               [12]  284 	inc	r1
      0000CD E3               [24]  285 	movx	a,@r1
      0000CE F5 F0            [12]  286 	mov	b,a
      0000D0 08               [12]  287 	inc	r0
      0000D1 E2               [24]  288 	movx	a,@r0
      0000D2 95 F0            [12]  289 	subb	a,b
      0000D4 09               [12]  290 	inc	r1
      0000D5 E3               [24]  291 	movx	a,@r1
      0000D6 F5 F0            [12]  292 	mov	b,a
      0000D8 08               [12]  293 	inc	r0
      0000D9 E2               [24]  294 	movx	a,@r0
      0000DA 95 F0            [12]  295 	subb	a,b
      0000DC 40 51            [24]  296 	jc	00106$
                                    297 ;	_divulonglong.c:60: reste -= y;
      0000DE 78r10            [12]  298 	mov	r0,#__divulonglong_reste_65536_2
      0000E0 79r00            [12]  299 	mov	r1,#__divulonglong_PARM_2
      0000E2 E3               [24]  300 	movx	a,@r1
      0000E3 F5 F0            [12]  301 	mov	b,a
      0000E5 C3               [12]  302 	clr	c
      0000E6 E2               [24]  303 	movx	a,@r0
      0000E7 95 F0            [12]  304 	subb	a,b
      0000E9 F2               [24]  305 	movx	@r0,a
      0000EA 09               [12]  306 	inc	r1
      0000EB E3               [24]  307 	movx	a,@r1
      0000EC F5 F0            [12]  308 	mov	b,a
      0000EE 08               [12]  309 	inc	r0
      0000EF E2               [24]  310 	movx	a,@r0
      0000F0 95 F0            [12]  311 	subb	a,b
      0000F2 F2               [24]  312 	movx	@r0,a
      0000F3 09               [12]  313 	inc	r1
      0000F4 E3               [24]  314 	movx	a,@r1
      0000F5 F5 F0            [12]  315 	mov	b,a
      0000F7 08               [12]  316 	inc	r0
      0000F8 E2               [24]  317 	movx	a,@r0
      0000F9 95 F0            [12]  318 	subb	a,b
      0000FB F2               [24]  319 	movx	@r0,a
      0000FC 09               [12]  320 	inc	r1
      0000FD E3               [24]  321 	movx	a,@r1
      0000FE F5 F0            [12]  322 	mov	b,a
      000100 08               [12]  323 	inc	r0
      000101 E2               [24]  324 	movx	a,@r0
      000102 95 F0            [12]  325 	subb	a,b
      000104 F2               [24]  326 	movx	@r0,a
      000105 09               [12]  327 	inc	r1
      000106 E3               [24]  328 	movx	a,@r1
      000107 F5 F0            [12]  329 	mov	b,a
      000109 08               [12]  330 	inc	r0
      00010A E2               [24]  331 	movx	a,@r0
      00010B 95 F0            [12]  332 	subb	a,b
      00010D F2               [24]  333 	movx	@r0,a
      00010E 09               [12]  334 	inc	r1
      00010F E3               [24]  335 	movx	a,@r1
      000110 F5 F0            [12]  336 	mov	b,a
      000112 08               [12]  337 	inc	r0
      000113 E2               [24]  338 	movx	a,@r0
      000114 95 F0            [12]  339 	subb	a,b
      000116 F2               [24]  340 	movx	@r0,a
      000117 09               [12]  341 	inc	r1
      000118 E3               [24]  342 	movx	a,@r1
      000119 F5 F0            [12]  343 	mov	b,a
      00011B 08               [12]  344 	inc	r0
      00011C E2               [24]  345 	movx	a,@r0
      00011D 95 F0            [12]  346 	subb	a,b
      00011F F2               [24]  347 	movx	@r0,a
      000120 09               [12]  348 	inc	r1
      000121 E3               [24]  349 	movx	a,@r1
      000122 F5 F0            [12]  350 	mov	b,a
      000124 08               [12]  351 	inc	r0
      000125 E2               [24]  352 	movx	a,@r0
      000126 95 F0            [12]  353 	subb	a,b
      000128 F2               [24]  354 	movx	@r0,a
                                    355 ;	_divulonglong.c:62: x |= 1L;
      000129 78r08            [12]  356 	mov	r0,#__divulonglong_x_65536_1
      00012B E2               [24]  357 	movx	a,@r0
      00012C 44 01            [12]  358 	orl	a,#0x01
      00012E F2               [24]  359 	movx	@r0,a
      00012F                        360 00106$:
                                    361 ;	_divulonglong.c:65: while (--count);
      00012F 1F               [12]  362 	dec	r7
      000130 EF               [12]  363 	mov	a,r7
      000131 60 03            [24]  364 	jz	00129$
      000133 02r00r45         [24]  365 	ljmp	00105$
      000136                        366 00129$:
                                    367 ;	_divulonglong.c:66: return x;
      000136 78r08            [12]  368 	mov	r0,#__divulonglong_x_65536_1
      000138 E2               [24]  369 	movx	a,@r0
      000139 F5 82            [12]  370 	mov	dpl,a
      00013B 08               [12]  371 	inc	r0
      00013C E2               [24]  372 	movx	a,@r0
      00013D F5 83            [12]  373 	mov	dph,a
      00013F 08               [12]  374 	inc	r0
      000140 E2               [24]  375 	movx	a,@r0
      000141 F5 F0            [12]  376 	mov	b,a
      000143 08               [12]  377 	inc	r0
      000144 E2               [24]  378 	movx	a,@r0
      000145 C0 E0            [24]  379 	push	acc
      000147 08               [12]  380 	inc	r0
      000148 E2               [24]  381 	movx	a,@r0
      000149 FC               [12]  382 	mov	r4,a
      00014A 08               [12]  383 	inc	r0
      00014B E2               [24]  384 	movx	a,@r0
      00014C FD               [12]  385 	mov	r5,a
      00014D 08               [12]  386 	inc	r0
      00014E E2               [24]  387 	movx	a,@r0
      00014F FE               [12]  388 	mov	r6,a
      000150 08               [12]  389 	inc	r0
      000151 E2               [24]  390 	movx	a,@r0
      000152 FF               [12]  391 	mov	r7,a
      000153 D0 E0            [24]  392 	pop	acc
                                    393 ;	_divulonglong.c:67: }
      000155 22               [24]  394 	ret
                                    395 	.area CSEG    (CODE)
                                    396 	.area CONST   (CODE)
                                    397 	.area XINIT   (CODE)
                                    398 	.area CABS    (ABS,CODE)
