                                      1 ;--------------------------------------------------------
                                      2 ; File Created by SDCC : free open source ISO C Compiler 
                                      3 ; Version 4.2.14 #0 (Linux)
                                      4 ;--------------------------------------------------------
                                      5 	.module _modulong
                                      6 	.optsdcc -mmcs51 --model-medium
                                      7 	
                                      8 ;--------------------------------------------------------
                                      9 ; Public variables in this module
                                     10 ;--------------------------------------------------------
                                     11 	.globl __modulong_PARM_2
                                     12 	.globl __modulong
                                     13 ;--------------------------------------------------------
                                     14 ; special function registers
                                     15 ;--------------------------------------------------------
                                     16 	.area RSEG    (ABS,DATA)
      000000                         17 	.org 0x0000
                                     18 ;--------------------------------------------------------
                                     19 ; special function bits
                                     20 ;--------------------------------------------------------
                                     21 	.area RSEG    (ABS,DATA)
      000000                         22 	.org 0x0000
                                     23 ;--------------------------------------------------------
                                     24 ; overlayable register banks
                                     25 ;--------------------------------------------------------
                                     26 	.area REG_BANK_0	(REL,OVR,DATA)
      000000                         27 	.ds 8
                                     28 ;--------------------------------------------------------
                                     29 ; internal ram data
                                     30 ;--------------------------------------------------------
                                     31 	.area DSEG    (DATA)
                                     32 ;--------------------------------------------------------
                                     33 ; overlayable items in internal ram
                                     34 ;--------------------------------------------------------
                                     35 ;--------------------------------------------------------
                                     36 ; indirectly addressable internal ram data
                                     37 ;--------------------------------------------------------
                                     38 	.area ISEG    (DATA)
                                     39 ;--------------------------------------------------------
                                     40 ; absolute internal ram data
                                     41 ;--------------------------------------------------------
                                     42 	.area IABS    (ABS,DATA)
                                     43 	.area IABS    (ABS,DATA)
                                     44 ;--------------------------------------------------------
                                     45 ; bit data
                                     46 ;--------------------------------------------------------
                                     47 	.area BSEG    (BIT)
                                     48 ;--------------------------------------------------------
                                     49 ; paged external ram data
                                     50 ;--------------------------------------------------------
                                     51 	.area PSEG    (PAG,XDATA)
      000000                         52 __modulong_PARM_2:
      000000                         53 	.ds 4
      000004                         54 __modulong_count_65536_2:
      000004                         55 	.ds 1
                                     56 ;--------------------------------------------------------
                                     57 ; uninitialized external ram data
                                     58 ;--------------------------------------------------------
                                     59 	.area XSEG    (XDATA)
                                     60 ;--------------------------------------------------------
                                     61 ; absolute external ram data
                                     62 ;--------------------------------------------------------
                                     63 	.area XABS    (ABS,XDATA)
                                     64 ;--------------------------------------------------------
                                     65 ; initialized external ram data
                                     66 ;--------------------------------------------------------
                                     67 	.area XISEG   (XDATA)
                                     68 	.area HOME    (CODE)
                                     69 	.area GSINIT0 (CODE)
                                     70 	.area GSINIT1 (CODE)
                                     71 	.area GSINIT2 (CODE)
                                     72 	.area GSINIT3 (CODE)
                                     73 	.area GSINIT4 (CODE)
                                     74 	.area GSINIT5 (CODE)
                                     75 	.area GSINIT  (CODE)
                                     76 	.area GSFINAL (CODE)
                                     77 	.area CSEG    (CODE)
                                     78 ;--------------------------------------------------------
                                     79 ; global & static initialisations
                                     80 ;--------------------------------------------------------
                                     81 	.area HOME    (CODE)
                                     82 	.area GSINIT  (CODE)
                                     83 	.area GSFINAL (CODE)
                                     84 	.area GSINIT  (CODE)
                                     85 ;--------------------------------------------------------
                                     86 ; Home
                                     87 ;--------------------------------------------------------
                                     88 	.area HOME    (CODE)
                                     89 	.area HOME    (CODE)
                                     90 ;--------------------------------------------------------
                                     91 ; code
                                     92 ;--------------------------------------------------------
                                     93 	.area CSEG    (CODE)
                                     94 ;------------------------------------------------------------
                                     95 ;Allocation info for local variables in function '_modulong'
                                     96 ;------------------------------------------------------------
                                     97 ;	_modulong.c:346: _modulong (unsigned long a, unsigned long b) __SDCC_NONBANKED
                                     98 ;	-----------------------------------------
                                     99 ;	 function _modulong
                                    100 ;	-----------------------------------------
      000000                        101 __modulong:
                           000007   102 	ar7 = 0x07
                           000006   103 	ar6 = 0x06
                           000005   104 	ar5 = 0x05
                           000004   105 	ar4 = 0x04
                           000003   106 	ar3 = 0x03
                           000002   107 	ar2 = 0x02
                           000001   108 	ar1 = 0x01
                           000000   109 	ar0 = 0x00
      000000 AC 82            [24]  110 	mov	r4,dpl
      000002 AD 83            [24]  111 	mov	r5,dph
      000004 AE F0            [24]  112 	mov	r6,b
      000006 FF               [12]  113 	mov	r7,a
                                    114 ;	_modulong.c:348: unsigned char count = 0;
      000007 7B 00            [12]  115 	mov	r3,#0x00
                                    116 ;	_modulong.c:350: while (!MSB_SET(b))
      000009 78r04            [12]  117 	mov	r0,#__modulong_count_65536_2
      00000B E4               [12]  118 	clr	a
      00000C F2               [24]  119 	movx	@r0,a
      00000D                        120 00103$:
      00000D 78r03            [12]  121 	mov	r0,#(__modulong_PARM_2 + 3)
      00000F E2               [24]  122 	movx	a,@r0
      000010 23               [12]  123 	rl	a
      000011 54 01            [12]  124 	anl	a,#0x01
      000013 FA               [12]  125 	mov	r2,a
      000014 70 52            [24]  126 	jnz	00117$
                                    127 ;	_modulong.c:352: b <<= 1;
      000016 78r00            [12]  128 	mov	r0,#__modulong_PARM_2
      000018 E2               [24]  129 	movx	a,@r0
      000019 25 E0            [12]  130 	add	a,acc
      00001B F2               [24]  131 	movx	@r0,a
      00001C 08               [12]  132 	inc	r0
      00001D E2               [24]  133 	movx	a,@r0
      00001E 33               [12]  134 	rlc	a
      00001F F2               [24]  135 	movx	@r0,a
      000020 08               [12]  136 	inc	r0
      000021 E2               [24]  137 	movx	a,@r0
      000022 33               [12]  138 	rlc	a
      000023 F2               [24]  139 	movx	@r0,a
      000024 08               [12]  140 	inc	r0
      000025 E2               [24]  141 	movx	a,@r0
      000026 33               [12]  142 	rlc	a
      000027 F2               [24]  143 	movx	@r0,a
                                    144 ;	_modulong.c:353: if (b > a)
      000028 78r00            [12]  145 	mov	r0,#__modulong_PARM_2
      00002A C3               [12]  146 	clr	c
      00002B E2               [24]  147 	movx	a,@r0
      00002C F5 F0            [12]  148 	mov	b,a
      00002E EC               [12]  149 	mov	a,r4
      00002F 95 F0            [12]  150 	subb	a,b
      000031 08               [12]  151 	inc	r0
      000032 E2               [24]  152 	movx	a,@r0
      000033 F5 F0            [12]  153 	mov	b,a
      000035 ED               [12]  154 	mov	a,r5
      000036 95 F0            [12]  155 	subb	a,b
      000038 08               [12]  156 	inc	r0
      000039 E2               [24]  157 	movx	a,@r0
      00003A F5 F0            [12]  158 	mov	b,a
      00003C EE               [12]  159 	mov	a,r6
      00003D 95 F0            [12]  160 	subb	a,b
      00003F 08               [12]  161 	inc	r0
      000040 E2               [24]  162 	movx	a,@r0
      000041 F5 F0            [12]  163 	mov	b,a
      000043 EF               [12]  164 	mov	a,r7
      000044 95 F0            [12]  165 	subb	a,b
      000046 50 14            [24]  166 	jnc	00102$
                                    167 ;	_modulong.c:355: b >>=1;
      000048 78r03            [12]  168 	mov	r0,#(__modulong_PARM_2 + 3)
      00004A E2               [24]  169 	movx	a,@r0
      00004B C3               [12]  170 	clr	c
      00004C 13               [12]  171 	rrc	a
      00004D F2               [24]  172 	movx	@r0,a
      00004E 18               [12]  173 	dec	r0
      00004F E2               [24]  174 	movx	a,@r0
      000050 13               [12]  175 	rrc	a
      000051 F2               [24]  176 	movx	@r0,a
      000052 18               [12]  177 	dec	r0
      000053 E2               [24]  178 	movx	a,@r0
      000054 13               [12]  179 	rrc	a
      000055 F2               [24]  180 	movx	@r0,a
      000056 18               [12]  181 	dec	r0
      000057 E2               [24]  182 	movx	a,@r0
      000058 13               [12]  183 	rrc	a
      000059 F2               [24]  184 	movx	@r0,a
                                    185 ;	_modulong.c:356: break;
      00005A 80 0C            [24]  186 	sjmp	00117$
      00005C                        187 00102$:
                                    188 ;	_modulong.c:358: count++;
      00005C 78r04            [12]  189 	mov	r0,#__modulong_count_65536_2
      00005E E2               [24]  190 	movx	a,@r0
      00005F 24 01            [12]  191 	add	a,#0x01
      000061 F2               [24]  192 	movx	@r0,a
      000062 78r04            [12]  193 	mov	r0,#__modulong_count_65536_2
      000064 E2               [24]  194 	movx	a,@r0
      000065 FB               [12]  195 	mov	r3,a
                                    196 ;	_modulong.c:360: do
      000066 80 A5            [24]  197 	sjmp	00103$
      000068                        198 00117$:
      000068                        199 00108$:
                                    200 ;	_modulong.c:362: if (a >= b)
      000068 78r00            [12]  201 	mov	r0,#__modulong_PARM_2
      00006A C3               [12]  202 	clr	c
      00006B E2               [24]  203 	movx	a,@r0
      00006C F5 F0            [12]  204 	mov	b,a
      00006E EC               [12]  205 	mov	a,r4
      00006F 95 F0            [12]  206 	subb	a,b
      000071 08               [12]  207 	inc	r0
      000072 E2               [24]  208 	movx	a,@r0
      000073 F5 F0            [12]  209 	mov	b,a
      000075 ED               [12]  210 	mov	a,r5
      000076 95 F0            [12]  211 	subb	a,b
      000078 08               [12]  212 	inc	r0
      000079 E2               [24]  213 	movx	a,@r0
      00007A F5 F0            [12]  214 	mov	b,a
      00007C EE               [12]  215 	mov	a,r6
      00007D 95 F0            [12]  216 	subb	a,b
      00007F 08               [12]  217 	inc	r0
      000080 E2               [24]  218 	movx	a,@r0
      000081 F5 F0            [12]  219 	mov	b,a
      000083 EF               [12]  220 	mov	a,r7
      000084 95 F0            [12]  221 	subb	a,b
      000086 40 1C            [24]  222 	jc	00107$
                                    223 ;	_modulong.c:363: a -= b;
      000088 78r00            [12]  224 	mov	r0,#__modulong_PARM_2
      00008A D3               [12]  225 	setb	c
      00008B E2               [24]  226 	movx	a,@r0
      00008C 9C               [12]  227 	subb	a,r4
      00008D F4               [12]  228 	cpl	a
      00008E B3               [12]  229 	cpl	c
      00008F FC               [12]  230 	mov	r4,a
      000090 B3               [12]  231 	cpl	c
      000091 08               [12]  232 	inc	r0
      000092 E2               [24]  233 	movx	a,@r0
      000093 9D               [12]  234 	subb	a,r5
      000094 F4               [12]  235 	cpl	a
      000095 B3               [12]  236 	cpl	c
      000096 FD               [12]  237 	mov	r5,a
      000097 B3               [12]  238 	cpl	c
      000098 08               [12]  239 	inc	r0
      000099 E2               [24]  240 	movx	a,@r0
      00009A 9E               [12]  241 	subb	a,r6
      00009B F4               [12]  242 	cpl	a
      00009C B3               [12]  243 	cpl	c
      00009D FE               [12]  244 	mov	r6,a
      00009E B3               [12]  245 	cpl	c
      00009F 08               [12]  246 	inc	r0
      0000A0 E2               [24]  247 	movx	a,@r0
      0000A1 9F               [12]  248 	subb	a,r7
      0000A2 F4               [12]  249 	cpl	a
      0000A3 FF               [12]  250 	mov	r7,a
      0000A4                        251 00107$:
                                    252 ;	_modulong.c:364: b >>= 1;
      0000A4 78r03            [12]  253 	mov	r0,#(__modulong_PARM_2 + 3)
      0000A6 E2               [24]  254 	movx	a,@r0
      0000A7 C3               [12]  255 	clr	c
      0000A8 13               [12]  256 	rrc	a
      0000A9 F2               [24]  257 	movx	@r0,a
      0000AA 18               [12]  258 	dec	r0
      0000AB E2               [24]  259 	movx	a,@r0
      0000AC 13               [12]  260 	rrc	a
      0000AD F2               [24]  261 	movx	@r0,a
      0000AE 18               [12]  262 	dec	r0
      0000AF E2               [24]  263 	movx	a,@r0
      0000B0 13               [12]  264 	rrc	a
      0000B1 F2               [24]  265 	movx	@r0,a
      0000B2 18               [12]  266 	dec	r0
      0000B3 E2               [24]  267 	movx	a,@r0
      0000B4 13               [12]  268 	rrc	a
      0000B5 F2               [24]  269 	movx	@r0,a
                                    270 ;	_modulong.c:366: while (count--);
      0000B6 8B 02            [24]  271 	mov	ar2,r3
      0000B8 1B               [12]  272 	dec	r3
      0000B9 EA               [12]  273 	mov	a,r2
      0000BA 70 AC            [24]  274 	jnz	00108$
                                    275 ;	_modulong.c:368: return a;
      0000BC 8C 82            [24]  276 	mov	dpl,r4
      0000BE 8D 83            [24]  277 	mov	dph,r5
      0000C0 8E F0            [24]  278 	mov	b,r6
      0000C2 EF               [12]  279 	mov	a,r7
                                    280 ;	_modulong.c:369: }
      0000C3 22               [24]  281 	ret
                                    282 	.area CSEG    (CODE)
                                    283 	.area CONST   (CODE)
                                    284 	.area XINIT   (CODE)
                                    285 	.area CABS    (ABS,CODE)
