                                      1 ;--------------------------------------------------------
                                      2 ; File Created by SDCC : free open source ISO C Compiler 
                                      3 ; Version 4.2.14 #0 (Linux)
                                      4 ;--------------------------------------------------------
                                      5 	.module _strrchr
                                      6 	.optsdcc -mmcs51 --model-medium
                                      7 	
                                      8 ;--------------------------------------------------------
                                      9 ; Public variables in this module
                                     10 ;--------------------------------------------------------
                                     11 	.globl _strrchr_PARM_2
                                     12 	.globl _strrchr
                                     13 ;--------------------------------------------------------
                                     14 ; special function registers
                                     15 ;--------------------------------------------------------
                                     16 	.area RSEG    (ABS,DATA)
      000000                         17 	.org 0x0000
                                     18 ;--------------------------------------------------------
                                     19 ; special function bits
                                     20 ;--------------------------------------------------------
                                     21 	.area RSEG    (ABS,DATA)
      000000                         22 	.org 0x0000
                                     23 ;--------------------------------------------------------
                                     24 ; overlayable register banks
                                     25 ;--------------------------------------------------------
                                     26 	.area REG_BANK_0	(REL,OVR,DATA)
      000000                         27 	.ds 8
                                     28 ;--------------------------------------------------------
                                     29 ; internal ram data
                                     30 ;--------------------------------------------------------
                                     31 	.area DSEG    (DATA)
                                     32 ;--------------------------------------------------------
                                     33 ; overlayable items in internal ram
                                     34 ;--------------------------------------------------------
                                     35 ;--------------------------------------------------------
                                     36 ; indirectly addressable internal ram data
                                     37 ;--------------------------------------------------------
                                     38 	.area ISEG    (DATA)
                                     39 ;--------------------------------------------------------
                                     40 ; absolute internal ram data
                                     41 ;--------------------------------------------------------
                                     42 	.area IABS    (ABS,DATA)
                                     43 	.area IABS    (ABS,DATA)
                                     44 ;--------------------------------------------------------
                                     45 ; bit data
                                     46 ;--------------------------------------------------------
                                     47 	.area BSEG    (BIT)
                                     48 ;--------------------------------------------------------
                                     49 ; paged external ram data
                                     50 ;--------------------------------------------------------
                                     51 	.area PSEG    (PAG,XDATA)
      000000                         52 _strrchr_PARM_2:
      000000                         53 	.ds 1
      000001                         54 _strrchr_start_65536_27:
      000001                         55 	.ds 3
                                     56 ;--------------------------------------------------------
                                     57 ; uninitialized external ram data
                                     58 ;--------------------------------------------------------
                                     59 	.area XSEG    (XDATA)
                                     60 ;--------------------------------------------------------
                                     61 ; absolute external ram data
                                     62 ;--------------------------------------------------------
                                     63 	.area XABS    (ABS,XDATA)
                                     64 ;--------------------------------------------------------
                                     65 ; initialized external ram data
                                     66 ;--------------------------------------------------------
                                     67 	.area XISEG   (XDATA)
                                     68 	.area HOME    (CODE)
                                     69 	.area GSINIT0 (CODE)
                                     70 	.area GSINIT1 (CODE)
                                     71 	.area GSINIT2 (CODE)
                                     72 	.area GSINIT3 (CODE)
                                     73 	.area GSINIT4 (CODE)
                                     74 	.area GSINIT5 (CODE)
                                     75 	.area GSINIT  (CODE)
                                     76 	.area GSFINAL (CODE)
                                     77 	.area CSEG    (CODE)
                                     78 ;--------------------------------------------------------
                                     79 ; global & static initialisations
                                     80 ;--------------------------------------------------------
                                     81 	.area HOME    (CODE)
                                     82 	.area GSINIT  (CODE)
                                     83 	.area GSFINAL (CODE)
                                     84 	.area GSINIT  (CODE)
                                     85 ;--------------------------------------------------------
                                     86 ; Home
                                     87 ;--------------------------------------------------------
                                     88 	.area HOME    (CODE)
                                     89 	.area HOME    (CODE)
                                     90 ;--------------------------------------------------------
                                     91 ; code
                                     92 ;--------------------------------------------------------
                                     93 	.area CSEG    (CODE)
                                     94 ;------------------------------------------------------------
                                     95 ;Allocation info for local variables in function 'strrchr'
                                     96 ;------------------------------------------------------------
                                     97 ;	_strrchr.c:32: char * strrchr ( const char * string, char ch )
                                     98 ;	-----------------------------------------
                                     99 ;	 function strrchr
                                    100 ;	-----------------------------------------
      000000                        101 _strrchr:
                           000007   102 	ar7 = 0x07
                           000006   103 	ar6 = 0x06
                           000005   104 	ar5 = 0x05
                           000004   105 	ar4 = 0x04
                           000003   106 	ar3 = 0x03
                           000002   107 	ar2 = 0x02
                           000001   108 	ar1 = 0x01
                           000000   109 	ar0 = 0x00
      000000 AD 82            [24]  110 	mov	r5,dpl
      000002 AE 83            [24]  111 	mov	r6,dph
      000004 AF F0            [24]  112 	mov	r7,b
                                    113 ;	_strrchr.c:37: const char * start = string;
      000006 78r01            [12]  114 	mov	r0,#_strrchr_start_65536_27
      000008 ED               [12]  115 	mov	a,r5
      000009 F2               [24]  116 	movx	@r0,a
      00000A EE               [12]  117 	mov	a,r6
      00000B 08               [12]  118 	inc	r0
      00000C F2               [24]  119 	movx	@r0,a
      00000D EF               [12]  120 	mov	a,r7
      00000E 08               [12]  121 	inc	r0
      00000F F2               [24]  122 	movx	@r0,a
                                    123 ;	_strrchr.c:39: while (*string++)                       /* find end of string */
      000010                        124 00101$:
      000010 8D 82            [24]  125 	mov	dpl,r5
      000012 8E 83            [24]  126 	mov	dph,r6
      000014 8F F0            [24]  127 	mov	b,r7
      000016 12r00r00         [24]  128 	lcall	__gptrget
      000019 FC               [12]  129 	mov	r4,a
      00001A A3               [24]  130 	inc	dptr
      00001B AD 82            [24]  131 	mov	r5,dpl
      00001D AE 83            [24]  132 	mov	r6,dph
      00001F EC               [12]  133 	mov	a,r4
      000020 70 EE            [24]  134 	jnz	00101$
                                    135 ;	_strrchr.c:42: while (--string != start && *string != ch)
      000022                        136 00105$:
      000022 1D               [12]  137 	dec	r5
      000023 BD FF 01         [24]  138 	cjne	r5,#0xff,00134$
      000026 1E               [12]  139 	dec	r6
      000027                        140 00134$:
      000027 78r01            [12]  141 	mov	r0,#_strrchr_start_65536_27
      000029 C0 05            [24]  142 	push	ar5
      00002B C0 06            [24]  143 	push	ar6
      00002D C0 07            [24]  144 	push	ar7
      00002F E2               [24]  145 	movx	a,@r0
      000030 F5 82            [12]  146 	mov	dpl,a
      000032 08               [12]  147 	inc	r0
      000033 E2               [24]  148 	movx	a,@r0
      000034 F5 83            [12]  149 	mov	dph,a
      000036 08               [12]  150 	inc	r0
      000037 E2               [24]  151 	movx	a,@r0
      000038 F5 F0            [12]  152 	mov	b,a
      00003A 12r00r00         [24]  153 	lcall	___gptr_cmp
      00003D 15 81            [12]  154 	dec	sp
      00003F 15 81            [12]  155 	dec	sp
      000041 15 81            [12]  156 	dec	sp
      000043 60 10            [24]  157 	jz	00107$
      000045 8D 82            [24]  158 	mov	dpl,r5
      000047 8E 83            [24]  159 	mov	dph,r6
      000049 8F F0            [24]  160 	mov	b,r7
      00004B 12r00r00         [24]  161 	lcall	__gptrget
      00004E FC               [12]  162 	mov	r4,a
      00004F 78r00            [12]  163 	mov	r0,#_strrchr_PARM_2
      000051 E2               [24]  164 	movx	a,@r0
      000052 B5 04 CD         [24]  165 	cjne	a,ar4,00105$
      000055                        166 00107$:
                                    167 ;	_strrchr.c:45: if (*string == ch)                      /* char found ? */
      000055 8D 82            [24]  168 	mov	dpl,r5
      000057 8E 83            [24]  169 	mov	dph,r6
      000059 8F F0            [24]  170 	mov	b,r7
      00005B 12r00r00         [24]  171 	lcall	__gptrget
      00005E FC               [12]  172 	mov	r4,a
      00005F 78r00            [12]  173 	mov	r0,#_strrchr_PARM_2
      000061 E2               [24]  174 	movx	a,@r0
      000062 B5 04 07         [24]  175 	cjne	a,ar4,00109$
                                    176 ;	_strrchr.c:46: return( (char *)string );
      000065 8D 82            [24]  177 	mov	dpl,r5
      000067 8E 83            [24]  178 	mov	dph,r6
      000069 8F F0            [24]  179 	mov	b,r7
      00006B 22               [24]  180 	ret
      00006C                        181 00109$:
                                    182 ;	_strrchr.c:48: return (NULL) ;
      00006C 90 00 00         [24]  183 	mov	dptr,#0x0000
      00006F 75 F0 00         [24]  184 	mov	b,#0x00
                                    185 ;	_strrchr.c:49: }
      000072 22               [24]  186 	ret
                                    187 	.area CSEG    (CODE)
                                    188 	.area CONST   (CODE)
                                    189 	.area XINIT   (CODE)
                                    190 	.area CABS    (ABS,CODE)
