                                      1 ;--------------------------------------------------------
                                      2 ; File Created by SDCC : free open source ISO C Compiler 
                                      3 ; Version 4.2.14 #0 (Linux)
                                      4 ;--------------------------------------------------------
                                      5 	.module _ulong2fs
                                      6 	.optsdcc -mmcs51 --model-medium
                                      7 	
                                      8 ;--------------------------------------------------------
                                      9 ; Public variables in this module
                                     10 ;--------------------------------------------------------
                                     11 ;--------------------------------------------------------
                                     12 ; special function registers
                                     13 ;--------------------------------------------------------
                                     14 	.area RSEG    (ABS,DATA)
      000000                         15 	.org 0x0000
                                     16 ;--------------------------------------------------------
                                     17 ; special function bits
                                     18 ;--------------------------------------------------------
                                     19 	.area RSEG    (ABS,DATA)
      000000                         20 	.org 0x0000
                                     21 ;--------------------------------------------------------
                                     22 ; overlayable register banks
                                     23 ;--------------------------------------------------------
                                     24 	.area REG_BANK_0	(REL,OVR,DATA)
      000000                         25 	.ds 8
                                     26 ;--------------------------------------------------------
                                     27 ; internal ram data
                                     28 ;--------------------------------------------------------
                                     29 	.area DSEG    (DATA)
                                     30 ;--------------------------------------------------------
                                     31 ; overlayable items in internal ram
                                     32 ;--------------------------------------------------------
                                     33 ;--------------------------------------------------------
                                     34 ; indirectly addressable internal ram data
                                     35 ;--------------------------------------------------------
                                     36 	.area ISEG    (DATA)
                                     37 ;--------------------------------------------------------
                                     38 ; absolute internal ram data
                                     39 ;--------------------------------------------------------
                                     40 	.area IABS    (ABS,DATA)
                                     41 	.area IABS    (ABS,DATA)
                                     42 ;--------------------------------------------------------
                                     43 ; bit data
                                     44 ;--------------------------------------------------------
                                     45 	.area BSEG    (BIT)
                                     46 ;--------------------------------------------------------
                                     47 ; paged external ram data
                                     48 ;--------------------------------------------------------
                                     49 	.area PSEG    (PAG,XDATA)
                                     50 ;--------------------------------------------------------
                                     51 ; uninitialized external ram data
                                     52 ;--------------------------------------------------------
                                     53 	.area XSEG    (XDATA)
                                     54 ;--------------------------------------------------------
                                     55 ; absolute external ram data
                                     56 ;--------------------------------------------------------
                                     57 	.area XABS    (ABS,XDATA)
                                     58 ;--------------------------------------------------------
                                     59 ; initialized external ram data
                                     60 ;--------------------------------------------------------
                                     61 	.area XISEG   (XDATA)
                                     62 	.area HOME    (CODE)
                                     63 	.area GSINIT0 (CODE)
                                     64 	.area GSINIT1 (CODE)
                                     65 	.area GSINIT2 (CODE)
                                     66 	.area GSINIT3 (CODE)
                                     67 	.area GSINIT4 (CODE)
                                     68 	.area GSINIT5 (CODE)
                                     69 	.area GSINIT  (CODE)
                                     70 	.area GSFINAL (CODE)
                                     71 	.area CSEG    (CODE)
                                     72 ;--------------------------------------------------------
                                     73 ; global & static initialisations
                                     74 ;--------------------------------------------------------
                                     75 	.area HOME    (CODE)
                                     76 	.area GSINIT  (CODE)
                                     77 	.area GSFINAL (CODE)
                                     78 	.area GSINIT  (CODE)
                                     79 ;--------------------------------------------------------
                                     80 ; Home
                                     81 ;--------------------------------------------------------
                                     82 	.area HOME    (CODE)
                                     83 	.area HOME    (CODE)
                                     84 ;--------------------------------------------------------
                                     85 ; code
                                     86 ;--------------------------------------------------------
                                     87 	.area CSEG    (CODE)
                                     88 ;------------------------------------------------------------
                                     89 ;Allocation info for local variables in function 'dummy'
                                     90 ;------------------------------------------------------------
                                     91 ;	_ulong2fs.c:37: static void dummy(void) __naked
                                     92 ;	-----------------------------------------
                                     93 ;	 function dummy
                                     94 ;	-----------------------------------------
      000000                         95 _dummy:
                                     96 ;	naked function: no prologue.
                                     97 ;	_ulong2fs.c:54: __endasm;
                                     98 	.globl	___ulong2fs
      000000                         99 ___ulong2fs:
      000000 FC               [12]  100 	mov	r4, a
      000001 AB F0            [24]  101 	mov	r3, b
      000003 AA 83            [24]  102 	mov	r2, dph
      000005 A9 82            [24]  103 	mov	r1, dpl
      000007 74 9E            [12]  104 	mov	a, #158
                                    105 	.globl	ulong2fs_doit
      000009                        106 ulong2fs_doit:
      000009 C2 D1            [12]  107 	clr	psw.1
      00000B                        108 long2fs_doit:
      00000B F5 82            [12]  109 	mov	dpl, a
      00000D 12r00r00         [24]  110 	lcall	fs_normalize_a
      000010 02r00r00         [24]  111 	ljmp	fs_round_and_return
                                    112 ;	_ulong2fs.c:55: }
                                    113 ;	naked function: no epilogue.
                                    114 	.area CSEG    (CODE)
                                    115 	.area CONST   (CODE)
                                    116 	.area XINIT   (CODE)
                                    117 	.area CABS    (ABS,CODE)
