                                      1 ;--------------------------------------------------------
                                      2 ; File Created by SDCC : free open source ISO C Compiler 
                                      3 ; Version 4.2.14 #0 (Linux)
                                      4 ;--------------------------------------------------------
                                      5 	.module btowc
                                      6 	.optsdcc -mmcs51 --model-medium
                                      7 	
                                      8 ;--------------------------------------------------------
                                      9 ; Public variables in this module
                                     10 ;--------------------------------------------------------
                                     11 	.globl _btowc
                                     12 ;--------------------------------------------------------
                                     13 ; special function registers
                                     14 ;--------------------------------------------------------
                                     15 	.area RSEG    (ABS,DATA)
      000000                         16 	.org 0x0000
                                     17 ;--------------------------------------------------------
                                     18 ; special function bits
                                     19 ;--------------------------------------------------------
                                     20 	.area RSEG    (ABS,DATA)
      000000                         21 	.org 0x0000
                                     22 ;--------------------------------------------------------
                                     23 ; overlayable register banks
                                     24 ;--------------------------------------------------------
                                     25 	.area REG_BANK_0	(REL,OVR,DATA)
      000000                         26 	.ds 8
                                     27 ;--------------------------------------------------------
                                     28 ; internal ram data
                                     29 ;--------------------------------------------------------
                                     30 	.area DSEG    (DATA)
                                     31 ;--------------------------------------------------------
                                     32 ; overlayable items in internal ram
                                     33 ;--------------------------------------------------------
                                     34 ;--------------------------------------------------------
                                     35 ; indirectly addressable internal ram data
                                     36 ;--------------------------------------------------------
                                     37 	.area ISEG    (DATA)
                                     38 ;--------------------------------------------------------
                                     39 ; absolute internal ram data
                                     40 ;--------------------------------------------------------
                                     41 	.area IABS    (ABS,DATA)
                                     42 	.area IABS    (ABS,DATA)
                                     43 ;--------------------------------------------------------
                                     44 ; bit data
                                     45 ;--------------------------------------------------------
                                     46 	.area BSEG    (BIT)
                                     47 ;--------------------------------------------------------
                                     48 ; paged external ram data
                                     49 ;--------------------------------------------------------
                                     50 	.area PSEG    (PAG,XDATA)
                                     51 ;--------------------------------------------------------
                                     52 ; uninitialized external ram data
                                     53 ;--------------------------------------------------------
                                     54 	.area XSEG    (XDATA)
                                     55 ;--------------------------------------------------------
                                     56 ; absolute external ram data
                                     57 ;--------------------------------------------------------
                                     58 	.area XABS    (ABS,XDATA)
                                     59 ;--------------------------------------------------------
                                     60 ; initialized external ram data
                                     61 ;--------------------------------------------------------
                                     62 	.area XISEG   (XDATA)
                                     63 	.area HOME    (CODE)
                                     64 	.area GSINIT0 (CODE)
                                     65 	.area GSINIT1 (CODE)
                                     66 	.area GSINIT2 (CODE)
                                     67 	.area GSINIT3 (CODE)
                                     68 	.area GSINIT4 (CODE)
                                     69 	.area GSINIT5 (CODE)
                                     70 	.area GSINIT  (CODE)
                                     71 	.area GSFINAL (CODE)
                                     72 	.area CSEG    (CODE)
                                     73 ;--------------------------------------------------------
                                     74 ; global & static initialisations
                                     75 ;--------------------------------------------------------
                                     76 	.area HOME    (CODE)
                                     77 	.area GSINIT  (CODE)
                                     78 	.area GSFINAL (CODE)
                                     79 	.area GSINIT  (CODE)
                                     80 ;--------------------------------------------------------
                                     81 ; Home
                                     82 ;--------------------------------------------------------
                                     83 	.area HOME    (CODE)
                                     84 	.area HOME    (CODE)
                                     85 ;--------------------------------------------------------
                                     86 ; code
                                     87 ;--------------------------------------------------------
                                     88 	.area CSEG    (CODE)
                                     89 ;------------------------------------------------------------
                                     90 ;Allocation info for local variables in function 'btowc'
                                     91 ;------------------------------------------------------------
                                     92 ;	btowc.c:35: wint_t btowc(int c)
                                     93 ;	-----------------------------------------
                                     94 ;	 function btowc
                                     95 ;	-----------------------------------------
      000000                         96 _btowc:
                           000007    97 	ar7 = 0x07
                           000006    98 	ar6 = 0x06
                           000005    99 	ar5 = 0x05
                           000004   100 	ar4 = 0x04
                           000003   101 	ar3 = 0x03
                           000002   102 	ar2 = 0x02
                           000001   103 	ar1 = 0x01
                           000000   104 	ar0 = 0x00
      000000 AE 82            [24]  105 	mov	r6,dpl
                                    106 ;	btowc.c:37: char d = (unsigned char)c;
                                    107 ;	btowc.c:38: if(d & 0x80)
      000002 EE               [12]  108 	mov	a,r6
      000003 30 E7 08         [24]  109 	jnb	acc.7,00102$
                                    110 ;	btowc.c:39: return WEOF;
      000006 90 FF FF         [24]  111 	mov	dptr,#0xffff
      000009 74 FF            [12]  112 	mov	a,#0xff
      00000B F5 F0            [12]  113 	mov	b,a
      00000D 22               [24]  114 	ret
      00000E                        115 00102$:
                                    116 ;	btowc.c:40: return d;
      00000E 7F 00            [12]  117 	mov	r7,#0x00
      000010 7D 00            [12]  118 	mov	r5,#0x00
      000012 7C 00            [12]  119 	mov	r4,#0x00
      000014 8E 82            [24]  120 	mov	dpl,r6
      000016 8F 83            [24]  121 	mov	dph,r7
      000018 8D F0            [24]  122 	mov	b,r5
      00001A EC               [12]  123 	mov	a,r4
                                    124 ;	btowc.c:41: }
      00001B 22               [24]  125 	ret
                                    126 	.area CSEG    (CODE)
                                    127 	.area CONST   (CODE)
                                    128 	.area XINIT   (CODE)
                                    129 	.area CABS    (ABS,CODE)
