                                      1 ;--------------------------------------------------------
                                      2 ; File Created by SDCC : free open source ISO C Compiler 
                                      3 ; Version 4.2.14 #0 (Linux)
                                      4 ;--------------------------------------------------------
                                      5 	.module powf
                                      6 	.optsdcc -mmcs51 --model-medium
                                      7 	
                                      8 ;--------------------------------------------------------
                                      9 ; Public variables in this module
                                     10 ;--------------------------------------------------------
                                     11 	.globl _logf
                                     12 	.globl _expf
                                     13 	.globl _powf_PARM_2
                                     14 	.globl _powf
                                     15 ;--------------------------------------------------------
                                     16 ; special function registers
                                     17 ;--------------------------------------------------------
                                     18 	.area RSEG    (ABS,DATA)
      000000                         19 	.org 0x0000
                                     20 ;--------------------------------------------------------
                                     21 ; special function bits
                                     22 ;--------------------------------------------------------
                                     23 	.area RSEG    (ABS,DATA)
      000000                         24 	.org 0x0000
                                     25 ;--------------------------------------------------------
                                     26 ; overlayable register banks
                                     27 ;--------------------------------------------------------
                                     28 	.area REG_BANK_0	(REL,OVR,DATA)
      000000                         29 	.ds 8
                                     30 ;--------------------------------------------------------
                                     31 ; internal ram data
                                     32 ;--------------------------------------------------------
                                     33 	.area DSEG    (DATA)
                                     34 ;--------------------------------------------------------
                                     35 ; overlayable items in internal ram
                                     36 ;--------------------------------------------------------
                                     37 ;--------------------------------------------------------
                                     38 ; indirectly addressable internal ram data
                                     39 ;--------------------------------------------------------
                                     40 	.area ISEG    (DATA)
                                     41 ;--------------------------------------------------------
                                     42 ; absolute internal ram data
                                     43 ;--------------------------------------------------------
                                     44 	.area IABS    (ABS,DATA)
                                     45 	.area IABS    (ABS,DATA)
                                     46 ;--------------------------------------------------------
                                     47 ; bit data
                                     48 ;--------------------------------------------------------
                                     49 	.area BSEG    (BIT)
      000000                         50 _powf_sloc0_1_0:
      000000                         51 	.ds 1
                                     52 ;--------------------------------------------------------
                                     53 ; paged external ram data
                                     54 ;--------------------------------------------------------
                                     55 	.area PSEG    (PAG,XDATA)
      000000                         56 _powf_PARM_2:
      000000                         57 	.ds 4
                                     58 ;--------------------------------------------------------
                                     59 ; uninitialized external ram data
                                     60 ;--------------------------------------------------------
                                     61 	.area XSEG    (XDATA)
                                     62 ;--------------------------------------------------------
                                     63 ; absolute external ram data
                                     64 ;--------------------------------------------------------
                                     65 	.area XABS    (ABS,XDATA)
                                     66 ;--------------------------------------------------------
                                     67 ; initialized external ram data
                                     68 ;--------------------------------------------------------
                                     69 	.area XISEG   (XDATA)
                                     70 	.area HOME    (CODE)
                                     71 	.area GSINIT0 (CODE)
                                     72 	.area GSINIT1 (CODE)
                                     73 	.area GSINIT2 (CODE)
                                     74 	.area GSINIT3 (CODE)
                                     75 	.area GSINIT4 (CODE)
                                     76 	.area GSINIT5 (CODE)
                                     77 	.area GSINIT  (CODE)
                                     78 	.area GSFINAL (CODE)
                                     79 	.area CSEG    (CODE)
                                     80 ;--------------------------------------------------------
                                     81 ; global & static initialisations
                                     82 ;--------------------------------------------------------
                                     83 	.area HOME    (CODE)
                                     84 	.area GSINIT  (CODE)
                                     85 	.area GSFINAL (CODE)
                                     86 	.area GSINIT  (CODE)
                                     87 ;--------------------------------------------------------
                                     88 ; Home
                                     89 ;--------------------------------------------------------
                                     90 	.area HOME    (CODE)
                                     91 	.area HOME    (CODE)
                                     92 ;--------------------------------------------------------
                                     93 ; code
                                     94 ;--------------------------------------------------------
                                     95 	.area CSEG    (CODE)
                                     96 ;------------------------------------------------------------
                                     97 ;Allocation info for local variables in function 'powf'
                                     98 ;------------------------------------------------------------
                                     99 ;	powf.c:35: float powf(float x, float y)
                                    100 ;	-----------------------------------------
                                    101 ;	 function powf
                                    102 ;	-----------------------------------------
      000000                        103 _powf:
                           000007   104 	ar7 = 0x07
                           000006   105 	ar6 = 0x06
                           000005   106 	ar5 = 0x05
                           000004   107 	ar4 = 0x04
                           000003   108 	ar3 = 0x03
                           000002   109 	ar2 = 0x02
                           000001   110 	ar1 = 0x01
                           000000   111 	ar0 = 0x00
      000000 AC 82            [24]  112 	mov	r4,dpl
      000002 AD 83            [24]  113 	mov	r5,dph
      000004 AE F0            [24]  114 	mov	r6,b
      000006 FF               [12]  115 	mov	r7,a
                                    116 ;	powf.c:37: if(y == 0.0) return 1.0;
      000007 78r00            [12]  117 	mov	r0,#_powf_PARM_2
      000009 E2               [24]  118 	movx	a,@r0
      00000A F5 F0            [12]  119 	mov	b,a
      00000C 08               [12]  120 	inc	r0
      00000D E2               [24]  121 	movx	a,@r0
      00000E 42 F0            [12]  122 	orl	b,a
      000010 08               [12]  123 	inc	r0
      000011 E2               [24]  124 	movx	a,@r0
      000012 42 F0            [12]  125 	orl	b,a
      000014 08               [12]  126 	inc	r0
      000015 E2               [24]  127 	movx	a,@r0
      000016 54 7F            [12]  128 	anl	a,#0x7F
      000018 45 F0            [12]  129 	orl	a,b
      00001A 70 09            [24]  130 	jnz	00102$
      00001C 90 00 00         [24]  131 	mov	dptr,#0x0000
      00001F 75 F0 80         [24]  132 	mov	b,#0x80
      000022 74 3F            [12]  133 	mov	a,#0x3f
      000024 22               [24]  134 	ret
      000025                        135 00102$:
                                    136 ;	powf.c:38: if(y == 1.0) return x;
      000025 C0 07            [24]  137 	push	ar7
      000027 C0 06            [24]  138 	push	ar6
      000029 C0 05            [24]  139 	push	ar5
      00002B C0 04            [24]  140 	push	ar4
      00002D E4               [12]  141 	clr	a
      00002E C0 E0            [24]  142 	push	acc
      000030 C0 E0            [24]  143 	push	acc
      000032 74 80            [12]  144 	mov	a,#0x80
      000034 C0 E0            [24]  145 	push	acc
      000036 74 3F            [12]  146 	mov	a,#0x3f
      000038 C0 E0            [24]  147 	push	acc
      00003A 78r00            [12]  148 	mov	r0,#_powf_PARM_2
      00003C E2               [24]  149 	movx	a,@r0
      00003D F5 82            [12]  150 	mov	dpl,a
      00003F 08               [12]  151 	inc	r0
      000040 E2               [24]  152 	movx	a,@r0
      000041 F5 83            [12]  153 	mov	dph,a
      000043 08               [12]  154 	inc	r0
      000044 E2               [24]  155 	movx	a,@r0
      000045 F5 F0            [12]  156 	mov	b,a
      000047 08               [12]  157 	inc	r0
      000048 E2               [24]  158 	movx	a,@r0
      000049 12r00r00         [24]  159 	lcall	___fseq
      00004C AB 82            [24]  160 	mov	r3,dpl
      00004E E5 81            [12]  161 	mov	a,sp
      000050 24 FC            [12]  162 	add	a,#0xfc
      000052 F5 81            [12]  163 	mov	sp,a
      000054 D0 04            [24]  164 	pop	ar4
      000056 D0 05            [24]  165 	pop	ar5
      000058 D0 06            [24]  166 	pop	ar6
      00005A D0 07            [24]  167 	pop	ar7
      00005C EB               [12]  168 	mov	a,r3
      00005D 60 08            [24]  169 	jz	00104$
      00005F 8C 82            [24]  170 	mov	dpl,r4
      000061 8D 83            [24]  171 	mov	dph,r5
      000063 8E F0            [24]  172 	mov	b,r6
      000065 EF               [12]  173 	mov	a,r7
      000066 22               [24]  174 	ret
      000067                        175 00104$:
                                    176 ;	powf.c:39: if(x <= 0.0) return 0.0;
      000067 C0 07            [24]  177 	push	ar7
      000069 C0 06            [24]  178 	push	ar6
      00006B C0 05            [24]  179 	push	ar5
      00006D C0 04            [24]  180 	push	ar4
      00006F C0 04            [24]  181 	push	ar4
      000071 C0 05            [24]  182 	push	ar5
      000073 C0 06            [24]  183 	push	ar6
      000075 C0 07            [24]  184 	push	ar7
      000077 90 00 00         [24]  185 	mov	dptr,#(0x00&0x00ff)
      00007A E4               [12]  186 	clr	a
      00007B F5 F0            [12]  187 	mov	b,a
      00007D 12r00r00         [24]  188 	lcall	___fslt
      000080 E5 81            [12]  189 	mov	a,sp
      000082 24 FC            [12]  190 	add	a,#0xfc
      000084 F5 81            [12]  191 	mov	sp,a
      000086 D0 04            [24]  192 	pop	ar4
      000088 D0 05            [24]  193 	pop	ar5
      00008A D0 06            [24]  194 	pop	ar6
      00008C D0 07            [24]  195 	pop	ar7
      00008E E5 82            [12]  196 	mov	a,dpl
      000090 24 FF            [12]  197 	add	a,#0xff
      000092 92*00            [24]  198 	mov	_powf_sloc0_1_0,c
      000094 40 07            [24]  199 	jc	00106$
      000096 90 00 00         [24]  200 	mov	dptr,#(0x00&0x00ff)
      000099 E4               [12]  201 	clr	a
      00009A F5 F0            [12]  202 	mov	b,a
      00009C 22               [24]  203 	ret
      00009D                        204 00106$:
                                    205 ;	powf.c:40: return expf(logf(x) * y);
      00009D 8C 82            [24]  206 	mov	dpl,r4
      00009F 8D 83            [24]  207 	mov	dph,r5
      0000A1 8E F0            [24]  208 	mov	b,r6
      0000A3 EF               [12]  209 	mov	a,r7
      0000A4 12r00r00         [24]  210 	lcall	_logf
      0000A7 AC 82            [24]  211 	mov	r4,dpl
      0000A9 AD 83            [24]  212 	mov	r5,dph
      0000AB AE F0            [24]  213 	mov	r6,b
      0000AD FF               [12]  214 	mov	r7,a
      0000AE 78r00            [12]  215 	mov	r0,#_powf_PARM_2
      0000B0 E2               [24]  216 	movx	a,@r0
      0000B1 C0 E0            [24]  217 	push	acc
      0000B3 08               [12]  218 	inc	r0
      0000B4 E2               [24]  219 	movx	a,@r0
      0000B5 C0 E0            [24]  220 	push	acc
      0000B7 08               [12]  221 	inc	r0
      0000B8 E2               [24]  222 	movx	a,@r0
      0000B9 C0 E0            [24]  223 	push	acc
      0000BB 08               [12]  224 	inc	r0
      0000BC E2               [24]  225 	movx	a,@r0
      0000BD C0 E0            [24]  226 	push	acc
      0000BF 8C 82            [24]  227 	mov	dpl,r4
      0000C1 8D 83            [24]  228 	mov	dph,r5
      0000C3 8E F0            [24]  229 	mov	b,r6
      0000C5 EF               [12]  230 	mov	a,r7
      0000C6 12r00r00         [24]  231 	lcall	___fsmul
      0000C9 AC 82            [24]  232 	mov	r4,dpl
      0000CB AD 83            [24]  233 	mov	r5,dph
      0000CD AE F0            [24]  234 	mov	r6,b
      0000CF FF               [12]  235 	mov	r7,a
      0000D0 E5 81            [12]  236 	mov	a,sp
      0000D2 24 FC            [12]  237 	add	a,#0xfc
      0000D4 F5 81            [12]  238 	mov	sp,a
      0000D6 8C 82            [24]  239 	mov	dpl,r4
      0000D8 8D 83            [24]  240 	mov	dph,r5
      0000DA 8E F0            [24]  241 	mov	b,r6
      0000DC EF               [12]  242 	mov	a,r7
                                    243 ;	powf.c:41: }
      0000DD 02r00r00         [24]  244 	ljmp	_expf
                                    245 	.area CSEG    (CODE)
                                    246 	.area CONST   (CODE)
                                    247 	.area XINIT   (CODE)
                                    248 	.area CABS    (ABS,CODE)
