                                      1 ;--------------------------------------------------------
                                      2 ; File Created by SDCC : free open source ISO C Compiler 
                                      3 ; Version 4.2.14 #0 (Linux)
                                      4 ;--------------------------------------------------------
                                      5 	.module isprint
                                      6 	.optsdcc -mmcs51 --model-large
                                      7 	
                                      8 ;--------------------------------------------------------
                                      9 ; Public variables in this module
                                     10 ;--------------------------------------------------------
                                     11 	.globl _isprint
                                     12 ;--------------------------------------------------------
                                     13 ; special function registers
                                     14 ;--------------------------------------------------------
                                     15 	.area RSEG    (ABS,DATA)
      000000                         16 	.org 0x0000
                                     17 ;--------------------------------------------------------
                                     18 ; special function bits
                                     19 ;--------------------------------------------------------
                                     20 	.area RSEG    (ABS,DATA)
      000000                         21 	.org 0x0000
                                     22 ;--------------------------------------------------------
                                     23 ; overlayable register banks
                                     24 ;--------------------------------------------------------
                                     25 	.area REG_BANK_0	(REL,OVR,DATA)
      000000                         26 	.ds 8
                                     27 ;--------------------------------------------------------
                                     28 ; overlayable bit register bank
                                     29 ;--------------------------------------------------------
                                     30 	.area BIT_BANK	(REL,OVR,DATA)
      000000                         31 bits:
      000000                         32 	.ds 1
                           008000    33 	b0 = bits[0]
                           008100    34 	b1 = bits[1]
                           008200    35 	b2 = bits[2]
                           008300    36 	b3 = bits[3]
                           008400    37 	b4 = bits[4]
                           008500    38 	b5 = bits[5]
                           008600    39 	b6 = bits[6]
                           008700    40 	b7 = bits[7]
                                     41 ;--------------------------------------------------------
                                     42 ; internal ram data
                                     43 ;--------------------------------------------------------
                                     44 	.area DSEG    (DATA)
                                     45 ;--------------------------------------------------------
                                     46 ; overlayable items in internal ram
                                     47 ;--------------------------------------------------------
                                     48 ;--------------------------------------------------------
                                     49 ; indirectly addressable internal ram data
                                     50 ;--------------------------------------------------------
                                     51 	.area ISEG    (DATA)
                                     52 ;--------------------------------------------------------
                                     53 ; absolute internal ram data
                                     54 ;--------------------------------------------------------
                                     55 	.area IABS    (ABS,DATA)
                                     56 	.area IABS    (ABS,DATA)
                                     57 ;--------------------------------------------------------
                                     58 ; bit data
                                     59 ;--------------------------------------------------------
                                     60 	.area BSEG    (BIT)
                                     61 ;--------------------------------------------------------
                                     62 ; paged external ram data
                                     63 ;--------------------------------------------------------
                                     64 	.area PSEG    (PAG,XDATA)
                                     65 ;--------------------------------------------------------
                                     66 ; uninitialized external ram data
                                     67 ;--------------------------------------------------------
                                     68 	.area XSEG    (XDATA)
                                     69 ;--------------------------------------------------------
                                     70 ; absolute external ram data
                                     71 ;--------------------------------------------------------
                                     72 	.area XABS    (ABS,XDATA)
                                     73 ;--------------------------------------------------------
                                     74 ; initialized external ram data
                                     75 ;--------------------------------------------------------
                                     76 	.area XISEG   (XDATA)
                                     77 	.area HOME    (CODE)
                                     78 	.area GSINIT0 (CODE)
                                     79 	.area GSINIT1 (CODE)
                                     80 	.area GSINIT2 (CODE)
                                     81 	.area GSINIT3 (CODE)
                                     82 	.area GSINIT4 (CODE)
                                     83 	.area GSINIT5 (CODE)
                                     84 	.area GSINIT  (CODE)
                                     85 	.area GSFINAL (CODE)
                                     86 	.area CSEG    (CODE)
                                     87 ;--------------------------------------------------------
                                     88 ; global & static initialisations
                                     89 ;--------------------------------------------------------
                                     90 	.area HOME    (CODE)
                                     91 	.area GSINIT  (CODE)
                                     92 	.area GSFINAL (CODE)
                                     93 	.area GSINIT  (CODE)
                                     94 ;--------------------------------------------------------
                                     95 ; Home
                                     96 ;--------------------------------------------------------
                                     97 	.area HOME    (CODE)
                                     98 	.area HOME    (CODE)
                                     99 ;--------------------------------------------------------
                                    100 ; code
                                    101 ;--------------------------------------------------------
                                    102 	.area CSEG    (CODE)
                                    103 ;------------------------------------------------------------
                                    104 ;Allocation info for local variables in function 'isprint'
                                    105 ;------------------------------------------------------------
                                    106 ;c                         Allocated to registers r6 r7 
                                    107 ;------------------------------------------------------------
                                    108 ;	isprint.c:33: int isprint (int c)
                                    109 ;	-----------------------------------------
                                    110 ;	 function isprint
                                    111 ;	-----------------------------------------
      000000                        112 _isprint:
                           000007   113 	ar7 = 0x07
                           000006   114 	ar6 = 0x06
                           000005   115 	ar5 = 0x05
                           000004   116 	ar4 = 0x04
                           000003   117 	ar3 = 0x03
                           000002   118 	ar2 = 0x02
                           000001   119 	ar1 = 0x01
                           000000   120 	ar0 = 0x00
      000000 AE 82            [24]  121 	mov	r6,dpl
      000002 AF 83            [24]  122 	mov	r7,dph
                                    123 ;	isprint.c:35: return (c >= ' ' && c <= '~');
      000004 C3               [12]  124 	clr	c
      000005 EE               [12]  125 	mov	a,r6
      000006 94 20            [12]  126 	subb	a,#0x20
      000008 EF               [12]  127 	mov	a,r7
      000009 64 80            [12]  128 	xrl	a,#0x80
      00000B 94 80            [12]  129 	subb	a,#0x80
      00000D 92*00            [24]  130 	mov	b0,c
      00000F 40 11            [24]  131 	jc	00103$
      000011 C3               [12]  132 	clr	c
      000012 74 7E            [12]  133 	mov	a,#0x7e
      000014 9E               [12]  134 	subb	a,r6
      000015 74 80            [12]  135 	mov	a,#(0x00 ^ 0x80)
      000017 8F F0            [24]  136 	mov	b,r7
      000019 63 F0 80         [24]  137 	xrl	b,#0x80
      00001C 95 F0            [12]  138 	subb	a,b
      00001E 92*00            [24]  139 	mov	b0,c
      000020 50 04            [24]  140 	jnc	00104$
      000022                        141 00103$:
                                    142 ;	assignBit
      000022 C2*00            [12]  143 	clr	b0
      000024 80 02            [24]  144 	sjmp	00105$
      000026                        145 00104$:
                                    146 ;	assignBit
      000026 D2*00            [12]  147 	setb	b0
      000028                        148 00105$:
      000028 A2*00            [12]  149 	mov	c,b0
      00002A E4               [12]  150 	clr	a
      00002B 33               [12]  151 	rlc	a
      00002C FE               [12]  152 	mov	r6,a
      00002D 7F 00            [12]  153 	mov	r7,#0x00
      00002F 8E 82            [24]  154 	mov	dpl,r6
      000031 8F 83            [24]  155 	mov	dph,r7
                                    156 ;	isprint.c:36: }
      000033 22               [24]  157 	ret
                                    158 	.area CSEG    (CODE)
                                    159 	.area CONST   (CODE)
                                    160 	.area XINIT   (CODE)
                                    161 	.area CABS    (ABS,CODE)
