                                      1 ;--------------------------------------------------------
                                      2 ; File Created by SDCC : free open source ISO C Compiler 
                                      3 ; Version 4.2.14 #0 (Linux)
                                      4 ;--------------------------------------------------------
                                      5 	.module _fs2schar
                                      6 	.optsdcc -mmcs51 --model-huge
                                      7 	
                                      8 ;--------------------------------------------------------
                                      9 ; Public variables in this module
                                     10 ;--------------------------------------------------------
                                     11 ;--------------------------------------------------------
                                     12 ; special function registers
                                     13 ;--------------------------------------------------------
                                     14 	.area RSEG    (ABS,DATA)
      000000                         15 	.org 0x0000
                                     16 ;--------------------------------------------------------
                                     17 ; special function bits
                                     18 ;--------------------------------------------------------
                                     19 	.area RSEG    (ABS,DATA)
      000000                         20 	.org 0x0000
                                     21 ;--------------------------------------------------------
                                     22 ; overlayable register banks
                                     23 ;--------------------------------------------------------
                                     24 	.area REG_BANK_0	(REL,OVR,DATA)
      000000                         25 	.ds 8
                                     26 ;--------------------------------------------------------
                                     27 ; internal ram data
                                     28 ;--------------------------------------------------------
                                     29 	.area DSEG    (DATA)
                                     30 ;--------------------------------------------------------
                                     31 ; overlayable items in internal ram
                                     32 ;--------------------------------------------------------
                                     33 ;--------------------------------------------------------
                                     34 ; indirectly addressable internal ram data
                                     35 ;--------------------------------------------------------
                                     36 	.area ISEG    (DATA)
                                     37 ;--------------------------------------------------------
                                     38 ; absolute internal ram data
                                     39 ;--------------------------------------------------------
                                     40 	.area IABS    (ABS,DATA)
                                     41 	.area IABS    (ABS,DATA)
                                     42 ;--------------------------------------------------------
                                     43 ; bit data
                                     44 ;--------------------------------------------------------
                                     45 	.area BSEG    (BIT)
                                     46 ;--------------------------------------------------------
                                     47 ; paged external ram data
                                     48 ;--------------------------------------------------------
                                     49 	.area PSEG    (PAG,XDATA)
                                     50 ;--------------------------------------------------------
                                     51 ; uninitialized external ram data
                                     52 ;--------------------------------------------------------
                                     53 	.area XSEG    (XDATA)
                                     54 ;--------------------------------------------------------
                                     55 ; absolute external ram data
                                     56 ;--------------------------------------------------------
                                     57 	.area XABS    (ABS,XDATA)
                                     58 ;--------------------------------------------------------
                                     59 ; initialized external ram data
                                     60 ;--------------------------------------------------------
                                     61 	.area XISEG   (XDATA)
                                     62 	.area HOME    (CODE)
                                     63 	.area GSINIT0 (CODE)
                                     64 	.area GSINIT1 (CODE)
                                     65 	.area GSINIT2 (CODE)
                                     66 	.area GSINIT3 (CODE)
                                     67 	.area GSINIT4 (CODE)
                                     68 	.area GSINIT5 (CODE)
                                     69 	.area GSINIT  (CODE)
                                     70 	.area GSFINAL (CODE)
                                     71 	.area CSEG    (CODE)
                                     72 ;--------------------------------------------------------
                                     73 ; global & static initialisations
                                     74 ;--------------------------------------------------------
                                     75 	.area HOME    (CODE)
                                     76 	.area GSINIT  (CODE)
                                     77 	.area GSFINAL (CODE)
                                     78 	.area GSINIT  (CODE)
                                     79 ;--------------------------------------------------------
                                     80 ; Home
                                     81 ;--------------------------------------------------------
                                     82 	.area HOME    (CODE)
                                     83 	.area HOME    (CODE)
                                     84 ;--------------------------------------------------------
                                     85 ; code
                                     86 ;--------------------------------------------------------
                                     87 	.area CSEG    (CODE)
                                     88 ;------------------------------------------------------------
                                     89 ;Allocation info for local variables in function 'dummy'
                                     90 ;------------------------------------------------------------
                                     91 ;	_fs2schar.c:38: static void dummy(void) __naked
                                     92 ;	-----------------------------------------
                                     93 ;	 function dummy
                                     94 ;	-----------------------------------------
      000000                         95 _dummy:
                                     96 ;	naked function: no prologue.
                                     97 ;	_fs2schar.c:81: __endasm;
                                     98 	.globl	___fs2schar
      000000                         99 ___fs2schar:
      000000 12r00r00         [24]  100 	lcall	___fs2slong
      000003 70 0A            [24]  101 	jnz	fs2schar_not_zero
      000005 E5 82            [12]  102 	mov	a, dpl
      000007 45 83            [12]  103 	orl	a, dph
      000009 45 F0            [12]  104 	orl	a, b
      00000B 70 01            [24]  105 	jnz	fs2schar_clr_a
      00000D 22               [24]  106 	ret
      00000E                        107 fs2schar_clr_a:
      00000E E4               [12]  108 	clr	a
      00000F                        109 fs2schar_not_zero:
      00000F 30 D1 17         [24]  110 	jnb	psw.1, fs2schar_pos
      000012                        111 fs2schar_neg:
      000012 F4               [12]  112 	cpl	a
      000013 70 10            [24]  113 	jnz	fs2schar_maxval_neg
      000015 E5 F0            [12]  114 	mov	a, b
      000017 F4               [12]  115 	cpl	a
      000018 70 0B            [24]  116 	jnz	fs2schar_maxval_neg
      00001A E5 83            [12]  117 	mov	a, dph
      00001C F4               [12]  118 	cpl	a
      00001D 70 06            [24]  119 	jnz	fs2schar_maxval_neg
      00001F E5 82            [12]  120 	mov	a, dpl
      000021 30 E7 01         [24]  121 	jnb	acc.7, fs2schar_maxval_neg
      000024 22               [24]  122 	ret
      000025                        123 fs2schar_maxval_neg:
      000025 75 82 80         [24]  124 	mov	dpl, #0x80
      000028 22               [24]  125 	ret
      000029                        126 fs2schar_pos:
      000029 70 0E            [24]  127 	jnz	fs2schar_maxval_pos
      00002B E5 F0            [12]  128 	mov	a, b
      00002D 70 0A            [24]  129 	jnz	fs2schar_maxval_pos
      00002F E5 83            [12]  130 	mov	a, dph
      000031 70 06            [24]  131 	jnz	fs2schar_maxval_pos
      000033 E5 82            [12]  132 	mov	a, dpl
      000035 20 E7 01         [24]  133 	jb	acc.7, fs2schar_maxval_pos
      000038 22               [24]  134 	ret
      000039                        135 fs2schar_maxval_pos:
      000039 75 82 7F         [24]  136 	mov	dpl, #0x7F
      00003C 22               [24]  137 	ret
                                    138 ;	_fs2schar.c:82: }
                                    139 ;	naked function: no epilogue.
                                    140 	.area CSEG    (CODE)
                                    141 	.area CONST   (CODE)
                                    142 	.area XINIT   (CODE)
                                    143 	.area CABS    (ABS,CODE)
