                                      1 ;--------------------------------------------------------
                                      2 ; File Created by SDCC : free open source ISO C Compiler 
                                      3 ; Version 4.2.14 #0 (Linux)
                                      4 ;--------------------------------------------------------
                                      5 	.module _modslonglong
                                      6 	.optsdcc -mmcs51 --model-huge
                                      7 	
                                      8 ;--------------------------------------------------------
                                      9 ; Public variables in this module
                                     10 ;--------------------------------------------------------
                                     11 	.globl __modslonglong_PARM_2
                                     12 	.globl __modslonglong
                                     13 ;--------------------------------------------------------
                                     14 ; special function registers
                                     15 ;--------------------------------------------------------
                                     16 	.area RSEG    (ABS,DATA)
      000000                         17 	.org 0x0000
                                     18 ;--------------------------------------------------------
                                     19 ; special function bits
                                     20 ;--------------------------------------------------------
                                     21 	.area RSEG    (ABS,DATA)
      000000                         22 	.org 0x0000
                                     23 ;--------------------------------------------------------
                                     24 ; overlayable register banks
                                     25 ;--------------------------------------------------------
                                     26 	.area REG_BANK_0	(REL,OVR,DATA)
      000000                         27 	.ds 8
                                     28 ;--------------------------------------------------------
                                     29 ; internal ram data
                                     30 ;--------------------------------------------------------
                                     31 	.area DSEG    (DATA)
      000000                         32 __modslonglong_sloc0_1_0:
      000000                         33 	.ds 8
                                     34 ;--------------------------------------------------------
                                     35 ; overlayable items in internal ram
                                     36 ;--------------------------------------------------------
                                     37 ;--------------------------------------------------------
                                     38 ; indirectly addressable internal ram data
                                     39 ;--------------------------------------------------------
                                     40 	.area ISEG    (DATA)
                                     41 ;--------------------------------------------------------
                                     42 ; absolute internal ram data
                                     43 ;--------------------------------------------------------
                                     44 	.area IABS    (ABS,DATA)
                                     45 	.area IABS    (ABS,DATA)
                                     46 ;--------------------------------------------------------
                                     47 ; bit data
                                     48 ;--------------------------------------------------------
                                     49 	.area BSEG    (BIT)
                                     50 ;--------------------------------------------------------
                                     51 ; paged external ram data
                                     52 ;--------------------------------------------------------
                                     53 	.area PSEG    (PAG,XDATA)
                                     54 ;--------------------------------------------------------
                                     55 ; uninitialized external ram data
                                     56 ;--------------------------------------------------------
                                     57 	.area XSEG    (XDATA)
      000000                         58 __modslonglong_PARM_2:
      000000                         59 	.ds 8
      000008                         60 __modslonglong_numerator_65536_1:
      000008                         61 	.ds 8
      000010                         62 __modslonglong_numeratorneg_65536_2:
      000010                         63 	.ds 1
      000011                         64 __modslonglong_denominatorneg_65536_2:
      000011                         65 	.ds 1
                                     66 ;--------------------------------------------------------
                                     67 ; absolute external ram data
                                     68 ;--------------------------------------------------------
                                     69 	.area XABS    (ABS,XDATA)
                                     70 ;--------------------------------------------------------
                                     71 ; initialized external ram data
                                     72 ;--------------------------------------------------------
                                     73 	.area XISEG   (XDATA)
                                     74 	.area HOME    (CODE)
                                     75 	.area GSINIT0 (CODE)
                                     76 	.area GSINIT1 (CODE)
                                     77 	.area GSINIT2 (CODE)
                                     78 	.area GSINIT3 (CODE)
                                     79 	.area GSINIT4 (CODE)
                                     80 	.area GSINIT5 (CODE)
                                     81 	.area GSINIT  (CODE)
                                     82 	.area GSFINAL (CODE)
                                     83 	.area CSEG    (CODE)
                                     84 ;--------------------------------------------------------
                                     85 ; global & static initialisations
                                     86 ;--------------------------------------------------------
                                     87 	.area HOME    (CODE)
                                     88 	.area GSINIT  (CODE)
                                     89 	.area GSFINAL (CODE)
                                     90 	.area GSINIT  (CODE)
                                     91 ;--------------------------------------------------------
                                     92 ; Home
                                     93 ;--------------------------------------------------------
                                     94 	.area HOME    (CODE)
                                     95 	.area HOME    (CODE)
                                     96 ;--------------------------------------------------------
                                     97 ; code
                                     98 ;--------------------------------------------------------
                                     99 	.area CSEG    (CODE)
                                    100 ;------------------------------------------------------------
                                    101 ;Allocation info for local variables in function '_modslonglong'
                                    102 ;------------------------------------------------------------
                                    103 ;sloc0                     Allocated with name '__modslonglong_sloc0_1_0'
                                    104 ;denominator               Allocated with name '__modslonglong_PARM_2'
                                    105 ;numerator                 Allocated with name '__modslonglong_numerator_65536_1'
                                    106 ;numeratorneg              Allocated with name '__modslonglong_numeratorneg_65536_2'
                                    107 ;denominatorneg            Allocated with name '__modslonglong_denominatorneg_65536_2'
                                    108 ;r                         Allocated with name '__modslonglong_r_65536_2'
                                    109 ;------------------------------------------------------------
                                    110 ;	_modslonglong.c:40: _modslonglong (long long numerator, long long denominator) __SDCC_NONBANKED
                                    111 ;	-----------------------------------------
                                    112 ;	 function _modslonglong
                                    113 ;	-----------------------------------------
      000000                        114 __modslonglong:
                           000007   115 	ar7 = 0x07
                           000006   116 	ar6 = 0x06
                           000005   117 	ar5 = 0x05
                           000004   118 	ar4 = 0x04
                           000003   119 	ar3 = 0x03
                           000002   120 	ar2 = 0x02
                           000001   121 	ar1 = 0x01
                           000000   122 	ar0 = 0x00
      000000 C0 07            [24]  123 	push	ar7
      000002 C0 06            [24]  124 	push	ar6
      000004 C0 05            [24]  125 	push	ar5
      000006 C0 04            [24]  126 	push	ar4
      000008 C0 E0            [24]  127 	push	acc
      00000A C0 F0            [24]  128 	push	b
      00000C C0 83            [24]  129 	push	dph
      00000E C0 82            [24]  130 	push	dpl
      000010 90r00r08         [24]  131 	mov	dptr,#__modslonglong_numerator_65536_1
      000013 D0 E0            [24]  132 	pop	acc
      000015 F0               [24]  133 	movx	@dptr,a
      000016 D0 E0            [24]  134 	pop	acc
      000018 A3               [24]  135 	inc	dptr
      000019 F0               [24]  136 	movx	@dptr,a
      00001A D0 E0            [24]  137 	pop	acc
      00001C A3               [24]  138 	inc	dptr
      00001D F0               [24]  139 	movx	@dptr,a
      00001E D0 E0            [24]  140 	pop	acc
      000020 A3               [24]  141 	inc	dptr
      000021 F0               [24]  142 	movx	@dptr,a
      000022 D0 E0            [24]  143 	pop	acc
      000024 A3               [24]  144 	inc	dptr
      000025 F0               [24]  145 	movx	@dptr,a
      000026 D0 E0            [24]  146 	pop	acc
      000028 A3               [24]  147 	inc	dptr
      000029 F0               [24]  148 	movx	@dptr,a
      00002A D0 E0            [24]  149 	pop	acc
      00002C A3               [24]  150 	inc	dptr
      00002D F0               [24]  151 	movx	@dptr,a
      00002E D0 E0            [24]  152 	pop	acc
      000030 A3               [24]  153 	inc	dptr
      000031 F0               [24]  154 	movx	@dptr,a
                                    155 ;	_modslonglong.c:42: bool numeratorneg = (numerator < 0);
      000032 90r00r08         [24]  156 	mov	dptr,#__modslonglong_numerator_65536_1
      000035 E0               [24]  157 	movx	a,@dptr
      000036 F8               [12]  158 	mov	r0,a
      000037 A3               [24]  159 	inc	dptr
      000038 E0               [24]  160 	movx	a,@dptr
      000039 F9               [12]  161 	mov	r1,a
      00003A A3               [24]  162 	inc	dptr
      00003B E0               [24]  163 	movx	a,@dptr
      00003C FA               [12]  164 	mov	r2,a
      00003D A3               [24]  165 	inc	dptr
      00003E E0               [24]  166 	movx	a,@dptr
      00003F FB               [12]  167 	mov	r3,a
      000040 A3               [24]  168 	inc	dptr
      000041 E0               [24]  169 	movx	a,@dptr
      000042 FC               [12]  170 	mov	r4,a
      000043 A3               [24]  171 	inc	dptr
      000044 E0               [24]  172 	movx	a,@dptr
      000045 FD               [12]  173 	mov	r5,a
      000046 A3               [24]  174 	inc	dptr
      000047 E0               [24]  175 	movx	a,@dptr
      000048 FE               [12]  176 	mov	r6,a
      000049 A3               [24]  177 	inc	dptr
      00004A E0               [24]  178 	movx	a,@dptr
      00004B FF               [12]  179 	mov	r7,a
      00004C 90r00r10         [24]  180 	mov	dptr,#__modslonglong_numeratorneg_65536_2
      00004F 33               [12]  181 	rlc	a
      000050 E4               [12]  182 	clr	a
      000051 33               [12]  183 	rlc	a
      000052 F0               [24]  184 	movx	@dptr,a
                                    185 ;	_modslonglong.c:43: bool denominatorneg = (denominator < 0);
      000053 90r00r00         [24]  186 	mov	dptr,#__modslonglong_PARM_2
      000056 E0               [24]  187 	movx	a,@dptr
      000057 F5*00            [12]  188 	mov	__modslonglong_sloc0_1_0,a
      000059 A3               [24]  189 	inc	dptr
      00005A E0               [24]  190 	movx	a,@dptr
      00005B F5*01            [12]  191 	mov	(__modslonglong_sloc0_1_0 + 1),a
      00005D A3               [24]  192 	inc	dptr
      00005E E0               [24]  193 	movx	a,@dptr
      00005F F5*02            [12]  194 	mov	(__modslonglong_sloc0_1_0 + 2),a
      000061 A3               [24]  195 	inc	dptr
      000062 E0               [24]  196 	movx	a,@dptr
      000063 F5*03            [12]  197 	mov	(__modslonglong_sloc0_1_0 + 3),a
      000065 A3               [24]  198 	inc	dptr
      000066 E0               [24]  199 	movx	a,@dptr
      000067 F5*04            [12]  200 	mov	(__modslonglong_sloc0_1_0 + 4),a
      000069 A3               [24]  201 	inc	dptr
      00006A E0               [24]  202 	movx	a,@dptr
      00006B F5*05            [12]  203 	mov	(__modslonglong_sloc0_1_0 + 5),a
      00006D A3               [24]  204 	inc	dptr
      00006E E0               [24]  205 	movx	a,@dptr
      00006F F5*06            [12]  206 	mov	(__modslonglong_sloc0_1_0 + 6),a
      000071 A3               [24]  207 	inc	dptr
      000072 E0               [24]  208 	movx	a,@dptr
      000073 F5*07            [12]  209 	mov	(__modslonglong_sloc0_1_0 + 7),a
      000075 90r00r11         [24]  210 	mov	dptr,#__modslonglong_denominatorneg_65536_2
      000078 33               [12]  211 	rlc	a
      000079 E4               [12]  212 	clr	a
      00007A 33               [12]  213 	rlc	a
      00007B F0               [24]  214 	movx	@dptr,a
                                    215 ;	_modslonglong.c:46: if (numeratorneg)
      00007C 90r00r10         [24]  216 	mov	dptr,#__modslonglong_numeratorneg_65536_2
      00007F E0               [24]  217 	movx	a,@dptr
      000080 60 23            [24]  218 	jz	00102$
                                    219 ;	_modslonglong.c:47: numerator = -numerator;
      000082 90r00r08         [24]  220 	mov	dptr,#__modslonglong_numerator_65536_1
      000085 C3               [12]  221 	clr	c
      000086 E4               [12]  222 	clr	a
      000087 98               [12]  223 	subb	a,r0
      000088 F0               [24]  224 	movx	@dptr,a
      000089 E4               [12]  225 	clr	a
      00008A 99               [12]  226 	subb	a,r1
      00008B A3               [24]  227 	inc	dptr
      00008C F0               [24]  228 	movx	@dptr,a
      00008D E4               [12]  229 	clr	a
      00008E 9A               [12]  230 	subb	a,r2
      00008F A3               [24]  231 	inc	dptr
      000090 F0               [24]  232 	movx	@dptr,a
      000091 E4               [12]  233 	clr	a
      000092 9B               [12]  234 	subb	a,r3
      000093 A3               [24]  235 	inc	dptr
      000094 F0               [24]  236 	movx	@dptr,a
      000095 E4               [12]  237 	clr	a
      000096 9C               [12]  238 	subb	a,r4
      000097 A3               [24]  239 	inc	dptr
      000098 F0               [24]  240 	movx	@dptr,a
      000099 E4               [12]  241 	clr	a
      00009A 9D               [12]  242 	subb	a,r5
      00009B A3               [24]  243 	inc	dptr
      00009C F0               [24]  244 	movx	@dptr,a
      00009D E4               [12]  245 	clr	a
      00009E 9E               [12]  246 	subb	a,r6
      00009F A3               [24]  247 	inc	dptr
      0000A0 F0               [24]  248 	movx	@dptr,a
      0000A1 E4               [12]  249 	clr	a
      0000A2 9F               [12]  250 	subb	a,r7
      0000A3 A3               [24]  251 	inc	dptr
      0000A4 F0               [24]  252 	movx	@dptr,a
      0000A5                        253 00102$:
                                    254 ;	_modslonglong.c:48: if (denominatorneg)
      0000A5 90r00r11         [24]  255 	mov	dptr,#__modslonglong_denominatorneg_65536_2
      0000A8 E0               [24]  256 	movx	a,@dptr
      0000A9 60 2B            [24]  257 	jz	00104$
                                    258 ;	_modslonglong.c:49: denominator = -denominator;
      0000AB 90r00r00         [24]  259 	mov	dptr,#__modslonglong_PARM_2
      0000AE C3               [12]  260 	clr	c
      0000AF E4               [12]  261 	clr	a
      0000B0 95*00            [12]  262 	subb	a,__modslonglong_sloc0_1_0
      0000B2 F0               [24]  263 	movx	@dptr,a
      0000B3 E4               [12]  264 	clr	a
      0000B4 95*01            [12]  265 	subb	a,(__modslonglong_sloc0_1_0 + 1)
      0000B6 A3               [24]  266 	inc	dptr
      0000B7 F0               [24]  267 	movx	@dptr,a
      0000B8 E4               [12]  268 	clr	a
      0000B9 95*02            [12]  269 	subb	a,(__modslonglong_sloc0_1_0 + 2)
      0000BB A3               [24]  270 	inc	dptr
      0000BC F0               [24]  271 	movx	@dptr,a
      0000BD E4               [12]  272 	clr	a
      0000BE 95*03            [12]  273 	subb	a,(__modslonglong_sloc0_1_0 + 3)
      0000C0 A3               [24]  274 	inc	dptr
      0000C1 F0               [24]  275 	movx	@dptr,a
      0000C2 E4               [12]  276 	clr	a
      0000C3 95*04            [12]  277 	subb	a,(__modslonglong_sloc0_1_0 + 4)
      0000C5 A3               [24]  278 	inc	dptr
      0000C6 F0               [24]  279 	movx	@dptr,a
      0000C7 E4               [12]  280 	clr	a
      0000C8 95*05            [12]  281 	subb	a,(__modslonglong_sloc0_1_0 + 5)
      0000CA A3               [24]  282 	inc	dptr
      0000CB F0               [24]  283 	movx	@dptr,a
      0000CC E4               [12]  284 	clr	a
      0000CD 95*06            [12]  285 	subb	a,(__modslonglong_sloc0_1_0 + 6)
      0000CF A3               [24]  286 	inc	dptr
      0000D0 F0               [24]  287 	movx	@dptr,a
      0000D1 E4               [12]  288 	clr	a
      0000D2 95*07            [12]  289 	subb	a,(__modslonglong_sloc0_1_0 + 7)
      0000D4 A3               [24]  290 	inc	dptr
      0000D5 F0               [24]  291 	movx	@dptr,a
      0000D6                        292 00104$:
                                    293 ;	_modslonglong.c:51: r = (unsigned long long)numerator % (unsigned long long)denominator;
      0000D6 90r00r08         [24]  294 	mov	dptr,#__modslonglong_numerator_65536_1
      0000D9 E0               [24]  295 	movx	a,@dptr
      0000DA F8               [12]  296 	mov	r0,a
      0000DB A3               [24]  297 	inc	dptr
      0000DC E0               [24]  298 	movx	a,@dptr
      0000DD F9               [12]  299 	mov	r1,a
      0000DE A3               [24]  300 	inc	dptr
      0000DF E0               [24]  301 	movx	a,@dptr
      0000E0 FA               [12]  302 	mov	r2,a
      0000E1 A3               [24]  303 	inc	dptr
      0000E2 E0               [24]  304 	movx	a,@dptr
      0000E3 FB               [12]  305 	mov	r3,a
      0000E4 A3               [24]  306 	inc	dptr
      0000E5 E0               [24]  307 	movx	a,@dptr
      0000E6 FC               [12]  308 	mov	r4,a
      0000E7 A3               [24]  309 	inc	dptr
      0000E8 E0               [24]  310 	movx	a,@dptr
      0000E9 FD               [12]  311 	mov	r5,a
      0000EA A3               [24]  312 	inc	dptr
      0000EB E0               [24]  313 	movx	a,@dptr
      0000EC FE               [12]  314 	mov	r6,a
      0000ED A3               [24]  315 	inc	dptr
      0000EE E0               [24]  316 	movx	a,@dptr
      0000EF FF               [12]  317 	mov	r7,a
      0000F0 88*00            [24]  318 	mov	__modslonglong_sloc0_1_0,r0
      0000F2 89*01            [24]  319 	mov	(__modslonglong_sloc0_1_0 + 1),r1
      0000F4 8A*02            [24]  320 	mov	(__modslonglong_sloc0_1_0 + 2),r2
      0000F6 8B*03            [24]  321 	mov	(__modslonglong_sloc0_1_0 + 3),r3
      0000F8 8C*04            [24]  322 	mov	(__modslonglong_sloc0_1_0 + 4),r4
      0000FA 8D*05            [24]  323 	mov	(__modslonglong_sloc0_1_0 + 5),r5
      0000FC 8E*06            [24]  324 	mov	(__modslonglong_sloc0_1_0 + 6),r6
      0000FE 8F*07            [24]  325 	mov	(__modslonglong_sloc0_1_0 + 7),r7
      000100 90r00r00         [24]  326 	mov	dptr,#__modslonglong_PARM_2
      000103 E0               [24]  327 	movx	a,@dptr
      000104 F8               [12]  328 	mov	r0,a
      000105 A3               [24]  329 	inc	dptr
      000106 E0               [24]  330 	movx	a,@dptr
      000107 F9               [12]  331 	mov	r1,a
      000108 A3               [24]  332 	inc	dptr
      000109 E0               [24]  333 	movx	a,@dptr
      00010A FA               [12]  334 	mov	r2,a
      00010B A3               [24]  335 	inc	dptr
      00010C E0               [24]  336 	movx	a,@dptr
      00010D FB               [12]  337 	mov	r3,a
      00010E A3               [24]  338 	inc	dptr
      00010F E0               [24]  339 	movx	a,@dptr
      000110 FC               [12]  340 	mov	r4,a
      000111 A3               [24]  341 	inc	dptr
      000112 E0               [24]  342 	movx	a,@dptr
      000113 FD               [12]  343 	mov	r5,a
      000114 A3               [24]  344 	inc	dptr
      000115 E0               [24]  345 	movx	a,@dptr
      000116 FE               [12]  346 	mov	r6,a
      000117 A3               [24]  347 	inc	dptr
      000118 E0               [24]  348 	movx	a,@dptr
      000119 FF               [12]  349 	mov	r7,a
      00011A 90r00r00         [24]  350 	mov	dptr,#__modulonglong_PARM_2
      00011D E8               [12]  351 	mov	a,r0
      00011E F0               [24]  352 	movx	@dptr,a
      00011F E9               [12]  353 	mov	a,r1
      000120 A3               [24]  354 	inc	dptr
      000121 F0               [24]  355 	movx	@dptr,a
      000122 EA               [12]  356 	mov	a,r2
      000123 A3               [24]  357 	inc	dptr
      000124 F0               [24]  358 	movx	@dptr,a
      000125 EB               [12]  359 	mov	a,r3
      000126 A3               [24]  360 	inc	dptr
      000127 F0               [24]  361 	movx	@dptr,a
      000128 EC               [12]  362 	mov	a,r4
      000129 A3               [24]  363 	inc	dptr
      00012A F0               [24]  364 	movx	@dptr,a
      00012B ED               [12]  365 	mov	a,r5
      00012C A3               [24]  366 	inc	dptr
      00012D F0               [24]  367 	movx	@dptr,a
      00012E EE               [12]  368 	mov	a,r6
      00012F A3               [24]  369 	inc	dptr
      000130 F0               [24]  370 	movx	@dptr,a
      000131 EF               [12]  371 	mov	a,r7
      000132 A3               [24]  372 	inc	dptr
      000133 F0               [24]  373 	movx	@dptr,a
                                    374 ;	_modslonglong.c:53: return (numeratorneg ? -r : r);
      000134 85*00 82         [24]  375 	mov	dpl,__modslonglong_sloc0_1_0
      000137 85*01 83         [24]  376 	mov	dph,(__modslonglong_sloc0_1_0 + 1)
      00013A 85*02 F0         [24]  377 	mov	b,(__modslonglong_sloc0_1_0 + 2)
      00013D E5*03            [12]  378 	mov	a,(__modslonglong_sloc0_1_0 + 3)
      00013F AC*04            [24]  379 	mov	r4,(__modslonglong_sloc0_1_0 + 4)
      000141 AD*05            [24]  380 	mov	r5,(__modslonglong_sloc0_1_0 + 5)
      000143 AE*06            [24]  381 	mov	r6,(__modslonglong_sloc0_1_0 + 6)
      000145 AF*07            [24]  382 	mov	r7,(__modslonglong_sloc0_1_0 + 7)
      000147 12r00r00         [24]  383 	lcall	__modulonglong
      00014A A8 82            [24]  384 	mov	r0,dpl
      00014C A9 83            [24]  385 	mov	r1,dph
      00014E AA F0            [24]  386 	mov	r2,b
      000150 FB               [12]  387 	mov	r3,a
      000151 90r00r10         [24]  388 	mov	dptr,#__modslonglong_numeratorneg_65536_2
      000154 E0               [24]  389 	movx	a,@dptr
      000155 60 23            [24]  390 	jz	00107$
      000157 C3               [12]  391 	clr	c
      000158 E4               [12]  392 	clr	a
      000159 98               [12]  393 	subb	a,r0
      00015A F5*00            [12]  394 	mov	__modslonglong_sloc0_1_0,a
      00015C E4               [12]  395 	clr	a
      00015D 99               [12]  396 	subb	a,r1
      00015E F5*01            [12]  397 	mov	(__modslonglong_sloc0_1_0 + 1),a
      000160 E4               [12]  398 	clr	a
      000161 9A               [12]  399 	subb	a,r2
      000162 F5*02            [12]  400 	mov	(__modslonglong_sloc0_1_0 + 2),a
      000164 E4               [12]  401 	clr	a
      000165 9B               [12]  402 	subb	a,r3
      000166 F5*03            [12]  403 	mov	(__modslonglong_sloc0_1_0 + 3),a
      000168 E4               [12]  404 	clr	a
      000169 9C               [12]  405 	subb	a,r4
      00016A F5*04            [12]  406 	mov	(__modslonglong_sloc0_1_0 + 4),a
      00016C E4               [12]  407 	clr	a
      00016D 9D               [12]  408 	subb	a,r5
      00016E F5*05            [12]  409 	mov	(__modslonglong_sloc0_1_0 + 5),a
      000170 E4               [12]  410 	clr	a
      000171 9E               [12]  411 	subb	a,r6
      000172 F5*06            [12]  412 	mov	(__modslonglong_sloc0_1_0 + 6),a
      000174 E4               [12]  413 	clr	a
      000175 9F               [12]  414 	subb	a,r7
      000176 F5*07            [12]  415 	mov	(__modslonglong_sloc0_1_0 + 7),a
      000178 80 10            [24]  416 	sjmp	00108$
      00017A                        417 00107$:
      00017A 88*00            [24]  418 	mov	__modslonglong_sloc0_1_0,r0
      00017C 89*01            [24]  419 	mov	(__modslonglong_sloc0_1_0 + 1),r1
      00017E 8A*02            [24]  420 	mov	(__modslonglong_sloc0_1_0 + 2),r2
      000180 8B*03            [24]  421 	mov	(__modslonglong_sloc0_1_0 + 3),r3
      000182 8C*04            [24]  422 	mov	(__modslonglong_sloc0_1_0 + 4),r4
      000184 8D*05            [24]  423 	mov	(__modslonglong_sloc0_1_0 + 5),r5
      000186 8E*06            [24]  424 	mov	(__modslonglong_sloc0_1_0 + 6),r6
      000188 8F*07            [24]  425 	mov	(__modslonglong_sloc0_1_0 + 7),r7
      00018A                        426 00108$:
      00018A 85*00 82         [24]  427 	mov	dpl,__modslonglong_sloc0_1_0
      00018D 85*01 83         [24]  428 	mov	dph,(__modslonglong_sloc0_1_0 + 1)
      000190 85*02 F0         [24]  429 	mov	b,(__modslonglong_sloc0_1_0 + 2)
      000193 E5*03            [12]  430 	mov	a,(__modslonglong_sloc0_1_0 + 3)
      000195 AC*04            [24]  431 	mov	r4,(__modslonglong_sloc0_1_0 + 4)
      000197 AD*05            [24]  432 	mov	r5,(__modslonglong_sloc0_1_0 + 5)
      000199 AE*06            [24]  433 	mov	r6,(__modslonglong_sloc0_1_0 + 6)
      00019B AF*07            [24]  434 	mov	r7,(__modslonglong_sloc0_1_0 + 7)
                                    435 ;	_modslonglong.c:54: }
      00019D 22               [24]  436 	ret
                                    437 	.area CSEG    (CODE)
                                    438 	.area CONST   (CODE)
                                    439 	.area XINIT   (CODE)
                                    440 	.area CABS    (ABS,CODE)
