                                      1 ;--------------------------------------------------------
                                      2 ; File Created by SDCC : free open source ISO C Compiler 
                                      3 ; Version 4.2.14 #0 (Linux)
                                      4 ;--------------------------------------------------------
                                      5 	.module _rlslonglong
                                      6 	.optsdcc -mmcs51 --model-huge
                                      7 	
                                      8 ;--------------------------------------------------------
                                      9 ; Public variables in this module
                                     10 ;--------------------------------------------------------
                                     11 	.globl __rlslonglong_PARM_2
                                     12 	.globl __rlslonglong
                                     13 ;--------------------------------------------------------
                                     14 ; special function registers
                                     15 ;--------------------------------------------------------
                                     16 	.area RSEG    (ABS,DATA)
      000000                         17 	.org 0x0000
                                     18 ;--------------------------------------------------------
                                     19 ; special function bits
                                     20 ;--------------------------------------------------------
                                     21 	.area RSEG    (ABS,DATA)
      000000                         22 	.org 0x0000
                                     23 ;--------------------------------------------------------
                                     24 ; overlayable register banks
                                     25 ;--------------------------------------------------------
                                     26 	.area REG_BANK_0	(REL,OVR,DATA)
      000000                         27 	.ds 8
                                     28 ;--------------------------------------------------------
                                     29 ; internal ram data
                                     30 ;--------------------------------------------------------
                                     31 	.area DSEG    (DATA)
                                     32 ;--------------------------------------------------------
                                     33 ; overlayable items in internal ram
                                     34 ;--------------------------------------------------------
                                     35 	.area	OSEG    (OVR,DATA)
      000000                         36 __rlslonglong_sloc0_1_0:
      000000                         37 	.ds 8
                                     38 ;--------------------------------------------------------
                                     39 ; indirectly addressable internal ram data
                                     40 ;--------------------------------------------------------
                                     41 	.area ISEG    (DATA)
                                     42 ;--------------------------------------------------------
                                     43 ; absolute internal ram data
                                     44 ;--------------------------------------------------------
                                     45 	.area IABS    (ABS,DATA)
                                     46 	.area IABS    (ABS,DATA)
                                     47 ;--------------------------------------------------------
                                     48 ; bit data
                                     49 ;--------------------------------------------------------
                                     50 	.area BSEG    (BIT)
                                     51 ;--------------------------------------------------------
                                     52 ; paged external ram data
                                     53 ;--------------------------------------------------------
                                     54 	.area PSEG    (PAG,XDATA)
                                     55 ;--------------------------------------------------------
                                     56 ; uninitialized external ram data
                                     57 ;--------------------------------------------------------
                                     58 	.area XSEG    (XDATA)
      000000                         59 __rlslonglong_PARM_2:
      000000                         60 	.ds 1
      000001                         61 __rlslonglong_l_65536_1:
      000001                         62 	.ds 8
                                     63 ;--------------------------------------------------------
                                     64 ; absolute external ram data
                                     65 ;--------------------------------------------------------
                                     66 	.area XABS    (ABS,XDATA)
                                     67 ;--------------------------------------------------------
                                     68 ; initialized external ram data
                                     69 ;--------------------------------------------------------
                                     70 	.area XISEG   (XDATA)
                                     71 	.area HOME    (CODE)
                                     72 	.area GSINIT0 (CODE)
                                     73 	.area GSINIT1 (CODE)
                                     74 	.area GSINIT2 (CODE)
                                     75 	.area GSINIT3 (CODE)
                                     76 	.area GSINIT4 (CODE)
                                     77 	.area GSINIT5 (CODE)
                                     78 	.area GSINIT  (CODE)
                                     79 	.area GSFINAL (CODE)
                                     80 	.area CSEG    (CODE)
                                     81 ;--------------------------------------------------------
                                     82 ; global & static initialisations
                                     83 ;--------------------------------------------------------
                                     84 	.area HOME    (CODE)
                                     85 	.area GSINIT  (CODE)
                                     86 	.area GSFINAL (CODE)
                                     87 	.area GSINIT  (CODE)
                                     88 ;--------------------------------------------------------
                                     89 ; Home
                                     90 ;--------------------------------------------------------
                                     91 	.area HOME    (CODE)
                                     92 	.area HOME    (CODE)
                                     93 ;--------------------------------------------------------
                                     94 ; code
                                     95 ;--------------------------------------------------------
                                     96 	.area CSEG    (CODE)
                                     97 ;------------------------------------------------------------
                                     98 ;Allocation info for local variables in function '_rlslonglong'
                                     99 ;------------------------------------------------------------
                                    100 ;s                         Allocated with name '__rlslonglong_PARM_2'
                                    101 ;l                         Allocated with name '__rlslonglong_l_65536_1'
                                    102 ;sloc0                     Allocated with name '__rlslonglong_sloc0_1_0'
                                    103 ;------------------------------------------------------------
                                    104 ;	_rlslonglong.c:39: long long _rlslonglong(long long l, char s) __SDCC_NONBANKED
                                    105 ;	-----------------------------------------
                                    106 ;	 function _rlslonglong
                                    107 ;	-----------------------------------------
      000000                        108 __rlslonglong:
                           000007   109 	ar7 = 0x07
                           000006   110 	ar6 = 0x06
                           000005   111 	ar5 = 0x05
                           000004   112 	ar4 = 0x04
                           000003   113 	ar3 = 0x03
                           000002   114 	ar2 = 0x02
                           000001   115 	ar1 = 0x01
                           000000   116 	ar0 = 0x00
      000000 C0 07            [24]  117 	push	ar7
      000002 C0 06            [24]  118 	push	ar6
      000004 C0 05            [24]  119 	push	ar5
      000006 C0 04            [24]  120 	push	ar4
      000008 C0 E0            [24]  121 	push	acc
      00000A C0 F0            [24]  122 	push	b
      00000C C0 83            [24]  123 	push	dph
      00000E C0 82            [24]  124 	push	dpl
      000010 90r00r01         [24]  125 	mov	dptr,#__rlslonglong_l_65536_1
      000013 D0 E0            [24]  126 	pop	acc
      000015 F0               [24]  127 	movx	@dptr,a
      000016 D0 E0            [24]  128 	pop	acc
      000018 A3               [24]  129 	inc	dptr
      000019 F0               [24]  130 	movx	@dptr,a
      00001A D0 E0            [24]  131 	pop	acc
      00001C A3               [24]  132 	inc	dptr
      00001D F0               [24]  133 	movx	@dptr,a
      00001E D0 E0            [24]  134 	pop	acc
      000020 A3               [24]  135 	inc	dptr
      000021 F0               [24]  136 	movx	@dptr,a
      000022 D0 E0            [24]  137 	pop	acc
      000024 A3               [24]  138 	inc	dptr
      000025 F0               [24]  139 	movx	@dptr,a
      000026 D0 E0            [24]  140 	pop	acc
      000028 A3               [24]  141 	inc	dptr
      000029 F0               [24]  142 	movx	@dptr,a
      00002A D0 E0            [24]  143 	pop	acc
      00002C A3               [24]  144 	inc	dptr
      00002D F0               [24]  145 	movx	@dptr,a
      00002E D0 E0            [24]  146 	pop	acc
      000030 A3               [24]  147 	inc	dptr
      000031 F0               [24]  148 	movx	@dptr,a
                                    149 ;	_rlslonglong.c:41: return((unsigned long long)(l) << s);
      000032 90r00r01         [24]  150 	mov	dptr,#__rlslonglong_l_65536_1
      000035 E0               [24]  151 	movx	a,@dptr
      000036 F8               [12]  152 	mov	r0,a
      000037 A3               [24]  153 	inc	dptr
      000038 E0               [24]  154 	movx	a,@dptr
      000039 F9               [12]  155 	mov	r1,a
      00003A A3               [24]  156 	inc	dptr
      00003B E0               [24]  157 	movx	a,@dptr
      00003C FA               [12]  158 	mov	r2,a
      00003D A3               [24]  159 	inc	dptr
      00003E E0               [24]  160 	movx	a,@dptr
      00003F FB               [12]  161 	mov	r3,a
      000040 A3               [24]  162 	inc	dptr
      000041 E0               [24]  163 	movx	a,@dptr
      000042 FC               [12]  164 	mov	r4,a
      000043 A3               [24]  165 	inc	dptr
      000044 E0               [24]  166 	movx	a,@dptr
      000045 FD               [12]  167 	mov	r5,a
      000046 A3               [24]  168 	inc	dptr
      000047 E0               [24]  169 	movx	a,@dptr
      000048 FE               [12]  170 	mov	r6,a
      000049 A3               [24]  171 	inc	dptr
      00004A E0               [24]  172 	movx	a,@dptr
      00004B FF               [12]  173 	mov	r7,a
      00004C 88*00            [24]  174 	mov	__rlslonglong_sloc0_1_0,r0
      00004E 89*01            [24]  175 	mov	(__rlslonglong_sloc0_1_0 + 1),r1
      000050 8A*02            [24]  176 	mov	(__rlslonglong_sloc0_1_0 + 2),r2
      000052 8B*03            [24]  177 	mov	(__rlslonglong_sloc0_1_0 + 3),r3
      000054 8C*04            [24]  178 	mov	(__rlslonglong_sloc0_1_0 + 4),r4
      000056 8D*05            [24]  179 	mov	(__rlslonglong_sloc0_1_0 + 5),r5
      000058 8E*06            [24]  180 	mov	(__rlslonglong_sloc0_1_0 + 6),r6
      00005A 8F*07            [24]  181 	mov	(__rlslonglong_sloc0_1_0 + 7),r7
      00005C 90r00r00         [24]  182 	mov	dptr,#__rlslonglong_PARM_2
      00005F E0               [24]  183 	movx	a,@dptr
      000060 FF               [12]  184 	mov	r7,a
      000061 8F F0            [24]  185 	mov	b,r7
      000063 05 F0            [12]  186 	inc	b
      000065 A8*00            [24]  187 	mov	r0,__rlslonglong_sloc0_1_0
      000067 A9*01            [24]  188 	mov	r1,(__rlslonglong_sloc0_1_0 + 1)
      000069 AA*02            [24]  189 	mov	r2,(__rlslonglong_sloc0_1_0 + 2)
      00006B AB*03            [24]  190 	mov	r3,(__rlslonglong_sloc0_1_0 + 3)
      00006D AC*04            [24]  191 	mov	r4,(__rlslonglong_sloc0_1_0 + 4)
      00006F AD*05            [24]  192 	mov	r5,(__rlslonglong_sloc0_1_0 + 5)
      000071 AE*06            [24]  193 	mov	r6,(__rlslonglong_sloc0_1_0 + 6)
      000073 AF*07            [24]  194 	mov	r7,(__rlslonglong_sloc0_1_0 + 7)
      000075 80 18            [24]  195 	sjmp	00104$
      000077                        196 00103$:
      000077 E8               [12]  197 	mov	a,r0
      000078 28               [12]  198 	add	a,r0
      000079 F8               [12]  199 	mov	r0,a
      00007A E9               [12]  200 	mov	a,r1
      00007B 33               [12]  201 	rlc	a
      00007C F9               [12]  202 	mov	r1,a
      00007D EA               [12]  203 	mov	a,r2
      00007E 33               [12]  204 	rlc	a
      00007F FA               [12]  205 	mov	r2,a
      000080 EB               [12]  206 	mov	a,r3
      000081 33               [12]  207 	rlc	a
      000082 FB               [12]  208 	mov	r3,a
      000083 EC               [12]  209 	mov	a,r4
      000084 33               [12]  210 	rlc	a
      000085 FC               [12]  211 	mov	r4,a
      000086 ED               [12]  212 	mov	a,r5
      000087 33               [12]  213 	rlc	a
      000088 FD               [12]  214 	mov	r5,a
      000089 EE               [12]  215 	mov	a,r6
      00008A 33               [12]  216 	rlc	a
      00008B FE               [12]  217 	mov	r6,a
      00008C EF               [12]  218 	mov	a,r7
      00008D 33               [12]  219 	rlc	a
      00008E FF               [12]  220 	mov	r7,a
      00008F                        221 00104$:
      00008F D5 F0 E5         [24]  222 	djnz	b,00103$
      000092 88 82            [24]  223 	mov	dpl,r0
      000094 89 83            [24]  224 	mov	dph,r1
      000096 8A F0            [24]  225 	mov	b,r2
      000098 EB               [12]  226 	mov	a,r3
                                    227 ;	_rlslonglong.c:42: }
      000099 22               [24]  228 	ret
                                    229 	.area CSEG    (CODE)
                                    230 	.area CONST   (CODE)
                                    231 	.area XINIT   (CODE)
                                    232 	.area CABS    (ABS,CODE)
