                                      1 ;--------------------------------------------------------
                                      2 ; File Created by SDCC : free open source ISO C Compiler 
                                      3 ; Version 4.2.14 #0 (Linux)
                                      4 ;--------------------------------------------------------
                                      5 	.module atan2f
                                      6 	.optsdcc -mmcs51 --model-huge
                                      7 	
                                      8 ;--------------------------------------------------------
                                      9 ; Public variables in this module
                                     10 ;--------------------------------------------------------
                                     11 	.globl _fabsf
                                     12 	.globl _atanf
                                     13 	.globl _atan2f_PARM_2
                                     14 	.globl _atan2f
                                     15 ;--------------------------------------------------------
                                     16 ; special function registers
                                     17 ;--------------------------------------------------------
                                     18 	.area RSEG    (ABS,DATA)
      000000                         19 	.org 0x0000
                                     20 ;--------------------------------------------------------
                                     21 ; special function bits
                                     22 ;--------------------------------------------------------
                                     23 	.area RSEG    (ABS,DATA)
      000000                         24 	.org 0x0000
                                     25 ;--------------------------------------------------------
                                     26 ; overlayable register banks
                                     27 ;--------------------------------------------------------
                                     28 	.area REG_BANK_0	(REL,OVR,DATA)
      000000                         29 	.ds 8
                                     30 ;--------------------------------------------------------
                                     31 ; internal ram data
                                     32 ;--------------------------------------------------------
                                     33 	.area DSEG    (DATA)
      000000                         34 _atan2f_sloc0_1_0:
      000000                         35 	.ds 4
      000004                         36 _atan2f_sloc1_1_0:
      000004                         37 	.ds 4
                                     38 ;--------------------------------------------------------
                                     39 ; overlayable items in internal ram
                                     40 ;--------------------------------------------------------
                                     41 ;--------------------------------------------------------
                                     42 ; indirectly addressable internal ram data
                                     43 ;--------------------------------------------------------
                                     44 	.area ISEG    (DATA)
                                     45 ;--------------------------------------------------------
                                     46 ; absolute internal ram data
                                     47 ;--------------------------------------------------------
                                     48 	.area IABS    (ABS,DATA)
                                     49 	.area IABS    (ABS,DATA)
                                     50 ;--------------------------------------------------------
                                     51 ; bit data
                                     52 ;--------------------------------------------------------
                                     53 	.area BSEG    (BIT)
      000000                         54 _atan2f_sloc2_1_0:
      000000                         55 	.ds 1
                                     56 ;--------------------------------------------------------
                                     57 ; paged external ram data
                                     58 ;--------------------------------------------------------
                                     59 	.area PSEG    (PAG,XDATA)
                                     60 ;--------------------------------------------------------
                                     61 ; uninitialized external ram data
                                     62 ;--------------------------------------------------------
                                     63 	.area XSEG    (XDATA)
      000000                         64 _atan2f_PARM_2:
      000000                         65 	.ds 4
      000004                         66 _atan2f_x_65536_25:
      000004                         67 	.ds 4
      000008                         68 _atan2f_r_65536_26:
      000008                         69 	.ds 4
                                     70 ;--------------------------------------------------------
                                     71 ; absolute external ram data
                                     72 ;--------------------------------------------------------
                                     73 	.area XABS    (ABS,XDATA)
                                     74 ;--------------------------------------------------------
                                     75 ; initialized external ram data
                                     76 ;--------------------------------------------------------
                                     77 	.area XISEG   (XDATA)
                                     78 	.area HOME    (CODE)
                                     79 	.area GSINIT0 (CODE)
                                     80 	.area GSINIT1 (CODE)
                                     81 	.area GSINIT2 (CODE)
                                     82 	.area GSINIT3 (CODE)
                                     83 	.area GSINIT4 (CODE)
                                     84 	.area GSINIT5 (CODE)
                                     85 	.area GSINIT  (CODE)
                                     86 	.area GSFINAL (CODE)
                                     87 	.area CSEG    (CODE)
                                     88 ;--------------------------------------------------------
                                     89 ; global & static initialisations
                                     90 ;--------------------------------------------------------
                                     91 	.area HOME    (CODE)
                                     92 	.area GSINIT  (CODE)
                                     93 	.area GSFINAL (CODE)
                                     94 	.area GSINIT  (CODE)
                                     95 ;--------------------------------------------------------
                                     96 ; Home
                                     97 ;--------------------------------------------------------
                                     98 	.area HOME    (CODE)
                                     99 	.area HOME    (CODE)
                                    100 ;--------------------------------------------------------
                                    101 ; code
                                    102 ;--------------------------------------------------------
                                    103 	.area CSEG    (CODE)
                                    104 ;------------------------------------------------------------
                                    105 ;Allocation info for local variables in function 'atan2f'
                                    106 ;------------------------------------------------------------
                                    107 ;sloc0                     Allocated with name '_atan2f_sloc0_1_0'
                                    108 ;sloc1                     Allocated with name '_atan2f_sloc1_1_0'
                                    109 ;y                         Allocated with name '_atan2f_PARM_2'
                                    110 ;x                         Allocated with name '_atan2f_x_65536_25'
                                    111 ;r                         Allocated with name '_atan2f_r_65536_26'
                                    112 ;------------------------------------------------------------
                                    113 ;	atan2f.c:34: float atan2f(float x, float y)
                                    114 ;	-----------------------------------------
                                    115 ;	 function atan2f
                                    116 ;	-----------------------------------------
      000000                        117 _atan2f:
                           000007   118 	ar7 = 0x07
                           000006   119 	ar6 = 0x06
                           000005   120 	ar5 = 0x05
                           000004   121 	ar4 = 0x04
                           000003   122 	ar3 = 0x03
                           000002   123 	ar2 = 0x02
                           000001   124 	ar1 = 0x01
                           000000   125 	ar0 = 0x00
      000000 AF 82            [24]  126 	mov	r7,dpl
      000002 AE 83            [24]  127 	mov	r6,dph
      000004 AD F0            [24]  128 	mov	r5,b
      000006 FC               [12]  129 	mov	r4,a
      000007 90r00r04         [24]  130 	mov	dptr,#_atan2f_x_65536_25
      00000A EF               [12]  131 	mov	a,r7
      00000B F0               [24]  132 	movx	@dptr,a
      00000C EE               [12]  133 	mov	a,r6
      00000D A3               [24]  134 	inc	dptr
      00000E F0               [24]  135 	movx	@dptr,a
      00000F ED               [12]  136 	mov	a,r5
      000010 A3               [24]  137 	inc	dptr
      000011 F0               [24]  138 	movx	@dptr,a
      000012 EC               [12]  139 	mov	a,r4
      000013 A3               [24]  140 	inc	dptr
      000014 F0               [24]  141 	movx	@dptr,a
                                    142 ;	atan2f.c:38: if ((x==0.0) && (y==0.0))
      000015 90r00r04         [24]  143 	mov	dptr,#_atan2f_x_65536_25
      000018 E0               [24]  144 	movx	a,@dptr
      000019 F5 F0            [12]  145 	mov	b,a
      00001B A3               [24]  146 	inc	dptr
      00001C E0               [24]  147 	movx	a,@dptr
      00001D 42 F0            [12]  148 	orl	b,a
      00001F A3               [24]  149 	inc	dptr
      000020 E0               [24]  150 	movx	a,@dptr
      000021 42 F0            [12]  151 	orl	b,a
      000023 A3               [24]  152 	inc	dptr
      000024 E0               [24]  153 	movx	a,@dptr
      000025 54 7F            [12]  154 	anl	a,#0x7F
      000027 45 F0            [12]  155 	orl	a,b
      000029 70 27            [24]  156 	jnz	00102$
      00002B 90r00r00         [24]  157 	mov	dptr,#_atan2f_PARM_2
      00002E E0               [24]  158 	movx	a,@dptr
      00002F F5 F0            [12]  159 	mov	b,a
      000031 A3               [24]  160 	inc	dptr
      000032 E0               [24]  161 	movx	a,@dptr
      000033 42 F0            [12]  162 	orl	b,a
      000035 A3               [24]  163 	inc	dptr
      000036 E0               [24]  164 	movx	a,@dptr
      000037 42 F0            [12]  165 	orl	b,a
      000039 A3               [24]  166 	inc	dptr
      00003A E0               [24]  167 	movx	a,@dptr
      00003B 54 7F            [12]  168 	anl	a,#0x7F
      00003D 45 F0            [12]  169 	orl	a,b
      00003F 70 11            [24]  170 	jnz	00102$
                                    171 ;	atan2f.c:40: errno=EDOM;
      000041 90r00r00         [24]  172 	mov	dptr,#_errno
      000044 74 21            [12]  173 	mov	a,#0x21
      000046 F0               [24]  174 	movx	@dptr,a
      000047 E4               [12]  175 	clr	a
      000048 A3               [24]  176 	inc	dptr
      000049 F0               [24]  177 	movx	@dptr,a
                                    178 ;	atan2f.c:41: return 0.0;
      00004A 90 00 00         [24]  179 	mov	dptr,#0x0000
      00004D F5 F0            [12]  180 	mov	b,a
      00004F 02r00r00         [24]  181 	ljmp	__sdcc_banked_ret
      000052                        182 00102$:
                                    183 ;	atan2f.c:44: if(fabsf(y)>=fabsf(x))
      000052 90r00r00         [24]  184 	mov	dptr,#_atan2f_PARM_2
      000055 E0               [24]  185 	movx	a,@dptr
      000056 FC               [12]  186 	mov	r4,a
      000057 A3               [24]  187 	inc	dptr
      000058 E0               [24]  188 	movx	a,@dptr
      000059 FD               [12]  189 	mov	r5,a
      00005A A3               [24]  190 	inc	dptr
      00005B E0               [24]  191 	movx	a,@dptr
      00005C FE               [12]  192 	mov	r6,a
      00005D A3               [24]  193 	inc	dptr
      00005E E0               [24]  194 	movx	a,@dptr
      00005F FF               [12]  195 	mov	r7,a
      000060 8C 82            [24]  196 	mov	dpl,r4
      000062 8D 83            [24]  197 	mov	dph,r5
      000064 8E F0            [24]  198 	mov	b,r6
      000066 C0 07            [24]  199 	push	ar7
      000068 C0 06            [24]  200 	push	ar6
      00006A C0 05            [24]  201 	push	ar5
      00006C C0 04            [24]  202 	push	ar4
      00006E 78r00            [12]  203 	mov	r0,#_fabsf
      000070 79s00            [12]  204 	mov	r1,#(_fabsf >> 8)
      000072 7As00            [12]  205 	mov	r2,#(_fabsf >> 16)
      000074 12r00r00         [24]  206 	lcall	__sdcc_banked_call
      000077 85 82*04         [24]  207 	mov	_atan2f_sloc1_1_0,dpl
      00007A 85 83*05         [24]  208 	mov	(_atan2f_sloc1_1_0 + 1),dph
      00007D 85 F0*06         [24]  209 	mov	(_atan2f_sloc1_1_0 + 2),b
      000080 F5*07            [12]  210 	mov	(_atan2f_sloc1_1_0 + 3),a
      000082 90r00r04         [24]  211 	mov	dptr,#_atan2f_x_65536_25
      000085 E0               [24]  212 	movx	a,@dptr
      000086 F5*00            [12]  213 	mov	_atan2f_sloc0_1_0,a
      000088 A3               [24]  214 	inc	dptr
      000089 E0               [24]  215 	movx	a,@dptr
      00008A F5*01            [12]  216 	mov	(_atan2f_sloc0_1_0 + 1),a
      00008C A3               [24]  217 	inc	dptr
      00008D E0               [24]  218 	movx	a,@dptr
      00008E F5*02            [12]  219 	mov	(_atan2f_sloc0_1_0 + 2),a
      000090 A3               [24]  220 	inc	dptr
      000091 E0               [24]  221 	movx	a,@dptr
      000092 F5*03            [12]  222 	mov	(_atan2f_sloc0_1_0 + 3),a
      000094 85*00 82         [24]  223 	mov	dpl,_atan2f_sloc0_1_0
      000097 85*01 83         [24]  224 	mov	dph,(_atan2f_sloc0_1_0 + 1)
      00009A 85*02 F0         [24]  225 	mov	b,(_atan2f_sloc0_1_0 + 2)
      00009D 78r00            [12]  226 	mov	r0,#_fabsf
      00009F 79s00            [12]  227 	mov	r1,#(_fabsf >> 8)
      0000A1 7As00            [12]  228 	mov	r2,#(_fabsf >> 16)
      0000A3 12r00r00         [24]  229 	lcall	__sdcc_banked_call
      0000A6 A8 82            [24]  230 	mov	r0,dpl
      0000A8 A9 83            [24]  231 	mov	r1,dph
      0000AA AA F0            [24]  232 	mov	r2,b
      0000AC FB               [12]  233 	mov	r3,a
      0000AD C0 00            [24]  234 	push	ar0
      0000AF C0 01            [24]  235 	push	ar1
      0000B1 C0 02            [24]  236 	push	ar2
      0000B3 C0 03            [24]  237 	push	ar3
      0000B5 85*04 82         [24]  238 	mov	dpl,_atan2f_sloc1_1_0
      0000B8 85*05 83         [24]  239 	mov	dph,(_atan2f_sloc1_1_0 + 1)
      0000BB 85*06 F0         [24]  240 	mov	b,(_atan2f_sloc1_1_0 + 2)
      0000BE E5*07            [12]  241 	mov	a,(_atan2f_sloc1_1_0 + 3)
      0000C0 12r00r00         [24]  242 	lcall	___fslt
      0000C3 E5 81            [12]  243 	mov	a,sp
      0000C5 24 FC            [12]  244 	add	a,#0xfc
      0000C7 F5 81            [12]  245 	mov	sp,a
      0000C9 D0 04            [24]  246 	pop	ar4
      0000CB D0 05            [24]  247 	pop	ar5
      0000CD D0 06            [24]  248 	pop	ar6
      0000CF D0 07            [24]  249 	pop	ar7
      0000D1 E5 82            [12]  250 	mov	a,dpl
      0000D3 24 FF            [12]  251 	add	a,#0xff
      0000D5 92*00            [24]  252 	mov	_atan2f_sloc2_1_0,c
      0000D7 50 03            [24]  253 	jnc	00141$
      0000D9 02r01rC8         [24]  254 	ljmp	00107$
      0000DC                        255 00141$:
                                    256 ;	atan2f.c:46: r=atanf(x/y);
      0000DC C0 07            [24]  257 	push	ar7
      0000DE C0 06            [24]  258 	push	ar6
      0000E0 C0 05            [24]  259 	push	ar5
      0000E2 C0 04            [24]  260 	push	ar4
      0000E4 C0 04            [24]  261 	push	ar4
      0000E6 C0 05            [24]  262 	push	ar5
      0000E8 C0 06            [24]  263 	push	ar6
      0000EA C0 07            [24]  264 	push	ar7
      0000EC 85*00 82         [24]  265 	mov	dpl,_atan2f_sloc0_1_0
      0000EF 85*01 83         [24]  266 	mov	dph,(_atan2f_sloc0_1_0 + 1)
      0000F2 85*02 F0         [24]  267 	mov	b,(_atan2f_sloc0_1_0 + 2)
      0000F5 E5*03            [12]  268 	mov	a,(_atan2f_sloc0_1_0 + 3)
      0000F7 12r00r00         [24]  269 	lcall	___fsdiv
      0000FA A8 82            [24]  270 	mov	r0,dpl
      0000FC A9 83            [24]  271 	mov	r1,dph
      0000FE AA F0            [24]  272 	mov	r2,b
      000100 FB               [12]  273 	mov	r3,a
      000101 E5 81            [12]  274 	mov	a,sp
      000103 24 FC            [12]  275 	add	a,#0xfc
      000105 F5 81            [12]  276 	mov	sp,a
      000107 88 82            [24]  277 	mov	dpl,r0
      000109 89 83            [24]  278 	mov	dph,r1
      00010B 8A F0            [24]  279 	mov	b,r2
      00010D EB               [12]  280 	mov	a,r3
      00010E 78r00            [12]  281 	mov	r0,#_atanf
      000110 79s00            [12]  282 	mov	r1,#(_atanf >> 8)
      000112 7As00            [12]  283 	mov	r2,#(_atanf >> 16)
      000114 12r00r00         [24]  284 	lcall	__sdcc_banked_call
      000117 85 82*04         [24]  285 	mov	_atan2f_sloc1_1_0,dpl
      00011A 85 83*05         [24]  286 	mov	(_atan2f_sloc1_1_0 + 1),dph
      00011D 85 F0*06         [24]  287 	mov	(_atan2f_sloc1_1_0 + 2),b
      000120 F5*07            [12]  288 	mov	(_atan2f_sloc1_1_0 + 3),a
      000122 D0 04            [24]  289 	pop	ar4
      000124 D0 05            [24]  290 	pop	ar5
      000126 D0 06            [24]  291 	pop	ar6
      000128 D0 07            [24]  292 	pop	ar7
      00012A 90r00r08         [24]  293 	mov	dptr,#_atan2f_r_65536_26
      00012D E5*04            [12]  294 	mov	a,_atan2f_sloc1_1_0
      00012F F0               [24]  295 	movx	@dptr,a
      000130 E5*05            [12]  296 	mov	a,(_atan2f_sloc1_1_0 + 1)
      000132 A3               [24]  297 	inc	dptr
      000133 F0               [24]  298 	movx	@dptr,a
      000134 E5*06            [12]  299 	mov	a,(_atan2f_sloc1_1_0 + 2)
      000136 A3               [24]  300 	inc	dptr
      000137 F0               [24]  301 	movx	@dptr,a
      000138 E5*07            [12]  302 	mov	a,(_atan2f_sloc1_1_0 + 3)
      00013A A3               [24]  303 	inc	dptr
      00013B F0               [24]  304 	movx	@dptr,a
                                    305 ;	atan2f.c:47: if(y<0.0) r+=(x>=0?PI:-PI);
      00013C E4               [12]  306 	clr	a
      00013D C0 E0            [24]  307 	push	acc
      00013F C0 E0            [24]  308 	push	acc
      000141 C0 E0            [24]  309 	push	acc
      000143 C0 E0            [24]  310 	push	acc
      000145 8C 82            [24]  311 	mov	dpl,r4
      000147 8D 83            [24]  312 	mov	dph,r5
      000149 8E F0            [24]  313 	mov	b,r6
      00014B EF               [12]  314 	mov	a,r7
      00014C 12r00r00         [24]  315 	lcall	___fslt
      00014F AB 82            [24]  316 	mov	r3,dpl
      000151 E5 81            [12]  317 	mov	a,sp
      000153 24 FC            [12]  318 	add	a,#0xfc
      000155 F5 81            [12]  319 	mov	sp,a
      000157 EB               [12]  320 	mov	a,r3
      000158 70 03            [24]  321 	jnz	00142$
      00015A 02r02r71         [24]  322 	ljmp	00108$
      00015D                        323 00142$:
      00015D E4               [12]  324 	clr	a
      00015E C0 E0            [24]  325 	push	acc
      000160 C0 E0            [24]  326 	push	acc
      000162 C0 E0            [24]  327 	push	acc
      000164 C0 E0            [24]  328 	push	acc
      000166 85*00 82         [24]  329 	mov	dpl,_atan2f_sloc0_1_0
      000169 85*01 83         [24]  330 	mov	dph,(_atan2f_sloc0_1_0 + 1)
      00016C 85*02 F0         [24]  331 	mov	b,(_atan2f_sloc0_1_0 + 2)
      00016F E5*03            [12]  332 	mov	a,(_atan2f_sloc0_1_0 + 3)
      000171 12r00r00         [24]  333 	lcall	___fslt
      000174 E5 81            [12]  334 	mov	a,sp
      000176 24 FC            [12]  335 	add	a,#0xfc
      000178 F5 81            [12]  336 	mov	sp,a
      00017A E5 82            [12]  337 	mov	a,dpl
      00017C 24 FF            [12]  338 	add	a,#0xff
      00017E 92*00            [24]  339 	mov	_atan2f_sloc2_1_0,c
      000180 40 0A            [24]  340 	jc	00111$
      000182 78 DB            [12]  341 	mov	r0,#0xdb
      000184 79 0F            [12]  342 	mov	r1,#0x0f
      000186 7A 49            [12]  343 	mov	r2,#0x49
      000188 7B 40            [12]  344 	mov	r3,#0x40
      00018A 80 08            [24]  345 	sjmp	00112$
      00018C                        346 00111$:
      00018C 78 DB            [12]  347 	mov	r0,#0xdb
      00018E 79 0F            [12]  348 	mov	r1,#0x0f
      000190 7A 49            [12]  349 	mov	r2,#0x49
      000192 7B C0            [12]  350 	mov	r3,#0xc0
      000194                        351 00112$:
      000194 C0 00            [24]  352 	push	ar0
      000196 C0 01            [24]  353 	push	ar1
      000198 C0 02            [24]  354 	push	ar2
      00019A C0 03            [24]  355 	push	ar3
      00019C 85*04 82         [24]  356 	mov	dpl,_atan2f_sloc1_1_0
      00019F 85*05 83         [24]  357 	mov	dph,(_atan2f_sloc1_1_0 + 1)
      0001A2 85*06 F0         [24]  358 	mov	b,(_atan2f_sloc1_1_0 + 2)
      0001A5 E5*07            [12]  359 	mov	a,(_atan2f_sloc1_1_0 + 3)
      0001A7 12r00r00         [24]  360 	lcall	___fsadd
      0001AA A8 82            [24]  361 	mov	r0,dpl
      0001AC A9 83            [24]  362 	mov	r1,dph
      0001AE AA F0            [24]  363 	mov	r2,b
      0001B0 FB               [12]  364 	mov	r3,a
      0001B1 E5 81            [12]  365 	mov	a,sp
      0001B3 24 FC            [12]  366 	add	a,#0xfc
      0001B5 F5 81            [12]  367 	mov	sp,a
      0001B7 90r00r08         [24]  368 	mov	dptr,#_atan2f_r_65536_26
      0001BA E8               [12]  369 	mov	a,r0
      0001BB F0               [24]  370 	movx	@dptr,a
      0001BC E9               [12]  371 	mov	a,r1
      0001BD A3               [24]  372 	inc	dptr
      0001BE F0               [24]  373 	movx	@dptr,a
      0001BF EA               [12]  374 	mov	a,r2
      0001C0 A3               [24]  375 	inc	dptr
      0001C1 F0               [24]  376 	movx	@dptr,a
      0001C2 EB               [12]  377 	mov	a,r3
      0001C3 A3               [24]  378 	inc	dptr
      0001C4 F0               [24]  379 	movx	@dptr,a
      0001C5 02r02r71         [24]  380 	ljmp	00108$
      0001C8                        381 00107$:
                                    382 ;	atan2f.c:51: r=-atanf(y/x);
      0001C8 C0*00            [24]  383 	push	_atan2f_sloc0_1_0
      0001CA C0*01            [24]  384 	push	(_atan2f_sloc0_1_0 + 1)
      0001CC C0*02            [24]  385 	push	(_atan2f_sloc0_1_0 + 2)
      0001CE C0*03            [24]  386 	push	(_atan2f_sloc0_1_0 + 3)
      0001D0 8C 82            [24]  387 	mov	dpl,r4
      0001D2 8D 83            [24]  388 	mov	dph,r5
      0001D4 8E F0            [24]  389 	mov	b,r6
      0001D6 EF               [12]  390 	mov	a,r7
      0001D7 12r00r00         [24]  391 	lcall	___fsdiv
      0001DA AC 82            [24]  392 	mov	r4,dpl
      0001DC AD 83            [24]  393 	mov	r5,dph
      0001DE AE F0            [24]  394 	mov	r6,b
      0001E0 FF               [12]  395 	mov	r7,a
      0001E1 E5 81            [12]  396 	mov	a,sp
      0001E3 24 FC            [12]  397 	add	a,#0xfc
      0001E5 F5 81            [12]  398 	mov	sp,a
      0001E7 8C 82            [24]  399 	mov	dpl,r4
      0001E9 8D 83            [24]  400 	mov	dph,r5
      0001EB 8E F0            [24]  401 	mov	b,r6
      0001ED EF               [12]  402 	mov	a,r7
      0001EE 78r00            [12]  403 	mov	r0,#_atanf
      0001F0 79s00            [12]  404 	mov	r1,#(_atanf >> 8)
      0001F2 7As00            [12]  405 	mov	r2,#(_atanf >> 16)
      0001F4 12r00r00         [24]  406 	lcall	__sdcc_banked_call
      0001F7 AC 82            [24]  407 	mov	r4,dpl
      0001F9 AD 83            [24]  408 	mov	r5,dph
      0001FB AE F0            [24]  409 	mov	r6,b
      0001FD B2 E7            [12]  410 	cpl	acc.7
      0001FF FF               [12]  411 	mov	r7,a
                                    412 ;	atan2f.c:52: r+=(x<0.0?-HALF_PI:HALF_PI);
      000200 C0 07            [24]  413 	push	ar7
      000202 C0 06            [24]  414 	push	ar6
      000204 C0 05            [24]  415 	push	ar5
      000206 C0 04            [24]  416 	push	ar4
      000208 E4               [12]  417 	clr	a
      000209 C0 E0            [24]  418 	push	acc
      00020B C0 E0            [24]  419 	push	acc
      00020D C0 E0            [24]  420 	push	acc
      00020F C0 E0            [24]  421 	push	acc
      000211 85*00 82         [24]  422 	mov	dpl,_atan2f_sloc0_1_0
      000214 85*01 83         [24]  423 	mov	dph,(_atan2f_sloc0_1_0 + 1)
      000217 85*02 F0         [24]  424 	mov	b,(_atan2f_sloc0_1_0 + 2)
      00021A E5*03            [12]  425 	mov	a,(_atan2f_sloc0_1_0 + 3)
      00021C 12r00r00         [24]  426 	lcall	___fslt
      00021F AB 82            [24]  427 	mov	r3,dpl
      000221 E5 81            [12]  428 	mov	a,sp
      000223 24 FC            [12]  429 	add	a,#0xfc
      000225 F5 81            [12]  430 	mov	sp,a
      000227 D0 04            [24]  431 	pop	ar4
      000229 D0 05            [24]  432 	pop	ar5
      00022B D0 06            [24]  433 	pop	ar6
      00022D D0 07            [24]  434 	pop	ar7
      00022F EB               [12]  435 	mov	a,r3
      000230 60 0A            [24]  436 	jz	00113$
      000232 78 DB            [12]  437 	mov	r0,#0xdb
      000234 79 0F            [12]  438 	mov	r1,#0x0f
      000236 7A C9            [12]  439 	mov	r2,#0xc9
      000238 7B BF            [12]  440 	mov	r3,#0xbf
      00023A 80 08            [24]  441 	sjmp	00114$
      00023C                        442 00113$:
      00023C 78 DB            [12]  443 	mov	r0,#0xdb
      00023E 79 0F            [12]  444 	mov	r1,#0x0f
      000240 7A C9            [12]  445 	mov	r2,#0xc9
      000242 7B 3F            [12]  446 	mov	r3,#0x3f
      000244                        447 00114$:
      000244 C0 00            [24]  448 	push	ar0
      000246 C0 01            [24]  449 	push	ar1
      000248 C0 02            [24]  450 	push	ar2
      00024A C0 03            [24]  451 	push	ar3
      00024C 8C 82            [24]  452 	mov	dpl,r4
      00024E 8D 83            [24]  453 	mov	dph,r5
      000250 8E F0            [24]  454 	mov	b,r6
      000252 EF               [12]  455 	mov	a,r7
      000253 12r00r00         [24]  456 	lcall	___fsadd
      000256 AC 82            [24]  457 	mov	r4,dpl
      000258 AD 83            [24]  458 	mov	r5,dph
      00025A AE F0            [24]  459 	mov	r6,b
      00025C FF               [12]  460 	mov	r7,a
      00025D E5 81            [12]  461 	mov	a,sp
      00025F 24 FC            [12]  462 	add	a,#0xfc
      000261 F5 81            [12]  463 	mov	sp,a
      000263 90r00r08         [24]  464 	mov	dptr,#_atan2f_r_65536_26
      000266 EC               [12]  465 	mov	a,r4
      000267 F0               [24]  466 	movx	@dptr,a
      000268 ED               [12]  467 	mov	a,r5
      000269 A3               [24]  468 	inc	dptr
      00026A F0               [24]  469 	movx	@dptr,a
      00026B EE               [12]  470 	mov	a,r6
      00026C A3               [24]  471 	inc	dptr
      00026D F0               [24]  472 	movx	@dptr,a
      00026E EF               [12]  473 	mov	a,r7
      00026F A3               [24]  474 	inc	dptr
      000270 F0               [24]  475 	movx	@dptr,a
      000271                        476 00108$:
                                    477 ;	atan2f.c:54: return r;
      000271 90r00r08         [24]  478 	mov	dptr,#_atan2f_r_65536_26
      000274 E0               [24]  479 	movx	a,@dptr
      000275 FC               [12]  480 	mov	r4,a
      000276 A3               [24]  481 	inc	dptr
      000277 E0               [24]  482 	movx	a,@dptr
      000278 FD               [12]  483 	mov	r5,a
      000279 A3               [24]  484 	inc	dptr
      00027A E0               [24]  485 	movx	a,@dptr
      00027B FE               [12]  486 	mov	r6,a
      00027C A3               [24]  487 	inc	dptr
      00027D E0               [24]  488 	movx	a,@dptr
      00027E FF               [12]  489 	mov	r7,a
      00027F 8C 82            [24]  490 	mov	dpl,r4
      000281 8D 83            [24]  491 	mov	dph,r5
      000283 8E F0            [24]  492 	mov	b,r6
                                    493 ;	atan2f.c:55: }
      000285 02r00r00         [24]  494 	ljmp	__sdcc_banked_ret
                                    495 	.area CSEG    (CODE)
                                    496 	.area CONST   (CODE)
                                    497 	.area XINIT   (CODE)
                                    498 	.area CABS    (ABS,CODE)
