                                      1 ;--------------------------------------------------------
                                      2 ; File Created by SDCC : free open source ISO C Compiler 
                                      3 ; Version 4.2.14 #0 (Linux)
                                      4 ;--------------------------------------------------------
                                      5 	.module mbsinit
                                      6 	.optsdcc -mmcs51 --model-huge
                                      7 	
                                      8 ;--------------------------------------------------------
                                      9 ; Public variables in this module
                                     10 ;--------------------------------------------------------
                                     11 	.globl _mbsinit
                                     12 ;--------------------------------------------------------
                                     13 ; special function registers
                                     14 ;--------------------------------------------------------
                                     15 	.area RSEG    (ABS,DATA)
      000000                         16 	.org 0x0000
                                     17 ;--------------------------------------------------------
                                     18 ; special function bits
                                     19 ;--------------------------------------------------------
                                     20 	.area RSEG    (ABS,DATA)
      000000                         21 	.org 0x0000
                                     22 ;--------------------------------------------------------
                                     23 ; overlayable register banks
                                     24 ;--------------------------------------------------------
                                     25 	.area REG_BANK_0	(REL,OVR,DATA)
      000000                         26 	.ds 8
                                     27 ;--------------------------------------------------------
                                     28 ; internal ram data
                                     29 ;--------------------------------------------------------
                                     30 	.area DSEG    (DATA)
                                     31 ;--------------------------------------------------------
                                     32 ; overlayable items in internal ram
                                     33 ;--------------------------------------------------------
                                     34 ;--------------------------------------------------------
                                     35 ; indirectly addressable internal ram data
                                     36 ;--------------------------------------------------------
                                     37 	.area ISEG    (DATA)
                                     38 ;--------------------------------------------------------
                                     39 ; absolute internal ram data
                                     40 ;--------------------------------------------------------
                                     41 	.area IABS    (ABS,DATA)
                                     42 	.area IABS    (ABS,DATA)
                                     43 ;--------------------------------------------------------
                                     44 ; bit data
                                     45 ;--------------------------------------------------------
                                     46 	.area BSEG    (BIT)
      000000                         47 _mbsinit_sloc0_1_0:
      000000                         48 	.ds 1
                                     49 ;--------------------------------------------------------
                                     50 ; paged external ram data
                                     51 ;--------------------------------------------------------
                                     52 	.area PSEG    (PAG,XDATA)
                                     53 ;--------------------------------------------------------
                                     54 ; uninitialized external ram data
                                     55 ;--------------------------------------------------------
                                     56 	.area XSEG    (XDATA)
      000000                         57 _mbsinit_ps_65536_9:
      000000                         58 	.ds 3
                                     59 ;--------------------------------------------------------
                                     60 ; absolute external ram data
                                     61 ;--------------------------------------------------------
                                     62 	.area XABS    (ABS,XDATA)
                                     63 ;--------------------------------------------------------
                                     64 ; initialized external ram data
                                     65 ;--------------------------------------------------------
                                     66 	.area XISEG   (XDATA)
                                     67 	.area HOME    (CODE)
                                     68 	.area GSINIT0 (CODE)
                                     69 	.area GSINIT1 (CODE)
                                     70 	.area GSINIT2 (CODE)
                                     71 	.area GSINIT3 (CODE)
                                     72 	.area GSINIT4 (CODE)
                                     73 	.area GSINIT5 (CODE)
                                     74 	.area GSINIT  (CODE)
                                     75 	.area GSFINAL (CODE)
                                     76 	.area CSEG    (CODE)
                                     77 ;--------------------------------------------------------
                                     78 ; global & static initialisations
                                     79 ;--------------------------------------------------------
                                     80 	.area HOME    (CODE)
                                     81 	.area GSINIT  (CODE)
                                     82 	.area GSFINAL (CODE)
                                     83 	.area GSINIT  (CODE)
                                     84 ;--------------------------------------------------------
                                     85 ; Home
                                     86 ;--------------------------------------------------------
                                     87 	.area HOME    (CODE)
                                     88 	.area HOME    (CODE)
                                     89 ;--------------------------------------------------------
                                     90 ; code
                                     91 ;--------------------------------------------------------
                                     92 	.area CSEG    (CODE)
                                     93 ;------------------------------------------------------------
                                     94 ;Allocation info for local variables in function 'mbsinit'
                                     95 ;------------------------------------------------------------
                                     96 ;ps                        Allocated with name '_mbsinit_ps_65536_9'
                                     97 ;------------------------------------------------------------
                                     98 ;	mbsinit.c:31: int mbsinit(const mbstate_t *ps)
                                     99 ;	-----------------------------------------
                                    100 ;	 function mbsinit
                                    101 ;	-----------------------------------------
      000000                        102 _mbsinit:
                           000007   103 	ar7 = 0x07
                           000006   104 	ar6 = 0x06
                           000005   105 	ar5 = 0x05
                           000004   106 	ar4 = 0x04
                           000003   107 	ar3 = 0x03
                           000002   108 	ar2 = 0x02
                           000001   109 	ar1 = 0x01
                           000000   110 	ar0 = 0x00
      000000 AF F0            [24]  111 	mov	r7,b
      000002 AE 83            [24]  112 	mov	r6,dph
      000004 E5 82            [12]  113 	mov	a,dpl
      000006 90r00r00         [24]  114 	mov	dptr,#_mbsinit_ps_65536_9
      000009 F0               [24]  115 	movx	@dptr,a
      00000A EE               [12]  116 	mov	a,r6
      00000B A3               [24]  117 	inc	dptr
      00000C F0               [24]  118 	movx	@dptr,a
      00000D EF               [12]  119 	mov	a,r7
      00000E A3               [24]  120 	inc	dptr
      00000F F0               [24]  121 	movx	@dptr,a
                                    122 ;	mbsinit.c:33: return(!ps || !ps->c[0] && !ps->c[1] && !ps->c[2]);
      000010 90r00r00         [24]  123 	mov	dptr,#_mbsinit_ps_65536_9
      000013 E0               [24]  124 	movx	a,@dptr
      000014 FD               [12]  125 	mov	r5,a
      000015 A3               [24]  126 	inc	dptr
      000016 E0               [24]  127 	movx	a,@dptr
      000017 FE               [12]  128 	mov	r6,a
      000018 A3               [24]  129 	inc	dptr
      000019 E0               [24]  130 	movx	a,@dptr
      00001A FF               [12]  131 	mov	r7,a
      00001B ED               [12]  132 	mov	a,r5
      00001C 4E               [12]  133 	orl	a,r6
      00001D 60 35            [24]  134 	jz	00104$
      00001F 8D 82            [24]  135 	mov	dpl,r5
      000021 8E 83            [24]  136 	mov	dph,r6
      000023 8F F0            [24]  137 	mov	b,r7
      000025 12r00r00         [24]  138 	lcall	__gptrget
      000028 70 26            [24]  139 	jnz	00103$
      00002A 74 01            [12]  140 	mov	a,#0x01
      00002C 2D               [12]  141 	add	a,r5
      00002D FA               [12]  142 	mov	r2,a
      00002E E4               [12]  143 	clr	a
      00002F 3E               [12]  144 	addc	a,r6
      000030 FB               [12]  145 	mov	r3,a
      000031 8F 04            [24]  146 	mov	ar4,r7
      000033 8A 82            [24]  147 	mov	dpl,r2
      000035 8B 83            [24]  148 	mov	dph,r3
      000037 8C F0            [24]  149 	mov	b,r4
      000039 12r00r00         [24]  150 	lcall	__gptrget
      00003C 70 12            [24]  151 	jnz	00103$
      00003E 74 02            [12]  152 	mov	a,#0x02
      000040 2D               [12]  153 	add	a,r5
      000041 FD               [12]  154 	mov	r5,a
      000042 E4               [12]  155 	clr	a
      000043 3E               [12]  156 	addc	a,r6
      000044 FE               [12]  157 	mov	r6,a
      000045 8D 82            [24]  158 	mov	dpl,r5
      000047 8E 83            [24]  159 	mov	dph,r6
      000049 8F F0            [24]  160 	mov	b,r7
      00004B 12r00r00         [24]  161 	lcall	__gptrget
      00004E 60 04            [24]  162 	jz	00104$
      000050                        163 00103$:
                                    164 ;	assignBit
      000050 C2*00            [12]  165 	clr	_mbsinit_sloc0_1_0
      000052 80 02            [24]  166 	sjmp	00105$
      000054                        167 00104$:
                                    168 ;	assignBit
      000054 D2*00            [12]  169 	setb	_mbsinit_sloc0_1_0
      000056                        170 00105$:
      000056 A2*00            [12]  171 	mov	c,_mbsinit_sloc0_1_0
      000058 E4               [12]  172 	clr	a
      000059 33               [12]  173 	rlc	a
      00005A FE               [12]  174 	mov	r6,a
      00005B 7F 00            [12]  175 	mov	r7,#0x00
      00005D 8E 82            [24]  176 	mov	dpl,r6
      00005F 8F 83            [24]  177 	mov	dph,r7
                                    178 ;	mbsinit.c:34: }
      000061 02r00r00         [24]  179 	ljmp	__sdcc_banked_ret
                                    180 	.area CSEG    (CODE)
                                    181 	.area CONST   (CODE)
                                    182 	.area XINIT   (CODE)
                                    183 	.area CABS    (ABS,CODE)
